2024-06-10 20:08:04,583 [INFO] Activator:176 - 


2024-06-10 20:08:04,594 [INFO] Activator:177 - !SESSION log4j initialized
2024-06-10 20:08:14,350 [INFO] LogOutputStream:77 - [STDOUT_REDIRECT] 
2024-06-10 20:08:15,072 [ERROR] ConfigurationRetriever:142 - IOException on connection: sw-center.st.com
2024-06-10 20:08:15,073 [ERROR] ConfigurationRetriever:142 - IOException on connection: sw-center.st.com
2024-06-10 20:08:15,076 [ERROR] ConfigurationRetriever:142 - IOException on connection: sw-center.st.com
2024-06-10 20:08:15,102 [ERROR] ConfigurationRetriever:142 - IOException on connection: sw-center.st.com
2024-06-10 20:08:15,109 [ERROR] ConfigurationRetriever:142 - IOException on connection: sw-center.st.com
2024-06-10 20:08:15,110 [ERROR] ConfigurationRetriever:142 - IOException on connection: sw-center.st.com
2024-06-10 20:08:18,444 [INFO] ApplicationProperties:184 - Using Application install path: C:\ST\STM32CubeIDE_1.14.1\STM32CubeIDE\plugins\com.st.stm32cube.common.mx_6.10.0.202311202037
2024-06-10 20:08:18,470 [INFO] DbMcusXml:78 - Set database path to: C:\ST\STM32CubeIDE_1.14.1\STM32CubeIDE\plugins\com.st.stm32cube.common.mx_6.10.0.202311202037\\db\/mcu/
2024-06-10 20:08:18,471 [INFO] ApiDb:274 - Set plugin database path to: C:\ST\STM32CubeIDE_1.14.1\STM32CubeIDE\plugins\com.st.stm32cube.common.mx_6.10.0.202311202037\\db\/plugins/boardmanager/
2024-06-10 20:08:18,471 [WARN] ApiDb:259 - Overriding images path with different value:  => C:\ST\STM32CubeIDE_1.14.1\STM32CubeIDE\plugins\com.st.stm32cube.common.mx_6.10.0.202311202037\\db\/plugins/mcufinder/images/
2024-06-10 20:08:18,492 [INFO] ApiDb:250 - Set database path to: C:\Users\hp\.stmcufinder\plugins\mcufinder//mcu/
2024-06-10 20:08:18,494 [INFO] DbMcusAds:125 - Set database path to: C:\Users\hp\.stmcufinder\plugins\mcufinder//mcu/
2024-06-10 20:08:18,497 [INFO] CrossReferenceDbSqlite:203 - Set database path to: C:\Users\hp\.stmcufinder\plugins\mcufinder//mcu/cs/
2024-06-10 20:08:18,705 [INFO] RulesReader:64 - Compatibility file has been processed (297 Rules)
2024-06-10 20:08:18,853 [INFO] DbMcusXml:78 - Set database path to: C:\ST\STM32CubeIDE_1.14.1\STM32CubeIDE\plugins\com.st.stm32cube.common.mx_6.10.0.202311202037\\db\/mcu/
2024-06-10 20:08:18,853 [INFO] ApiDb:274 - Set plugin database path to: C:\ST\STM32CubeIDE_1.14.1\STM32CubeIDE\plugins\com.st.stm32cube.common.mx_6.10.0.202311202037\\db\/plugins/boardmanager/
2024-06-10 20:08:18,853 [INFO] ApiDb:261 - Set plugin images path to: C:\ST\STM32CubeIDE_1.14.1\STM32CubeIDE\plugins\com.st.stm32cube.common.mx_6.10.0.202311202037\\db\/plugins/mcufinder/images/
2024-06-10 20:08:18,854 [WARN] DbFile:41 - Overriding database path with different value: C:\Users\hp\.stmcufinder\plugins\mcufinder/ => C:\Users\hp\.stmcufinder\plugins\mcufinder
2024-06-10 20:08:18,854 [INFO] ApiDb:250 - Set database path to: C:\Users\hp\.stmcufinder\plugins\mcufinder//mcu/
2024-06-10 20:08:18,854 [WARN] DbFile:41 - Overriding database path with different value: C:\Users\hp\.stmcufinder\plugins\mcufinder/ => C:\Users\hp\.stmcufinder\plugins\mcufinder
2024-06-10 20:08:18,854 [INFO] DbMcusAds:125 - Set database path to: C:\Users\hp\.stmcufinder\plugins\mcufinder//mcu/
2024-06-10 20:08:18,854 [WARN] DbFile:41 - Overriding database path with different value: C:\Users\hp\.stmcufinder\plugins\mcufinder/ => C:\Users\hp\.stmcufinder\plugins\mcufinder
2024-06-10 20:08:18,854 [WARN] DbFile:41 - Overriding database path with different value: C:\Users\hp\.stmcufinder\plugins\mcufinder/ => C:\Users\hp\.stmcufinder\plugins\mcufinder
2024-06-10 20:08:18,854 [INFO] CrossReferenceDbSqlite:203 - Set database path to: C:\Users\hp\.stmcufinder\plugins\mcufinder//mcu/cs/
2024-06-10 20:08:18,978 [INFO] MainPanel:264 - HeapMemory: 268435456
2024-06-10 20:08:19,117 [INFO] DbMcusXml:78 - Set database path to: C:\ST\STM32CubeIDE_1.14.1\STM32CubeIDE\plugins\com.st.stm32cube.common.mx_6.10.0.202311202037\\db\/mcu/
2024-06-10 20:08:19,117 [INFO] ApiDb:274 - Set plugin database path to: C:\ST\STM32CubeIDE_1.14.1\STM32CubeIDE\plugins\com.st.stm32cube.common.mx_6.10.0.202311202037\\db\/plugins/boardmanager/
2024-06-10 20:08:19,117 [INFO] ApiDb:261 - Set plugin images path to: C:\ST\STM32CubeIDE_1.14.1\STM32CubeIDE\plugins\com.st.stm32cube.common.mx_6.10.0.202311202037\\db\/plugins/mcufinder/images/
2024-06-10 20:08:19,118 [WARN] DbFile:41 - Overriding database path with different value: C:\Users\hp\.stmcufinder\plugins\mcufinder/ => C:\Users\hp\.stmcufinder\plugins\mcufinder
2024-06-10 20:08:19,118 [INFO] ApiDb:250 - Set database path to: C:\Users\hp\.stmcufinder\plugins\mcufinder//mcu/
2024-06-10 20:08:19,118 [WARN] DbFile:41 - Overriding database path with different value: C:\Users\hp\.stmcufinder\plugins\mcufinder/ => C:\Users\hp\.stmcufinder\plugins\mcufinder
2024-06-10 20:08:19,119 [INFO] DbMcusAds:125 - Set database path to: C:\Users\hp\.stmcufinder\plugins\mcufinder//mcu/
2024-06-10 20:08:19,119 [WARN] DbFile:41 - Overriding database path with different value: C:\Users\hp\.stmcufinder\plugins\mcufinder/ => C:\Users\hp\.stmcufinder\plugins\mcufinder
2024-06-10 20:08:19,119 [WARN] DbFile:41 - Overriding database path with different value: C:\Users\hp\.stmcufinder\plugins\mcufinder/ => C:\Users\hp\.stmcufinder\plugins\mcufinder
2024-06-10 20:08:19,120 [INFO] CrossReferenceDbSqlite:203 - Set database path to: C:\Users\hp\.stmcufinder\plugins\mcufinder//mcu/cs/
2024-06-10 20:08:19,150 [INFO] ApplicationProperties:184 - Using Application install path: C:\ST\STM32CubeIDE_1.14.1\STM32CubeIDE\plugins\com.st.stm32cube.common.mx_6.10.0.202311202037
2024-06-10 20:08:19,155 [INFO] PluginManage:196 - Search for loadable plugins [exclusion list=, ]
2024-06-10 20:08:19,158 [INFO] PluginManage:310 - Check plugin analytics
2024-06-10 20:08:19,511 [INFO] AnalyticsPlugin:253 - Accepted Software Licenses: STM32CubeMX.6.11.1
2024-06-10 20:08:19,511 [INFO] AnalyticsPlugin:255 - Accepted CMSIS Pack Licenses: 
2024-06-10 20:08:19,512 [INFO] AnalyticsPlugin:257 - Accepted Firmware Licenses: 
2024-06-10 20:08:19,518 [INFO] PluginManage:359 - Loaded plugin analytics (category:tool,tabindex:-1)
2024-06-10 20:08:19,519 [INFO] PluginManage:310 - Check plugin cadmodel
2024-06-10 20:08:19,521 [ERROR] ConfigurationRetriever:142 - IOException on connection: sw-center.st.com
2024-06-10 20:08:19,523 [ERROR] ConfigurationRetriever:142 - IOException on connection: sw-center.st.com
2024-06-10 20:08:19,524 [ERROR] ConfigurationRetriever:142 - IOException on connection: sw-center.st.com
2024-06-10 20:08:19,546 [INFO] CADModel:105 - Init CAD model plugin
2024-06-10 20:08:19,546 [INFO] PluginManage:359 - Loaded plugin cadmodel (category:power,tabindex:5)
2024-06-10 20:08:19,547 [INFO] PluginManage:310 - Check plugin clock
2024-06-10 20:08:19,576 [INFO] PluginManage:359 - Loaded plugin clock (category:base,tabindex:2)
2024-06-10 20:08:19,576 [INFO] PluginManage:310 - Check plugin ddr
2024-06-10 20:08:19,580 [INFO] PluginManage:359 - Loaded plugin ddr (category:tool,tabindex:6)
2024-06-10 20:08:19,581 [INFO] PluginManage:310 - Check plugin filemanager
2024-06-10 20:08:19,815 [INFO] PluginManage:359 - Loaded plugin filemanager (category:base,tabindex:10)
2024-06-10 20:08:19,815 [INFO] PluginManage:310 - Check plugin ipmanager
2024-06-10 20:08:19,828 [INFO] PluginManage:359 - Loaded plugin ipmanager (category:base,tabindex:5)
2024-06-10 20:08:19,828 [INFO] PluginManage:310 - Check plugin lpbam
2024-06-10 20:08:19,852 [INFO] PluginManage:359 - Loaded plugin lpbam (category:base,tabindex:0)
2024-06-10 20:08:19,852 [INFO] PluginManage:310 - Check plugin memorymap
2024-06-10 20:08:19,885 [INFO] PluginManage:359 - Loaded plugin memorymap (category:base,tabindex:4)
2024-06-10 20:08:19,885 [INFO] PluginManage:310 - Check plugin pinoutandconfiguration
2024-06-10 20:08:19,908 [INFO] PluginManage:359 - Loaded plugin pinoutandconfiguration (category:base,tabindex:1)
2024-06-10 20:08:19,908 [INFO] PluginManage:310 - Check plugin pinoutconfig
2024-06-10 20:08:20,041 [WARN] SupportedApi:132 - Cannot load RTOS API schema: s4s-elt-must-match.1: The content of 'definitions' must match (annotation?, (simpleType | complexType)?, (unique | key | keyref)*)). A problem was found starting at: attribute.
2024-06-10 20:08:20,252 [INFO] PluginManage:359 - Loaded plugin pinoutconfig (category:base,tabindex:0)
2024-06-10 20:08:20,252 [INFO] PluginManage:310 - Check plugin power
2024-06-10 20:08:20,285 [INFO] PluginManage:359 - Loaded plugin power (category:power,tabindex:4)
2024-06-10 20:08:20,285 [INFO] PluginManage:310 - Check plugin projectmanager
2024-06-10 20:08:20,313 [INFO] PluginManage:359 - Loaded plugin projectmanager (category:projectmanager,tabindex:3)
2024-06-10 20:08:20,313 [INFO] PluginManage:310 - Check plugin thirdparty
2024-06-10 20:08:20,748 [INFO] PluginManage:359 - Loaded plugin thirdparty (category:base,tabindex:-1)
2024-06-10 20:08:20,749 [INFO] PluginManage:310 - Check plugin tools
2024-06-10 20:08:20,748 [WARN] IntegrityCheckThread:84 - waiting for thirdparty lock release [integrity check]
2024-06-10 20:08:20,750 [INFO] IntegrityCheckThread:86 - entering critical section [integrity check]
2024-06-10 20:08:20,750 [INFO] ThirdPartyUpdaterWithRetryManager:70 - Updater plugin not ready yet. [1/15]
2024-06-10 20:08:20,805 [INFO] PluginManage:359 - Loaded plugin tools (category:base,tabindex:7)
2024-06-10 20:08:20,805 [INFO] PluginManage:310 - Check plugin tutovideos
2024-06-10 20:08:21,071 [INFO] PluginManage:359 - Loaded plugin tutovideos (category:base,tabindex:-1)
2024-06-10 20:08:21,071 [INFO] PluginManage:310 - Check plugin updater
2024-06-10 20:08:21,091 [INFO] PluginManage:359 - Loaded plugin updater (category:base,tabindex:12)
2024-06-10 20:08:21,091 [INFO] PluginManage:310 - Check plugin userauth
2024-06-10 20:08:21,101 [INFO] UserAuth:114 - Init User Auth plugin
2024-06-10 20:08:21,101 [INFO] PluginManage:359 - Loaded plugin userauth (category:base,tabindex:14)
2024-06-10 20:08:21,102 [INFO] PluginManage:283 - PluginManage : Loaded plugins [17]
2024-06-10 20:08:21,416 [INFO] PinOutPanel:1499 - setPackage(No Configuration,No Configuration)
2024-06-10 20:08:21,528 [INFO] CADModel:165 - CPN selected for project level
2024-06-10 20:08:21,528 [INFO] CADModel:114 - Register for checkConnection events
2024-06-10 20:08:21,564 [INFO] IPUIPlugin:80 - create IPUIPlugin
2024-06-10 20:08:21,564 [INFO] PluginManager:220 - loadIPPluginJar : add adc
2024-06-10 20:08:21,615 [INFO] IPUIPlugin:80 - create IPUIPlugin
2024-06-10 20:08:21,616 [INFO] PluginManager:220 - loadIPPluginJar : add aes
2024-06-10 20:08:21,672 [INFO] IPUIPlugin:80 - create IPUIPlugin
2024-06-10 20:08:21,673 [INFO] PluginManager:220 - loadIPPluginJar : add can
2024-06-10 20:08:21,703 [INFO] IPUIPlugin:80 - create IPUIPlugin
2024-06-10 20:08:21,704 [INFO] PluginManager:220 - loadIPPluginJar : add comp
2024-06-10 20:08:21,748 [INFO] IPUIPlugin:80 - create IPUIPlugin
2024-06-10 20:08:21,749 [INFO] PluginManager:220 - loadIPPluginJar : add cryp
2024-06-10 20:08:21,790 [INFO] IPUIPlugin:80 - create IPUIPlugin
2024-06-10 20:08:21,790 [INFO] PluginManager:220 - loadIPPluginJar : add dfsdm
2024-06-10 20:08:21,808 [INFO] IPUIPlugin:80 - create IPUIPlugin
2024-06-10 20:08:21,809 [INFO] PluginManager:220 - loadIPPluginJar : add dma
2024-06-10 20:08:21,869 [INFO] IPUIPlugin:80 - create IPUIPlugin
2024-06-10 20:08:21,870 [INFO] PluginManager:220 - loadIPPluginJar : add dma3
2024-06-10 20:08:21,898 [INFO] IPUIPlugin:80 - create IPUIPlugin
2024-06-10 20:08:21,898 [INFO] PluginManager:220 - loadIPPluginJar : add fatfs
2024-06-10 20:08:21,967 [INFO] IPUIPlugin:80 - create IPUIPlugin
2024-06-10 20:08:21,968 [INFO] PluginManager:220 - loadIPPluginJar : add fmc
2024-06-10 20:08:21,988 [INFO] IPUIPlugin:80 - create IPUIPlugin
2024-06-10 20:08:21,988 [INFO] PluginManager:220 - loadIPPluginJar : add freertos
2024-06-10 20:08:22,016 [INFO] IPUIPlugin:80 - create IPUIPlugin
2024-06-10 20:08:22,016 [INFO] PluginManager:220 - loadIPPluginJar : add genericplugin
2024-06-10 20:08:22,149 [INFO] IPUIPlugin:80 - create IPUIPlugin
2024-06-10 20:08:22,149 [INFO] PluginManager:220 - loadIPPluginJar : add gfxmmu
2024-06-10 20:08:22,335 [INFO] IPUIPlugin:80 - create IPUIPlugin
2024-06-10 20:08:22,335 [INFO] PluginManager:220 - loadIPPluginJar : add gic
2024-06-10 20:08:22,355 [INFO] IPUIPlugin:80 - create IPUIPlugin
2024-06-10 20:08:22,355 [INFO] PluginManager:220 - loadIPPluginJar : add gpio
2024-06-10 20:08:22,485 [INFO] IPUIPlugin:80 - create IPUIPlugin
2024-06-10 20:08:22,485 [INFO] PluginManager:220 - loadIPPluginJar : add gtzc
2024-06-10 20:08:22,530 [INFO] IPUIPlugin:80 - create IPUIPlugin
2024-06-10 20:08:22,531 [INFO] PluginManager:220 - loadIPPluginJar : add hash
2024-06-10 20:08:22,603 [INFO] IPUIPlugin:80 - create IPUIPlugin
2024-06-10 20:08:22,603 [INFO] PluginManager:220 - loadIPPluginJar : add i2c
2024-06-10 20:08:22,656 [INFO] IPUIPlugin:80 - create IPUIPlugin
2024-06-10 20:08:22,656 [INFO] PluginManager:220 - loadIPPluginJar : add i2s
2024-06-10 20:08:22,712 [INFO] IPUIPlugin:80 - create IPUIPlugin
2024-06-10 20:08:22,712 [INFO] PluginManager:220 - loadIPPluginJar : add i3c
2024-06-10 20:08:22,854 [INFO] IPUIPlugin:80 - create IPUIPlugin
2024-06-10 20:08:22,855 [INFO] PluginManager:220 - loadIPPluginJar : add ipddr
2024-06-10 20:08:22,984 [INFO] IPUIPlugin:80 - create IPUIPlugin
2024-06-10 20:08:22,984 [INFO] PluginManager:220 - loadIPPluginJar : add linkedlist
2024-06-10 20:08:23,035 [INFO] IPUIPlugin:80 - create IPUIPlugin
2024-06-10 20:08:23,035 [INFO] PluginManager:220 - loadIPPluginJar : add lorawan
2024-06-10 20:08:23,085 [INFO] IPUIPlugin:80 - create IPUIPlugin
2024-06-10 20:08:23,086 [INFO] PluginManager:220 - loadIPPluginJar : add ltdc
2024-06-10 20:08:23,104 [INFO] IPUIPlugin:80 - create IPUIPlugin
2024-06-10 20:08:23,104 [INFO] PluginManager:220 - loadIPPluginJar : add mdma
2024-06-10 20:08:23,120 [INFO] IPUIPlugin:80 - create IPUIPlugin
2024-06-10 20:08:23,121 [INFO] PluginManager:220 - loadIPPluginJar : add nvic
2024-06-10 20:08:23,171 [INFO] IPUIPlugin:80 - create IPUIPlugin
2024-06-10 20:08:23,171 [INFO] PluginManager:220 - loadIPPluginJar : add opamp
2024-06-10 20:08:23,255 [INFO] IPUIPlugin:80 - create IPUIPlugin
2024-06-10 20:08:23,255 [INFO] PluginManager:220 - loadIPPluginJar : add openamp
2024-06-10 20:08:23,314 [INFO] IPUIPlugin:80 - create IPUIPlugin
2024-06-10 20:08:23,314 [INFO] PluginManager:220 - loadIPPluginJar : add pdm2pcm
2024-06-10 20:08:23,334 [INFO] IPUIPlugin:80 - create IPUIPlugin
2024-06-10 20:08:23,338 [INFO] PluginManager:220 - loadIPPluginJar : add plateformsettings
2024-06-10 20:08:23,368 [INFO] IPUIPlugin:80 - create IPUIPlugin
2024-06-10 20:08:23,368 [INFO] PluginManager:220 - loadIPPluginJar : add quadspi
2024-06-10 20:08:23,384 [INFO] IPUIPlugin:80 - create IPUIPlugin
2024-06-10 20:08:23,385 [INFO] PluginManager:220 - loadIPPluginJar : add resmgrutility
2024-06-10 20:08:23,449 [INFO] IPUIPlugin:80 - create IPUIPlugin
2024-06-10 20:08:23,449 [INFO] PluginManager:220 - loadIPPluginJar : add sai
2024-06-10 20:08:23,500 [INFO] IPUIPlugin:80 - create IPUIPlugin
2024-06-10 20:08:23,500 [INFO] PluginManager:220 - loadIPPluginJar : add spi
2024-06-10 20:08:23,597 [INFO] IPUIPlugin:80 - create IPUIPlugin
2024-06-10 20:08:23,597 [INFO] PluginManager:220 - loadIPPluginJar : add stm32_wpan
2024-06-10 20:08:23,628 [INFO] IPUIPlugin:80 - create IPUIPlugin
2024-06-10 20:08:23,629 [INFO] PluginManager:220 - loadIPPluginJar : add tim
2024-06-10 20:08:23,704 [INFO] IPUIPlugin:80 - create IPUIPlugin
2024-06-10 20:08:23,704 [INFO] PluginManager:220 - loadIPPluginJar : add touchsensing
2024-06-10 20:08:23,734 [INFO] IPUIPlugin:80 - create IPUIPlugin
2024-06-10 20:08:23,735 [INFO] PluginManager:220 - loadIPPluginJar : add tracer_emb
2024-06-10 20:08:23,751 [INFO] ThirdPartyUpdaterWithRetryManager:70 - Updater plugin not ready yet. [2/15]
2024-06-10 20:08:23,767 [INFO] IPUIPlugin:80 - create IPUIPlugin
2024-06-10 20:08:23,767 [INFO] PluginManager:220 - loadIPPluginJar : add ts
2024-06-10 20:08:23,799 [INFO] IPUIPlugin:80 - create IPUIPlugin
2024-06-10 20:08:23,799 [INFO] PluginManager:220 - loadIPPluginJar : add tsc
2024-06-10 20:08:23,833 [INFO] IPUIPlugin:80 - create IPUIPlugin
2024-06-10 20:08:23,833 [INFO] PluginManager:220 - loadIPPluginJar : add ucpd
2024-06-10 20:08:23,893 [INFO] IPUIPlugin:80 - create IPUIPlugin
2024-06-10 20:08:23,893 [INFO] PluginManager:220 - loadIPPluginJar : add usart
2024-06-10 20:08:23,952 [INFO] IPUIPlugin:80 - create IPUIPlugin
2024-06-10 20:08:23,953 [INFO] PluginManager:220 - loadIPPluginJar : add usbx
2024-06-10 20:08:24,127 [INFO] CADModel:165 - CPN selected for project level
2024-06-10 20:08:24,127 [INFO] CADModel:114 - Register for checkConnection events
2024-06-10 20:08:24,128 [FATAL] Updater:308 - Updater called before beeing initialized
2024-06-10 20:08:24,128 [ERROR] CADModel:125 - Updater not yet initialized, retry later 
2024-06-10 20:08:24,380 [INFO] CADModel:165 - CPN selected for project level
2024-06-10 20:08:24,380 [INFO] CADModel:114 - Register for checkConnection events
2024-06-10 20:08:24,380 [FATAL] Updater:308 - Updater called before beeing initialized
2024-06-10 20:08:24,381 [ERROR] CADModel:125 - Updater not yet initialized, retry later 
2024-06-10 20:08:24,385 [FATAL] Updater:308 - Updater called before beeing initialized
2024-06-10 20:08:24,573 [FATAL] Updater:308 - Updater called before beeing initialized
2024-06-10 20:08:24,589 [INFO] DbMcusAds:53 - JSON generation date=Thu May 16 12:22:01 EAT 2024 (1715851321456)
2024-06-10 20:08:24,589 [FATAL] Updater:308 - Updater called before beeing initialized
2024-06-10 20:08:24,700 [WARN] DetailPanel:346 - Failed to get advertising image, set to default
2024-06-10 20:08:24,870 [FATAL] Updater:308 - Updater called before beeing initialized
2024-06-10 20:08:24,873 [FATAL] Updater:308 - Updater called before beeing initialized
2024-06-10 20:08:24,873 [FATAL] Updater:308 - Updater called before beeing initialized
2024-06-10 20:08:24,873 [WARN] DetailPanel:346 - Failed to get advertising image, set to default
2024-06-10 20:08:24,875 [FATAL] Updater:308 - Updater called before beeing initialized
2024-06-10 20:08:24,999 [ERROR] Updater:1120 - MainUpdater not yet initialized. External WinMGr cannot be set.
2024-06-10 20:08:25,019 [INFO] Updater:1056 - Updater Version found : 6.10.0
2024-06-10 20:08:25,047 [INFO] ApplicationProperties:184 - Using Application install path: C:\ST\STM32CubeIDE_1.14.1\STM32CubeIDE\plugins\com.st.stm32cube.common.mx_6.10.0.202311202037
2024-06-10 20:08:26,650 [ERROR] LogOutputStream:75 - [STDERR_REDIRECT] Jun 10, 2024 8:08:26 PM java.util.prefs.WindowsPreferences <init>
2024-06-10 20:08:26,654 [ERROR] LogOutputStream:75 - [STDERR_REDIRECT] WARNING: Could not open/create prefs root node Software\JavaSoft\Prefs at root 0xffffffff80000002. Windows RegCreateKeyEx(...) returned error code 5.
2024-06-10 20:08:26,655 [ERROR] LogOutputStream:75 - [STDERR_REDIRECT] 
2024-06-10 20:08:26,756 [INFO] ThirdPartyUpdaterWithRetryManager:70 - Updater plugin not ready yet. [3/15]
2024-06-10 20:08:27,015 [INFO] MainUpdater:2873 - connection check result : 22
2024-06-10 20:08:27,016 [INFO] MainUpdater:290 - Updater Check For Update Now.
2024-06-10 20:08:27,017 [INFO] MicroXplorer:498 - Change Database Version : DB.6.0.100
2024-06-10 20:08:27,048 [INFO] McuFinderGlobals:63 - Set McuFinder mode to 2 (CubeIDE integrated)
2024-06-10 20:08:27,234 [INFO] UserAuth:404 - Internet connection configuration mode: 2
2024-06-10 20:08:27,445 [INFO] CheckServerUpdateThread:120 - End of CheckServer Thread
2024-06-10 20:08:30,085 [WARN] PackLoader:240 - Cannot read IP mode file for STMicroelectronics.FP-SNS-MOTENVWB1.1.4.0
2024-06-10 20:08:30,122 [WARN] PackLoader:240 - Cannot read IP mode file for STMicroelectronics.X-CUBE-SMBUS.2.1.0
2024-06-10 20:08:30,144 [WARN] PackLoader:240 - Cannot read IP mode file for STMicroelectronics.X-CUBE-TOUCHGFX.4.23.2
2024-06-10 20:08:30,216 [WARN] PackLoader:240 - Cannot read IP mode file for STMicroelectronics.X-CUBE-AZRTOS-F7.1.1.0
2024-06-10 20:08:30,249 [WARN] PackLoader:240 - Cannot read IP mode file for STMicroelectronics.FP-SNS-FLIGHT1.5.0.2
2024-06-10 20:08:30,282 [WARN] PackLoader:240 - Cannot read IP mode file for STMicroelectronics.X-CUBE-DISPLAY.3.0.0
2024-06-10 20:08:30,317 [WARN] PackLoader:240 - Cannot read IP mode file for STMicroelectronics.X-CUBE-BLE1.7.0.0
2024-06-10 20:08:30,339 [WARN] PackLoader:240 - Cannot read IP mode file for emotas.I-CUBE-CANOPEN.1.3.0
2024-06-10 20:08:30,373 [WARN] PackLoader:240 - Cannot read IP mode file for STMicroelectronics.X-CUBE-BLEMGR.3.1.0
2024-06-10 20:08:30,401 [WARN] PackLoader:240 - Cannot read IP mode file for STMicroelectronics.FP-SNS-SMARTAG2.1.2.0
2024-06-10 20:08:30,434 [INFO] LogOutputStream:77 - [STDOUT_REDIRECT] 1 : Invalid condition id : UX_CORESTACK_Condition cause : null
2024-06-10 20:08:30,435 [INFO] LogOutputStream:77 - [STDOUT_REDIRECT] 1 : Invalid condition id : UX_CORESTACK_Condition cause : null
2024-06-10 20:08:30,437 [INFO] LogOutputStream:77 - [STDOUT_REDIRECT] 1 : Invalid condition id : UX_CORESTACK_Condition cause : null
2024-06-10 20:08:30,440 [INFO] LogOutputStream:77 - [STDOUT_REDIRECT] 1 : Invalid condition id : UX_CORESTACK_Condition cause : null
2024-06-10 20:08:30,442 [INFO] LogOutputStream:77 - [STDOUT_REDIRECT] 1 : Invalid condition id : UX_CORESTACK_Condition cause : null
2024-06-10 20:08:30,450 [WARN] PackLoader:240 - Cannot read IP mode file for STMicroelectronics.X-CUBE-AZRTOS-WL.2.0.0
2024-06-10 20:08:30,476 [WARN] PackLoader:240 - Cannot read IP mode file for STMicroelectronics.FP-SNS-MOTENV1.5.0.0
2024-06-10 20:08:30,510 [WARN] PackLoader:240 - Cannot read IP mode file for WES.I-CUBE-Cesium.1.3.0
2024-06-10 20:08:30,533 [WARN] PackLoader:240 - Cannot read IP mode file for STMicroelectronics.X-CUBE-BLE2.3.3.0
2024-06-10 20:08:30,557 [WARN] PackLoader:240 - Cannot read IP mode file for STMicroelectronics.X-CUBE-TCPP.4.1.0
2024-06-10 20:08:30,607 [WARN] PackLoader:240 - Cannot read IP mode file for STMicroelectronics.X-CUBE-AZRTOS-G0.1.1.0
2024-06-10 20:08:30,638 [WARN] PackLoader:240 - Cannot read IP mode file for STMicroelectronics.X-CUBE-SAFEA1.1.2.2
2024-06-10 20:08:30,661 [WARN] PackLoader:240 - Cannot read IP mode file for STMicroelectronics.X-CUBE-NFC4.3.0.0
2024-06-10 20:08:30,683 [WARN] PackLoader:240 - Cannot read IP mode file for wolfSSL.I-CUBE-wolfMQTT.1.18.0
2024-06-10 20:08:30,698 [WARN] PackLoader:240 - Cannot read IP mode file for wolfSSL.I-CUBE-wolfSSL.5.7.0
2024-06-10 20:08:30,713 [WARN] PackLoader:240 - Cannot read IP mode file for STMicroelectronics.FP-ATR-SIGFOX1.3.2.0
2024-06-10 20:08:30,736 [WARN] PackLoader:240 - Cannot read IP mode file for STMicroelectronics.X-CUBE-EEPRMA1.5.1.0
2024-06-10 20:08:30,763 [WARN] PackLoader:240 - Cannot read IP mode file for ITTIA_DB.I-CUBE-ITTIADB.8.9.0
2024-06-10 20:08:30,883 [WARN] PackLoader:240 - Cannot read IP mode file for SEGGER.I-CUBE-embOS.1.3.1
2024-06-10 20:08:31,061 [WARN] PackLoader:240 - Cannot read IP mode file for STMicroelectronics.X-CUBE-ALGOBUILD.1.4.0
2024-06-10 20:08:31,095 [WARN] PackLoader:240 - Cannot read IP mode file for STMicroelectronics.X-CUBE-GNSS1.6.0.0
2024-06-10 20:08:31,303 [WARN] PackLoader:240 - Cannot read IP mode file for STMicroelectronics.X-CUBE-AZRTOS-F4.1.1.0
2024-06-10 20:08:31,323 [WARN] PackLoader:240 - Cannot read IP mode file for STMicroelectronics.X-CUBE-FREERTOS.1.2.0
2024-06-10 20:08:31,361 [WARN] PackLoader:240 - Cannot read IP mode file for STMicroelectronics.X-CUBE-AZRTOS-L5.2.0.0
2024-06-10 20:08:31,389 [WARN] PackLoader:240 - Cannot read IP mode file for STMicroelectronics.X-CUBE-NFC6.3.1.0
2024-06-10 20:08:31,413 [WARN] PackLoader:240 - Cannot read IP mode file for STMicroelectronics.X-CUBE-AI.9.0.0
2024-06-10 20:08:31,435 [WARN] PackLoader:240 - Cannot read IP mode file for STMicroelectronics.X-CUBE-NFC7.1.0.1
2024-06-10 20:08:31,484 [WARN] ConditionMgr:438 - getConditionDescription Invalid condition id : LAN8742 Phy interface Condition cause : null
2024-06-10 20:08:31,485 [WARN] PackLoader:240 - Cannot read IP mode file for STMicroelectronics.X-CUBE-AZRTOS-L4.2.0.0
2024-06-10 20:08:31,486 [WARN] ConditionMgr:1039 - genDependencies : Invalid condition id : LAN8742 Phy interface Condition cause : null
2024-06-10 20:08:31,487 [WARN] ConditionMgr:1039 - genDependencies : Invalid condition id : LAN8742 Phy interface Condition cause : null
2024-06-10 20:08:31,488 [WARN] ConditionMgr:1039 - genDependencies : Invalid condition id : LAN8742 Phy interface Condition cause : null
2024-06-10 20:08:31,512 [WARN] PackLoader:240 - Cannot read IP mode file for STMicroelectronics.X-CUBE-SFXS2LP1.4.0.0
2024-06-10 20:08:31,557 [WARN] ConditionMgr:438 - getConditionDescription Invalid condition id : UX DEVICE CLASS RTOS Condition cause : null
2024-06-10 20:08:31,558 [WARN] ConditionMgr:438 - getConditionDescription Invalid condition id : UX DEVICE CLASS RTOS Condition cause : null
2024-06-10 20:08:31,562 [WARN] PackLoader:240 - Cannot read IP mode file for STMicroelectronics.X-CUBE-AZRTOS-WB.2.0.0
2024-06-10 20:08:31,563 [WARN] ConditionMgr:1039 - genDependencies : Invalid condition id : UX DEVICE CLASS RTOS Condition cause : null
2024-06-10 20:08:31,563 [WARN] ConditionMgr:1039 - genDependencies : Invalid condition id : UX DEVICE CLASS RTOS Condition cause : null
2024-06-10 20:08:31,564 [WARN] ConditionMgr:1039 - genDependencies : Invalid condition id : UX DEVICE CLASS RTOS Condition cause : null
2024-06-10 20:08:31,565 [WARN] ConditionMgr:1039 - genDependencies : Invalid condition id : UX DEVICE CLASS RTOS Condition cause : null
2024-06-10 20:08:31,565 [WARN] ConditionMgr:1039 - genDependencies : Invalid condition id : UX DEVICE CLASS RTOS Condition cause : null
2024-06-10 20:08:31,599 [WARN] PackLoader:240 - Cannot read IP mode file for STMicroelectronics.X-CUBE-SUBG2.5.0.0
2024-06-10 20:08:31,647 [WARN] PackLoader:240 - Cannot read IP mode file for STMicroelectronics.X-CUBE-AZRTOS-G4.2.0.0
2024-06-10 20:08:31,664 [WARN] PackLoader:240 - Cannot read IP mode file for STMicroelectronics.X-CUBE-ISPU.2.0.0
2024-06-10 20:08:31,694 [WARN] PackLoader:240 - Cannot read IP mode file for STMicroelectronics.X-CUBE-ALS.1.0.2
2024-06-10 20:08:31,783 [WARN] PackLoader:240 - Cannot read IP mode file for STMicroelectronics.X-CUBE-MEMS1.10.0.0
2024-06-10 20:08:31,937 [WARN] PackLoader:240 - Cannot read IP mode file for portGmbH.I-Cube-SoM-uGOAL.1.1.0
2024-06-10 20:08:31,954 [WARN] PackLoader:240 - Cannot read IP mode file for STMicroelectronics.X-CUBE-ALS.1.0.1
2024-06-10 20:08:31,995 [WARN] PackLoader:240 - Cannot read IP mode file for STMicroelectronics.X-CUBE-AZRTOS-H7RS.1.0.0
2024-06-10 20:08:32,013 [WARN] PackLoader:240 - Cannot read IP mode file for STMicroelectronics.FP-ATR-ASTRA1.2.0.0
2024-06-10 20:08:32,045 [WARN] PackLoader:240 - Cannot read IP mode file for STMicroelectronics.X-CUBE-TOF1.3.4.1
2024-06-10 20:08:32,110 [WARN] PackLoader:240 - Cannot read IP mode file for STMicroelectronics.X-CUBE-AZRTOS-H7.3.2.0
2024-06-10 20:08:32,155 [WARN] PackLoader:240 - Cannot read IP mode file for Infineon.AIROC-Wi-Fi-Bluetooth-STM32.1.6.0
2024-06-10 20:08:32,162 [INFO] ThirdParty:978 - Integrity check success = true
2024-06-10 20:08:32,163 [INFO] IntegrityCheckThread:100 - exiting critical section [integrity check]
2024-06-10 20:08:32,163 [INFO] IntegrityCheckThread:103 - End integrity checks thread
2024-06-10 20:08:48,816 [ERROR] LogOutputStream:75 - [STDERR_REDIRECT] SLF4J: Failed to load class "org.slf4j.impl.StaticLoggerBinder".
2024-06-10 20:08:48,818 [ERROR] LogOutputStream:75 - [STDERR_REDIRECT] SLF4J: Defaulting to no-operation (NOP) logger implementation
2024-06-10 20:08:48,820 [ERROR] LogOutputStream:75 - [STDERR_REDIRECT] SLF4J: See http://www.slf4j.org/codes.html#StaticLoggerBinder for further details.
2024-06-10 20:18:37,798 [ERROR] ConfigurationRetriever:142 - IOException on connection: sw-center.st.com
2024-06-10 20:18:37,799 [ERROR] ConfigurationRetriever:142 - IOException on connection: sw-center.st.com
2024-06-10 20:18:37,800 [ERROR] ConfigurationRetriever:142 - IOException on connection: sw-center.st.com
2024-06-10 20:21:05,468 [ERROR] ConfigurationRetriever:142 - IOException on connection: sw-center.st.com
2024-06-10 20:21:05,469 [ERROR] ConfigurationRetriever:142 - IOException on connection: sw-center.st.com
2024-06-10 20:21:05,470 [ERROR] ConfigurationRetriever:142 - IOException on connection: sw-center.st.com
2024-06-10 20:22:09,423 [ERROR] ConfigurationRetriever:142 - IOException on connection: sw-center.st.com
2024-06-10 20:22:09,426 [ERROR] ConfigurationRetriever:142 - IOException on connection: sw-center.st.com
2024-06-10 20:22:09,428 [ERROR] ConfigurationRetriever:142 - IOException on connection: sw-center.st.com
2024-06-10 22:44:09,276 [ERROR] ConfigurationRetriever:142 - IOException on connection: sw-center.st.com
2024-06-10 22:44:09,283 [ERROR] ConfigurationRetriever:142 - IOException on connection: sw-center.st.com
2024-06-10 22:44:09,284 [ERROR] ConfigurationRetriever:142 - IOException on connection: sw-center.st.com
2024-06-10 22:44:11,026 [ERROR] LogOutputStream:75 - [STDERR_REDIRECT] 
