2024-05-17 15:36:15,997 [INFO] Activator:176 - 


2024-05-17 15:36:16,006 [INFO] Activator:177 - !SESSION log4j initialized
2024-05-17 15:36:29,490 [INFO] LogOutputStream:77 - [STDOUT_REDIRECT] 
2024-05-17 15:36:33,264 [INFO] ApplicationProperties:184 - Using Application install path: C:\ST\STM32CubeIDE_1.14.1\STM32CubeIDE\plugins\com.st.stm32cube.common.mx_6.10.0.202311202037
2024-05-17 15:36:33,326 [INFO] DbMcusXml:78 - Set database path to: C:\ST\STM32CubeIDE_1.14.1\STM32CubeIDE\plugins\com.st.stm32cube.common.mx_6.10.0.202311202037\\db\/mcu/
2024-05-17 15:36:33,327 [INFO] ApiDb:274 - Set plugin database path to: C:\ST\STM32CubeIDE_1.14.1\STM32CubeIDE\plugins\com.st.stm32cube.common.mx_6.10.0.202311202037\\db\/plugins/boardmanager/
2024-05-17 15:36:33,329 [WARN] ApiDb:259 - Overriding images path with different value:  => C:\ST\STM32CubeIDE_1.14.1\STM32CubeIDE\plugins\com.st.stm32cube.common.mx_6.10.0.202311202037\\db\/plugins/mcufinder/images/
2024-05-17 15:36:33,359 [INFO] ApiDb:250 - Set database path to: C:\Users\hp\.stmcufinder\plugins\mcufinder//mcu/
2024-05-17 15:36:33,361 [INFO] DbMcusAds:125 - Set database path to: C:\Users\hp\.stmcufinder\plugins\mcufinder//mcu/
2024-05-17 15:36:33,365 [INFO] CrossReferenceDbSqlite:203 - Set database path to: C:\Users\hp\.stmcufinder\plugins\mcufinder//mcu/cs/
2024-05-17 15:36:33,624 [INFO] RulesReader:64 - Compatibility file has been processed (297 Rules)
2024-05-17 15:36:33,833 [INFO] DbMcusXml:78 - Set database path to: C:\ST\STM32CubeIDE_1.14.1\STM32CubeIDE\plugins\com.st.stm32cube.common.mx_6.10.0.202311202037\\db\/mcu/
2024-05-17 15:36:33,834 [INFO] ApiDb:274 - Set plugin database path to: C:\ST\STM32CubeIDE_1.14.1\STM32CubeIDE\plugins\com.st.stm32cube.common.mx_6.10.0.202311202037\\db\/plugins/boardmanager/
2024-05-17 15:36:33,834 [INFO] ApiDb:261 - Set plugin images path to: C:\ST\STM32CubeIDE_1.14.1\STM32CubeIDE\plugins\com.st.stm32cube.common.mx_6.10.0.202311202037\\db\/plugins/mcufinder/images/
2024-05-17 15:36:33,834 [WARN] DbFile:41 - Overriding database path with different value: C:\Users\hp\.stmcufinder\plugins\mcufinder/ => C:\Users\hp\.stmcufinder\plugins\mcufinder
2024-05-17 15:36:33,835 [INFO] ApiDb:250 - Set database path to: C:\Users\hp\.stmcufinder\plugins\mcufinder//mcu/
2024-05-17 15:36:33,835 [WARN] DbFile:41 - Overriding database path with different value: C:\Users\hp\.stmcufinder\plugins\mcufinder/ => C:\Users\hp\.stmcufinder\plugins\mcufinder
2024-05-17 15:36:33,836 [INFO] DbMcusAds:125 - Set database path to: C:\Users\hp\.stmcufinder\plugins\mcufinder//mcu/
2024-05-17 15:36:33,836 [WARN] DbFile:41 - Overriding database path with different value: C:\Users\hp\.stmcufinder\plugins\mcufinder/ => C:\Users\hp\.stmcufinder\plugins\mcufinder
2024-05-17 15:36:33,836 [WARN] DbFile:41 - Overriding database path with different value: C:\Users\hp\.stmcufinder\plugins\mcufinder/ => C:\Users\hp\.stmcufinder\plugins\mcufinder
2024-05-17 15:36:33,836 [INFO] CrossReferenceDbSqlite:203 - Set database path to: C:\Users\hp\.stmcufinder\plugins\mcufinder//mcu/cs/
2024-05-17 15:36:33,989 [INFO] MainPanel:264 - HeapMemory: 268435456
2024-05-17 15:36:34,121 [INFO] DbMcusXml:78 - Set database path to: C:\ST\STM32CubeIDE_1.14.1\STM32CubeIDE\plugins\com.st.stm32cube.common.mx_6.10.0.202311202037\\db\/mcu/
2024-05-17 15:36:34,121 [INFO] ApiDb:274 - Set plugin database path to: C:\ST\STM32CubeIDE_1.14.1\STM32CubeIDE\plugins\com.st.stm32cube.common.mx_6.10.0.202311202037\\db\/plugins/boardmanager/
2024-05-17 15:36:34,121 [INFO] ApiDb:261 - Set plugin images path to: C:\ST\STM32CubeIDE_1.14.1\STM32CubeIDE\plugins\com.st.stm32cube.common.mx_6.10.0.202311202037\\db\/plugins/mcufinder/images/
2024-05-17 15:36:34,121 [WARN] DbFile:41 - Overriding database path with different value: C:\Users\hp\.stmcufinder\plugins\mcufinder/ => C:\Users\hp\.stmcufinder\plugins\mcufinder
2024-05-17 15:36:34,122 [INFO] ApiDb:250 - Set database path to: C:\Users\hp\.stmcufinder\plugins\mcufinder//mcu/
2024-05-17 15:36:34,122 [WARN] DbFile:41 - Overriding database path with different value: C:\Users\hp\.stmcufinder\plugins\mcufinder/ => C:\Users\hp\.stmcufinder\plugins\mcufinder
2024-05-17 15:36:34,122 [INFO] DbMcusAds:125 - Set database path to: C:\Users\hp\.stmcufinder\plugins\mcufinder//mcu/
2024-05-17 15:36:34,122 [WARN] DbFile:41 - Overriding database path with different value: C:\Users\hp\.stmcufinder\plugins\mcufinder/ => C:\Users\hp\.stmcufinder\plugins\mcufinder
2024-05-17 15:36:34,122 [WARN] DbFile:41 - Overriding database path with different value: C:\Users\hp\.stmcufinder\plugins\mcufinder/ => C:\Users\hp\.stmcufinder\plugins\mcufinder
2024-05-17 15:36:34,122 [INFO] CrossReferenceDbSqlite:203 - Set database path to: C:\Users\hp\.stmcufinder\plugins\mcufinder//mcu/cs/
2024-05-17 15:36:34,151 [INFO] ApplicationProperties:184 - Using Application install path: C:\ST\STM32CubeIDE_1.14.1\STM32CubeIDE\plugins\com.st.stm32cube.common.mx_6.10.0.202311202037
2024-05-17 15:36:34,154 [INFO] PluginManage:196 - Search for loadable plugins [exclusion list=, ]
2024-05-17 15:36:34,156 [INFO] PluginManage:310 - Check plugin analytics
2024-05-17 15:36:34,492 [INFO] AnalyticsPlugin:253 - Accepted Software Licenses: STM32CubeMX.6.11.1
2024-05-17 15:36:34,495 [INFO] AnalyticsPlugin:255 - Accepted CMSIS Pack Licenses: 
2024-05-17 15:36:34,495 [INFO] AnalyticsPlugin:257 - Accepted Firmware Licenses: 
2024-05-17 15:36:34,518 [INFO] PluginManage:359 - Loaded plugin analytics (category:tool,tabindex:-1)
2024-05-17 15:36:34,518 [INFO] PluginManage:310 - Check plugin cadmodel
2024-05-17 15:36:34,544 [INFO] CADModel:105 - Init CAD model plugin
2024-05-17 15:36:34,545 [INFO] PluginManage:359 - Loaded plugin cadmodel (category:power,tabindex:5)
2024-05-17 15:36:34,546 [INFO] PluginManage:310 - Check plugin clock
2024-05-17 15:36:34,588 [INFO] PluginManage:359 - Loaded plugin clock (category:base,tabindex:2)
2024-05-17 15:36:34,589 [INFO] PluginManage:310 - Check plugin ddr
2024-05-17 15:36:34,593 [INFO] PluginManage:359 - Loaded plugin ddr (category:tool,tabindex:6)
2024-05-17 15:36:34,594 [INFO] PluginManage:310 - Check plugin filemanager
2024-05-17 15:36:34,874 [INFO] PluginManage:359 - Loaded plugin filemanager (category:base,tabindex:10)
2024-05-17 15:36:34,875 [INFO] PluginManage:310 - Check plugin ipmanager
2024-05-17 15:36:34,890 [INFO] PluginManage:359 - Loaded plugin ipmanager (category:base,tabindex:5)
2024-05-17 15:36:34,891 [INFO] PluginManage:310 - Check plugin lpbam
2024-05-17 15:36:34,915 [INFO] PluginManage:359 - Loaded plugin lpbam (category:base,tabindex:0)
2024-05-17 15:36:34,929 [INFO] PluginManage:310 - Check plugin memorymap
2024-05-17 15:36:34,960 [INFO] PluginManage:359 - Loaded plugin memorymap (category:base,tabindex:4)
2024-05-17 15:36:34,976 [INFO] PluginManage:310 - Check plugin pinoutandconfiguration
2024-05-17 15:36:35,007 [INFO] PluginManage:359 - Loaded plugin pinoutandconfiguration (category:base,tabindex:1)
2024-05-17 15:36:35,007 [INFO] PluginManage:310 - Check plugin pinoutconfig
2024-05-17 15:36:35,272 [WARN] SupportedApi:132 - Cannot load RTOS API schema: s4s-elt-must-match.1: The content of 'definitions' must match (annotation?, (simpleType | complexType)?, (unique | key | keyref)*)). A problem was found starting at: attribute.
2024-05-17 15:36:35,719 [INFO] PluginManage:359 - Loaded plugin pinoutconfig (category:base,tabindex:0)
2024-05-17 15:36:35,719 [INFO] PluginManage:310 - Check plugin power
2024-05-17 15:36:35,750 [INFO] PluginManage:359 - Loaded plugin power (category:power,tabindex:4)
2024-05-17 15:36:35,750 [INFO] PluginManage:310 - Check plugin projectmanager
2024-05-17 15:36:35,808 [INFO] PluginManage:359 - Loaded plugin projectmanager (category:projectmanager,tabindex:3)
2024-05-17 15:36:35,809 [INFO] PluginManage:310 - Check plugin thirdparty
2024-05-17 15:36:36,446 [INFO] PluginManage:359 - Loaded plugin thirdparty (category:base,tabindex:-1)
2024-05-17 15:36:36,446 [WARN] IntegrityCheckThread:84 - waiting for thirdparty lock release [integrity check]
2024-05-17 15:36:36,446 [INFO] PluginManage:310 - Check plugin tools
2024-05-17 15:36:36,446 [INFO] IntegrityCheckThread:86 - entering critical section [integrity check]
2024-05-17 15:36:36,446 [INFO] ThirdPartyUpdaterWithRetryManager:70 - Updater plugin not ready yet. [1/15]
2024-05-17 15:36:36,527 [INFO] PluginManage:359 - Loaded plugin tools (category:base,tabindex:7)
2024-05-17 15:36:36,527 [INFO] PluginManage:310 - Check plugin tutovideos
2024-05-17 15:36:36,945 [INFO] PluginManage:359 - Loaded plugin tutovideos (category:base,tabindex:-1)
2024-05-17 15:36:36,945 [INFO] PluginManage:310 - Check plugin updater
2024-05-17 15:36:36,978 [INFO] PluginManage:359 - Loaded plugin updater (category:base,tabindex:12)
2024-05-17 15:36:36,978 [INFO] PluginManage:310 - Check plugin userauth
2024-05-17 15:36:36,978 [INFO] UserAuth:114 - Init User Auth plugin
2024-05-17 15:36:36,978 [INFO] PluginManage:359 - Loaded plugin userauth (category:base,tabindex:14)
2024-05-17 15:36:36,978 [INFO] PluginManage:283 - PluginManage : Loaded plugins [17]
2024-05-17 15:36:37,529 [INFO] PinOutPanel:1499 - setPackage(No Configuration,No Configuration)
2024-05-17 15:36:37,832 [INFO] CADModel:165 - CPN selected for project level
2024-05-17 15:36:37,832 [INFO] CADModel:114 - Register for checkConnection events
2024-05-17 15:36:38,053 [INFO] IPUIPlugin:80 - create IPUIPlugin
2024-05-17 15:36:38,054 [INFO] PluginManager:220 - loadIPPluginJar : add adc
2024-05-17 15:36:38,161 [INFO] IPUIPlugin:80 - create IPUIPlugin
2024-05-17 15:36:38,162 [INFO] PluginManager:220 - loadIPPluginJar : add aes
2024-05-17 15:36:38,278 [INFO] IPUIPlugin:80 - create IPUIPlugin
2024-05-17 15:36:38,279 [INFO] PluginManager:220 - loadIPPluginJar : add can
2024-05-17 15:36:38,334 [INFO] IPUIPlugin:80 - create IPUIPlugin
2024-05-17 15:36:38,334 [INFO] PluginManager:220 - loadIPPluginJar : add comp
2024-05-17 15:36:38,418 [INFO] IPUIPlugin:80 - create IPUIPlugin
2024-05-17 15:36:38,418 [INFO] PluginManager:220 - loadIPPluginJar : add cryp
2024-05-17 15:36:38,494 [INFO] IPUIPlugin:80 - create IPUIPlugin
2024-05-17 15:36:38,495 [INFO] PluginManager:220 - loadIPPluginJar : add dfsdm
2024-05-17 15:36:38,580 [INFO] IPUIPlugin:80 - create IPUIPlugin
2024-05-17 15:36:38,581 [INFO] PluginManager:220 - loadIPPluginJar : add dma
2024-05-17 15:36:38,660 [INFO] IPUIPlugin:80 - create IPUIPlugin
2024-05-17 15:36:38,660 [INFO] PluginManager:220 - loadIPPluginJar : add dma3
2024-05-17 15:36:38,713 [INFO] IPUIPlugin:80 - create IPUIPlugin
2024-05-17 15:36:38,713 [INFO] PluginManager:220 - loadIPPluginJar : add fatfs
2024-05-17 15:36:38,827 [INFO] IPUIPlugin:80 - create IPUIPlugin
2024-05-17 15:36:38,828 [INFO] PluginManager:220 - loadIPPluginJar : add fmc
2024-05-17 15:36:38,856 [INFO] IPUIPlugin:80 - create IPUIPlugin
2024-05-17 15:36:38,856 [INFO] PluginManager:220 - loadIPPluginJar : add freertos
2024-05-17 15:36:38,903 [INFO] IPUIPlugin:80 - create IPUIPlugin
2024-05-17 15:36:38,903 [INFO] PluginManager:220 - loadIPPluginJar : add genericplugin
2024-05-17 15:36:39,106 [INFO] IPUIPlugin:80 - create IPUIPlugin
2024-05-17 15:36:39,107 [INFO] PluginManager:220 - loadIPPluginJar : add gfxmmu
2024-05-17 15:36:39,467 [INFO] IPUIPlugin:80 - create IPUIPlugin
2024-05-17 15:36:39,467 [INFO] ThirdPartyUpdaterWithRetryManager:70 - Updater plugin not ready yet. [2/15]
2024-05-17 15:36:39,467 [INFO] PluginManager:220 - loadIPPluginJar : add gic
2024-05-17 15:36:39,495 [INFO] IPUIPlugin:80 - create IPUIPlugin
2024-05-17 15:36:39,496 [INFO] PluginManager:220 - loadIPPluginJar : add gpio
2024-05-17 15:36:39,762 [INFO] IPUIPlugin:80 - create IPUIPlugin
2024-05-17 15:36:39,763 [INFO] PluginManager:220 - loadIPPluginJar : add gtzc
2024-05-17 15:36:39,851 [INFO] IPUIPlugin:80 - create IPUIPlugin
2024-05-17 15:36:39,851 [INFO] PluginManager:220 - loadIPPluginJar : add hash
2024-05-17 15:36:39,959 [INFO] IPUIPlugin:80 - create IPUIPlugin
2024-05-17 15:36:39,960 [INFO] PluginManager:220 - loadIPPluginJar : add i2c
2024-05-17 15:36:40,018 [INFO] IPUIPlugin:80 - create IPUIPlugin
2024-05-17 15:36:40,018 [INFO] PluginManager:220 - loadIPPluginJar : add i2s
2024-05-17 15:36:40,076 [INFO] IPUIPlugin:80 - create IPUIPlugin
2024-05-17 15:36:40,076 [INFO] PluginManager:220 - loadIPPluginJar : add i3c
2024-05-17 15:36:40,241 [INFO] IPUIPlugin:80 - create IPUIPlugin
2024-05-17 15:36:40,243 [INFO] PluginManager:220 - loadIPPluginJar : add ipddr
2024-05-17 15:36:40,401 [INFO] IPUIPlugin:80 - create IPUIPlugin
2024-05-17 15:36:40,401 [INFO] PluginManager:220 - loadIPPluginJar : add linkedlist
2024-05-17 15:36:40,445 [INFO] IPUIPlugin:80 - create IPUIPlugin
2024-05-17 15:36:40,445 [INFO] PluginManager:220 - loadIPPluginJar : add lorawan
2024-05-17 15:36:40,519 [INFO] IPUIPlugin:80 - create IPUIPlugin
2024-05-17 15:36:40,519 [INFO] PluginManager:220 - loadIPPluginJar : add ltdc
2024-05-17 15:36:40,541 [INFO] IPUIPlugin:80 - create IPUIPlugin
2024-05-17 15:36:40,541 [INFO] PluginManager:220 - loadIPPluginJar : add mdma
2024-05-17 15:36:40,557 [INFO] IPUIPlugin:80 - create IPUIPlugin
2024-05-17 15:36:40,557 [INFO] PluginManager:220 - loadIPPluginJar : add nvic
2024-05-17 15:36:40,619 [INFO] IPUIPlugin:80 - create IPUIPlugin
2024-05-17 15:36:40,619 [INFO] PluginManager:220 - loadIPPluginJar : add opamp
2024-05-17 15:36:40,719 [INFO] IPUIPlugin:80 - create IPUIPlugin
2024-05-17 15:36:40,719 [INFO] PluginManager:220 - loadIPPluginJar : add openamp
2024-05-17 15:36:40,776 [INFO] IPUIPlugin:80 - create IPUIPlugin
2024-05-17 15:36:40,776 [INFO] PluginManager:220 - loadIPPluginJar : add pdm2pcm
2024-05-17 15:36:40,791 [INFO] IPUIPlugin:80 - create IPUIPlugin
2024-05-17 15:36:40,791 [INFO] PluginManager:220 - loadIPPluginJar : add plateformsettings
2024-05-17 15:36:40,835 [INFO] IPUIPlugin:80 - create IPUIPlugin
2024-05-17 15:36:40,835 [INFO] PluginManager:220 - loadIPPluginJar : add quadspi
2024-05-17 15:36:40,853 [INFO] IPUIPlugin:80 - create IPUIPlugin
2024-05-17 15:36:40,853 [INFO] PluginManager:220 - loadIPPluginJar : add resmgrutility
2024-05-17 15:36:40,941 [INFO] IPUIPlugin:80 - create IPUIPlugin
2024-05-17 15:36:40,941 [INFO] PluginManager:220 - loadIPPluginJar : add sai
2024-05-17 15:36:41,021 [INFO] IPUIPlugin:80 - create IPUIPlugin
2024-05-17 15:36:41,021 [INFO] PluginManager:220 - loadIPPluginJar : add spi
2024-05-17 15:36:41,128 [INFO] IPUIPlugin:80 - create IPUIPlugin
2024-05-17 15:36:41,128 [INFO] PluginManager:220 - loadIPPluginJar : add stm32_wpan
2024-05-17 15:36:41,161 [INFO] IPUIPlugin:80 - create IPUIPlugin
2024-05-17 15:36:41,161 [INFO] PluginManager:220 - loadIPPluginJar : add tim
2024-05-17 15:36:41,260 [INFO] IPUIPlugin:80 - create IPUIPlugin
2024-05-17 15:36:41,260 [INFO] PluginManager:220 - loadIPPluginJar : add touchsensing
2024-05-17 15:36:41,291 [INFO] IPUIPlugin:80 - create IPUIPlugin
2024-05-17 15:36:41,291 [INFO] PluginManager:220 - loadIPPluginJar : add tracer_emb
2024-05-17 15:36:41,330 [INFO] IPUIPlugin:80 - create IPUIPlugin
2024-05-17 15:36:41,330 [INFO] PluginManager:220 - loadIPPluginJar : add ts
2024-05-17 15:36:41,365 [INFO] IPUIPlugin:80 - create IPUIPlugin
2024-05-17 15:36:41,366 [INFO] PluginManager:220 - loadIPPluginJar : add tsc
2024-05-17 15:36:41,405 [INFO] IPUIPlugin:80 - create IPUIPlugin
2024-05-17 15:36:41,405 [INFO] PluginManager:220 - loadIPPluginJar : add ucpd
2024-05-17 15:36:41,482 [INFO] IPUIPlugin:80 - create IPUIPlugin
2024-05-17 15:36:41,483 [INFO] PluginManager:220 - loadIPPluginJar : add usart
2024-05-17 15:36:41,549 [INFO] IPUIPlugin:80 - create IPUIPlugin
2024-05-17 15:36:41,549 [INFO] PluginManager:220 - loadIPPluginJar : add usbx
2024-05-17 15:36:41,714 [INFO] CADModel:165 - CPN selected for project level
2024-05-17 15:36:41,715 [INFO] CADModel:114 - Register for checkConnection events
2024-05-17 15:36:41,715 [FATAL] Updater:308 - Updater called before beeing initialized
2024-05-17 15:36:41,715 [ERROR] CADModel:125 - Updater not yet initialized, retry later 
2024-05-17 15:36:41,927 [INFO] CADModel:165 - CPN selected for project level
2024-05-17 15:36:41,927 [INFO] CADModel:114 - Register for checkConnection events
2024-05-17 15:36:41,927 [FATAL] Updater:308 - Updater called before beeing initialized
2024-05-17 15:36:41,927 [ERROR] CADModel:125 - Updater not yet initialized, retry later 
2024-05-17 15:36:41,942 [FATAL] Updater:308 - Updater called before beeing initialized
2024-05-17 15:36:42,157 [FATAL] Updater:308 - Updater called before beeing initialized
2024-05-17 15:36:42,172 [INFO] DbMcusAds:53 - JSON generation date=Thu May 02 11:37:29 EAT 2024 (1714639049318)
2024-05-17 15:36:42,172 [FATAL] Updater:308 - Updater called before beeing initialized
2024-05-17 15:36:42,296 [WARN] DetailPanel:346 - Failed to get advertising image, set to default
2024-05-17 15:36:42,474 [INFO] ThirdPartyUpdaterWithRetryManager:70 - Updater plugin not ready yet. [3/15]
2024-05-17 15:36:42,490 [FATAL] Updater:308 - Updater called before beeing initialized
2024-05-17 15:36:42,495 [FATAL] Updater:308 - Updater called before beeing initialized
2024-05-17 15:36:42,496 [FATAL] Updater:308 - Updater called before beeing initialized
2024-05-17 15:36:42,496 [WARN] DetailPanel:346 - Failed to get advertising image, set to default
2024-05-17 15:36:42,498 [FATAL] Updater:308 - Updater called before beeing initialized
2024-05-17 15:36:42,607 [ERROR] Updater:1120 - MainUpdater not yet initialized. External WinMGr cannot be set.
2024-05-17 15:36:42,623 [INFO] Updater:1056 - Updater Version found : 6.10.0
2024-05-17 15:36:42,638 [INFO] ApplicationProperties:184 - Using Application install path: C:\ST\STM32CubeIDE_1.14.1\STM32CubeIDE\plugins\com.st.stm32cube.common.mx_6.10.0.202311202037
2024-05-17 15:36:44,302 [ERROR] LogOutputStream:75 - [STDERR_REDIRECT] May 17, 2024 3:36:44 PM java.util.prefs.WindowsPreferences <init>
2024-05-17 15:36:44,310 [ERROR] LogOutputStream:75 - [STDERR_REDIRECT] WARNING: Could not open/create prefs root node Software\JavaSoft\Prefs at root 0xffffffff80000002. Windows RegCreateKeyEx(...) returned error code 5.
2024-05-17 15:36:44,310 [ERROR] LogOutputStream:75 - [STDERR_REDIRECT] 
2024-05-17 15:36:45,477 [FATAL] Updater:308 - Updater called before beeing initialized
2024-05-17 15:36:45,477 [ERROR] IntegrityCheckThread:130 - Cannot retrieve database content from updater: error 21
2024-05-17 15:36:45,477 [INFO] ThirdParty:978 - Integrity check success = false
2024-05-17 15:36:45,477 [INFO] IntegrityCheckThread:100 - exiting critical section [integrity check]
2024-05-17 15:36:45,477 [INFO] IntegrityCheckThread:103 - End integrity checks thread
2024-05-17 15:36:45,540 [INFO] MainUpdater:2873 - connection check result : 10
2024-05-17 15:36:45,556 [INFO] MainUpdater:290 - Updater Check For Update Now.
2024-05-17 15:36:45,556 [INFO] MicroXplorer:498 - Change Database Version : DB.6.0.100
2024-05-17 15:36:45,587 [INFO] McuFinderGlobals:63 - Set McuFinder mode to 2 (CubeIDE integrated)
2024-05-17 15:36:45,979 [INFO] CheckServerUpdateThread:120 - End of CheckServer Thread
2024-05-17 15:36:47,910 [INFO] UserAuth:404 - Internet connection configuration mode: 1
2024-05-17 15:36:47,978 [INFO] JxBrowserEngine:152 - Initiate JxBrowser Engine with user profile folder
2024-05-17 15:36:52,535 [INFO] WebApp:161 - Instantiating new browser for Auth
2024-05-17 15:36:53,541 [INFO] WebApp:780 - Register for checkConnection events
2024-05-17 15:36:53,541 [INFO] WebApp:414 - Apply proxy settings
2024-05-17 15:36:53,541 [INFO] WebApp:499 - Chromium requires no authentication
2024-05-17 15:36:53,553 [INFO] WebApp:442 - Direct internet connection detected
2024-05-17 15:36:53,828 [INFO] WebApp:192 - Starting web application
2024-05-17 15:36:53,828 [INFO] WebApp:544 - Web application path used C:\ST\STM32CubeIDE_1.14.1\STM32CubeIDE\plugins\com.st.stm32cube.common.mx_6.10.0.202311202037\db\plugins\mcufinder\reactClient1\index.html
2024-05-17 15:37:16,853 [ERROR] LogOutputStream:75 - [STDERR_REDIRECT] SLF4J: Failed to load class "org.slf4j.impl.StaticLoggerBinder".
2024-05-17 15:37:16,853 [ERROR] LogOutputStream:75 - [STDERR_REDIRECT] SLF4J: Defaulting to no-operation (NOP) logger implementation
2024-05-17 15:37:16,864 [ERROR] LogOutputStream:75 - [STDERR_REDIRECT] SLF4J: See http://www.slf4j.org/codes.html#StaticLoggerBinder for further details.
2024-05-17 17:27:35,021 [ERROR] LogOutputStream:75 - [STDERR_REDIRECT] 
2024-05-17 17:27:35,037 [ERROR] LogOutputStream:75 - [STDERR_REDIRECT] 
