2024-06-20 20:44:30,511 [INFO] Activator:176 - 


2024-06-20 20:44:30,522 [INFO] Activator:177 - !SESSION log4j initialized
2024-06-20 20:44:43,817 [INFO] LogOutputStream:77 - [STDOUT_REDIRECT] 
2024-06-20 20:44:44,436 [ERROR] ConfigurationRetriever:142 - IOException on connection: sw-center.st.com
2024-06-20 20:44:44,438 [ERROR] ConfigurationRetriever:142 - IOException on connection: sw-center.st.com
2024-06-20 20:44:44,439 [ERROR] ConfigurationRetriever:142 - IOException on connection: sw-center.st.com
2024-06-20 20:44:44,461 [ERROR] ConfigurationRetriever:142 - IOException on connection: sw-center.st.com
2024-06-20 20:44:44,463 [ERROR] ConfigurationRetriever:142 - IOException on connection: sw-center.st.com
2024-06-20 20:44:44,464 [ERROR] ConfigurationRetriever:142 - IOException on connection: sw-center.st.com
2024-06-20 20:44:49,335 [INFO] ApplicationProperties:184 - Using Application install path: C:\ST\STM32CubeIDE_1.14.1\STM32CubeIDE\plugins\com.st.stm32cube.common.mx_6.10.0.202311202037
2024-06-20 20:44:49,366 [INFO] DbMcusXml:78 - Set database path to: C:\ST\STM32CubeIDE_1.14.1\STM32CubeIDE\plugins\com.st.stm32cube.common.mx_6.10.0.202311202037\\db\/mcu/
2024-06-20 20:44:49,366 [INFO] ApiDb:274 - Set plugin database path to: C:\ST\STM32CubeIDE_1.14.1\STM32CubeIDE\plugins\com.st.stm32cube.common.mx_6.10.0.202311202037\\db\/plugins/boardmanager/
2024-06-20 20:44:49,366 [WARN] ApiDb:259 - Overriding images path with different value:  => C:\ST\STM32CubeIDE_1.14.1\STM32CubeIDE\plugins\com.st.stm32cube.common.mx_6.10.0.202311202037\\db\/plugins/mcufinder/images/
2024-06-20 20:44:49,398 [INFO] ApiDb:250 - Set database path to: C:\Users\hp\.stmcufinder\plugins\mcufinder//mcu/
2024-06-20 20:44:49,398 [INFO] DbMcusAds:125 - Set database path to: C:\Users\hp\.stmcufinder\plugins\mcufinder//mcu/
2024-06-20 20:44:49,413 [INFO] CrossReferenceDbSqlite:203 - Set database path to: C:\Users\hp\.stmcufinder\plugins\mcufinder//mcu/cs/
2024-06-20 20:44:49,632 [INFO] RulesReader:64 - Compatibility file has been processed (297 Rules)
2024-06-20 20:44:49,788 [INFO] DbMcusXml:78 - Set database path to: C:\ST\STM32CubeIDE_1.14.1\STM32CubeIDE\plugins\com.st.stm32cube.common.mx_6.10.0.202311202037\\db\/mcu/
2024-06-20 20:44:49,788 [INFO] ApiDb:274 - Set plugin database path to: C:\ST\STM32CubeIDE_1.14.1\STM32CubeIDE\plugins\com.st.stm32cube.common.mx_6.10.0.202311202037\\db\/plugins/boardmanager/
2024-06-20 20:44:49,788 [INFO] ApiDb:261 - Set plugin images path to: C:\ST\STM32CubeIDE_1.14.1\STM32CubeIDE\plugins\com.st.stm32cube.common.mx_6.10.0.202311202037\\db\/plugins/mcufinder/images/
2024-06-20 20:44:49,788 [WARN] DbFile:41 - Overriding database path with different value: C:\Users\hp\.stmcufinder\plugins\mcufinder/ => C:\Users\hp\.stmcufinder\plugins\mcufinder
2024-06-20 20:44:49,788 [INFO] ApiDb:250 - Set database path to: C:\Users\hp\.stmcufinder\plugins\mcufinder//mcu/
2024-06-20 20:44:49,788 [WARN] DbFile:41 - Overriding database path with different value: C:\Users\hp\.stmcufinder\plugins\mcufinder/ => C:\Users\hp\.stmcufinder\plugins\mcufinder
2024-06-20 20:44:49,788 [INFO] DbMcusAds:125 - Set database path to: C:\Users\hp\.stmcufinder\plugins\mcufinder//mcu/
2024-06-20 20:44:49,788 [WARN] DbFile:41 - Overriding database path with different value: C:\Users\hp\.stmcufinder\plugins\mcufinder/ => C:\Users\hp\.stmcufinder\plugins\mcufinder
2024-06-20 20:44:49,788 [WARN] DbFile:41 - Overriding database path with different value: C:\Users\hp\.stmcufinder\plugins\mcufinder/ => C:\Users\hp\.stmcufinder\plugins\mcufinder
2024-06-20 20:44:49,788 [INFO] CrossReferenceDbSqlite:203 - Set database path to: C:\Users\hp\.stmcufinder\plugins\mcufinder//mcu/cs/
2024-06-20 20:44:49,960 [INFO] MainPanel:264 - HeapMemory: 268435456
2024-06-20 20:44:50,116 [INFO] DbMcusXml:78 - Set database path to: C:\ST\STM32CubeIDE_1.14.1\STM32CubeIDE\plugins\com.st.stm32cube.common.mx_6.10.0.202311202037\\db\/mcu/
2024-06-20 20:44:50,116 [INFO] ApiDb:274 - Set plugin database path to: C:\ST\STM32CubeIDE_1.14.1\STM32CubeIDE\plugins\com.st.stm32cube.common.mx_6.10.0.202311202037\\db\/plugins/boardmanager/
2024-06-20 20:44:50,116 [INFO] ApiDb:261 - Set plugin images path to: C:\ST\STM32CubeIDE_1.14.1\STM32CubeIDE\plugins\com.st.stm32cube.common.mx_6.10.0.202311202037\\db\/plugins/mcufinder/images/
2024-06-20 20:44:50,116 [WARN] DbFile:41 - Overriding database path with different value: C:\Users\hp\.stmcufinder\plugins\mcufinder/ => C:\Users\hp\.stmcufinder\plugins\mcufinder
2024-06-20 20:44:50,116 [INFO] ApiDb:250 - Set database path to: C:\Users\hp\.stmcufinder\plugins\mcufinder//mcu/
2024-06-20 20:44:50,116 [WARN] DbFile:41 - Overriding database path with different value: C:\Users\hp\.stmcufinder\plugins\mcufinder/ => C:\Users\hp\.stmcufinder\plugins\mcufinder
2024-06-20 20:44:50,116 [INFO] DbMcusAds:125 - Set database path to: C:\Users\hp\.stmcufinder\plugins\mcufinder//mcu/
2024-06-20 20:44:50,116 [WARN] DbFile:41 - Overriding database path with different value: C:\Users\hp\.stmcufinder\plugins\mcufinder/ => C:\Users\hp\.stmcufinder\plugins\mcufinder
2024-06-20 20:44:50,116 [WARN] DbFile:41 - Overriding database path with different value: C:\Users\hp\.stmcufinder\plugins\mcufinder/ => C:\Users\hp\.stmcufinder\plugins\mcufinder
2024-06-20 20:44:50,116 [INFO] CrossReferenceDbSqlite:203 - Set database path to: C:\Users\hp\.stmcufinder\plugins\mcufinder//mcu/cs/
2024-06-20 20:44:50,148 [INFO] ApplicationProperties:184 - Using Application install path: C:\ST\STM32CubeIDE_1.14.1\STM32CubeIDE\plugins\com.st.stm32cube.common.mx_6.10.0.202311202037
2024-06-20 20:44:50,148 [INFO] PluginManage:196 - Search for loadable plugins [exclusion list=, ]
2024-06-20 20:44:50,163 [INFO] PluginManage:310 - Check plugin analytics
2024-06-20 20:44:50,523 [INFO] AnalyticsPlugin:253 - Accepted Software Licenses: STM32CubeMX.6.11.1
2024-06-20 20:44:50,523 [INFO] AnalyticsPlugin:255 - Accepted CMSIS Pack Licenses: 
2024-06-20 20:44:50,523 [INFO] AnalyticsPlugin:257 - Accepted Firmware Licenses: 
2024-06-20 20:44:50,523 [INFO] PluginManage:359 - Loaded plugin analytics (category:tool,tabindex:-1)
2024-06-20 20:44:50,523 [INFO] PluginManage:310 - Check plugin cadmodel
2024-06-20 20:44:50,523 [ERROR] ConfigurationRetriever:142 - IOException on connection: sw-center.st.com
2024-06-20 20:44:50,523 [ERROR] ConfigurationRetriever:142 - IOException on connection: sw-center.st.com
2024-06-20 20:44:50,523 [ERROR] ConfigurationRetriever:142 - IOException on connection: sw-center.st.com
2024-06-20 20:44:50,554 [INFO] CADModel:105 - Init CAD model plugin
2024-06-20 20:44:50,554 [INFO] PluginManage:359 - Loaded plugin cadmodel (category:power,tabindex:5)
2024-06-20 20:44:50,554 [INFO] PluginManage:310 - Check plugin clock
2024-06-20 20:44:50,585 [INFO] PluginManage:359 - Loaded plugin clock (category:base,tabindex:2)
2024-06-20 20:44:50,585 [INFO] PluginManage:310 - Check plugin ddr
2024-06-20 20:44:50,585 [INFO] PluginManage:359 - Loaded plugin ddr (category:tool,tabindex:6)
2024-06-20 20:44:50,601 [INFO] PluginManage:310 - Check plugin filemanager
2024-06-20 20:44:50,887 [INFO] PluginManage:359 - Loaded plugin filemanager (category:base,tabindex:10)
2024-06-20 20:44:50,887 [INFO] PluginManage:310 - Check plugin ipmanager
2024-06-20 20:44:50,887 [INFO] PluginManage:359 - Loaded plugin ipmanager (category:base,tabindex:5)
2024-06-20 20:44:50,887 [INFO] PluginManage:310 - Check plugin lpbam
2024-06-20 20:44:50,918 [INFO] PluginManage:359 - Loaded plugin lpbam (category:base,tabindex:0)
2024-06-20 20:44:50,918 [INFO] PluginManage:310 - Check plugin memorymap
2024-06-20 20:44:50,965 [INFO] PluginManage:359 - Loaded plugin memorymap (category:base,tabindex:4)
2024-06-20 20:44:50,965 [INFO] PluginManage:310 - Check plugin pinoutandconfiguration
2024-06-20 20:44:50,997 [INFO] PluginManage:359 - Loaded plugin pinoutandconfiguration (category:base,tabindex:1)
2024-06-20 20:44:50,997 [INFO] PluginManage:310 - Check plugin pinoutconfig
2024-06-20 20:44:51,168 [WARN] SupportedApi:132 - Cannot load RTOS API schema: s4s-elt-must-match.1: The content of 'definitions' must match (annotation?, (simpleType | complexType)?, (unique | key | keyref)*)). A problem was found starting at: attribute.
2024-06-20 20:44:51,387 [INFO] PluginManage:359 - Loaded plugin pinoutconfig (category:base,tabindex:0)
2024-06-20 20:44:51,387 [INFO] PluginManage:310 - Check plugin power
2024-06-20 20:44:51,418 [INFO] PluginManage:359 - Loaded plugin power (category:power,tabindex:4)
2024-06-20 20:44:51,418 [INFO] PluginManage:310 - Check plugin projectmanager
2024-06-20 20:44:51,450 [INFO] PluginManage:359 - Loaded plugin projectmanager (category:projectmanager,tabindex:3)
2024-06-20 20:44:51,450 [INFO] PluginManage:310 - Check plugin thirdparty
2024-06-20 20:44:51,950 [INFO] PluginManage:359 - Loaded plugin thirdparty (category:base,tabindex:-1)
2024-06-20 20:44:51,950 [INFO] PluginManage:310 - Check plugin tools
2024-06-20 20:44:51,950 [WARN] IntegrityCheckThread:84 - waiting for thirdparty lock release [integrity check]
2024-06-20 20:44:51,950 [INFO] IntegrityCheckThread:86 - entering critical section [integrity check]
2024-06-20 20:44:51,950 [INFO] ThirdPartyUpdaterWithRetryManager:70 - Updater plugin not ready yet. [1/15]
2024-06-20 20:44:51,996 [INFO] PluginManage:359 - Loaded plugin tools (category:base,tabindex:7)
2024-06-20 20:44:51,996 [INFO] PluginManage:310 - Check plugin tutovideos
2024-06-20 20:44:52,309 [INFO] PluginManage:359 - Loaded plugin tutovideos (category:base,tabindex:-1)
2024-06-20 20:44:52,309 [INFO] PluginManage:310 - Check plugin updater
2024-06-20 20:44:52,340 [INFO] PluginManage:359 - Loaded plugin updater (category:base,tabindex:12)
2024-06-20 20:44:52,340 [INFO] PluginManage:310 - Check plugin userauth
2024-06-20 20:44:52,340 [INFO] UserAuth:114 - Init User Auth plugin
2024-06-20 20:44:52,340 [INFO] PluginManage:359 - Loaded plugin userauth (category:base,tabindex:14)
2024-06-20 20:44:52,340 [INFO] PluginManage:283 - PluginManage : Loaded plugins [17]
2024-06-20 20:44:52,702 [INFO] PinOutPanel:1499 - setPackage(No Configuration,No Configuration)
2024-06-20 20:44:52,827 [INFO] CADModel:165 - CPN selected for project level
2024-06-20 20:44:52,827 [INFO] CADModel:114 - Register for checkConnection events
2024-06-20 20:44:52,874 [INFO] IPUIPlugin:80 - create IPUIPlugin
2024-06-20 20:44:52,874 [INFO] PluginManager:220 - loadIPPluginJar : add adc
2024-06-20 20:44:52,937 [INFO] IPUIPlugin:80 - create IPUIPlugin
2024-06-20 20:44:52,937 [INFO] PluginManager:220 - loadIPPluginJar : add aes
2024-06-20 20:44:52,999 [INFO] IPUIPlugin:80 - create IPUIPlugin
2024-06-20 20:44:52,999 [INFO] PluginManager:220 - loadIPPluginJar : add can
2024-06-20 20:44:53,030 [INFO] IPUIPlugin:80 - create IPUIPlugin
2024-06-20 20:44:53,030 [INFO] PluginManager:220 - loadIPPluginJar : add comp
2024-06-20 20:44:53,077 [INFO] IPUIPlugin:80 - create IPUIPlugin
2024-06-20 20:44:53,077 [INFO] PluginManager:220 - loadIPPluginJar : add cryp
2024-06-20 20:44:53,124 [INFO] IPUIPlugin:80 - create IPUIPlugin
2024-06-20 20:44:53,124 [INFO] PluginManager:220 - loadIPPluginJar : add dfsdm
2024-06-20 20:44:53,140 [INFO] IPUIPlugin:80 - create IPUIPlugin
2024-06-20 20:44:53,140 [INFO] PluginManager:220 - loadIPPluginJar : add dma
2024-06-20 20:44:53,202 [INFO] IPUIPlugin:80 - create IPUIPlugin
2024-06-20 20:44:53,202 [INFO] PluginManager:220 - loadIPPluginJar : add dma3
2024-06-20 20:44:53,233 [INFO] IPUIPlugin:80 - create IPUIPlugin
2024-06-20 20:44:53,233 [INFO] PluginManager:220 - loadIPPluginJar : add fatfs
2024-06-20 20:44:53,312 [INFO] IPUIPlugin:80 - create IPUIPlugin
2024-06-20 20:44:53,312 [INFO] PluginManager:220 - loadIPPluginJar : add fmc
2024-06-20 20:44:53,327 [INFO] IPUIPlugin:80 - create IPUIPlugin
2024-06-20 20:44:53,327 [INFO] PluginManager:220 - loadIPPluginJar : add freertos
2024-06-20 20:44:53,374 [INFO] IPUIPlugin:80 - create IPUIPlugin
2024-06-20 20:44:53,374 [INFO] PluginManager:220 - loadIPPluginJar : add genericplugin
2024-06-20 20:44:53,515 [INFO] IPUIPlugin:80 - create IPUIPlugin
2024-06-20 20:44:53,515 [INFO] PluginManager:220 - loadIPPluginJar : add gfxmmu
2024-06-20 20:44:53,718 [INFO] IPUIPlugin:80 - create IPUIPlugin
2024-06-20 20:44:53,718 [INFO] PluginManager:220 - loadIPPluginJar : add gic
2024-06-20 20:44:53,733 [INFO] IPUIPlugin:80 - create IPUIPlugin
2024-06-20 20:44:53,733 [INFO] PluginManager:220 - loadIPPluginJar : add gpio
2024-06-20 20:44:53,874 [INFO] IPUIPlugin:80 - create IPUIPlugin
2024-06-20 20:44:53,874 [INFO] PluginManager:220 - loadIPPluginJar : add gtzc
2024-06-20 20:44:53,921 [INFO] IPUIPlugin:80 - create IPUIPlugin
2024-06-20 20:44:53,921 [INFO] PluginManager:220 - loadIPPluginJar : add hash
2024-06-20 20:44:53,999 [INFO] IPUIPlugin:80 - create IPUIPlugin
2024-06-20 20:44:53,999 [INFO] PluginManager:220 - loadIPPluginJar : add i2c
2024-06-20 20:44:54,062 [INFO] IPUIPlugin:80 - create IPUIPlugin
2024-06-20 20:44:54,062 [INFO] PluginManager:220 - loadIPPluginJar : add i2s
2024-06-20 20:44:54,155 [INFO] IPUIPlugin:80 - create IPUIPlugin
2024-06-20 20:44:54,155 [INFO] PluginManager:220 - loadIPPluginJar : add i3c
2024-06-20 20:44:54,328 [INFO] IPUIPlugin:80 - create IPUIPlugin
2024-06-20 20:44:54,328 [INFO] PluginManager:220 - loadIPPluginJar : add ipddr
2024-06-20 20:44:54,468 [INFO] IPUIPlugin:80 - create IPUIPlugin
2024-06-20 20:44:54,484 [INFO] PluginManager:220 - loadIPPluginJar : add linkedlist
2024-06-20 20:44:54,531 [INFO] IPUIPlugin:80 - create IPUIPlugin
2024-06-20 20:44:54,531 [INFO] PluginManager:220 - loadIPPluginJar : add lorawan
2024-06-20 20:44:54,593 [INFO] IPUIPlugin:80 - create IPUIPlugin
2024-06-20 20:44:54,593 [INFO] PluginManager:220 - loadIPPluginJar : add ltdc
2024-06-20 20:44:54,624 [INFO] IPUIPlugin:80 - create IPUIPlugin
2024-06-20 20:44:54,624 [INFO] PluginManager:220 - loadIPPluginJar : add mdma
2024-06-20 20:44:54,640 [INFO] IPUIPlugin:80 - create IPUIPlugin
2024-06-20 20:44:54,640 [INFO] PluginManager:220 - loadIPPluginJar : add nvic
2024-06-20 20:44:54,703 [INFO] IPUIPlugin:80 - create IPUIPlugin
2024-06-20 20:44:54,703 [INFO] PluginManager:220 - loadIPPluginJar : add opamp
2024-06-20 20:44:54,796 [INFO] IPUIPlugin:80 - create IPUIPlugin
2024-06-20 20:44:54,796 [INFO] PluginManager:220 - loadIPPluginJar : add openamp
2024-06-20 20:44:54,874 [INFO] IPUIPlugin:80 - create IPUIPlugin
2024-06-20 20:44:54,874 [INFO] PluginManager:220 - loadIPPluginJar : add pdm2pcm
2024-06-20 20:44:54,890 [INFO] IPUIPlugin:80 - create IPUIPlugin
2024-06-20 20:44:54,890 [INFO] PluginManager:220 - loadIPPluginJar : add plateformsettings
2024-06-20 20:44:54,937 [INFO] IPUIPlugin:80 - create IPUIPlugin
2024-06-20 20:44:54,937 [INFO] PluginManager:220 - loadIPPluginJar : add quadspi
2024-06-20 20:44:54,955 [INFO] ThirdPartyUpdaterWithRetryManager:70 - Updater plugin not ready yet. [2/15]
2024-06-20 20:44:54,955 [INFO] IPUIPlugin:80 - create IPUIPlugin
2024-06-20 20:44:54,955 [INFO] PluginManager:220 - loadIPPluginJar : add resmgrutility
2024-06-20 20:44:55,033 [INFO] IPUIPlugin:80 - create IPUIPlugin
2024-06-20 20:44:55,033 [INFO] PluginManager:220 - loadIPPluginJar : add sai
2024-06-20 20:44:55,095 [INFO] IPUIPlugin:80 - create IPUIPlugin
2024-06-20 20:44:55,095 [INFO] PluginManager:220 - loadIPPluginJar : add spi
2024-06-20 20:44:55,205 [INFO] IPUIPlugin:80 - create IPUIPlugin
2024-06-20 20:44:55,205 [INFO] PluginManager:220 - loadIPPluginJar : add stm32_wpan
2024-06-20 20:44:55,251 [INFO] IPUIPlugin:80 - create IPUIPlugin
2024-06-20 20:44:55,251 [INFO] PluginManager:220 - loadIPPluginJar : add tim
2024-06-20 20:44:55,345 [INFO] IPUIPlugin:80 - create IPUIPlugin
2024-06-20 20:44:55,345 [INFO] PluginManager:220 - loadIPPluginJar : add touchsensing
2024-06-20 20:44:55,376 [INFO] IPUIPlugin:80 - create IPUIPlugin
2024-06-20 20:44:55,376 [INFO] PluginManager:220 - loadIPPluginJar : add tracer_emb
2024-06-20 20:44:55,423 [INFO] IPUIPlugin:80 - create IPUIPlugin
2024-06-20 20:44:55,423 [INFO] PluginManager:220 - loadIPPluginJar : add ts
2024-06-20 20:44:55,455 [INFO] IPUIPlugin:80 - create IPUIPlugin
2024-06-20 20:44:55,455 [INFO] PluginManager:220 - loadIPPluginJar : add tsc
2024-06-20 20:44:55,501 [INFO] IPUIPlugin:80 - create IPUIPlugin
2024-06-20 20:44:55,501 [INFO] PluginManager:220 - loadIPPluginJar : add ucpd
2024-06-20 20:44:55,580 [INFO] IPUIPlugin:80 - create IPUIPlugin
2024-06-20 20:44:55,580 [INFO] PluginManager:220 - loadIPPluginJar : add usart
2024-06-20 20:44:55,658 [INFO] IPUIPlugin:80 - create IPUIPlugin
2024-06-20 20:44:55,658 [INFO] PluginManager:220 - loadIPPluginJar : add usbx
2024-06-20 20:44:55,835 [INFO] CADModel:165 - CPN selected for project level
2024-06-20 20:44:55,835 [INFO] CADModel:114 - Register for checkConnection events
2024-06-20 20:44:55,835 [FATAL] Updater:308 - Updater called before beeing initialized
2024-06-20 20:44:55,835 [ERROR] CADModel:125 - Updater not yet initialized, retry later 
2024-06-20 20:44:56,080 [INFO] CADModel:165 - CPN selected for project level
2024-06-20 20:44:56,080 [INFO] CADModel:114 - Register for checkConnection events
2024-06-20 20:44:56,080 [FATAL] Updater:308 - Updater called before beeing initialized
2024-06-20 20:44:56,080 [ERROR] CADModel:125 - Updater not yet initialized, retry later 
2024-06-20 20:44:56,080 [FATAL] Updater:308 - Updater called before beeing initialized
2024-06-20 20:44:56,314 [FATAL] Updater:308 - Updater called before beeing initialized
2024-06-20 20:44:56,329 [INFO] DbMcusAds:53 - JSON generation date=Thu May 16 12:22:00 EAT 2024 (1715851320667)
2024-06-20 20:44:56,329 [FATAL] Updater:308 - Updater called before beeing initialized
2024-06-20 20:44:56,470 [WARN] DetailPanel:346 - Failed to get advertising image, set to default
2024-06-20 20:44:56,673 [FATAL] Updater:308 - Updater called before beeing initialized
2024-06-20 20:44:56,673 [FATAL] Updater:308 - Updater called before beeing initialized
2024-06-20 20:44:56,673 [FATAL] Updater:308 - Updater called before beeing initialized
2024-06-20 20:44:56,673 [WARN] DetailPanel:346 - Failed to get advertising image, set to default
2024-06-20 20:44:56,673 [FATAL] Updater:308 - Updater called before beeing initialized
2024-06-20 20:44:56,818 [ERROR] Updater:1120 - MainUpdater not yet initialized. External WinMGr cannot be set.
2024-06-20 20:44:56,833 [INFO] Updater:1056 - Updater Version found : 6.10.0
2024-06-20 20:44:56,865 [INFO] ApplicationProperties:184 - Using Application install path: C:\ST\STM32CubeIDE_1.14.1\STM32CubeIDE\plugins\com.st.stm32cube.common.mx_6.10.0.202311202037
2024-06-20 20:44:57,958 [INFO] ThirdPartyUpdaterWithRetryManager:70 - Updater plugin not ready yet. [3/15]
2024-06-20 20:44:58,490 [ERROR] LogOutputStream:75 - [STDERR_REDIRECT] Jun 20, 2024 8:44:58 PM java.util.prefs.WindowsPreferences <init>
2024-06-20 20:44:58,490 [ERROR] LogOutputStream:75 - [STDERR_REDIRECT] WARNING: Could not open/create prefs root node Software\JavaSoft\Prefs at root 0xffffffff80000002. Windows RegCreateKeyEx(...) returned error code 5.
2024-06-20 20:44:58,490 [ERROR] LogOutputStream:75 - [STDERR_REDIRECT] 
2024-06-20 20:44:58,911 [INFO] MainUpdater:2873 - connection check result : 22
2024-06-20 20:44:58,911 [INFO] MainUpdater:290 - Updater Check For Update Now.
2024-06-20 20:44:58,911 [INFO] MicroXplorer:498 - Change Database Version : DB.6.0.100
2024-06-20 20:44:59,083 [INFO] McuFinderGlobals:63 - Set McuFinder mode to 2 (CubeIDE integrated)
2024-06-20 20:44:59,255 [INFO] UserAuth:404 - Internet connection configuration mode: 2
2024-06-20 20:44:59,380 [INFO] CheckServerUpdateThread:120 - End of CheckServer Thread
2024-06-20 20:45:01,331 [WARN] PackLoader:240 - Cannot read IP mode file for STMicroelectronics.FP-SNS-MOTENVWB1.1.4.0
2024-06-20 20:45:01,363 [WARN] PackLoader:240 - Cannot read IP mode file for STMicroelectronics.X-CUBE-SMBUS.2.1.0
2024-06-20 20:45:01,384 [WARN] PackLoader:240 - Cannot read IP mode file for STMicroelectronics.X-CUBE-TOUCHGFX.4.23.2
2024-06-20 20:45:01,489 [WARN] PackLoader:240 - Cannot read IP mode file for STMicroelectronics.X-CUBE-AZRTOS-F7.1.1.0
2024-06-20 20:45:01,537 [WARN] PackLoader:240 - Cannot read IP mode file for STMicroelectronics.FP-SNS-FLIGHT1.5.0.2
2024-06-20 20:45:01,585 [WARN] PackLoader:240 - Cannot read IP mode file for STMicroelectronics.X-CUBE-DISPLAY.3.0.0
2024-06-20 20:45:01,630 [WARN] PackLoader:240 - Cannot read IP mode file for STMicroelectronics.X-CUBE-BLE1.7.0.0
2024-06-20 20:45:01,672 [WARN] PackLoader:240 - Cannot read IP mode file for emotas.I-CUBE-CANOPEN.1.3.0
2024-06-20 20:45:01,725 [WARN] PackLoader:240 - Cannot read IP mode file for STMicroelectronics.X-CUBE-BLEMGR.3.1.0
2024-06-20 20:45:01,769 [WARN] PackLoader:240 - Cannot read IP mode file for STMicroelectronics.FP-SNS-SMARTAG2.1.2.0
2024-06-20 20:45:01,817 [INFO] LogOutputStream:77 - [STDOUT_REDIRECT] 1 : Invalid condition id : UX_CORESTACK_Condition cause : null
2024-06-20 20:45:01,819 [INFO] LogOutputStream:77 - [STDOUT_REDIRECT] 1 : Invalid condition id : UX_CORESTACK_Condition cause : null
2024-06-20 20:45:01,821 [INFO] LogOutputStream:77 - [STDOUT_REDIRECT] 1 : Invalid condition id : UX_CORESTACK_Condition cause : null
2024-06-20 20:45:01,824 [INFO] LogOutputStream:77 - [STDOUT_REDIRECT] 1 : Invalid condition id : UX_CORESTACK_Condition cause : null
2024-06-20 20:45:01,827 [INFO] LogOutputStream:77 - [STDOUT_REDIRECT] 1 : Invalid condition id : UX_CORESTACK_Condition cause : null
2024-06-20 20:45:01,839 [WARN] PackLoader:240 - Cannot read IP mode file for STMicroelectronics.X-CUBE-AZRTOS-WL.2.0.0
2024-06-20 20:45:01,879 [WARN] PackLoader:240 - Cannot read IP mode file for STMicroelectronics.FP-SNS-MOTENV1.5.0.0
2024-06-20 20:45:01,924 [WARN] PackLoader:240 - Cannot read IP mode file for WES.I-CUBE-Cesium.1.3.0
2024-06-20 20:45:01,958 [WARN] PackLoader:240 - Cannot read IP mode file for STMicroelectronics.X-CUBE-BLE2.3.3.0
2024-06-20 20:45:01,996 [WARN] PackLoader:240 - Cannot read IP mode file for STMicroelectronics.X-CUBE-TCPP.4.1.0
2024-06-20 20:45:02,072 [WARN] PackLoader:240 - Cannot read IP mode file for STMicroelectronics.X-CUBE-AZRTOS-G0.1.1.0
2024-06-20 20:45:02,113 [WARN] PackLoader:240 - Cannot read IP mode file for STMicroelectronics.X-CUBE-SAFEA1.1.2.2
2024-06-20 20:45:02,149 [WARN] PackLoader:240 - Cannot read IP mode file for STMicroelectronics.X-CUBE-NFC4.3.0.0
2024-06-20 20:45:02,174 [WARN] PackLoader:240 - Cannot read IP mode file for wolfSSL.I-CUBE-wolfMQTT.1.18.0
2024-06-20 20:45:02,196 [WARN] PackLoader:240 - Cannot read IP mode file for wolfSSL.I-CUBE-wolfSSL.5.7.0
2024-06-20 20:45:02,222 [WARN] PackLoader:240 - Cannot read IP mode file for STMicroelectronics.FP-ATR-SIGFOX1.3.2.0
2024-06-20 20:45:02,249 [WARN] PackLoader:240 - Cannot read IP mode file for STMicroelectronics.X-CUBE-EEPRMA1.5.1.0
2024-06-20 20:45:02,282 [WARN] PackLoader:240 - Cannot read IP mode file for ITTIA_DB.I-CUBE-ITTIADB.8.9.0
2024-06-20 20:45:02,399 [WARN] PackLoader:240 - Cannot read IP mode file for SEGGER.I-CUBE-embOS.1.3.1
2024-06-20 20:45:02,525 [WARN] PackLoader:240 - Cannot read IP mode file for STMicroelectronics.X-CUBE-ALGOBUILD.1.4.0
2024-06-20 20:45:02,550 [WARN] PackLoader:240 - Cannot read IP mode file for STMicroelectronics.X-CUBE-GNSS1.6.0.0
2024-06-20 20:45:02,614 [WARN] PackLoader:240 - Cannot read IP mode file for STMicroelectronics.X-CUBE-AZRTOS-F4.1.1.0
2024-06-20 20:45:02,647 [WARN] PackLoader:240 - Cannot read IP mode file for STMicroelectronics.X-CUBE-FREERTOS.1.2.0
2024-06-20 20:45:02,747 [WARN] PackLoader:240 - Cannot read IP mode file for STMicroelectronics.X-CUBE-AZRTOS-L5.2.0.0
2024-06-20 20:45:02,795 [WARN] PackLoader:240 - Cannot read IP mode file for STMicroelectronics.X-CUBE-NFC6.3.1.0
2024-06-20 20:45:02,834 [WARN] PackLoader:240 - Cannot read IP mode file for STMicroelectronics.X-CUBE-AI.9.0.0
2024-06-20 20:45:02,864 [WARN] PackLoader:240 - Cannot read IP mode file for STMicroelectronics.X-CUBE-NFC7.1.0.1
2024-06-20 20:45:02,937 [WARN] ConditionMgr:438 - getConditionDescription Invalid condition id : LAN8742 Phy interface Condition cause : null
2024-06-20 20:45:02,938 [WARN] PackLoader:240 - Cannot read IP mode file for STMicroelectronics.X-CUBE-AZRTOS-L4.2.0.0
2024-06-20 20:45:02,941 [WARN] ConditionMgr:1039 - genDependencies : Invalid condition id : LAN8742 Phy interface Condition cause : null
2024-06-20 20:45:02,941 [WARN] ConditionMgr:1039 - genDependencies : Invalid condition id : LAN8742 Phy interface Condition cause : null
2024-06-20 20:45:02,942 [WARN] ConditionMgr:1039 - genDependencies : Invalid condition id : LAN8742 Phy interface Condition cause : null
2024-06-20 20:45:02,976 [WARN] PackLoader:240 - Cannot read IP mode file for STMicroelectronics.X-CUBE-SFXS2LP1.4.0.0
2024-06-20 20:45:03,032 [WARN] ConditionMgr:438 - getConditionDescription Invalid condition id : UX DEVICE CLASS RTOS Condition cause : null
2024-06-20 20:45:03,033 [WARN] ConditionMgr:438 - getConditionDescription Invalid condition id : UX DEVICE CLASS RTOS Condition cause : null
2024-06-20 20:45:03,039 [WARN] PackLoader:240 - Cannot read IP mode file for STMicroelectronics.X-CUBE-AZRTOS-WB.2.0.0
2024-06-20 20:45:03,040 [WARN] ConditionMgr:1039 - genDependencies : Invalid condition id : UX DEVICE CLASS RTOS Condition cause : null
2024-06-20 20:45:03,040 [WARN] ConditionMgr:1039 - genDependencies : Invalid condition id : UX DEVICE CLASS RTOS Condition cause : null
2024-06-20 20:45:03,041 [WARN] ConditionMgr:1039 - genDependencies : Invalid condition id : UX DEVICE CLASS RTOS Condition cause : null
2024-06-20 20:45:03,042 [WARN] ConditionMgr:1039 - genDependencies : Invalid condition id : UX DEVICE CLASS RTOS Condition cause : null
2024-06-20 20:45:03,042 [WARN] ConditionMgr:1039 - genDependencies : Invalid condition id : UX DEVICE CLASS RTOS Condition cause : null
2024-06-20 20:45:03,080 [WARN] PackLoader:240 - Cannot read IP mode file for STMicroelectronics.X-CUBE-SUBG2.5.0.0
2024-06-20 20:45:03,147 [WARN] PackLoader:240 - Cannot read IP mode file for STMicroelectronics.X-CUBE-AZRTOS-G4.2.0.0
2024-06-20 20:45:03,186 [WARN] PackLoader:240 - Cannot read IP mode file for STMicroelectronics.X-CUBE-ISPU.2.0.0
2024-06-20 20:45:03,211 [WARN] PackLoader:240 - Cannot read IP mode file for STMicroelectronics.X-CUBE-ALS.1.0.2
2024-06-20 20:45:03,319 [WARN] PackLoader:240 - Cannot read IP mode file for STMicroelectronics.X-CUBE-MEMS1.10.0.0
2024-06-20 20:45:03,671 [WARN] PackLoader:240 - Cannot read IP mode file for portGmbH.I-Cube-SoM-uGOAL.1.1.0
2024-06-20 20:45:03,896 [WARN] PackLoader:240 - Cannot read IP mode file for STMicroelectronics.X-CUBE-ALS.1.0.1
2024-06-20 20:45:03,955 [WARN] PackLoader:240 - Cannot read IP mode file for STMicroelectronics.X-CUBE-AZRTOS-H7RS.1.0.0
2024-06-20 20:45:04,070 [WARN] PackLoader:240 - Cannot read IP mode file for STMicroelectronics.FP-ATR-ASTRA1.2.0.0
2024-06-20 20:45:04,156 [WARN] PackLoader:240 - Cannot read IP mode file for STMicroelectronics.X-CUBE-TOF1.3.4.1
2024-06-20 20:45:04,307 [WARN] PackLoader:240 - Cannot read IP mode file for STMicroelectronics.X-CUBE-AZRTOS-H7.3.2.0
2024-06-20 20:45:04,358 [WARN] PackLoader:240 - Cannot read IP mode file for Infineon.AIROC-Wi-Fi-Bluetooth-STM32.1.6.0
2024-06-20 20:45:04,367 [INFO] ThirdParty:978 - Integrity check success = true
2024-06-20 20:45:04,368 [INFO] IntegrityCheckThread:100 - exiting critical section [integrity check]
2024-06-20 20:45:04,368 [INFO] IntegrityCheckThread:103 - End integrity checks thread
2024-06-20 20:45:21,054 [ERROR] LogOutputStream:75 - [STDERR_REDIRECT] SLF4J: Failed to load class "org.slf4j.impl.StaticLoggerBinder".
2024-06-20 20:45:21,054 [ERROR] LogOutputStream:75 - [STDERR_REDIRECT] SLF4J: Defaulting to no-operation (NOP) logger implementation
2024-06-20 20:45:21,054 [ERROR] LogOutputStream:75 - [STDERR_REDIRECT] SLF4J: See http://www.slf4j.org/codes.html#StaticLoggerBinder for further details.
2024-06-20 20:49:13,283 [INFO] McuFinderGlobals:63 - Set McuFinder mode to 2 (CubeIDE integrated)
2024-06-20 20:49:19,589 [INFO] MainUpdater:2873 - connection check result : 10
2024-06-20 20:49:19,642 [INFO] McuFinderGlobals:76 - Set McuFinderConnectedMode to true
2024-06-20 20:49:22,443 [INFO] ServerAccessManage:473 - Download File mcusAds.json._tmp_
2024-06-20 20:49:22,563 [INFO] LoadUrlFilesThread:156 - End of LoadUrlFiles Thread
2024-06-20 20:49:24,394 [INFO] ServerAccessManage:473 - Download File cube-finder-db.zip
2024-06-20 20:50:37,632 [INFO] FileExtend:240 - Unzip File : cube-finder-db.zip
2024-06-20 20:50:37,632 [INFO] FileExtend:255 - Standard Zip Deflate
2024-06-20 20:50:40,399 [INFO] LoadUrlFilesThread:156 - End of LoadUrlFiles Thread
2024-06-20 20:50:41,811 [INFO] ServerAccessManage:473 - Download File crdb.zip
2024-06-20 20:50:45,555 [INFO] FileExtend:240 - Unzip File : crdb.zip
2024-06-20 20:50:45,555 [INFO] FileExtend:255 - Standard Zip Deflate
2024-06-20 20:50:45,699 [INFO] LoadUrlFilesThread:156 - End of LoadUrlFiles Thread
2024-06-20 20:50:46,633 [INFO] ServerAccessManage:473 - Download File tutoVideoDB.zip
2024-06-20 20:50:47,338 [INFO] FileExtend:240 - Unzip File : tutoVideoDB.zip
2024-06-20 20:50:47,339 [INFO] FileExtend:255 - Standard Zip Deflate
2024-06-20 20:50:47,473 [INFO] LoadUrlFilesThread:156 - End of LoadUrlFiles Thread
2024-06-20 20:50:47,479 [WARN] DbFile:41 - Overriding database path with different value: C:\Users\hp\.stmcufinder\plugins\mcufinder/ => C:\Users\hp\.stmcufinder\plugins\mcufinder
2024-06-20 20:50:47,780 [INFO] ServerAccessManage:473 - Download File api_config.json
2024-06-20 20:50:47,887 [INFO] LoadUrlFilesThread:156 - End of LoadUrlFiles Thread
2024-06-20 20:50:47,889 [INFO] DbMcusAds:53 - JSON generation date=Thu May 16 12:22:00 EAT 2024 (1715851320852)
2024-06-20 20:50:47,926 [INFO] LoadUrlFilesThread:185 - End of LoadServerUrlFiles without Thread
2024-06-20 20:50:47,926 [INFO] TargetSelectorAdapter:259 - Refresh data is successful
2024-06-20 20:50:48,159 [INFO] ApiDb:581 - Connected to CubeFinder SQLite database (C:\Users\hp\.stmcufinder\plugins\mcufinder\mcu\cube-finder-db.db)
2024-06-20 20:50:48,252 [INFO] ApiDb:668 - CubeFinder database Data Model version=2.1
2024-06-20 20:50:48,252 [INFO] ApiDb:669 - CubeFinder database Configuration version=3.0.39
2024-06-20 20:50:48,253 [INFO] ApiDb:670 - CubeFinder database generation date=2024-06-05 (1717578087)
2024-06-20 20:50:48,253 [INFO] ApiDb:671 - CubeFinder database FW Pack versions=[FP-ATR-ASTRA1_V2.0.0, FP-SNS-FLIGHT1_V5.0.1, FP-SNS-FLIGHT1_V5.0.2, FP-SNS-MOTENV1_V4.3.1, FP-SNS-MOTENV1_V4.3.2, FP-SNS-MOTENV1_V5.0.0, FP-SNS-MOTENVWB1_V1.4.0, FP-SNS-SMARTAG2_V1.2.0, STM32Cube_FW_C0_V1.1.0, STM32Cube_FW_F4_V1.28.0, STM32Cube_FW_F7_V1.17.2, STM32Cube_FW_G0_V1.6.2, STM32Cube_FW_G4_V1.5.2, STM32Cube_FW_H5_V0.5.1, STM32Cube_FW_H5_V1.1.1, STM32Cube_FW_H5_V1.2.0, STM32Cube_FW_H5_V1.2.0RC4, STM32Cube_FW_H7RS_V1.0.0, STM32Cube_FW_H7RS_V1.0.0RC4, STM32Cube_FW_H7_V1.11.2, STM32Cube_FW_L0_V1.12.2, STM32Cube_FW_L5_V1.5.1, STM32Cube_FW_U0_V1.0.0, STM32Cube_FW_U0_V1.0.0RC1, STM32Cube_FW_U5_V1.3.0RC4, STM32Cube_FW_U5_V1.5.0, STM32Cube_FW_U5_V1.5.0RC1, STM32Cube_FW_WBA_V1.0.0RC1, STM32Cube_FW_WBA_V1.2.0, STM32Cube_FW_WBA_V1.2.0RC2, STM32Cube_FW_WBA_V1.3.0RC1, STM32Cube_FW_WBA_V1.3.1, STM32Cube_FW_WB_V1.15.0RC1, STM32Cube_FW_WB_V1.16.0, STM32Cube_FW_WB_V1.16.0RC2, STM32Cube_FW_WB_V1.18.0, STM32Cube_FW_WB_V1.19.0, STM32Cube_FW_WL_V1.3.0, X-CUBE-ALGOBUILD_V1.4.0, X-CUBE-ALS_V1.0.1, X-CUBE-ALS_V1.0.2, X-CUBE-AZRTOS-F4_V1.1.0, X-CUBE-AZRTOS-F7_V1.1.0, X-CUBE-AZRTOS-G0_V1.1.0, X-CUBE-AZRTOS-G4_V2.0.0, X-CUBE-AZRTOS-H7RS_V1.0.0, X-CUBE-AZRTOS-H7_V3.2.0, X-CUBE-AZRTOS-L4_V1.0.0, X-CUBE-AZRTOS-L4_V2.0.0, X-CUBE-AZRTOS-L5_V1.1.0, X-CUBE-AZRTOS-WB_V2.0.0, X-CUBE-AZRTOS-WL_V2.0.0, X-CUBE-BLE1_V7.0.0, X-CUBE-BLE2_V3.3.0, X-CUBE-BLEMGR_V3.1.0, X-CUBE-EEPRMA1_V4.1.0, X-CUBE-EEPRMA1_V5.1.0, X-CUBE-FREERTOS_V1.2.0, X-CUBE-GNSS1_V6.0.0, X-CUBE-MEMS1_V10.0.0, X-CUBE-MEMS1_V9.1.0, X-CUBE-MEMS1_V9.4.0, X-CUBE-MEMS1_V9.6.0, X-CUBE-NFC4_V3.0.0, X-CUBE-NFC7_V1.0.1, X-CUBE-SFXS2LP1_V4.0.0, X-CUBE-SUBG2_V5.0.0, X-CUBE-TOF1_V3.4.1]
2024-06-20 20:50:51,913 [INFO] ApiDb:240 - Found 371 in-development CPN: [B-G473E-ZEST1S, B-WB1M-WPAN1, B-WL5M-SUBG1, NUCLEO-C031C6, NUCLEO-H503RB, NUCLEO-H563ZI, NUCLEO-U545RE-Q, NUCLEO-U5A5ZJ-Q, NUCLEO-WBA52CG, NUCLEO-WBA55CG, STEVAL-MKBOXPRO, STEVAL-PROTEUS1, STEVAL-STWINBX1, STM320518-EVAL, STM32C0116-DK, STM32C011D6Y3TR, STM32C011D6Y6TR, STM32C011F4P3, STM32C011F4P6, STM32C011F4U3, STM32C011F4U6TR, STM32C011F6P3, STM32C011F6P6, STM32C011F6U3, STM32C011F6U6TR, STM32C011J4M3, STM32C011J4M6, STM32C011J6M3, STM32C011J6M6, STM32C0316-DK, STM32C031C4T3, STM32C031C4T6, STM32C031C4U3, STM32C031C4U6, STM32C031C6T3, STM32C031C6T6, STM32C031C6U3, STM32C031C6U6, STM32C031F4P3, STM32C031F4P6, STM32C031F6P3, STM32C031F6P6, STM32C031G4U3, STM32C031G4U6, STM32C031G6U3, STM32C031G6U6, STM32C031K4T3, STM32C031K4T6, STM32C031K4U3, STM32C031K4U6, STM32C031K6T3, STM32C031K6T6, STM32C031K6U3, STM32C031K6U6, STM32G071K8TXN, STM32G071K8UXN, STM32G081GBU6N, STM32G081KBT6N, STM32G081KBUXN, STM32G0B1CCT6N, STM32G0B1KCT6, STM32G0B1NEY6TR, STM32G0B1RCT6N, STM32G0C1CCT6, STM32G0C1CCT6N, STM32G0C1CCU6N, STM32G0C1CET6N, STM32G0C1CEU6N, STM32G0C1KCT6, STM32G0C1NEY6TR, STM32G0C1RCI6N, STM32G0C1RCT6N, STM32G0C1REI6N, STM32G0C1RET6N, STM32G0C1VCI6, STM32G0C1VEI6, STM32G471CCT6, STM32G471CCU6, STM32G471CET3, STM32G471CET6, STM32G471CEU3, STM32G471CEU6, STM32G471MCT6, STM32G471MET3, STM32G471MET6, STM32G471MEY6TR, STM32G471QCT6, STM32G471QET3, STM32G471RCT6, STM32G471RET3, STM32G471RET6, STM32G471VCH6, STM32G471VCI6, STM32G471VCT6, STM32G471VEH3, STM32G471VEH6, STM32G471VEI3, STM32G471VEI6, STM32G471VET3, STM32G471VET6, STM32G474CCT6, STM32H503CBT6, STM32H503CBU6, STM32H503EBY6TR, STM32H503KBU6, STM32H503RBT6, STM32H562AGI6, STM32H562AII6, STM32H562IGK6, STM32H562IGT6, STM32H562IIK6, STM32H562IIT6, STM32H562RGT6, STM32H562RGV6, STM32H562RIT6, STM32H562RIV6, STM32H562VGT6, STM32H562VIT6, STM32H562ZGT6, STM32H562ZIT6, STM32H563AGI6, STM32H563AII3Q, STM32H563AII6, STM32H563IGK6, STM32H563IGT6, STM32H563IIK3Q, STM32H563IIK6, STM32H563IIT3Q, STM32H563IIT6, STM32H563MIY3QTR, STM32H563RGT6, STM32H563RGV6, STM32H563RIT6, STM32H563RIV6, STM32H563VGT6, STM32H563VIT3Q, STM32H563VIT6, STM32H563ZGT6, STM32H563ZIT3Q, STM32H563ZIT6, STM32H573AII3Q, STM32H573AII6, STM32H573I-DK, STM32H573IIK3Q, STM32H573IIK6, STM32H573IIT3Q, STM32H573IIT6, STM32H573MIY3QTR, STM32H573RIT6, STM32H573RIV6, STM32H573VIT3Q, STM32H573VIT6, STM32H573ZIT3Q, STM32H573ZIT6, STM32L4R5QGI6STR, STM32MP131AAE3, STM32MP131AAF3, STM32MP131AAG3, STM32MP131CAE3, STM32MP131CAF3, STM32MP131CAG3, STM32MP131DAE7, STM32MP131DAF7, STM32MP131DAG7, STM32MP131FAE7, STM32MP131FAF7, STM32MP131FAG7, STM32MP133AAE3, STM32MP133AAF3, STM32MP133AAG3, STM32MP133CAE3, STM32MP133CAF3, STM32MP133CAG3, STM32MP133DAE7, STM32MP133DAF7, STM32MP133DAG7, STM32MP133FAE7, STM32MP133FAF7, STM32MP133FAG7, STM32MP135AAE3, STM32MP135AAF3, STM32MP135AAG3, STM32MP135CAE3, STM32MP135CAF3, STM32MP135CAG3, STM32MP135DAE7, STM32MP135DAF7, STM32MP135DAG7, STM32MP135F-DK, STM32MP135FAE7, STM32MP135FAF7, STM32MP135FAF7T, STM32MP135FAF7U, STM32MP135FAG7, STM32U535CBT6, STM32U535CBT6Q, STM32U535CBU6, STM32U535CBU6Q, STM32U535CCT6, STM32U535CCT6Q, STM32U535CCU6, STM32U535CCU6Q, STM32U535CET6, STM32U535CET6Q, STM32U535CEU6, STM32U535CEU6Q, STM32U535JEY6QTR, STM32U535NCY6QTR, STM32U535NEY6QTR, STM32U535RBI6, STM32U535RBI6Q, STM32U535RBT6, STM32U535RBT6Q, STM32U535RCI6, STM32U535RCI6Q, STM32U535RCT6, STM32U535RCT6Q, STM32U535REI6, STM32U535REI6Q, STM32U535RET6, STM32U535RET6Q, STM32U535VCI6, STM32U535VCI6Q, STM32U535VCT6, STM32U535VCT6Q, STM32U535VEI6, STM32U535VEI6Q, STM32U535VET6, STM32U535VET6Q, STM32U545CET6, STM32U545CET6Q, STM32U545CEU6, STM32U545CEU6Q, STM32U545JEY6QTR, STM32U545NEY6QTR, STM32U545REI6, STM32U545REI6Q, STM32U545RET6, STM32U545RET6Q, STM32U545VEI6, STM32U545VEI6Q, STM32U545VET6, STM32U545VET6Q, STM32U595AIH6, STM32U595AIH6Q, STM32U595AJH6, STM32U595AJH6Q, STM32U595QII6, STM32U595QII6Q, STM32U595QJI6, STM32U595QJI6Q, STM32U595RIT6, STM32U595RIT6Q, STM32U595RJT6, STM32U595RJT6Q, STM32U595VIT6, STM32U595VIT6Q, STM32U595VJT6, STM32U595VJT6Q, STM32U595ZIT6, STM32U595ZIT6Q, STM32U595ZIY6QTR, STM32U595ZJT6, STM32U595ZJT6Q, STM32U595ZJY6QTR, STM32U599BJY6QTR, STM32U599NIH6Q, STM32U599NJH6Q, STM32U599VIT6Q, STM32U599VJT6, STM32U599VJT6Q, STM32U599ZIT6Q, STM32U599ZIY6QTR, STM32U599ZJT6Q, STM32U599ZJY6QTR, STM32U5A5AJH6, STM32U5A5AJH6Q, STM32U5A5QJI6, STM32U5A5QJI6Q, STM32U5A5RJT6, STM32U5A5RJT6Q, STM32U5A5VJT6, STM32U5A5VJT6Q, STM32U5A5ZJT6, STM32U5A5ZJT6Q, STM32U5A5ZJY6QTR, STM32U5A9BJY6QTR, STM32U5A9J-DK, STM32U5A9NJH6Q, STM32U5A9VJT6Q, STM32U5A9ZJT6Q, STM32U5A9ZJY6QTR, STM32U5F7VIT6, STM32U5F7VIT6Q, STM32U5F7VJT6, STM32U5F7VJT6Q, STM32U5F9BJY6QTR, STM32U5F9NJH6Q, STM32U5F9VIT6Q, STM32U5F9VJT6Q, STM32U5F9ZIJ6QTR, STM32U5F9ZIT6Q, STM32U5F9ZJJ6QTR, STM32U5F9ZJT6Q, STM32U5G7VJT6, STM32U5G7VJT6Q, STM32U5G9BJY6QTR, STM32U5G9J-DK1, STM32U5G9J-DK2, STM32U5G9NJH6Q, STM32U5G9VJT6Q, STM32U5G9ZJJ6QTR, STM32U5G9ZJT6Q, STM32WB1MMCH6, STM32WBA50KEU6, STM32WBA50KEU6TR, STM32WBA50KGU6, STM32WBA50KGU6TR, STM32WBA52CEU6, STM32WBA52CEU6TR, STM32WBA52CEU7, STM32WBA52CEU7TR, STM32WBA52CGU6, STM32WBA52CGU6TR, STM32WBA52CGU6U, STM32WBA52CGU7, STM32WBA52CGU7TR, STM32WBA52KEU6, STM32WBA52KEU6TR, STM32WBA52KGU6, STM32WBA52KGU6TR, STM32WBA54CEU6, STM32WBA54CEU6TR, STM32WBA54CEU7, STM32WBA54CEU7TR, STM32WBA54CGU6, STM32WBA54CGU6TR, STM32WBA54CGU7, STM32WBA54CGU7TR, STM32WBA54KEU6, STM32WBA54KEU6TR, STM32WBA54KEU7, STM32WBA54KEU7TR, STM32WBA54KGU6, STM32WBA54KGU6TR, STM32WBA54KGU7, STM32WBA54KGU7TR, STM32WBA55CEU6, STM32WBA55CEU6TR, STM32WBA55CEU7, STM32WBA55CEU7TR, STM32WBA55CGU6, STM32WBA55CGU6TR, STM32WBA55CGU6U, STM32WBA55CGU7, STM32WBA55CGU7TR, STM32WBA55G-DK1, STM32WBA55HEF6, STM32WBA55HEF7, STM32WBA55HGF6, STM32WBA55HGF7, STM32WBA55UEI6, STM32WBA55UEI6TR, STM32WBA55UEI7, STM32WBA55UEI7TR, STM32WBA55UGI6, STM32WBA55UGI6TR, STM32WBA55UGI7, STM32WBA55UGI7TR, STM32WL5MOCH6, STM32WL5MOCH6TR]
2024-06-20 20:50:51,921 [INFO] DbMcus:218 - Found 4092 MCUs, 4092 are supported
2024-06-20 20:50:51,922 [INFO] ApiDb:423 - Load user favorites file C:\Users\hp/.stm32cubeide/favorites.mcus.txt: 0 item(s)
2024-06-20 20:50:51,923 [INFO] ApiDb:427 - User favorites MCUs=[]
2024-06-20 20:50:51,923 [INFO] DbMcus:224 - Set 0 / 0 favorites MCUs
2024-06-20 20:50:52,798 [INFO] ApiDb:668 - CubeFinder database Data Model version=2.1
2024-06-20 20:50:52,798 [INFO] ApiDb:669 - CubeFinder database Configuration version=3.0.39
2024-06-20 20:50:52,798 [INFO] ApiDb:670 - CubeFinder database generation date=2024-06-05 (1717578087)
2024-06-20 20:50:52,798 [INFO] ApiDb:671 - CubeFinder database FW Pack versions=[FP-ATR-ASTRA1_V2.0.0, FP-SNS-FLIGHT1_V5.0.1, FP-SNS-FLIGHT1_V5.0.2, FP-SNS-MOTENV1_V4.3.1, FP-SNS-MOTENV1_V4.3.2, FP-SNS-MOTENV1_V5.0.0, FP-SNS-MOTENVWB1_V1.4.0, FP-SNS-SMARTAG2_V1.2.0, STM32Cube_FW_C0_V1.1.0, STM32Cube_FW_F4_V1.28.0, STM32Cube_FW_F7_V1.17.2, STM32Cube_FW_G0_V1.6.2, STM32Cube_FW_G4_V1.5.2, STM32Cube_FW_H5_V0.5.1, STM32Cube_FW_H5_V1.1.1, STM32Cube_FW_H5_V1.2.0, STM32Cube_FW_H5_V1.2.0RC4, STM32Cube_FW_H7RS_V1.0.0, STM32Cube_FW_H7RS_V1.0.0RC4, STM32Cube_FW_H7_V1.11.2, STM32Cube_FW_L0_V1.12.2, STM32Cube_FW_L5_V1.5.1, STM32Cube_FW_U0_V1.0.0, STM32Cube_FW_U0_V1.0.0RC1, STM32Cube_FW_U5_V1.3.0RC4, STM32Cube_FW_U5_V1.5.0, STM32Cube_FW_U5_V1.5.0RC1, STM32Cube_FW_WBA_V1.0.0RC1, STM32Cube_FW_WBA_V1.2.0, STM32Cube_FW_WBA_V1.2.0RC2, STM32Cube_FW_WBA_V1.3.0RC1, STM32Cube_FW_WBA_V1.3.1, STM32Cube_FW_WB_V1.15.0RC1, STM32Cube_FW_WB_V1.16.0, STM32Cube_FW_WB_V1.16.0RC2, STM32Cube_FW_WB_V1.18.0, STM32Cube_FW_WB_V1.19.0, STM32Cube_FW_WL_V1.3.0, X-CUBE-ALGOBUILD_V1.4.0, X-CUBE-ALS_V1.0.1, X-CUBE-ALS_V1.0.2, X-CUBE-AZRTOS-F4_V1.1.0, X-CUBE-AZRTOS-F7_V1.1.0, X-CUBE-AZRTOS-G0_V1.1.0, X-CUBE-AZRTOS-G4_V2.0.0, X-CUBE-AZRTOS-H7RS_V1.0.0, X-CUBE-AZRTOS-H7_V3.2.0, X-CUBE-AZRTOS-L4_V1.0.0, X-CUBE-AZRTOS-L4_V2.0.0, X-CUBE-AZRTOS-L5_V1.1.0, X-CUBE-AZRTOS-WB_V2.0.0, X-CUBE-AZRTOS-WL_V2.0.0, X-CUBE-BLE1_V7.0.0, X-CUBE-BLE2_V3.3.0, X-CUBE-BLEMGR_V3.1.0, X-CUBE-EEPRMA1_V4.1.0, X-CUBE-EEPRMA1_V5.1.0, X-CUBE-FREERTOS_V1.2.0, X-CUBE-GNSS1_V6.0.0, X-CUBE-MEMS1_V10.0.0, X-CUBE-MEMS1_V9.1.0, X-CUBE-MEMS1_V9.4.0, X-CUBE-MEMS1_V9.6.0, X-CUBE-NFC4_V3.0.0, X-CUBE-NFC7_V1.0.1, X-CUBE-SFXS2LP1_V4.0.0, X-CUBE-SUBG2_V5.0.0, X-CUBE-TOF1_V3.4.1]
2024-06-20 20:50:52,879 [INFO] DbBoardsSqlite:226 - include board P-NUCLEO-WB55-NUCLEO as a kit item of type 'Nucleo-64'
2024-06-20 20:50:52,880 [INFO] DbBoardsSqlite:226 - include board P-NUCLEO-WB55-USBDONGLE as a kit item of type 'Nucleo USB Dongle'
2024-06-20 20:50:52,881 [INFO] DbBoardsSqlite:226 - include board STEVAL-IDP005V1 as a kit item of type 'Evaluation Board'
2024-06-20 20:50:52,881 [INFO] DbBoardsSqlite:226 - include board STEVAL-IDP005V2 as a kit item of type 'Evaluation Board'
2024-06-20 20:50:52,957 [INFO] ApiDb:240 - Found 371 in-development CPN: [B-G473E-ZEST1S, B-WB1M-WPAN1, B-WL5M-SUBG1, NUCLEO-C031C6, NUCLEO-H503RB, NUCLEO-H563ZI, NUCLEO-U545RE-Q, NUCLEO-U5A5ZJ-Q, NUCLEO-WBA52CG, NUCLEO-WBA55CG, STEVAL-MKBOXPRO, STEVAL-PROTEUS1, STEVAL-STWINBX1, STM320518-EVAL, STM32C0116-DK, STM32C011D6Y3TR, STM32C011D6Y6TR, STM32C011F4P3, STM32C011F4P6, STM32C011F4U3, STM32C011F4U6TR, STM32C011F6P3, STM32C011F6P6, STM32C011F6U3, STM32C011F6U6TR, STM32C011J4M3, STM32C011J4M6, STM32C011J6M3, STM32C011J6M6, STM32C0316-DK, STM32C031C4T3, STM32C031C4T6, STM32C031C4U3, STM32C031C4U6, STM32C031C6T3, STM32C031C6T6, STM32C031C6U3, STM32C031C6U6, STM32C031F4P3, STM32C031F4P6, STM32C031F6P3, STM32C031F6P6, STM32C031G4U3, STM32C031G4U6, STM32C031G6U3, STM32C031G6U6, STM32C031K4T3, STM32C031K4T6, STM32C031K4U3, STM32C031K4U6, STM32C031K6T3, STM32C031K6T6, STM32C031K6U3, STM32C031K6U6, STM32G071K8TXN, STM32G071K8UXN, STM32G081GBU6N, STM32G081KBT6N, STM32G081KBUXN, STM32G0B1CCT6N, STM32G0B1KCT6, STM32G0B1NEY6TR, STM32G0B1RCT6N, STM32G0C1CCT6, STM32G0C1CCT6N, STM32G0C1CCU6N, STM32G0C1CET6N, STM32G0C1CEU6N, STM32G0C1KCT6, STM32G0C1NEY6TR, STM32G0C1RCI6N, STM32G0C1RCT6N, STM32G0C1REI6N, STM32G0C1RET6N, STM32G0C1VCI6, STM32G0C1VEI6, STM32G471CCT6, STM32G471CCU6, STM32G471CET3, STM32G471CET6, STM32G471CEU3, STM32G471CEU6, STM32G471MCT6, STM32G471MET3, STM32G471MET6, STM32G471MEY6TR, STM32G471QCT6, STM32G471QET3, STM32G471RCT6, STM32G471RET3, STM32G471RET6, STM32G471VCH6, STM32G471VCI6, STM32G471VCT6, STM32G471VEH3, STM32G471VEH6, STM32G471VEI3, STM32G471VEI6, STM32G471VET3, STM32G471VET6, STM32G474CCT6, STM32H503CBT6, STM32H503CBU6, STM32H503EBY6TR, STM32H503KBU6, STM32H503RBT6, STM32H562AGI6, STM32H562AII6, STM32H562IGK6, STM32H562IGT6, STM32H562IIK6, STM32H562IIT6, STM32H562RGT6, STM32H562RGV6, STM32H562RIT6, STM32H562RIV6, STM32H562VGT6, STM32H562VIT6, STM32H562ZGT6, STM32H562ZIT6, STM32H563AGI6, STM32H563AII3Q, STM32H563AII6, STM32H563IGK6, STM32H563IGT6, STM32H563IIK3Q, STM32H563IIK6, STM32H563IIT3Q, STM32H563IIT6, STM32H563MIY3QTR, STM32H563RGT6, STM32H563RGV6, STM32H563RIT6, STM32H563RIV6, STM32H563VGT6, STM32H563VIT3Q, STM32H563VIT6, STM32H563ZGT6, STM32H563ZIT3Q, STM32H563ZIT6, STM32H573AII3Q, STM32H573AII6, STM32H573I-DK, STM32H573IIK3Q, STM32H573IIK6, STM32H573IIT3Q, STM32H573IIT6, STM32H573MIY3QTR, STM32H573RIT6, STM32H573RIV6, STM32H573VIT3Q, STM32H573VIT6, STM32H573ZIT3Q, STM32H573ZIT6, STM32L4R5QGI6STR, STM32MP131AAE3, STM32MP131AAF3, STM32MP131AAG3, STM32MP131CAE3, STM32MP131CAF3, STM32MP131CAG3, STM32MP131DAE7, STM32MP131DAF7, STM32MP131DAG7, STM32MP131FAE7, STM32MP131FAF7, STM32MP131FAG7, STM32MP133AAE3, STM32MP133AAF3, STM32MP133AAG3, STM32MP133CAE3, STM32MP133CAF3, STM32MP133CAG3, STM32MP133DAE7, STM32MP133DAF7, STM32MP133DAG7, STM32MP133FAE7, STM32MP133FAF7, STM32MP133FAG7, STM32MP135AAE3, STM32MP135AAF3, STM32MP135AAG3, STM32MP135CAE3, STM32MP135CAF3, STM32MP135CAG3, STM32MP135DAE7, STM32MP135DAF7, STM32MP135DAG7, STM32MP135F-DK, STM32MP135FAE7, STM32MP135FAF7, STM32MP135FAF7T, STM32MP135FAF7U, STM32MP135FAG7, STM32U535CBT6, STM32U535CBT6Q, STM32U535CBU6, STM32U535CBU6Q, STM32U535CCT6, STM32U535CCT6Q, STM32U535CCU6, STM32U535CCU6Q, STM32U535CET6, STM32U535CET6Q, STM32U535CEU6, STM32U535CEU6Q, STM32U535JEY6QTR, STM32U535NCY6QTR, STM32U535NEY6QTR, STM32U535RBI6, STM32U535RBI6Q, STM32U535RBT6, STM32U535RBT6Q, STM32U535RCI6, STM32U535RCI6Q, STM32U535RCT6, STM32U535RCT6Q, STM32U535REI6, STM32U535REI6Q, STM32U535RET6, STM32U535RET6Q, STM32U535VCI6, STM32U535VCI6Q, STM32U535VCT6, STM32U535VCT6Q, STM32U535VEI6, STM32U535VEI6Q, STM32U535VET6, STM32U535VET6Q, STM32U545CET6, STM32U545CET6Q, STM32U545CEU6, STM32U545CEU6Q, STM32U545JEY6QTR, STM32U545NEY6QTR, STM32U545REI6, STM32U545REI6Q, STM32U545RET6, STM32U545RET6Q, STM32U545VEI6, STM32U545VEI6Q, STM32U545VET6, STM32U545VET6Q, STM32U595AIH6, STM32U595AIH6Q, STM32U595AJH6, STM32U595AJH6Q, STM32U595QII6, STM32U595QII6Q, STM32U595QJI6, STM32U595QJI6Q, STM32U595RIT6, STM32U595RIT6Q, STM32U595RJT6, STM32U595RJT6Q, STM32U595VIT6, STM32U595VIT6Q, STM32U595VJT6, STM32U595VJT6Q, STM32U595ZIT6, STM32U595ZIT6Q, STM32U595ZIY6QTR, STM32U595ZJT6, STM32U595ZJT6Q, STM32U595ZJY6QTR, STM32U599BJY6QTR, STM32U599NIH6Q, STM32U599NJH6Q, STM32U599VIT6Q, STM32U599VJT6, STM32U599VJT6Q, STM32U599ZIT6Q, STM32U599ZIY6QTR, STM32U599ZJT6Q, STM32U599ZJY6QTR, STM32U5A5AJH6, STM32U5A5AJH6Q, STM32U5A5QJI6, STM32U5A5QJI6Q, STM32U5A5RJT6, STM32U5A5RJT6Q, STM32U5A5VJT6, STM32U5A5VJT6Q, STM32U5A5ZJT6, STM32U5A5ZJT6Q, STM32U5A5ZJY6QTR, STM32U5A9BJY6QTR, STM32U5A9J-DK, STM32U5A9NJH6Q, STM32U5A9VJT6Q, STM32U5A9ZJT6Q, STM32U5A9ZJY6QTR, STM32U5F7VIT6, STM32U5F7VIT6Q, STM32U5F7VJT6, STM32U5F7VJT6Q, STM32U5F9BJY6QTR, STM32U5F9NJH6Q, STM32U5F9VIT6Q, STM32U5F9VJT6Q, STM32U5F9ZIJ6QTR, STM32U5F9ZIT6Q, STM32U5F9ZJJ6QTR, STM32U5F9ZJT6Q, STM32U5G7VJT6, STM32U5G7VJT6Q, STM32U5G9BJY6QTR, STM32U5G9J-DK1, STM32U5G9J-DK2, STM32U5G9NJH6Q, STM32U5G9VJT6Q, STM32U5G9ZJJ6QTR, STM32U5G9ZJT6Q, STM32WB1MMCH6, STM32WBA50KEU6, STM32WBA50KEU6TR, STM32WBA50KGU6, STM32WBA50KGU6TR, STM32WBA52CEU6, STM32WBA52CEU6TR, STM32WBA52CEU7, STM32WBA52CEU7TR, STM32WBA52CGU6, STM32WBA52CGU6TR, STM32WBA52CGU6U, STM32WBA52CGU7, STM32WBA52CGU7TR, STM32WBA52KEU6, STM32WBA52KEU6TR, STM32WBA52KGU6, STM32WBA52KGU6TR, STM32WBA54CEU6, STM32WBA54CEU6TR, STM32WBA54CEU7, STM32WBA54CEU7TR, STM32WBA54CGU6, STM32WBA54CGU6TR, STM32WBA54CGU7, STM32WBA54CGU7TR, STM32WBA54KEU6, STM32WBA54KEU6TR, STM32WBA54KEU7, STM32WBA54KEU7TR, STM32WBA54KGU6, STM32WBA54KGU6TR, STM32WBA54KGU7, STM32WBA54KGU7TR, STM32WBA55CEU6, STM32WBA55CEU6TR, STM32WBA55CEU7, STM32WBA55CEU7TR, STM32WBA55CGU6, STM32WBA55CGU6TR, STM32WBA55CGU6U, STM32WBA55CGU7, STM32WBA55CGU7TR, STM32WBA55G-DK1, STM32WBA55HEF6, STM32WBA55HEF7, STM32WBA55HGF6, STM32WBA55HGF7, STM32WBA55UEI6, STM32WBA55UEI6TR, STM32WBA55UEI7, STM32WBA55UEI7TR, STM32WBA55UGI6, STM32WBA55UGI6TR, STM32WBA55UGI7, STM32WBA55UGI7TR, STM32WL5MOCH6, STM32WL5MOCH6TR]
2024-06-20 20:50:53,113 [INFO] BoardInfo:889 - No configuration file found for board NUCLEO-H533RE
2024-06-20 20:50:53,114 [INFO] DbBoards:161 - Board is not supported: NUCLEO-H533RE
2024-06-20 20:50:53,134 [INFO] BoardInfo:889 - No configuration file found for board NUCLEO-H7S3L8
2024-06-20 20:50:53,134 [INFO] DbBoards:161 - Board is not supported: NUCLEO-H7S3L8
2024-06-20 20:50:53,179 [INFO] BoardInfo:889 - No configuration file found for board NUCLEO-U031R8
2024-06-20 20:50:53,180 [INFO] DbBoards:161 - Board is not supported: NUCLEO-U031R8
2024-06-20 20:50:53,183 [INFO] BoardInfo:889 - No configuration file found for board NUCLEO-U083RC
2024-06-20 20:50:53,183 [INFO] DbBoards:161 - Board is not supported: NUCLEO-U083RC
2024-06-20 20:50:53,215 [INFO] BoardInfo:889 - No configuration file found for board P-NUCLEO-WB55
2024-06-20 20:50:53,215 [INFO] DbBoards:161 - Kit is not supported: P-NUCLEO-WB55
2024-06-20 20:50:53,226 [INFO] BoardInfo:889 - No configuration file found for board STEVAL-BFA001V1B
2024-06-20 20:50:53,226 [INFO] DbBoards:161 - Kit is not supported: STEVAL-BFA001V1B
2024-06-20 20:50:53,230 [INFO] BoardInfo:889 - No configuration file found for board STEVAL-BFA001V2B
2024-06-20 20:50:53,230 [INFO] DbBoards:161 - Kit is not supported: STEVAL-BFA001V2B
2024-06-20 20:50:53,434 [INFO] BoardInfo:889 - No configuration file found for board STM32H7S78-DK
2024-06-20 20:50:53,435 [INFO] DbBoards:161 - Board is not supported: STM32H7S78-DK
2024-06-20 20:50:53,538 [INFO] BoardInfo:889 - No configuration file found for board STM32U083C-DK
2024-06-20 20:50:53,538 [INFO] DbBoards:161 - Board is not supported: STM32U083C-DK
2024-06-20 20:50:53,559 [INFO] DbBoards:168 - Found 199 boards, 190 are supported
2024-06-20 20:50:53,560 [INFO] DbBoards:169 - Found 199 boards, 3 of them is supported for  Bsp
2024-06-20 20:50:53,566 [INFO] ApiDb:414 - User favorites file not found: C:\Users\hp/.stm32cubeide/favorites.boards.txt
2024-06-20 20:50:53,567 [INFO] DbBoards:198 - Set 0 / 0 favorites Boards
2024-06-20 20:50:53,571 [INFO] ApiDb:668 - CubeFinder database Data Model version=2.1
2024-06-20 20:50:53,571 [INFO] ApiDb:669 - CubeFinder database Configuration version=3.0.39
2024-06-20 20:50:53,572 [INFO] ApiDb:670 - CubeFinder database generation date=2024-06-05 (1717578087)
2024-06-20 20:50:53,572 [INFO] ApiDb:671 - CubeFinder database FW Pack versions=[FP-ATR-ASTRA1_V2.0.0, FP-SNS-FLIGHT1_V5.0.1, FP-SNS-FLIGHT1_V5.0.2, FP-SNS-MOTENV1_V4.3.1, FP-SNS-MOTENV1_V4.3.2, FP-SNS-MOTENV1_V5.0.0, FP-SNS-MOTENVWB1_V1.4.0, FP-SNS-SMARTAG2_V1.2.0, STM32Cube_FW_C0_V1.1.0, STM32Cube_FW_F4_V1.28.0, STM32Cube_FW_F7_V1.17.2, STM32Cube_FW_G0_V1.6.2, STM32Cube_FW_G4_V1.5.2, STM32Cube_FW_H5_V0.5.1, STM32Cube_FW_H5_V1.1.1, STM32Cube_FW_H5_V1.2.0, STM32Cube_FW_H5_V1.2.0RC4, STM32Cube_FW_H7RS_V1.0.0, STM32Cube_FW_H7RS_V1.0.0RC4, STM32Cube_FW_H7_V1.11.2, STM32Cube_FW_L0_V1.12.2, STM32Cube_FW_L5_V1.5.1, STM32Cube_FW_U0_V1.0.0, STM32Cube_FW_U0_V1.0.0RC1, STM32Cube_FW_U5_V1.3.0RC4, STM32Cube_FW_U5_V1.5.0, STM32Cube_FW_U5_V1.5.0RC1, STM32Cube_FW_WBA_V1.0.0RC1, STM32Cube_FW_WBA_V1.2.0, STM32Cube_FW_WBA_V1.2.0RC2, STM32Cube_FW_WBA_V1.3.0RC1, STM32Cube_FW_WBA_V1.3.1, STM32Cube_FW_WB_V1.15.0RC1, STM32Cube_FW_WB_V1.16.0, STM32Cube_FW_WB_V1.16.0RC2, STM32Cube_FW_WB_V1.18.0, STM32Cube_FW_WB_V1.19.0, STM32Cube_FW_WL_V1.3.0, X-CUBE-ALGOBUILD_V1.4.0, X-CUBE-ALS_V1.0.1, X-CUBE-ALS_V1.0.2, X-CUBE-AZRTOS-F4_V1.1.0, X-CUBE-AZRTOS-F7_V1.1.0, X-CUBE-AZRTOS-G0_V1.1.0, X-CUBE-AZRTOS-G4_V2.0.0, X-CUBE-AZRTOS-H7RS_V1.0.0, X-CUBE-AZRTOS-H7_V3.2.0, X-CUBE-AZRTOS-L4_V1.0.0, X-CUBE-AZRTOS-L4_V2.0.0, X-CUBE-AZRTOS-L5_V1.1.0, X-CUBE-AZRTOS-WB_V2.0.0, X-CUBE-AZRTOS-WL_V2.0.0, X-CUBE-BLE1_V7.0.0, X-CUBE-BLE2_V3.3.0, X-CUBE-BLEMGR_V3.1.0, X-CUBE-EEPRMA1_V4.1.0, X-CUBE-EEPRMA1_V5.1.0, X-CUBE-FREERTOS_V1.2.0, X-CUBE-GNSS1_V6.0.0, X-CUBE-MEMS1_V10.0.0, X-CUBE-MEMS1_V9.1.0, X-CUBE-MEMS1_V9.4.0, X-CUBE-MEMS1_V9.6.0, X-CUBE-NFC4_V3.0.0, X-CUBE-NFC7_V1.0.1, X-CUBE-SFXS2LP1_V4.0.0, X-CUBE-SUBG2_V5.0.0, X-CUBE-TOF1_V3.4.1]
2024-06-20 20:50:54,956 [ERROR] DbExamplesSqlite:437 - Missing JSON key: board_cpn
2024-06-20 20:50:54,956 [ERROR] DbExamplesSqlite:437 - Missing JSON key: board_cpn
2024-06-20 20:50:54,957 [ERROR] DbExamplesSqlite:437 - Missing JSON key: board_cpn
2024-06-20 20:50:54,957 [ERROR] DbExamplesSqlite:437 - Missing JSON key: board_cpn
2024-06-20 20:50:55,123 [INFO] DbExamplesSqlite:395 - Ignored 57 examples not supported by CubeIDE
2024-06-20 20:50:55,123 [INFO] DbExamplesSqlite:396 - Found 8190 examples active
2024-06-20 20:50:55,124 [INFO] DbExamplesSqlite:397 - Found 876 examples obsolete
2024-06-20 20:50:55,124 [INFO] DbExamplesSqlite:398 - Found 0 examples under development
2024-06-20 20:50:55,124 [INFO] DbExamplesSqlite:399 - Found 10 examples not building
2024-06-20 20:50:55,126 [INFO] DbExamples:125 - Found 8143 examples
2024-06-20 20:50:55,174 [INFO] DbExamples:222 - Found 101 boards with related examples
2024-06-20 20:50:55,176 [INFO] DbExamples:235 - Found 86 MCUs with related examples
2024-06-20 20:50:55,226 [INFO] ApiDb:414 - User favorites file not found: C:\Users\hp/.stm32cubeide/favorites.examples.txt
2024-06-20 20:50:55,226 [INFO] DbExamples:250 - Set 0 / 0 favorites Examples
2024-06-20 20:50:55,975 [INFO] McuFinderGlobals:76 - Set McuFinderConnectedMode to true
2024-06-20 20:50:55,991 [INFO] MultiScanPanel:200 - Auto-refresh data requested => check proxy status ongoing
2024-06-20 20:50:55,996 [INFO] FinderPluginLoader:95 - Searching for filters in installed packs
2024-06-20 20:50:59,675 [INFO] LoadUrlFilesThread:185 - End of LoadServerUrlFiles without Thread
2024-06-20 20:50:59,701 [INFO] DetailPanel:341 - Set advertising image to C:/Users/hp/STM32Cube/Repository/\en.prom-stm32h7rs-mcu-finder.jpg
2024-06-20 20:52:37,288 [INFO] MainUpdater:2873 - connection check result : 10
2024-06-20 20:52:37,288 [INFO] MainUpdater:2873 - connection check result : 10
2024-06-20 20:52:37,339 [INFO] MicroXplorer:468 - Change Database Path : 
2024-06-20 20:52:37,339 [INFO] MicroXplorer:498 - Change Database Version : DB.6.0.100
2024-06-20 20:52:37,354 [WARN] ThirdParty:871 - waiting for thirdparty lock release [close project]
2024-06-20 20:52:37,354 [INFO] ThirdParty:873 - entering critical section [close project]
2024-06-20 20:52:37,356 [INFO] ThirdParty:883 - exiting critical section [close project]
2024-06-20 20:52:37,359 [INFO] PinOutPanel:1499 - setPackage(No Configuration,No Configuration)
2024-06-20 20:52:37,381 [INFO] UtilMem:75 - Begin LoadConfig() Used Memory: 435289184 Bytes (663748608)
2024-06-20 20:52:37,386 [INFO] MicroXplorer:468 - Change Database Path : 
2024-06-20 20:52:37,386 [INFO] MicroXplorer:498 - Change Database Version : DB.6.0.100
2024-06-20 20:52:37,387 [INFO] OpenFileManager:312 - Change cursor
2024-06-20 20:52:38,485 [INFO] Mcu:2016 - Initializing MCU STM32F103C8Tx STM32F103C8Tx STM32F103C8T6
2024-06-20 20:52:41,449 [INFO] Context:659 - Trying to add GPIOservice into a context  which must be forbidden
2024-06-20 20:52:42,394 [INFO] ImportTextPane:194 - (OptionalMessage_ERROR) Unable to find key (Mcu.ThirdPartyNb) in loaded IOC file
2024-06-20 20:52:42,395 [INFO] ImportTextPane:194 - (OptionalMessage_ERROR) Unable to find key (Mcu.PinsNb) in loaded IOC file
2024-06-20 20:52:42,395 [INFO] ImportTextPane:194 - (OptionalMessage_ERROR) Unable to find key (Mcu.IPNb) in loaded IOC file
2024-06-20 20:52:42,568 [INFO] RtosManager:555 - Registered RTOS mode: class=CMSIS, group=RTOS, mode=CMSIS_V1, owner=FREERTOS
2024-06-20 20:52:42,568 [INFO] RtosManager:555 - Registered RTOS mode: class=CMSIS, group=RTOS2, mode=CMSIS_V2, owner=FREERTOS
2024-06-20 20:52:42,568 [INFO] RtosManager:555 - Registered RTOS mode: class=RTOS, group=Core, mode=CMSIS_V1, owner=FREERTOS
2024-06-20 20:52:42,568 [INFO] RtosManager:555 - Registered RTOS mode: class=RTOS, group=Core, mode=CMSIS_V2, owner=FREERTOS
2024-06-20 20:52:42,568 [WARN] ModelIntegratedComponent:184 - Missing modes for component STMicroelectronics:FreeRTOS:0.0.1:STMicroelectronics:RTOS:FreeRTOS:Core:::10.2.0:
2024-06-20 20:52:42,599 [WARN] ModelIntegratedComponent:63 - No mode defined for component null
2024-06-20 20:52:42,599 [WARN] ModelIntegratedComponent:63 - No mode defined for component null
2024-06-20 20:52:42,599 [WARN] ModelIntegratedComponent:63 - No mode defined for component null
2024-06-20 20:52:42,599 [WARN] ModelIntegratedComponent:63 - No mode defined for component null
2024-06-20 20:52:42,599 [WARN] ModelIntegratedComponent:63 - No mode defined for component null
2024-06-20 20:52:42,599 [WARN] ModelIntegratedComponent:63 - No mode defined for component null
2024-06-20 20:52:42,599 [WARN] ModelIntegratedComponent:63 - No mode defined for component null
2024-06-20 20:52:42,615 [WARN] ModelIntegratedComponent:63 - No mode defined for component null
2024-06-20 20:52:42,615 [WARN] ModelIntegratedComponent:63 - No mode defined for component null
2024-06-20 20:52:42,615 [WARN] ModelIntegratedComponent:63 - No mode defined for component null
2024-06-20 20:52:42,615 [WARN] ModelIntegratedComponent:63 - No mode defined for component null
2024-06-20 20:52:42,615 [WARN] ModelIntegratedComponent:63 - No mode defined for component null
2024-06-20 20:52:42,615 [WARN] ModelIntegratedComponent:63 - No mode defined for component null
2024-06-20 20:52:42,615 [WARN] ModelIntegratedComponent:63 - No mode defined for component null
2024-06-20 20:52:42,615 [WARN] ModelIntegratedComponent:63 - No mode defined for component null
2024-06-20 20:52:42,615 [WARN] ModelIntegratedComponent:63 - No mode defined for component null
2024-06-20 20:52:42,615 [WARN] ModelIntegratedComponent:63 - No mode defined for component null
2024-06-20 20:52:42,615 [WARN] ModelIntegratedComponent:63 - No mode defined for component null
2024-06-20 20:52:42,615 [WARN] ModelIntegratedComponent:63 - No mode defined for component null
2024-06-20 20:52:42,615 [WARN] ModelIntegratedComponent:63 - No mode defined for component null
2024-06-20 20:52:42,615 [WARN] ModelIntegratedComponent:63 - No mode defined for component null
2024-06-20 20:52:42,615 [WARN] ModelIntegratedComponent:63 - No mode defined for component null
2024-06-20 20:52:42,615 [WARN] ModelIntegratedComponent:63 - No mode defined for component null
2024-06-20 20:52:42,615 [WARN] ModelIntegratedComponent:63 - No mode defined for component null
2024-06-20 20:52:42,615 [WARN] ModelIntegratedComponent:63 - No mode defined for component null
2024-06-20 20:52:42,615 [WARN] ModelIntegratedComponent:63 - No mode defined for component null
2024-06-20 20:52:42,615 [WARN] ModelIntegratedComponent:63 - No mode defined for component null
2024-06-20 20:52:42,615 [WARN] ModelIntegratedComponent:63 - No mode defined for component null
2024-06-20 20:52:42,615 [WARN] ModelIntegratedComponent:63 - No mode defined for component null
2024-06-20 20:52:42,615 [WARN] ModelIntegratedComponent:63 - No mode defined for component null
2024-06-20 20:52:42,615 [WARN] ModelIntegratedComponent:63 - No mode defined for component null
2024-06-20 20:52:42,615 [WARN] ModelIntegratedComponent:63 - No mode defined for component null
2024-06-20 20:52:42,615 [WARN] ModelIntegratedComponent:63 - No mode defined for component null
2024-06-20 20:52:43,037 [INFO] ThirdPartyModel:298 - Start build external matchings
2024-06-20 20:52:43,662 [INFO] ThirdPartyModel:316 - End build external matchings
2024-06-20 20:52:44,166 [INFO] UtilMem:75 - End LoadConfig() Used Memory: 524922872 Bytes (663748608)
2024-06-20 20:52:44,208 [INFO] MicroXplorer:468 - Change Database Path : 
2024-06-20 20:52:44,208 [INFO] MicroXplorer:498 - Change Database Version : DB.6.0.100
2024-06-20 20:52:44,223 [WARN] ThirdParty:833 - waiting for thirdparty lock release [change project]
2024-06-20 20:52:44,223 [INFO] ThirdParty:835 - entering critical section [change project]
2024-06-20 20:52:44,223 [INFO] ThirdParty:1030 - CMSIS Pack Vendor :STMicroelectronics USBPD 4.1
2024-06-20 20:52:44,223 [INFO] ThirdParty:1030 - CMSIS Pack Vendor :STMicroelectronics X-CUBE-GNSS1 6.0.0
2024-06-20 20:52:44,223 [INFO] ThirdParty:1030 - CMSIS Pack Vendor :STMicroelectronics USB_HOST 2.0.0
2024-06-20 20:52:44,223 [INFO] ThirdParty:1030 - CMSIS Pack Vendor :STMicroelectronics FP-SNS-MOTENVWB1 1.4.0
2024-06-20 20:52:44,223 [INFO] ThirdParty:1030 - CMSIS Pack Vendor :STMicroelectronics X-CUBE-AZRTOS-F4 1.1.0
2024-06-20 20:52:44,223 [INFO] ThirdParty:1030 - CMSIS Pack Vendor :STMicroelectronics LIBJPEG 8.0.0
2024-06-20 20:52:44,223 [INFO] ThirdParty:1030 - CMSIS Pack Vendor :STMicroelectronics X-CUBE-SMBUS 2.1.0
2024-06-20 20:52:44,223 [INFO] ThirdParty:1030 - CMSIS Pack Vendor :STMicroelectronics USB_DEVICE 3.0.0
2024-06-20 20:52:44,223 [INFO] ThirdParty:1030 - CMSIS Pack Vendor :STMicroelectronics X-CUBE-TCPP 4.1.0
2024-06-20 20:52:44,223 [INFO] ThirdParty:1030 - CMSIS Pack Vendor :STMicroelectronics X-CUBE-FREERTOS 1.2.0
2024-06-20 20:52:44,223 [INFO] ThirdParty:1030 - CMSIS Pack Vendor :STMicroelectronics X-CUBE-AZRTOS-WB 2.0.0
2024-06-20 20:52:44,223 [INFO] ThirdParty:1030 - CMSIS Pack Vendor :STMicroelectronics X-CUBE-TOUCHGFX 4.23.2
2024-06-20 20:52:44,223 [INFO] ThirdParty:1030 - CMSIS Pack Vendor :STMicroelectronics X-CUBE-AZRTOS-F7 1.1.0
2024-06-20 20:52:44,223 [INFO] ThirdParty:1030 - CMSIS Pack Vendor :STMicroelectronics X-CUBE-AZRTOS-L5 2.0.0
2024-06-20 20:52:44,223 [INFO] ThirdParty:1030 - CMSIS Pack Vendor :STMicroelectronics USB_DEVICE 2.0.0
2024-06-20 20:52:44,223 [INFO] ThirdParty:1030 - CMSIS Pack Vendor :STMicroelectronics X-CUBE-NFC6 3.1.0
2024-06-20 20:52:44,223 [INFO] ThirdParty:1030 - CMSIS Pack Vendor :STMicroelectronics FreeRTOS 0.0.1
2024-06-20 20:52:44,223 [INFO] ThirdParty:1030 - CMSIS Pack Vendor :STMicroelectronics X-CUBE-AZRTOS-G0 1.1.0
2024-06-20 20:52:44,223 [INFO] ThirdParty:1030 - CMSIS Pack Vendor :STMicroelectronics X-CUBE-SAFEA1 1.2.2
2024-06-20 20:52:44,223 [INFO] ThirdParty:1030 - CMSIS Pack Vendor :STMicroelectronics X-CUBE-NFC4 3.0.0
2024-06-20 20:52:44,223 [INFO] ThirdParty:1030 - CMSIS Pack Vendor :STMicroelectronics X-CUBE-SUBG2 5.0.0
2024-06-20 20:52:44,223 [INFO] ThirdParty:1030 - CMSIS Pack Vendor :STMicroelectronics STM32_WPAN 1.0.0
2024-06-20 20:52:44,223 [INFO] ThirdParty:1030 - CMSIS Pack Vendor :wolfSSL I-CUBE-wolfMQTT 1.18.0
2024-06-20 20:52:44,223 [INFO] ThirdParty:1030 - CMSIS Pack Vendor :STMicroelectronics lwIP 2.0.3
2024-06-20 20:52:44,223 [INFO] ThirdParty:1030 - CMSIS Pack Vendor :STMicroelectronics FP-SNS-FLIGHT1 5.0.2
2024-06-20 20:52:44,223 [INFO] ThirdParty:1030 - CMSIS Pack Vendor :STMicroelectronics USB_HOST 1.0.0
2024-06-20 20:52:44,223 [INFO] ThirdParty:1030 - CMSIS Pack Vendor :STMicroelectronics X-CUBE-AI 9.0.0
2024-06-20 20:52:44,223 [INFO] ThirdParty:1030 - CMSIS Pack Vendor :STMicroelectronics X-CUBE-AZRTOS-G4 2.0.0
2024-06-20 20:52:44,223 [INFO] ThirdParty:1030 - CMSIS Pack Vendor :STMicroelectronics PDM2PCM 3.1.0
2024-06-20 20:52:44,223 [INFO] ThirdParty:1030 - CMSIS Pack Vendor :STMicroelectronics PDM2PCM 3.3.0
2024-06-20 20:52:44,223 [INFO] ThirdParty:1030 - CMSIS Pack Vendor :STMicroelectronics X-CUBE-DISPLAY 3.0.0
2024-06-20 20:52:44,223 [INFO] ThirdParty:1030 - CMSIS Pack Vendor :wolfSSL I-CUBE-wolfSSL 5.7.0
2024-06-20 20:52:44,223 [INFO] ThirdParty:1030 - CMSIS Pack Vendor :STMicroelectronics X-CUBE-BLE1 7.0.0
2024-06-20 20:52:44,223 [INFO] ThirdParty:1030 - CMSIS Pack Vendor :STMicroelectronics FP-ATR-SIGFOX1 3.2.0
2024-06-20 20:52:44,223 [INFO] ThirdParty:1030 - CMSIS Pack Vendor :STMicroelectronics X-CUBE-ISPU 2.0.0
2024-06-20 20:52:44,223 [INFO] ThirdParty:1030 - CMSIS Pack Vendor :STMicroelectronics X-CUBE-EEPRMA1 5.1.0
2024-06-20 20:52:44,223 [INFO] ThirdParty:1030 - CMSIS Pack Vendor :STMicroelectronics HAL Drivers 0.0.0
2024-06-20 20:52:44,223 [INFO] ThirdParty:1030 - CMSIS Pack Vendor :STMicroelectronics MBEDTLS 2.16.2
2024-06-20 20:52:44,223 [INFO] ThirdParty:1030 - CMSIS Pack Vendor :STMicroelectronics X-CUBE-ALS 1.0.2
2024-06-20 20:52:44,223 [INFO] ThirdParty:1030 - CMSIS Pack Vendor :emotas I-CUBE-CANOPEN 1.3.0
2024-06-20 20:52:44,223 [INFO] ThirdParty:1030 - CMSIS Pack Vendor :STMicroelectronics X-CUBE-MEMS1 10.0.0
2024-06-20 20:52:44,223 [INFO] ThirdParty:1030 - CMSIS Pack Vendor :STMicroelectronics X-CUBE-NFC7 1.0.1
2024-06-20 20:52:44,223 [INFO] ThirdParty:1030 - CMSIS Pack Vendor :STMicroelectronics MBEDTLS 2.14.1
2024-06-20 20:52:44,223 [INFO] ThirdParty:1030 - CMSIS Pack Vendor :ITTIA_DB I-CUBE-ITTIADB 8.9.0
2024-06-20 20:52:44,223 [INFO] ThirdParty:1030 - CMSIS Pack Vendor :portGmbH I-Cube-SoM-uGOAL 1.1.0
2024-06-20 20:52:44,223 [INFO] ThirdParty:1030 - CMSIS Pack Vendor :STMicroelectronics X-CUBE-ALS 1.0.1
2024-06-20 20:52:44,223 [INFO] ThirdParty:1030 - CMSIS Pack Vendor :STMicroelectronics X-CUBE-BLEMGR 3.1.0
2024-06-20 20:52:44,223 [INFO] ThirdParty:1030 - CMSIS Pack Vendor :STMicroelectronics ThreadX 1.0.0
2024-06-20 20:52:44,223 [INFO] ThirdParty:1030 - CMSIS Pack Vendor :STMicroelectronics FP-SNS-SMARTAG2 1.2.0
2024-06-20 20:52:44,223 [INFO] ThirdParty:1030 - CMSIS Pack Vendor :STMicroelectronics X-CUBE-AZRTOS-WL 2.0.0
2024-06-20 20:52:44,223 [INFO] ThirdParty:1030 - CMSIS Pack Vendor :SEGGER I-CUBE-embOS 1.3.1
2024-06-20 20:52:44,223 [INFO] ThirdParty:1030 - CMSIS Pack Vendor :STMicroelectronics X-CUBE-ALGOBUILD 1.4.0
2024-06-20 20:52:44,223 [INFO] ThirdParty:1030 - CMSIS Pack Vendor :STMicroelectronics FP-SNS-MOTENV1 5.0.0
2024-06-20 20:52:44,223 [INFO] ThirdParty:1030 - CMSIS Pack Vendor :STMicroelectronics USB_DEVICE 1.0.0
2024-06-20 20:52:44,223 [INFO] ThirdParty:1030 - CMSIS Pack Vendor :STMicroelectronics X-CUBE-AZRTOS-H7RS 1.0.0
2024-06-20 20:52:44,223 [INFO] ThirdParty:1030 - CMSIS Pack Vendor :STMicroelectronics X-CUBE-AZRTOS-L4 2.0.0
2024-06-20 20:52:44,223 [INFO] ThirdParty:1030 - CMSIS Pack Vendor :STMicroelectronics ThreadX 0.0.2
2024-06-20 20:52:44,223 [INFO] ThirdParty:1030 - CMSIS Pack Vendor :WES I-CUBE-Cesium 1.3.0
2024-06-20 20:52:44,223 [INFO] ThirdParty:1030 - CMSIS Pack Vendor :STMicroelectronics FP-ATR-ASTRA1 2.0.0
2024-06-20 20:52:44,223 [INFO] ThirdParty:1030 - CMSIS Pack Vendor :STMicroelectronics lwIP 2.1.2
2024-06-20 20:52:44,223 [INFO] ThirdParty:1030 - CMSIS Pack Vendor :STMicroelectronics X-CUBE-SFXS2LP1 4.0.0
2024-06-20 20:52:44,223 [INFO] ThirdParty:1030 - CMSIS Pack Vendor :STMicroelectronics X-CUBE-BLE2 3.3.0
2024-06-20 20:52:44,223 [INFO] ThirdParty:1030 - CMSIS Pack Vendor :STMicroelectronics X-CUBE-TOF1 3.4.1
2024-06-20 20:52:44,223 [INFO] ThirdParty:1030 - CMSIS Pack Vendor :STMicroelectronics X-CUBE-AZRTOS-H7 3.2.0
2024-06-20 20:52:44,223 [INFO] ThirdParty:1030 - CMSIS Pack Vendor :Infineon AIROC-Wi-Fi-Bluetooth-STM32 1.6.0
2024-06-20 20:52:44,223 [INFO] ThirdParty:1030 - CMSIS Pack Vendor :STMicroelectronics PDM2PCM 3.2.0
2024-06-20 20:52:44,223 [INFO] ThirdParty:841 - exiting critical section [change project]
2024-06-20 20:52:45,423 [INFO] PinOutPanel:1499 - setPackage(No Configuration,No Configuration)
2024-06-20 20:52:45,438 [INFO] PinOutPanel:1499 - setPackage(STM32F103C8Tx,LQFP48)
2024-06-20 20:52:47,048 [INFO] UtilMem:75 - Before build in PCC Used Memory: 315792800 Bytes (663748608)
2024-06-20 20:52:49,711 [INFO] UtilMem:75 - After build in PCC Used Memory: 398763320 Bytes (663748608)
2024-06-20 20:52:49,776 [INFO] IPUIPlugin:80 - create IPUIPlugin
2024-06-20 20:52:49,776 [INFO] IPUIPlugin:80 - create IPUIPlugin
2024-06-20 20:52:49,777 [INFO] IPUIPlugin:80 - create IPUIPlugin
2024-06-20 20:52:49,777 [INFO] IPUIPlugin:80 - create IPUIPlugin
2024-06-20 20:52:49,777 [INFO] IPUIPlugin:80 - create IPUIPlugin
2024-06-20 20:52:49,778 [INFO] IPUIPlugin:80 - create IPUIPlugin
2024-06-20 20:52:49,778 [INFO] IPUIPlugin:80 - create IPUIPlugin
2024-06-20 20:52:49,778 [INFO] IPUIPlugin:80 - create IPUIPlugin
2024-06-20 20:52:49,778 [INFO] IPUIPlugin:80 - create IPUIPlugin
2024-06-20 20:52:49,778 [INFO] IPUIPlugin:80 - create IPUIPlugin
2024-06-20 20:52:49,779 [INFO] IPUIPlugin:80 - create IPUIPlugin
2024-06-20 20:52:49,779 [INFO] IPUIPlugin:80 - create IPUIPlugin
2024-06-20 20:52:49,779 [INFO] IPUIPlugin:80 - create IPUIPlugin
2024-06-20 20:52:49,780 [INFO] IPUIPlugin:80 - create IPUIPlugin
2024-06-20 20:52:49,780 [INFO] IPUIPlugin:80 - create IPUIPlugin
2024-06-20 20:52:49,781 [INFO] IPUIPlugin:80 - create IPUIPlugin
2024-06-20 20:52:49,781 [INFO] IPUIPlugin:80 - create IPUIPlugin
2024-06-20 20:52:49,782 [INFO] IPUIPlugin:80 - create IPUIPlugin
2024-06-20 20:52:49,782 [INFO] IPUIPlugin:80 - create IPUIPlugin
2024-06-20 20:52:49,783 [INFO] IPUIPlugin:80 - create IPUIPlugin
2024-06-20 20:52:49,783 [INFO] IPUIPlugin:80 - create IPUIPlugin
2024-06-20 20:52:49,784 [INFO] IPUIPlugin:80 - create IPUIPlugin
2024-06-20 20:52:49,785 [INFO] IPUIPlugin:80 - create IPUIPlugin
2024-06-20 20:52:49,786 [INFO] IPUIPlugin:80 - create IPUIPlugin
2024-06-20 20:52:49,786 [INFO] IPUIPlugin:80 - create IPUIPlugin
2024-06-20 20:52:49,787 [INFO] IPUIPlugin:80 - create IPUIPlugin
2024-06-20 20:52:49,792 [INFO] IPUIPlugin:80 - create IPUIPlugin
2024-06-20 20:52:50,414 [INFO] CADModel:165 - CPN selected for project levelSTM32F103C8T6
2024-06-20 20:52:50,414 [INFO] CADModel:114 - Register for checkConnection events
2024-06-20 20:52:50,467 [INFO] OpenFileManager:343 - Restore cursor
2024-06-20 20:52:53,990 [INFO] UtilMem:75 - End SaveConfig() Used Memory: 475966464 Bytes (663748608)
2024-06-20 20:52:54,136 [INFO] UtilMem:75 - End SaveConfig() Used Memory: 488023040 Bytes (663748608)
2024-06-20 20:52:55,211 [INFO] BlockDiagram:2759 - set Specific Code input for plugin: NVIC
2024-06-20 20:52:55,214 [INFO] BlockDiagram:2759 - set Specific Code input for plugin: RCC
2024-06-20 20:52:55,216 [INFO] CodeGenerator:807 - code generatio: config db path: C:\ST\STM32CubeIDE_1.14.1\STM32CubeIDE\plugins\com.st.stm32cube.common.mx_6.10.0.202311202037\\db\
2024-06-20 20:52:56,483 [INFO] CodeEngine:255 - oldGeneratedFile, C:\Users\hp\Desktop\Desktop\Hardware\STM\Ultrasonic-sensor\MXTmpFiles\license.tmp_save
2024-06-20 20:52:57,471 [INFO] CodeEngine:279 - Generated code: C:\Users\hp\Desktop\Desktop\Hardware\STM\Ultrasonic-sensor\MXTmpFiles\license.tmp
2024-06-20 20:52:57,571 [INFO] CodeEngine:255 - oldGeneratedFile, C:\Users\hp\Desktop\Desktop\Hardware\STM\Ultrasonic-sensor\Core\Src\stm32f1xx_it.c_save
2024-06-20 20:52:58,136 [INFO] CodeEngine:279 - Generated code: C:\Users\hp\Desktop\Desktop\Hardware\STM\Ultrasonic-sensor\Core\Src\stm32f1xx_it.c
2024-06-20 20:52:58,179 [INFO] CodeEngine:255 - oldGeneratedFile, C:\Users\hp\Desktop\Desktop\Hardware\STM\Ultrasonic-sensor\Core\Inc\stm32f1xx_it.h_save
2024-06-20 20:52:58,601 [INFO] CodeEngine:279 - Generated code: C:\Users\hp\Desktop\Desktop\Hardware\STM\Ultrasonic-sensor\Core\Inc\stm32f1xx_it.h
2024-06-20 20:52:58,976 [INFO] CodeEngine:255 - oldGeneratedFile, C:\Users\hp\Desktop\Desktop\Hardware\STM\Ultrasonic-sensor\Core\Src\stm32f1xx_hal_msp.c_save
2024-06-20 20:52:59,382 [INFO] CodeEngine:279 - Generated code: C:\Users\hp\Desktop\Desktop\Hardware\STM\Ultrasonic-sensor\Core\Src\stm32f1xx_hal_msp.c
2024-06-20 20:52:59,398 [INFO] CodeEngine:255 - oldGeneratedFile, C:\Users\hp\Desktop\Desktop\Hardware\STM\Ultrasonic-sensor\MXTmpFiles\system.tmp_save
2024-06-20 20:52:59,685 [INFO] CodeEngine:279 - Generated code: C:\Users\hp\Desktop\Desktop\Hardware\STM\Ultrasonic-sensor\MXTmpFiles\system.tmp
2024-06-20 20:52:59,827 [INFO] CodeEngine:311 - oldGeneratedFile, C:\Users\hp\Desktop\Desktop\Hardware\STM\Ultrasonic-sensor\Core\Inc\stm32f1xx_hal_conf.h_save
2024-06-20 20:53:00,175 [INFO] CodeEngine:335 - Generated code: C:\Users\hp\Desktop\Desktop\Hardware\STM\Ultrasonic-sensor\Core\Inc\stm32f1xx_hal_conf.h
2024-06-20 20:53:00,404 [INFO] CodeEngine:255 - oldGeneratedFile, C:\Users\hp\Desktop\Desktop\Hardware\STM\Ultrasonic-sensor\Core\Inc\main.h_save
2024-06-20 20:53:00,768 [INFO] CodeEngine:279 - Generated code: C:\Users\hp\Desktop\Desktop\Hardware\STM\Ultrasonic-sensor\Core\Inc\main.h
2024-06-20 20:53:00,814 [INFO] CodeEngine:255 - oldGeneratedFile, C:\Users\hp\Desktop\Desktop\Hardware\STM\Ultrasonic-sensor\Core\Src\main.c_save
2024-06-20 20:53:01,350 [INFO] CodeEngine:279 - Generated code: C:\Users\hp\Desktop\Desktop\Hardware\STM\Ultrasonic-sensor\Core\Src\main.c
2024-06-20 20:53:03,280 [INFO] ProjectBuilder:3076 - Time for Copy HAL[1] : 389mS.
2024-06-20 20:53:03,293 [INFO] ProjectBuilder:4485 - Project Generator version: 4.2.0-B44
2024-06-20 20:53:04,199 [INFO] ConfigFileManager:1495 - The Die is : DIE410
2024-06-20 20:53:04,252 [INFO] ApiDbMcu:508 - Load IP Config File for FATFS
2024-06-20 20:53:04,415 [INFO] ApiDbMcu:508 - Load IP Config File for FREERTOS
2024-06-20 20:53:04,467 [INFO] ApiDbMcu:508 - Load IP Config File for USB_DEVICE
2024-06-20 20:53:07,349 [INFO] LogOutputStream:77 - [STDOUT_REDIRECT] 
2024-06-20 20:53:14,764 [INFO] ProjectBuilder:4747 - Time for Generating toolchain IDE Files: 11470mS.
2024-06-20 20:53:14,765 [INFO] ProjectBuilder:2947 - Time for Copy CMSIS : 1mS.
2024-06-20 20:53:14,769 [INFO] ProjectBuilder:2947 - Time for Copy CMSIS : 0mS.
2024-06-20 20:53:17,573 [INFO] McuFinderGlobals:76 - Set McuFinderConnectedMode to true
2024-06-20 20:53:17,581 [INFO] ApiDb:448 - Save user favorites file C:\Users\hp/.stm32cubeide/favorites.mcus.txt: 0 item(s)
2024-06-20 20:53:17,582 [INFO] ApiDb:452 - User favorites MCUs=[]
2024-06-20 20:53:20,375 [ERROR] ConfigurationRetriever:142 - IOException on connection: Connect timed out
2024-06-20 21:00:14,167 [INFO] NvicIntPanel:101 - NVIC parent = com.st.microxplorer.plugins.ip.nvic.MultiNvicIntPanel[,0,0,0x0,invalid,layout=javax.swing.BoxLayout,alignmentX=0.0,alignmentY=0.0,border=,flags=9,maximumSize=,minimumSize=,preferredSize=]
2024-06-20 21:00:21,590 [INFO] NvicIntPanel:101 - NVIC parent = com.st.microxplorer.plugins.ip.nvic.MultiNvicIntPanel[,0,0,0x0,invalid,layout=javax.swing.BoxLayout,alignmentX=0.0,alignmentY=0.0,border=,flags=9,maximumSize=,minimumSize=,preferredSize=]
2024-06-20 21:01:29,017 [INFO] NvicIntPanel:101 - NVIC parent = com.st.microxplorer.plugins.ip.nvic.MultiNvicIntPanel[,0,0,0x0,invalid,layout=javax.swing.BoxLayout,alignmentX=0.0,alignmentY=0.0,border=,flags=9,maximumSize=,minimumSize=,preferredSize=]
2024-06-20 21:01:53,865 [INFO] NvicIntPanel:101 - NVIC parent = com.st.microxplorer.plugins.ip.nvic.MultiNvicIntPanel[,0,0,0x0,invalid,layout=javax.swing.BoxLayout,alignmentX=0.0,alignmentY=0.0,border=,flags=9,maximumSize=,minimumSize=,preferredSize=]
2024-06-20 21:02:01,289 [INFO] NvicIntPanel:101 - NVIC parent = com.st.microxplorer.plugins.ip.nvic.MultiNvicIntPanel[,0,0,0x0,invalid,layout=javax.swing.BoxLayout,alignmentX=0.0,alignmentY=0.0,border=,flags=9,maximumSize=,minimumSize=,preferredSize=]
2024-06-20 21:02:23,007 [INFO] NvicIntPanel:101 - NVIC parent = com.st.microxplorer.plugins.ip.nvic.MultiNvicIntPanel[,0,0,0x0,invalid,layout=javax.swing.BoxLayout,alignmentX=0.0,alignmentY=0.0,border=,flags=9,maximumSize=,minimumSize=,preferredSize=]
2024-06-20 21:06:49,351 [INFO] NvicIntPanel:101 - NVIC parent = com.st.microxplorer.plugins.ip.nvic.MultiNvicIntPanel[,0,0,0x0,invalid,layout=javax.swing.BoxLayout,alignmentX=0.0,alignmentY=0.0,border=,flags=9,maximumSize=,minimumSize=,preferredSize=]
2024-06-20 21:09:49,192 [INFO] UtilMem:75 - End SaveConfig() Used Memory: 380314016 Bytes (783286272)
2024-06-20 21:09:51,533 [INFO] UtilMem:75 - End SaveConfig() Used Memory: 396865768 Bytes (783286272)
2024-06-20 21:09:54,774 [INFO] UtilMem:75 - End SaveConfig() Used Memory: 463974632 Bytes (783286272)
2024-06-20 21:09:55,409 [INFO] BlockDiagram:2759 - set Specific Code input for plugin: NVIC
2024-06-20 21:09:55,410 [INFO] BlockDiagram:2759 - set Specific Code input for plugin: TIM1_8F1
2024-06-20 21:09:55,410 [INFO] BlockDiagram:2759 - set Specific Code input for plugin: SYS
2024-06-20 21:09:55,410 [INFO] BlockDiagram:2759 - set Specific Code input for plugin: GPIO
2024-06-20 21:09:55,410 [INFO] BlockDiagram:2759 - set Specific Code input for plugin: RCC
2024-06-20 21:09:55,415 [INFO] CodeGenerator:807 - code generatio: config db path: C:\ST\STM32CubeIDE_1.14.1\STM32CubeIDE\plugins\com.st.stm32cube.common.mx_6.10.0.202311202037\\db\
2024-06-20 21:09:55,647 [INFO] CodeEngine:255 - oldGeneratedFile, C:\Users\hp\Desktop\Desktop\Hardware\STM\Ultrasonic-sensor\MXTmpFiles\license.tmp_save
2024-06-20 21:09:56,179 [INFO] CodeEngine:279 - Generated code: C:\Users\hp\Desktop\Desktop\Hardware\STM\Ultrasonic-sensor\MXTmpFiles\license.tmp
2024-06-20 21:09:56,351 [INFO] CodeEngine:255 - oldGeneratedFile, C:\Users\hp\Desktop\Desktop\Hardware\STM\Ultrasonic-sensor\MXTmpFiles\gpio.tmp_save
2024-06-20 21:09:56,639 [INFO] CodeEngine:279 - Generated code: C:\Users\hp\Desktop\Desktop\Hardware\STM\Ultrasonic-sensor\MXTmpFiles\gpio.tmp
2024-06-20 21:09:56,877 [INFO] CodeEngine:255 - oldGeneratedFile, C:\Users\hp\Desktop\Desktop\Hardware\STM\Ultrasonic-sensor\Core\Src\stm32f1xx_it.c_save
2024-06-20 21:09:57,881 [INFO] CodeEngine:279 - Generated code: C:\Users\hp\Desktop\Desktop\Hardware\STM\Ultrasonic-sensor\Core\Src\stm32f1xx_it.c
2024-06-20 21:09:57,897 [INFO] CodeEngine:255 - oldGeneratedFile, C:\Users\hp\Desktop\Desktop\Hardware\STM\Ultrasonic-sensor\Core\Inc\stm32f1xx_it.h_save
2024-06-20 21:09:58,069 [INFO] CodeEngine:279 - Generated code: C:\Users\hp\Desktop\Desktop\Hardware\STM\Ultrasonic-sensor\Core\Inc\stm32f1xx_it.h
2024-06-20 21:09:58,115 [INFO] CodeEngine:255 - oldGeneratedFile, C:\Users\hp\Desktop\Desktop\Hardware\STM\Ultrasonic-sensor\Core\Src\stm32f1xx_hal_msp.c_save
2024-06-20 21:09:58,412 [INFO] CodeEngine:279 - Generated code: C:\Users\hp\Desktop\Desktop\Hardware\STM\Ultrasonic-sensor\Core\Src\stm32f1xx_hal_msp.c
2024-06-20 21:09:58,412 [INFO] CodeEngine:255 - oldGeneratedFile, C:\Users\hp\Desktop\Desktop\Hardware\STM\Ultrasonic-sensor\MXTmpFiles\system.tmp_save
2024-06-20 21:09:58,560 [INFO] CodeEngine:279 - Generated code: C:\Users\hp\Desktop\Desktop\Hardware\STM\Ultrasonic-sensor\MXTmpFiles\system.tmp
2024-06-20 21:09:58,615 [INFO] CodeEngine:311 - oldGeneratedFile, C:\Users\hp\Desktop\Desktop\Hardware\STM\Ultrasonic-sensor\Core\Inc\stm32f1xx_hal_conf.h_save
2024-06-20 21:09:58,816 [INFO] CodeEngine:335 - Generated code: C:\Users\hp\Desktop\Desktop\Hardware\STM\Ultrasonic-sensor\Core\Inc\stm32f1xx_hal_conf.h
2024-06-20 21:09:58,884 [WARN] IPConfigManager:3440 - IP not found : TIM
2024-06-20 21:09:58,886 [WARN] CodeGenerator:3939 - IP not found : null
2024-06-20 21:09:59,062 [INFO] CodeEngine:255 - oldGeneratedFile, C:\Users\hp\Desktop\Desktop\Hardware\STM\Ultrasonic-sensor\Core\Inc\main.h_save
2024-06-20 21:09:59,243 [INFO] CodeEngine:279 - Generated code: C:\Users\hp\Desktop\Desktop\Hardware\STM\Ultrasonic-sensor\Core\Inc\main.h
2024-06-20 21:09:59,270 [INFO] CodeEngine:255 - oldGeneratedFile, C:\Users\hp\Desktop\Desktop\Hardware\STM\Ultrasonic-sensor\Core\Src\main.c_save
2024-06-20 21:09:59,684 [INFO] CodeEngine:279 - Generated code: C:\Users\hp\Desktop\Desktop\Hardware\STM\Ultrasonic-sensor\Core\Src\main.c
2024-06-20 21:10:01,011 [INFO] ProjectBuilder:3076 - Time for Copy HAL[1] : 296mS.
2024-06-20 21:10:01,019 [INFO] ProjectBuilder:4485 - Project Generator version: 4.2.0-B44
2024-06-20 21:10:01,424 [INFO] ConfigFileManager:1495 - The Die is : DIE410
2024-06-20 21:10:06,959 [INFO] ProjectBuilder:4747 - Time for Generating toolchain IDE Files: 5940mS.
2024-06-20 21:10:06,960 [INFO] ProjectBuilder:2947 - Time for Copy CMSIS : 1mS.
2024-06-20 21:10:06,966 [INFO] ProjectBuilder:2947 - Time for Copy CMSIS : 0mS.
2024-06-20 21:34:17,644 [ERROR] ConfigurationRetriever:142 - IOException on connection: sw-center.st.com
2024-06-20 21:34:17,646 [ERROR] ConfigurationRetriever:142 - IOException on connection: sw-center.st.com
2024-06-20 21:34:17,646 [ERROR] ConfigurationRetriever:142 - IOException on connection: sw-center.st.com
2024-06-20 21:34:19,292 [ERROR] LogOutputStream:75 - [STDERR_REDIRECT] 
