2024-06-30 18:40:27,825 [INFO] Activator:176 - 


2024-06-30 18:40:27,840 [INFO] Activator:177 - !SESSION log4j initialized
2024-06-30 18:40:45,541 [INFO] LogOutputStream:77 - [STDOUT_REDIRECT] 
2024-06-30 18:40:46,383 [ERROR] ConfigurationRetriever:142 - IOException on connection: sw-center.st.com
2024-06-30 18:40:46,385 [ERROR] ConfigurationRetriever:142 - IOException on connection: sw-center.st.com
2024-06-30 18:40:46,386 [ERROR] ConfigurationRetriever:142 - IOException on connection: sw-center.st.com
2024-06-30 18:40:46,665 [ERROR] ConfigurationRetriever:142 - IOException on connection: sw-center.st.com
2024-06-30 18:40:46,667 [ERROR] ConfigurationRetriever:142 - IOException on connection: sw-center.st.com
2024-06-30 18:40:46,670 [ERROR] ConfigurationRetriever:142 - IOException on connection: sw-center.st.com
2024-06-30 18:40:54,451 [ERROR] ConfigurationRetriever:142 - IOException on connection: sw-center.st.com
2024-06-30 18:40:54,451 [ERROR] ConfigurationRetriever:142 - IOException on connection: sw-center.st.com
2024-06-30 18:40:54,467 [ERROR] ConfigurationRetriever:142 - IOException on connection: sw-center.st.com
2024-06-30 18:40:56,092 [ERROR] ConfigurationRetriever:142 - IOException on connection: sw-center.st.com
2024-06-30 18:40:56,094 [ERROR] ConfigurationRetriever:142 - IOException on connection: sw-center.st.com
2024-06-30 18:40:56,096 [ERROR] ConfigurationRetriever:142 - IOException on connection: sw-center.st.com
2024-06-30 18:40:56,739 [INFO] ApplicationProperties:184 - Using Application install path: C:\ST\STM32CubeIDE_1.14.1\STM32CubeIDE\plugins\com.st.stm32cube.common.mx_6.10.0.202311202037
2024-06-30 18:40:56,789 [INFO] DbMcusXml:78 - Set database path to: C:\ST\STM32CubeIDE_1.14.1\STM32CubeIDE\plugins\com.st.stm32cube.common.mx_6.10.0.202311202037\\db\/mcu/
2024-06-30 18:40:56,791 [INFO] ApiDb:274 - Set plugin database path to: C:\ST\STM32CubeIDE_1.14.1\STM32CubeIDE\plugins\com.st.stm32cube.common.mx_6.10.0.202311202037\\db\/plugins/boardmanager/
2024-06-30 18:40:56,792 [WARN] ApiDb:259 - Overriding images path with different value:  => C:\ST\STM32CubeIDE_1.14.1\STM32CubeIDE\plugins\com.st.stm32cube.common.mx_6.10.0.202311202037\\db\/plugins/mcufinder/images/
2024-06-30 18:40:56,967 [INFO] ApiDb:250 - Set database path to: C:\Users\hp\.stmcufinder\plugins\mcufinder//mcu/
2024-06-30 18:40:56,969 [INFO] DbMcusAds:125 - Set database path to: C:\Users\hp\.stmcufinder\plugins\mcufinder//mcu/
2024-06-30 18:40:56,976 [INFO] CrossReferenceDbSqlite:203 - Set database path to: C:\Users\hp\.stmcufinder\plugins\mcufinder//mcu/cs/
2024-06-30 18:40:57,336 [INFO] RulesReader:64 - Compatibility file has been processed (297 Rules)
2024-06-30 18:40:57,563 [INFO] DbMcusXml:78 - Set database path to: C:\ST\STM32CubeIDE_1.14.1\STM32CubeIDE\plugins\com.st.stm32cube.common.mx_6.10.0.202311202037\\db\/mcu/
2024-06-30 18:40:57,563 [INFO] ApiDb:274 - Set plugin database path to: C:\ST\STM32CubeIDE_1.14.1\STM32CubeIDE\plugins\com.st.stm32cube.common.mx_6.10.0.202311202037\\db\/plugins/boardmanager/
2024-06-30 18:40:57,563 [INFO] ApiDb:261 - Set plugin images path to: C:\ST\STM32CubeIDE_1.14.1\STM32CubeIDE\plugins\com.st.stm32cube.common.mx_6.10.0.202311202037\\db\/plugins/mcufinder/images/
2024-06-30 18:40:57,564 [WARN] DbFile:41 - Overriding database path with different value: C:\Users\hp\.stmcufinder\plugins\mcufinder/ => C:\Users\hp\.stmcufinder\plugins\mcufinder
2024-06-30 18:40:57,564 [INFO] ApiDb:250 - Set database path to: C:\Users\hp\.stmcufinder\plugins\mcufinder//mcu/
2024-06-30 18:40:57,564 [WARN] DbFile:41 - Overriding database path with different value: C:\Users\hp\.stmcufinder\plugins\mcufinder/ => C:\Users\hp\.stmcufinder\plugins\mcufinder
2024-06-30 18:40:57,565 [INFO] DbMcusAds:125 - Set database path to: C:\Users\hp\.stmcufinder\plugins\mcufinder//mcu/
2024-06-30 18:40:57,565 [WARN] DbFile:41 - Overriding database path with different value: C:\Users\hp\.stmcufinder\plugins\mcufinder/ => C:\Users\hp\.stmcufinder\plugins\mcufinder
2024-06-30 18:40:57,565 [WARN] DbFile:41 - Overriding database path with different value: C:\Users\hp\.stmcufinder\plugins\mcufinder/ => C:\Users\hp\.stmcufinder\plugins\mcufinder
2024-06-30 18:40:57,565 [INFO] CrossReferenceDbSqlite:203 - Set database path to: C:\Users\hp\.stmcufinder\plugins\mcufinder//mcu/cs/
2024-06-30 18:40:57,795 [INFO] MainPanel:264 - HeapMemory: 268435456
2024-06-30 18:40:58,051 [INFO] DbMcusXml:78 - Set database path to: C:\ST\STM32CubeIDE_1.14.1\STM32CubeIDE\plugins\com.st.stm32cube.common.mx_6.10.0.202311202037\\db\/mcu/
2024-06-30 18:40:58,051 [INFO] ApiDb:274 - Set plugin database path to: C:\ST\STM32CubeIDE_1.14.1\STM32CubeIDE\plugins\com.st.stm32cube.common.mx_6.10.0.202311202037\\db\/plugins/boardmanager/
2024-06-30 18:40:58,052 [INFO] ApiDb:261 - Set plugin images path to: C:\ST\STM32CubeIDE_1.14.1\STM32CubeIDE\plugins\com.st.stm32cube.common.mx_6.10.0.202311202037\\db\/plugins/mcufinder/images/
2024-06-30 18:40:58,053 [WARN] DbFile:41 - Overriding database path with different value: C:\Users\hp\.stmcufinder\plugins\mcufinder/ => C:\Users\hp\.stmcufinder\plugins\mcufinder
2024-06-30 18:40:58,053 [INFO] ApiDb:250 - Set database path to: C:\Users\hp\.stmcufinder\plugins\mcufinder//mcu/
2024-06-30 18:40:58,053 [WARN] DbFile:41 - Overriding database path with different value: C:\Users\hp\.stmcufinder\plugins\mcufinder/ => C:\Users\hp\.stmcufinder\plugins\mcufinder
2024-06-30 18:40:58,054 [INFO] DbMcusAds:125 - Set database path to: C:\Users\hp\.stmcufinder\plugins\mcufinder//mcu/
2024-06-30 18:40:58,054 [WARN] DbFile:41 - Overriding database path with different value: C:\Users\hp\.stmcufinder\plugins\mcufinder/ => C:\Users\hp\.stmcufinder\plugins\mcufinder
2024-06-30 18:40:58,054 [WARN] DbFile:41 - Overriding database path with different value: C:\Users\hp\.stmcufinder\plugins\mcufinder/ => C:\Users\hp\.stmcufinder\plugins\mcufinder
2024-06-30 18:40:58,055 [INFO] CrossReferenceDbSqlite:203 - Set database path to: C:\Users\hp\.stmcufinder\plugins\mcufinder//mcu/cs/
2024-06-30 18:40:58,113 [INFO] ApplicationProperties:184 - Using Application install path: C:\ST\STM32CubeIDE_1.14.1\STM32CubeIDE\plugins\com.st.stm32cube.common.mx_6.10.0.202311202037
2024-06-30 18:40:58,117 [INFO] PluginManage:196 - Search for loadable plugins [exclusion list=, ]
2024-06-30 18:40:58,124 [INFO] PluginManage:310 - Check plugin analytics
2024-06-30 18:40:58,811 [INFO] AnalyticsPlugin:253 - Accepted Software Licenses: STM32CubeMX.6.11.1
2024-06-30 18:40:58,811 [INFO] AnalyticsPlugin:255 - Accepted CMSIS Pack Licenses: 
2024-06-30 18:40:58,812 [INFO] AnalyticsPlugin:257 - Accepted Firmware Licenses: 
2024-06-30 18:40:58,818 [INFO] PluginManage:359 - Loaded plugin analytics (category:tool,tabindex:-1)
2024-06-30 18:40:58,819 [INFO] PluginManage:310 - Check plugin cadmodel
2024-06-30 18:40:58,828 [ERROR] ConfigurationRetriever:142 - IOException on connection: sw-center.st.com
2024-06-30 18:40:58,829 [ERROR] ConfigurationRetriever:142 - IOException on connection: sw-center.st.com
2024-06-30 18:40:58,830 [ERROR] ConfigurationRetriever:142 - IOException on connection: sw-center.st.com
2024-06-30 18:40:58,892 [INFO] CADModel:105 - Init CAD model plugin
2024-06-30 18:40:58,892 [INFO] PluginManage:359 - Loaded plugin cadmodel (category:power,tabindex:5)
2024-06-30 18:40:58,893 [INFO] PluginManage:310 - Check plugin clock
2024-06-30 18:40:58,948 [INFO] PluginManage:359 - Loaded plugin clock (category:base,tabindex:2)
2024-06-30 18:40:58,949 [INFO] PluginManage:310 - Check plugin ddr
2024-06-30 18:40:58,954 [INFO] PluginManage:359 - Loaded plugin ddr (category:tool,tabindex:6)
2024-06-30 18:40:58,955 [INFO] PluginManage:310 - Check plugin filemanager
2024-06-30 18:40:59,333 [INFO] PluginManage:359 - Loaded plugin filemanager (category:base,tabindex:10)
2024-06-30 18:40:59,333 [INFO] PluginManage:310 - Check plugin ipmanager
2024-06-30 18:40:59,352 [INFO] PluginManage:359 - Loaded plugin ipmanager (category:base,tabindex:5)
2024-06-30 18:40:59,353 [INFO] PluginManage:310 - Check plugin lpbam
2024-06-30 18:40:59,400 [INFO] PluginManage:359 - Loaded plugin lpbam (category:base,tabindex:0)
2024-06-30 18:40:59,401 [INFO] PluginManage:310 - Check plugin memorymap
2024-06-30 18:40:59,459 [INFO] PluginManage:359 - Loaded plugin memorymap (category:base,tabindex:4)
2024-06-30 18:40:59,459 [INFO] PluginManage:310 - Check plugin pinoutandconfiguration
2024-06-30 18:40:59,496 [INFO] PluginManage:359 - Loaded plugin pinoutandconfiguration (category:base,tabindex:1)
2024-06-30 18:40:59,496 [INFO] PluginManage:310 - Check plugin pinoutconfig
2024-06-30 18:40:59,769 [WARN] SupportedApi:132 - Cannot load RTOS API schema: s4s-elt-must-match.1: The content of 'definitions' must match (annotation?, (simpleType | complexType)?, (unique | key | keyref)*)). A problem was found starting at: attribute.
2024-06-30 18:41:00,132 [INFO] PluginManage:359 - Loaded plugin pinoutconfig (category:base,tabindex:0)
2024-06-30 18:41:00,132 [INFO] PluginManage:310 - Check plugin power
2024-06-30 18:41:00,186 [INFO] PluginManage:359 - Loaded plugin power (category:power,tabindex:4)
2024-06-30 18:41:00,187 [INFO] PluginManage:310 - Check plugin projectmanager
2024-06-30 18:41:00,234 [INFO] PluginManage:359 - Loaded plugin projectmanager (category:projectmanager,tabindex:3)
2024-06-30 18:41:00,235 [INFO] PluginManage:310 - Check plugin thirdparty
2024-06-30 18:41:00,791 [INFO] PluginManage:359 - Loaded plugin thirdparty (category:base,tabindex:-1)
2024-06-30 18:41:00,791 [WARN] IntegrityCheckThread:84 - waiting for thirdparty lock release [integrity check]
2024-06-30 18:41:00,791 [INFO] PluginManage:310 - Check plugin tools
2024-06-30 18:41:00,791 [INFO] IntegrityCheckThread:86 - entering critical section [integrity check]
2024-06-30 18:41:00,792 [INFO] ThirdPartyUpdaterWithRetryManager:70 - Updater plugin not ready yet. [1/15]
2024-06-30 18:41:00,865 [INFO] PluginManage:359 - Loaded plugin tools (category:base,tabindex:7)
2024-06-30 18:41:00,865 [INFO] PluginManage:310 - Check plugin tutovideos
2024-06-30 18:41:01,244 [INFO] PluginManage:359 - Loaded plugin tutovideos (category:base,tabindex:-1)
2024-06-30 18:41:01,245 [INFO] PluginManage:310 - Check plugin updater
2024-06-30 18:41:01,266 [INFO] PluginManage:359 - Loaded plugin updater (category:base,tabindex:12)
2024-06-30 18:41:01,267 [INFO] PluginManage:310 - Check plugin userauth
2024-06-30 18:41:01,279 [INFO] UserAuth:114 - Init User Auth plugin
2024-06-30 18:41:01,279 [INFO] PluginManage:359 - Loaded plugin userauth (category:base,tabindex:14)
2024-06-30 18:41:01,280 [INFO] PluginManage:283 - PluginManage : Loaded plugins [17]
2024-06-30 18:41:01,841 [INFO] PinOutPanel:1499 - setPackage(No Configuration,No Configuration)
2024-06-30 18:41:01,999 [INFO] CADModel:165 - CPN selected for project level
2024-06-30 18:41:01,999 [INFO] CADModel:114 - Register for checkConnection events
2024-06-30 18:41:02,045 [INFO] IPUIPlugin:80 - create IPUIPlugin
2024-06-30 18:41:02,045 [INFO] PluginManager:220 - loadIPPluginJar : add adc
2024-06-30 18:41:02,133 [INFO] IPUIPlugin:80 - create IPUIPlugin
2024-06-30 18:41:02,133 [INFO] PluginManager:220 - loadIPPluginJar : add aes
2024-06-30 18:41:02,221 [INFO] IPUIPlugin:80 - create IPUIPlugin
2024-06-30 18:41:02,222 [INFO] PluginManager:220 - loadIPPluginJar : add can
2024-06-30 18:41:02,267 [INFO] IPUIPlugin:80 - create IPUIPlugin
2024-06-30 18:41:02,267 [INFO] PluginManager:220 - loadIPPluginJar : add comp
2024-06-30 18:41:02,336 [INFO] IPUIPlugin:80 - create IPUIPlugin
2024-06-30 18:41:02,336 [INFO] PluginManager:220 - loadIPPluginJar : add cryp
2024-06-30 18:41:02,400 [INFO] IPUIPlugin:80 - create IPUIPlugin
2024-06-30 18:41:02,400 [INFO] PluginManager:220 - loadIPPluginJar : add dfsdm
2024-06-30 18:41:02,429 [INFO] IPUIPlugin:80 - create IPUIPlugin
2024-06-30 18:41:02,430 [INFO] PluginManager:220 - loadIPPluginJar : add dma
2024-06-30 18:41:02,521 [INFO] IPUIPlugin:80 - create IPUIPlugin
2024-06-30 18:41:02,521 [INFO] PluginManager:220 - loadIPPluginJar : add dma3
2024-06-30 18:41:02,562 [INFO] IPUIPlugin:80 - create IPUIPlugin
2024-06-30 18:41:02,562 [INFO] PluginManager:220 - loadIPPluginJar : add fatfs
2024-06-30 18:41:02,658 [INFO] IPUIPlugin:80 - create IPUIPlugin
2024-06-30 18:41:02,659 [INFO] PluginManager:220 - loadIPPluginJar : add fmc
2024-06-30 18:41:02,686 [INFO] IPUIPlugin:80 - create IPUIPlugin
2024-06-30 18:41:02,686 [INFO] PluginManager:220 - loadIPPluginJar : add freertos
2024-06-30 18:41:02,726 [INFO] IPUIPlugin:80 - create IPUIPlugin
2024-06-30 18:41:02,726 [INFO] PluginManager:220 - loadIPPluginJar : add genericplugin
2024-06-30 18:41:02,932 [INFO] IPUIPlugin:80 - create IPUIPlugin
2024-06-30 18:41:02,932 [INFO] PluginManager:220 - loadIPPluginJar : add gfxmmu
2024-06-30 18:41:03,217 [INFO] IPUIPlugin:80 - create IPUIPlugin
2024-06-30 18:41:03,217 [INFO] PluginManager:220 - loadIPPluginJar : add gic
2024-06-30 18:41:03,243 [INFO] IPUIPlugin:80 - create IPUIPlugin
2024-06-30 18:41:03,244 [INFO] PluginManager:220 - loadIPPluginJar : add gpio
2024-06-30 18:41:03,437 [INFO] IPUIPlugin:80 - create IPUIPlugin
2024-06-30 18:41:03,437 [INFO] PluginManager:220 - loadIPPluginJar : add gtzc
2024-06-30 18:41:03,504 [INFO] IPUIPlugin:80 - create IPUIPlugin
2024-06-30 18:41:03,505 [INFO] PluginManager:220 - loadIPPluginJar : add hash
2024-06-30 18:41:03,618 [INFO] IPUIPlugin:80 - create IPUIPlugin
2024-06-30 18:41:03,618 [INFO] PluginManager:220 - loadIPPluginJar : add i2c
2024-06-30 18:41:03,701 [INFO] IPUIPlugin:80 - create IPUIPlugin
2024-06-30 18:41:03,702 [INFO] PluginManager:220 - loadIPPluginJar : add i2s
2024-06-30 18:41:03,786 [INFO] IPUIPlugin:80 - create IPUIPlugin
2024-06-30 18:41:03,787 [INFO] PluginManager:220 - loadIPPluginJar : add i3c
2024-06-30 18:41:03,794 [INFO] ThirdPartyUpdaterWithRetryManager:70 - Updater plugin not ready yet. [2/15]
2024-06-30 18:41:04,006 [INFO] IPUIPlugin:80 - create IPUIPlugin
2024-06-30 18:41:04,006 [INFO] PluginManager:220 - loadIPPluginJar : add ipddr
2024-06-30 18:41:04,205 [INFO] IPUIPlugin:80 - create IPUIPlugin
2024-06-30 18:41:04,205 [INFO] PluginManager:220 - loadIPPluginJar : add linkedlist
2024-06-30 18:41:04,283 [INFO] IPUIPlugin:80 - create IPUIPlugin
2024-06-30 18:41:04,283 [INFO] PluginManager:220 - loadIPPluginJar : add lorawan
2024-06-30 18:41:04,360 [INFO] IPUIPlugin:80 - create IPUIPlugin
2024-06-30 18:41:04,360 [INFO] PluginManager:220 - loadIPPluginJar : add ltdc
2024-06-30 18:41:04,384 [INFO] IPUIPlugin:80 - create IPUIPlugin
2024-06-30 18:41:04,385 [INFO] PluginManager:220 - loadIPPluginJar : add mdma
2024-06-30 18:41:04,407 [INFO] IPUIPlugin:80 - create IPUIPlugin
2024-06-30 18:41:04,408 [INFO] PluginManager:220 - loadIPPluginJar : add nvic
2024-06-30 18:41:04,480 [INFO] IPUIPlugin:80 - create IPUIPlugin
2024-06-30 18:41:04,481 [INFO] PluginManager:220 - loadIPPluginJar : add opamp
2024-06-30 18:41:04,610 [INFO] IPUIPlugin:80 - create IPUIPlugin
2024-06-30 18:41:04,610 [INFO] PluginManager:220 - loadIPPluginJar : add openamp
2024-06-30 18:41:04,716 [INFO] IPUIPlugin:80 - create IPUIPlugin
2024-06-30 18:41:04,716 [INFO] PluginManager:220 - loadIPPluginJar : add pdm2pcm
2024-06-30 18:41:04,746 [INFO] IPUIPlugin:80 - create IPUIPlugin
2024-06-30 18:41:04,750 [INFO] PluginManager:220 - loadIPPluginJar : add plateformsettings
2024-06-30 18:41:04,799 [INFO] IPUIPlugin:80 - create IPUIPlugin
2024-06-30 18:41:04,799 [INFO] PluginManager:220 - loadIPPluginJar : add quadspi
2024-06-30 18:41:04,825 [INFO] IPUIPlugin:80 - create IPUIPlugin
2024-06-30 18:41:04,825 [INFO] PluginManager:220 - loadIPPluginJar : add resmgrutility
2024-06-30 18:41:04,938 [INFO] IPUIPlugin:80 - create IPUIPlugin
2024-06-30 18:41:04,938 [INFO] PluginManager:220 - loadIPPluginJar : add sai
2024-06-30 18:41:05,069 [INFO] IPUIPlugin:80 - create IPUIPlugin
2024-06-30 18:41:05,070 [INFO] PluginManager:220 - loadIPPluginJar : add spi
2024-06-30 18:41:05,212 [INFO] IPUIPlugin:80 - create IPUIPlugin
2024-06-30 18:41:05,213 [INFO] PluginManager:220 - loadIPPluginJar : add stm32_wpan
2024-06-30 18:41:05,262 [INFO] IPUIPlugin:80 - create IPUIPlugin
2024-06-30 18:41:05,262 [INFO] PluginManager:220 - loadIPPluginJar : add tim
2024-06-30 18:41:05,376 [INFO] IPUIPlugin:80 - create IPUIPlugin
2024-06-30 18:41:05,376 [INFO] PluginManager:220 - loadIPPluginJar : add touchsensing
2024-06-30 18:41:05,420 [INFO] IPUIPlugin:80 - create IPUIPlugin
2024-06-30 18:41:05,420 [INFO] PluginManager:220 - loadIPPluginJar : add tracer_emb
2024-06-30 18:41:05,466 [INFO] IPUIPlugin:80 - create IPUIPlugin
2024-06-30 18:41:05,466 [INFO] PluginManager:220 - loadIPPluginJar : add ts
2024-06-30 18:41:05,512 [INFO] IPUIPlugin:80 - create IPUIPlugin
2024-06-30 18:41:05,512 [INFO] PluginManager:220 - loadIPPluginJar : add tsc
2024-06-30 18:41:05,555 [INFO] IPUIPlugin:80 - create IPUIPlugin
2024-06-30 18:41:05,555 [INFO] PluginManager:220 - loadIPPluginJar : add ucpd
2024-06-30 18:41:05,647 [INFO] IPUIPlugin:80 - create IPUIPlugin
2024-06-30 18:41:05,647 [INFO] PluginManager:220 - loadIPPluginJar : add usart
2024-06-30 18:41:05,740 [INFO] IPUIPlugin:80 - create IPUIPlugin
2024-06-30 18:41:05,740 [INFO] PluginManager:220 - loadIPPluginJar : add usbx
2024-06-30 18:41:05,942 [INFO] CADModel:165 - CPN selected for project level
2024-06-30 18:41:05,943 [INFO] CADModel:114 - Register for checkConnection events
2024-06-30 18:41:05,944 [FATAL] Updater:308 - Updater called before beeing initialized
2024-06-30 18:41:05,944 [ERROR] CADModel:125 - Updater not yet initialized, retry later 
2024-06-30 18:41:06,338 [INFO] CADModel:165 - CPN selected for project level
2024-06-30 18:41:06,338 [INFO] CADModel:114 - Register for checkConnection events
2024-06-30 18:41:06,338 [FATAL] Updater:308 - Updater called before beeing initialized
2024-06-30 18:41:06,338 [ERROR] CADModel:125 - Updater not yet initialized, retry later 
2024-06-30 18:41:06,345 [FATAL] Updater:308 - Updater called before beeing initialized
2024-06-30 18:41:06,659 [FATAL] Updater:308 - Updater called before beeing initialized
2024-06-30 18:41:06,687 [INFO] DbMcusAds:53 - JSON generation date=Thu May 16 12:22:00 EAT 2024 (1715851320852)
2024-06-30 18:41:06,688 [FATAL] Updater:308 - Updater called before beeing initialized
2024-06-30 18:41:06,795 [INFO] ThirdPartyUpdaterWithRetryManager:70 - Updater plugin not ready yet. [3/15]
2024-06-30 18:41:06,846 [WARN] DetailPanel:346 - Failed to get advertising image, set to default
2024-06-30 18:41:07,043 [FATAL] Updater:308 - Updater called before beeing initialized
2024-06-30 18:41:07,046 [FATAL] Updater:308 - Updater called before beeing initialized
2024-06-30 18:41:07,047 [FATAL] Updater:308 - Updater called before beeing initialized
2024-06-30 18:41:07,047 [WARN] DetailPanel:346 - Failed to get advertising image, set to default
2024-06-30 18:41:07,048 [FATAL] Updater:308 - Updater called before beeing initialized
2024-06-30 18:41:07,198 [ERROR] Updater:1120 - MainUpdater not yet initialized. External WinMGr cannot be set.
2024-06-30 18:41:07,228 [INFO] Updater:1056 - Updater Version found : 6.10.0
2024-06-30 18:41:07,271 [INFO] ApplicationProperties:184 - Using Application install path: C:\ST\STM32CubeIDE_1.14.1\STM32CubeIDE\plugins\com.st.stm32cube.common.mx_6.10.0.202311202037
2024-06-30 18:41:08,913 [ERROR] LogOutputStream:75 - [STDERR_REDIRECT] Jun 30, 2024 6:41:08 PM java.util.prefs.WindowsPreferences <init>
2024-06-30 18:41:08,920 [ERROR] LogOutputStream:75 - [STDERR_REDIRECT] WARNING: Could not open/create prefs root node Software\JavaSoft\Prefs at root 0xffffffff80000002. Windows RegCreateKeyEx(...) returned error code 5.
2024-06-30 18:41:08,920 [ERROR] LogOutputStream:75 - [STDERR_REDIRECT] 
2024-06-30 18:41:09,483 [INFO] MainUpdater:2873 - connection check result : 22
2024-06-30 18:41:09,485 [INFO] MainUpdater:290 - Updater Check For Update Now.
2024-06-30 18:41:09,485 [INFO] MicroXplorer:498 - Change Database Version : DB.6.0.100
2024-06-30 18:41:09,570 [INFO] McuFinderGlobals:63 - Set McuFinder mode to 2 (CubeIDE integrated)
2024-06-30 18:41:09,795 [WARN] MainUpdater:1194 - Updater busy. Cannot search thirdparties
2024-06-30 18:41:09,796 [INFO] ThirdPartyUpdaterWithRetryManager:96 - Updater plugin is busy. [1/15]
2024-06-30 18:41:09,916 [INFO] UserAuth:404 - Internet connection configuration mode: 2
2024-06-30 18:41:09,970 [INFO] CheckServerUpdateThread:120 - End of CheckServer Thread
2024-06-30 18:41:13,264 [WARN] PackLoader:240 - Cannot read IP mode file for STMicroelectronics.FP-SNS-MOTENVWB1.1.4.0
2024-06-30 18:41:13,310 [WARN] PackLoader:240 - Cannot read IP mode file for STMicroelectronics.X-CUBE-SMBUS.2.1.0
2024-06-30 18:41:13,342 [WARN] PackLoader:240 - Cannot read IP mode file for STMicroelectronics.X-CUBE-TOUCHGFX.4.23.2
2024-06-30 18:41:13,467 [WARN] PackLoader:240 - Cannot read IP mode file for STMicroelectronics.X-CUBE-AZRTOS-F7.1.1.0
2024-06-30 18:41:13,519 [WARN] PackLoader:240 - Cannot read IP mode file for STMicroelectronics.FP-SNS-FLIGHT1.5.0.2
2024-06-30 18:41:13,563 [WARN] PackLoader:240 - Cannot read IP mode file for STMicroelectronics.X-CUBE-DISPLAY.3.0.0
2024-06-30 18:41:13,619 [WARN] PackLoader:240 - Cannot read IP mode file for STMicroelectronics.X-CUBE-BLE1.7.0.0
2024-06-30 18:41:13,651 [WARN] PackLoader:240 - Cannot read IP mode file for emotas.I-CUBE-CANOPEN.1.3.0
2024-06-30 18:41:13,713 [WARN] PackLoader:240 - Cannot read IP mode file for STMicroelectronics.X-CUBE-BLEMGR.3.1.0
2024-06-30 18:41:13,757 [WARN] PackLoader:240 - Cannot read IP mode file for STMicroelectronics.FP-SNS-SMARTAG2.1.2.0
2024-06-30 18:41:13,818 [INFO] LogOutputStream:77 - [STDOUT_REDIRECT] 1 : Invalid condition id : UX_CORESTACK_Condition cause : null
2024-06-30 18:41:13,819 [INFO] LogOutputStream:77 - [STDOUT_REDIRECT] 1 : Invalid condition id : UX_CORESTACK_Condition cause : null
2024-06-30 18:41:13,828 [INFO] LogOutputStream:77 - [STDOUT_REDIRECT] 1 : Invalid condition id : UX_CORESTACK_Condition cause : null
2024-06-30 18:41:13,831 [INFO] LogOutputStream:77 - [STDOUT_REDIRECT] 1 : Invalid condition id : UX_CORESTACK_Condition cause : null
2024-06-30 18:41:13,834 [INFO] LogOutputStream:77 - [STDOUT_REDIRECT] 1 : Invalid condition id : UX_CORESTACK_Condition cause : null
2024-06-30 18:41:13,844 [WARN] PackLoader:240 - Cannot read IP mode file for STMicroelectronics.X-CUBE-AZRTOS-WL.2.0.0
2024-06-30 18:41:13,878 [WARN] PackLoader:240 - Cannot read IP mode file for STMicroelectronics.FP-SNS-MOTENV1.5.0.0
2024-06-30 18:41:13,927 [WARN] PackLoader:240 - Cannot read IP mode file for WES.I-CUBE-Cesium.1.3.0
2024-06-30 18:41:13,965 [WARN] PackLoader:240 - Cannot read IP mode file for STMicroelectronics.X-CUBE-BLE2.3.3.0
2024-06-30 18:41:14,004 [WARN] PackLoader:240 - Cannot read IP mode file for STMicroelectronics.X-CUBE-TCPP.4.1.0
2024-06-30 18:41:14,137 [WARN] PackLoader:240 - Cannot read IP mode file for STMicroelectronics.X-CUBE-AZRTOS-G0.1.1.0
2024-06-30 18:41:14,243 [WARN] PackLoader:240 - Cannot read IP mode file for STMicroelectronics.X-CUBE-SAFEA1.1.2.2
2024-06-30 18:41:14,308 [WARN] PackLoader:240 - Cannot read IP mode file for STMicroelectronics.X-CUBE-NFC4.3.0.0
2024-06-30 18:41:14,333 [WARN] PackLoader:240 - Cannot read IP mode file for wolfSSL.I-CUBE-wolfMQTT.1.18.0
2024-06-30 18:41:14,358 [WARN] PackLoader:240 - Cannot read IP mode file for wolfSSL.I-CUBE-wolfSSL.5.7.0
2024-06-30 18:41:14,417 [WARN] PackLoader:240 - Cannot read IP mode file for STMicroelectronics.FP-ATR-SIGFOX1.3.2.0
2024-06-30 18:41:14,542 [WARN] PackLoader:240 - Cannot read IP mode file for STMicroelectronics.X-CUBE-EEPRMA1.5.1.0
2024-06-30 18:41:14,650 [WARN] PackLoader:240 - Cannot read IP mode file for ITTIA_DB.I-CUBE-ITTIADB.8.9.0
2024-06-30 18:41:14,779 [WARN] PackLoader:240 - Cannot read IP mode file for SEGGER.I-CUBE-embOS.1.3.1
2024-06-30 18:41:14,923 [WARN] PackLoader:240 - Cannot read IP mode file for STMicroelectronics.X-CUBE-ALGOBUILD.1.4.0
2024-06-30 18:41:14,956 [WARN] PackLoader:240 - Cannot read IP mode file for STMicroelectronics.X-CUBE-GNSS1.6.0.0
2024-06-30 18:41:15,035 [WARN] PackLoader:240 - Cannot read IP mode file for STMicroelectronics.X-CUBE-AZRTOS-F4.1.1.0
2024-06-30 18:41:15,071 [WARN] PackLoader:240 - Cannot read IP mode file for STMicroelectronics.X-CUBE-FREERTOS.1.2.0
2024-06-30 18:41:15,148 [WARN] PackLoader:240 - Cannot read IP mode file for STMicroelectronics.X-CUBE-AZRTOS-L5.2.0.0
2024-06-30 18:41:15,196 [WARN] PackLoader:240 - Cannot read IP mode file for STMicroelectronics.X-CUBE-NFC6.3.1.0
2024-06-30 18:41:15,231 [WARN] PackLoader:240 - Cannot read IP mode file for STMicroelectronics.X-CUBE-AI.9.0.0
2024-06-30 18:41:15,264 [WARN] PackLoader:240 - Cannot read IP mode file for STMicroelectronics.X-CUBE-NFC7.1.0.1
2024-06-30 18:41:15,344 [WARN] ConditionMgr:438 - getConditionDescription Invalid condition id : LAN8742 Phy interface Condition cause : null
2024-06-30 18:41:15,346 [WARN] PackLoader:240 - Cannot read IP mode file for STMicroelectronics.X-CUBE-AZRTOS-L4.2.0.0
2024-06-30 18:41:15,359 [WARN] ConditionMgr:1039 - genDependencies : Invalid condition id : LAN8742 Phy interface Condition cause : null
2024-06-30 18:41:15,360 [WARN] ConditionMgr:1039 - genDependencies : Invalid condition id : LAN8742 Phy interface Condition cause : null
2024-06-30 18:41:15,361 [WARN] ConditionMgr:1039 - genDependencies : Invalid condition id : LAN8742 Phy interface Condition cause : null
2024-06-30 18:41:15,409 [WARN] PackLoader:240 - Cannot read IP mode file for STMicroelectronics.X-CUBE-SFXS2LP1.4.0.0
2024-06-30 18:41:15,494 [WARN] ConditionMgr:438 - getConditionDescription Invalid condition id : UX DEVICE CLASS RTOS Condition cause : null
2024-06-30 18:41:15,495 [WARN] ConditionMgr:438 - getConditionDescription Invalid condition id : UX DEVICE CLASS RTOS Condition cause : null
2024-06-30 18:41:15,500 [WARN] PackLoader:240 - Cannot read IP mode file for STMicroelectronics.X-CUBE-AZRTOS-WB.2.0.0
2024-06-30 18:41:15,501 [WARN] ConditionMgr:1039 - genDependencies : Invalid condition id : UX DEVICE CLASS RTOS Condition cause : null
2024-06-30 18:41:15,502 [WARN] ConditionMgr:1039 - genDependencies : Invalid condition id : UX DEVICE CLASS RTOS Condition cause : null
2024-06-30 18:41:15,503 [WARN] ConditionMgr:1039 - genDependencies : Invalid condition id : UX DEVICE CLASS RTOS Condition cause : null
2024-06-30 18:41:15,503 [WARN] ConditionMgr:1039 - genDependencies : Invalid condition id : UX DEVICE CLASS RTOS Condition cause : null
2024-06-30 18:41:15,504 [WARN] ConditionMgr:1039 - genDependencies : Invalid condition id : UX DEVICE CLASS RTOS Condition cause : null
2024-06-30 18:41:15,560 [WARN] PackLoader:240 - Cannot read IP mode file for STMicroelectronics.X-CUBE-SUBG2.5.0.0
2024-06-30 18:41:15,784 [WARN] PackLoader:240 - Cannot read IP mode file for STMicroelectronics.X-CUBE-AZRTOS-G4.2.0.0
2024-06-30 18:41:15,826 [WARN] PackLoader:240 - Cannot read IP mode file for STMicroelectronics.X-CUBE-ISPU.2.0.0
2024-06-30 18:41:15,870 [WARN] PackLoader:240 - Cannot read IP mode file for STMicroelectronics.X-CUBE-ALS.1.0.2
2024-06-30 18:41:16,014 [WARN] PackLoader:240 - Cannot read IP mode file for STMicroelectronics.X-CUBE-MEMS1.10.0.0
2024-06-30 18:41:16,357 [WARN] PackLoader:240 - Cannot read IP mode file for portGmbH.I-Cube-SoM-uGOAL.1.1.0
2024-06-30 18:41:16,386 [WARN] PackLoader:240 - Cannot read IP mode file for STMicroelectronics.X-CUBE-ALS.1.0.1
2024-06-30 18:41:16,466 [WARN] PackLoader:240 - Cannot read IP mode file for STMicroelectronics.X-CUBE-AZRTOS-H7RS.1.0.0
2024-06-30 18:41:16,496 [WARN] PackLoader:240 - Cannot read IP mode file for STMicroelectronics.FP-ATR-ASTRA1.2.0.0
2024-06-30 18:41:16,553 [WARN] PackLoader:240 - Cannot read IP mode file for STMicroelectronics.X-CUBE-TOF1.3.4.1
2024-06-30 18:41:16,696 [WARN] PackLoader:240 - Cannot read IP mode file for STMicroelectronics.X-CUBE-AZRTOS-H7.3.2.0
2024-06-30 18:41:16,804 [WARN] PackLoader:240 - Cannot read IP mode file for Infineon.AIROC-Wi-Fi-Bluetooth-STM32.1.6.0
2024-06-30 18:41:16,847 [INFO] ThirdParty:978 - Integrity check success = true
2024-06-30 18:41:16,847 [INFO] IntegrityCheckThread:100 - exiting critical section [integrity check]
2024-06-30 18:41:16,847 [INFO] IntegrityCheckThread:103 - End integrity checks thread
2024-06-30 18:41:31,990 [ERROR] LogOutputStream:75 - [STDERR_REDIRECT] SLF4J: Failed to load class "org.slf4j.impl.StaticLoggerBinder".
2024-06-30 18:41:31,993 [ERROR] LogOutputStream:75 - [STDERR_REDIRECT] SLF4J: Defaulting to no-operation (NOP) logger implementation
2024-06-30 18:41:31,998 [ERROR] LogOutputStream:75 - [STDERR_REDIRECT] SLF4J: See http://www.slf4j.org/codes.html#StaticLoggerBinder for further details.
2024-06-30 22:33:48,952 [ERROR] ConfigurationRetriever:142 - IOException on connection: sw-center.st.com
2024-06-30 22:33:48,954 [ERROR] ConfigurationRetriever:142 - IOException on connection: sw-center.st.com
2024-06-30 22:33:48,955 [ERROR] ConfigurationRetriever:142 - IOException on connection: sw-center.st.com
2024-06-30 22:33:50,650 [ERROR] LogOutputStream:75 - [STDERR_REDIRECT] 
