2024-05-16 10:57:05,365 [INFO] Activator:176 - 


2024-05-16 10:57:05,383 [INFO] Activator:177 - !SESSION log4j initialized
2024-05-16 10:57:26,260 [INFO] LogOutputStream:77 - [STDOUT_REDIRECT] 
2024-05-16 10:57:30,579 [INFO] ApplicationProperties:184 - Using Application install path: C:\ST\STM32CubeIDE_1.14.1\STM32CubeIDE\plugins\com.st.stm32cube.common.mx_6.10.0.202311202037
2024-05-16 10:57:30,618 [INFO] DbMcusXml:78 - Set database path to: C:\ST\STM32CubeIDE_1.14.1\STM32CubeIDE\plugins\com.st.stm32cube.common.mx_6.10.0.202311202037\\db\/mcu/
2024-05-16 10:57:30,618 [INFO] ApiDb:274 - Set plugin database path to: C:\ST\STM32CubeIDE_1.14.1\STM32CubeIDE\plugins\com.st.stm32cube.common.mx_6.10.0.202311202037\\db\/plugins/boardmanager/
2024-05-16 10:57:30,618 [WARN] ApiDb:259 - Overriding images path with different value:  => C:\ST\STM32CubeIDE_1.14.1\STM32CubeIDE\plugins\com.st.stm32cube.common.mx_6.10.0.202311202037\\db\/plugins/mcufinder/images/
2024-05-16 10:57:30,634 [INFO] ApiDb:250 - Set database path to: C:\Users\hp\.stmcufinder\plugins\mcufinder//mcu/
2024-05-16 10:57:30,634 [INFO] DbMcusAds:125 - Set database path to: C:\Users\hp\.stmcufinder\plugins\mcufinder//mcu/
2024-05-16 10:57:30,649 [INFO] CrossReferenceDbSqlite:203 - Set database path to: C:\Users\hp\.stmcufinder\plugins\mcufinder//mcu/cs/
2024-05-16 10:57:30,918 [INFO] RulesReader:64 - Compatibility file has been processed (297 Rules)
2024-05-16 10:57:31,087 [INFO] DbMcusXml:78 - Set database path to: C:\ST\STM32CubeIDE_1.14.1\STM32CubeIDE\plugins\com.st.stm32cube.common.mx_6.10.0.202311202037\\db\/mcu/
2024-05-16 10:57:31,087 [INFO] ApiDb:274 - Set plugin database path to: C:\ST\STM32CubeIDE_1.14.1\STM32CubeIDE\plugins\com.st.stm32cube.common.mx_6.10.0.202311202037\\db\/plugins/boardmanager/
2024-05-16 10:57:31,087 [INFO] ApiDb:261 - Set plugin images path to: C:\ST\STM32CubeIDE_1.14.1\STM32CubeIDE\plugins\com.st.stm32cube.common.mx_6.10.0.202311202037\\db\/plugins/mcufinder/images/
2024-05-16 10:57:31,087 [WARN] DbFile:41 - Overriding database path with different value: C:\Users\hp\.stmcufinder\plugins\mcufinder/ => C:\Users\hp\.stmcufinder\plugins\mcufinder
2024-05-16 10:57:31,087 [INFO] ApiDb:250 - Set database path to: C:\Users\hp\.stmcufinder\plugins\mcufinder//mcu/
2024-05-16 10:57:31,087 [WARN] DbFile:41 - Overriding database path with different value: C:\Users\hp\.stmcufinder\plugins\mcufinder/ => C:\Users\hp\.stmcufinder\plugins\mcufinder
2024-05-16 10:57:31,087 [INFO] DbMcusAds:125 - Set database path to: C:\Users\hp\.stmcufinder\plugins\mcufinder//mcu/
2024-05-16 10:57:31,087 [WARN] DbFile:41 - Overriding database path with different value: C:\Users\hp\.stmcufinder\plugins\mcufinder/ => C:\Users\hp\.stmcufinder\plugins\mcufinder
2024-05-16 10:57:31,087 [WARN] DbFile:41 - Overriding database path with different value: C:\Users\hp\.stmcufinder\plugins\mcufinder/ => C:\Users\hp\.stmcufinder\plugins\mcufinder
2024-05-16 10:57:31,093 [INFO] CrossReferenceDbSqlite:203 - Set database path to: C:\Users\hp\.stmcufinder\plugins\mcufinder//mcu/cs/
2024-05-16 10:57:31,244 [INFO] MainPanel:264 - HeapMemory: 268435456
2024-05-16 10:57:31,422 [INFO] DbMcusXml:78 - Set database path to: C:\ST\STM32CubeIDE_1.14.1\STM32CubeIDE\plugins\com.st.stm32cube.common.mx_6.10.0.202311202037\\db\/mcu/
2024-05-16 10:57:31,422 [INFO] ApiDb:274 - Set plugin database path to: C:\ST\STM32CubeIDE_1.14.1\STM32CubeIDE\plugins\com.st.stm32cube.common.mx_6.10.0.202311202037\\db\/plugins/boardmanager/
2024-05-16 10:57:31,422 [INFO] ApiDb:261 - Set plugin images path to: C:\ST\STM32CubeIDE_1.14.1\STM32CubeIDE\plugins\com.st.stm32cube.common.mx_6.10.0.202311202037\\db\/plugins/mcufinder/images/
2024-05-16 10:57:31,423 [WARN] DbFile:41 - Overriding database path with different value: C:\Users\hp\.stmcufinder\plugins\mcufinder/ => C:\Users\hp\.stmcufinder\plugins\mcufinder
2024-05-16 10:57:31,423 [INFO] ApiDb:250 - Set database path to: C:\Users\hp\.stmcufinder\plugins\mcufinder//mcu/
2024-05-16 10:57:31,423 [WARN] DbFile:41 - Overriding database path with different value: C:\Users\hp\.stmcufinder\plugins\mcufinder/ => C:\Users\hp\.stmcufinder\plugins\mcufinder
2024-05-16 10:57:31,423 [INFO] DbMcusAds:125 - Set database path to: C:\Users\hp\.stmcufinder\plugins\mcufinder//mcu/
2024-05-16 10:57:31,423 [WARN] DbFile:41 - Overriding database path with different value: C:\Users\hp\.stmcufinder\plugins\mcufinder/ => C:\Users\hp\.stmcufinder\plugins\mcufinder
2024-05-16 10:57:31,423 [WARN] DbFile:41 - Overriding database path with different value: C:\Users\hp\.stmcufinder\plugins\mcufinder/ => C:\Users\hp\.stmcufinder\plugins\mcufinder
2024-05-16 10:57:31,423 [INFO] CrossReferenceDbSqlite:203 - Set database path to: C:\Users\hp\.stmcufinder\plugins\mcufinder//mcu/cs/
2024-05-16 10:57:31,460 [INFO] ApplicationProperties:184 - Using Application install path: C:\ST\STM32CubeIDE_1.14.1\STM32CubeIDE\plugins\com.st.stm32cube.common.mx_6.10.0.202311202037
2024-05-16 10:57:31,460 [INFO] PluginManage:196 - Search for loadable plugins [exclusion list=, ]
2024-05-16 10:57:31,468 [INFO] PluginManage:310 - Check plugin analytics
2024-05-16 10:57:31,890 [INFO] AnalyticsPlugin:253 - Accepted Software Licenses: STM32CubeMX.6.11.1
2024-05-16 10:57:31,890 [INFO] AnalyticsPlugin:255 - Accepted CMSIS Pack Licenses: 
2024-05-16 10:57:31,890 [INFO] AnalyticsPlugin:257 - Accepted Firmware Licenses: 
2024-05-16 10:57:31,898 [INFO] PluginManage:359 - Loaded plugin analytics (category:tool,tabindex:-1)
2024-05-16 10:57:31,898 [INFO] PluginManage:310 - Check plugin cadmodel
2024-05-16 10:57:31,914 [INFO] CADModel:105 - Init CAD model plugin
2024-05-16 10:57:31,914 [INFO] PluginManage:359 - Loaded plugin cadmodel (category:power,tabindex:5)
2024-05-16 10:57:31,914 [INFO] PluginManage:310 - Check plugin clock
2024-05-16 10:57:31,961 [INFO] PluginManage:359 - Loaded plugin clock (category:base,tabindex:2)
2024-05-16 10:57:31,961 [INFO] PluginManage:310 - Check plugin ddr
2024-05-16 10:57:31,976 [INFO] PluginManage:359 - Loaded plugin ddr (category:tool,tabindex:6)
2024-05-16 10:57:31,976 [INFO] PluginManage:310 - Check plugin filemanager
2024-05-16 10:57:32,291 [INFO] PluginManage:359 - Loaded plugin filemanager (category:base,tabindex:10)
2024-05-16 10:57:32,307 [INFO] PluginManage:310 - Check plugin ipmanager
2024-05-16 10:57:32,307 [INFO] PluginManage:359 - Loaded plugin ipmanager (category:base,tabindex:5)
2024-05-16 10:57:32,307 [INFO] PluginManage:310 - Check plugin lpbam
2024-05-16 10:57:32,347 [INFO] PluginManage:359 - Loaded plugin lpbam (category:base,tabindex:0)
2024-05-16 10:57:32,347 [INFO] PluginManage:310 - Check plugin memorymap
2024-05-16 10:57:32,396 [INFO] PluginManage:359 - Loaded plugin memorymap (category:base,tabindex:4)
2024-05-16 10:57:32,396 [INFO] PluginManage:310 - Check plugin pinoutandconfiguration
2024-05-16 10:57:32,428 [INFO] PluginManage:359 - Loaded plugin pinoutandconfiguration (category:base,tabindex:1)
2024-05-16 10:57:32,428 [INFO] PluginManage:310 - Check plugin pinoutconfig
2024-05-16 10:57:32,664 [WARN] SupportedApi:132 - Cannot load RTOS API schema: s4s-elt-must-match.1: The content of 'definitions' must match (annotation?, (simpleType | complexType)?, (unique | key | keyref)*)). A problem was found starting at: attribute.
2024-05-16 10:57:32,947 [INFO] PluginManage:359 - Loaded plugin pinoutconfig (category:base,tabindex:0)
2024-05-16 10:57:32,947 [INFO] PluginManage:310 - Check plugin power
2024-05-16 10:57:32,996 [INFO] PluginManage:359 - Loaded plugin power (category:power,tabindex:4)
2024-05-16 10:57:32,996 [INFO] PluginManage:310 - Check plugin projectmanager
2024-05-16 10:57:33,027 [INFO] PluginManage:359 - Loaded plugin projectmanager (category:projectmanager,tabindex:3)
2024-05-16 10:57:33,027 [INFO] PluginManage:310 - Check plugin thirdparty
2024-05-16 10:57:33,754 [INFO] PluginManage:359 - Loaded plugin thirdparty (category:base,tabindex:-1)
2024-05-16 10:57:33,758 [INFO] PluginManage:310 - Check plugin tools
2024-05-16 10:57:33,754 [WARN] IntegrityCheckThread:84 - waiting for thirdparty lock release [integrity check]
2024-05-16 10:57:33,758 [INFO] IntegrityCheckThread:86 - entering critical section [integrity check]
2024-05-16 10:57:33,758 [INFO] ThirdPartyUpdaterWithRetryManager:70 - Updater plugin not ready yet. [1/15]
2024-05-16 10:57:33,857 [INFO] PluginManage:359 - Loaded plugin tools (category:base,tabindex:7)
2024-05-16 10:57:33,865 [INFO] PluginManage:310 - Check plugin tutovideos
2024-05-16 10:57:34,445 [INFO] PluginManage:359 - Loaded plugin tutovideos (category:base,tabindex:-1)
2024-05-16 10:57:34,445 [INFO] PluginManage:310 - Check plugin updater
2024-05-16 10:57:34,477 [INFO] PluginManage:359 - Loaded plugin updater (category:base,tabindex:12)
2024-05-16 10:57:34,477 [INFO] PluginManage:310 - Check plugin userauth
2024-05-16 10:57:34,493 [INFO] UserAuth:114 - Init User Auth plugin
2024-05-16 10:57:34,493 [INFO] PluginManage:359 - Loaded plugin userauth (category:base,tabindex:14)
2024-05-16 10:57:34,493 [INFO] PluginManage:283 - PluginManage : Loaded plugins [17]
2024-05-16 10:57:35,213 [INFO] PinOutPanel:1499 - setPackage(No Configuration,No Configuration)
2024-05-16 10:57:35,425 [INFO] CADModel:165 - CPN selected for project level
2024-05-16 10:57:35,425 [INFO] CADModel:114 - Register for checkConnection events
2024-05-16 10:57:35,487 [INFO] IPUIPlugin:80 - create IPUIPlugin
2024-05-16 10:57:35,487 [INFO] PluginManager:220 - loadIPPluginJar : add adc
2024-05-16 10:57:35,610 [INFO] IPUIPlugin:80 - create IPUIPlugin
2024-05-16 10:57:35,618 [INFO] PluginManager:220 - loadIPPluginJar : add aes
2024-05-16 10:57:35,756 [INFO] IPUIPlugin:80 - create IPUIPlugin
2024-05-16 10:57:35,756 [INFO] PluginManager:220 - loadIPPluginJar : add can
2024-05-16 10:57:35,828 [INFO] IPUIPlugin:80 - create IPUIPlugin
2024-05-16 10:57:35,828 [INFO] PluginManager:220 - loadIPPluginJar : add comp
2024-05-16 10:57:35,966 [INFO] IPUIPlugin:80 - create IPUIPlugin
2024-05-16 10:57:35,966 [INFO] PluginManager:220 - loadIPPluginJar : add cryp
2024-05-16 10:57:36,062 [INFO] IPUIPlugin:80 - create IPUIPlugin
2024-05-16 10:57:36,062 [INFO] PluginManager:220 - loadIPPluginJar : add dfsdm
2024-05-16 10:57:36,087 [INFO] IPUIPlugin:80 - create IPUIPlugin
2024-05-16 10:57:36,087 [INFO] PluginManager:220 - loadIPPluginJar : add dma
2024-05-16 10:57:36,210 [INFO] IPUIPlugin:80 - create IPUIPlugin
2024-05-16 10:57:36,210 [INFO] PluginManager:220 - loadIPPluginJar : add dma3
2024-05-16 10:57:36,271 [INFO] IPUIPlugin:80 - create IPUIPlugin
2024-05-16 10:57:36,271 [INFO] PluginManager:220 - loadIPPluginJar : add fatfs
2024-05-16 10:57:36,395 [INFO] IPUIPlugin:80 - create IPUIPlugin
2024-05-16 10:57:36,395 [INFO] PluginManager:220 - loadIPPluginJar : add fmc
2024-05-16 10:57:36,436 [INFO] IPUIPlugin:80 - create IPUIPlugin
2024-05-16 10:57:36,436 [INFO] PluginManager:220 - loadIPPluginJar : add freertos
2024-05-16 10:57:36,520 [INFO] IPUIPlugin:80 - create IPUIPlugin
2024-05-16 10:57:36,520 [INFO] PluginManager:220 - loadIPPluginJar : add genericplugin
2024-05-16 10:57:36,767 [INFO] ThirdPartyUpdaterWithRetryManager:70 - Updater plugin not ready yet. [2/15]
2024-05-16 10:57:36,824 [INFO] IPUIPlugin:80 - create IPUIPlugin
2024-05-16 10:57:36,832 [INFO] PluginManager:220 - loadIPPluginJar : add gfxmmu
2024-05-16 10:57:37,137 [INFO] IPUIPlugin:80 - create IPUIPlugin
2024-05-16 10:57:37,137 [INFO] PluginManager:220 - loadIPPluginJar : add gic
2024-05-16 10:57:37,153 [INFO] IPUIPlugin:80 - create IPUIPlugin
2024-05-16 10:57:37,153 [INFO] PluginManager:220 - loadIPPluginJar : add gpio
2024-05-16 10:57:37,394 [INFO] IPUIPlugin:80 - create IPUIPlugin
2024-05-16 10:57:37,400 [INFO] PluginManager:220 - loadIPPluginJar : add gtzc
2024-05-16 10:57:37,505 [INFO] IPUIPlugin:80 - create IPUIPlugin
2024-05-16 10:57:37,505 [INFO] PluginManager:220 - loadIPPluginJar : add hash
2024-05-16 10:57:37,701 [INFO] IPUIPlugin:80 - create IPUIPlugin
2024-05-16 10:57:37,701 [INFO] PluginManager:220 - loadIPPluginJar : add i2c
2024-05-16 10:57:37,845 [INFO] IPUIPlugin:80 - create IPUIPlugin
2024-05-16 10:57:37,845 [INFO] PluginManager:220 - loadIPPluginJar : add i2s
2024-05-16 10:57:38,027 [INFO] IPUIPlugin:80 - create IPUIPlugin
2024-05-16 10:57:38,027 [INFO] PluginManager:220 - loadIPPluginJar : add i3c
2024-05-16 10:57:38,405 [INFO] IPUIPlugin:80 - create IPUIPlugin
2024-05-16 10:57:38,405 [INFO] PluginManager:220 - loadIPPluginJar : add ipddr
2024-05-16 10:57:38,663 [INFO] IPUIPlugin:80 - create IPUIPlugin
2024-05-16 10:57:38,663 [INFO] PluginManager:220 - loadIPPluginJar : add linkedlist
2024-05-16 10:57:38,776 [INFO] IPUIPlugin:80 - create IPUIPlugin
2024-05-16 10:57:38,776 [INFO] PluginManager:220 - loadIPPluginJar : add lorawan
2024-05-16 10:57:38,929 [INFO] IPUIPlugin:80 - create IPUIPlugin
2024-05-16 10:57:38,929 [INFO] PluginManager:220 - loadIPPluginJar : add ltdc
2024-05-16 10:57:39,009 [INFO] IPUIPlugin:80 - create IPUIPlugin
2024-05-16 10:57:39,009 [INFO] PluginManager:220 - loadIPPluginJar : add mdma
2024-05-16 10:57:39,041 [INFO] IPUIPlugin:80 - create IPUIPlugin
2024-05-16 10:57:39,041 [INFO] PluginManager:220 - loadIPPluginJar : add nvic
2024-05-16 10:57:39,186 [INFO] IPUIPlugin:80 - create IPUIPlugin
2024-05-16 10:57:39,187 [INFO] PluginManager:220 - loadIPPluginJar : add opamp
2024-05-16 10:57:39,448 [INFO] IPUIPlugin:80 - create IPUIPlugin
2024-05-16 10:57:39,454 [INFO] PluginManager:220 - loadIPPluginJar : add openamp
2024-05-16 10:57:39,706 [INFO] IPUIPlugin:80 - create IPUIPlugin
2024-05-16 10:57:39,706 [INFO] PluginManager:220 - loadIPPluginJar : add pdm2pcm
2024-05-16 10:57:39,759 [INFO] IPUIPlugin:80 - create IPUIPlugin
2024-05-16 10:57:39,759 [INFO] PluginManager:220 - loadIPPluginJar : add plateformsettings
2024-05-16 10:57:39,771 [INFO] ThirdPartyUpdaterWithRetryManager:70 - Updater plugin not ready yet. [3/15]
2024-05-16 10:57:39,881 [INFO] IPUIPlugin:80 - create IPUIPlugin
2024-05-16 10:57:39,881 [INFO] PluginManager:220 - loadIPPluginJar : add quadspi
2024-05-16 10:57:39,942 [INFO] IPUIPlugin:80 - create IPUIPlugin
2024-05-16 10:57:39,942 [INFO] PluginManager:220 - loadIPPluginJar : add resmgrutility
2024-05-16 10:57:40,151 [INFO] IPUIPlugin:80 - create IPUIPlugin
2024-05-16 10:57:40,151 [INFO] PluginManager:220 - loadIPPluginJar : add sai
2024-05-16 10:57:40,323 [INFO] IPUIPlugin:80 - create IPUIPlugin
2024-05-16 10:57:40,323 [INFO] PluginManager:220 - loadIPPluginJar : add spi
2024-05-16 10:57:40,603 [INFO] IPUIPlugin:80 - create IPUIPlugin
2024-05-16 10:57:40,603 [INFO] PluginManager:220 - loadIPPluginJar : add stm32_wpan
2024-05-16 10:57:40,707 [INFO] IPUIPlugin:80 - create IPUIPlugin
2024-05-16 10:57:40,707 [INFO] PluginManager:220 - loadIPPluginJar : add tim
2024-05-16 10:57:40,964 [INFO] IPUIPlugin:80 - create IPUIPlugin
2024-05-16 10:57:40,964 [INFO] PluginManager:220 - loadIPPluginJar : add touchsensing
2024-05-16 10:57:41,060 [INFO] IPUIPlugin:80 - create IPUIPlugin
2024-05-16 10:57:41,060 [INFO] PluginManager:220 - loadIPPluginJar : add tracer_emb
2024-05-16 10:57:41,140 [INFO] IPUIPlugin:80 - create IPUIPlugin
2024-05-16 10:57:41,140 [INFO] PluginManager:220 - loadIPPluginJar : add ts
2024-05-16 10:57:41,254 [INFO] IPUIPlugin:80 - create IPUIPlugin
2024-05-16 10:57:41,254 [INFO] PluginManager:220 - loadIPPluginJar : add tsc
2024-05-16 10:57:41,341 [INFO] IPUIPlugin:80 - create IPUIPlugin
2024-05-16 10:57:41,341 [INFO] PluginManager:220 - loadIPPluginJar : add ucpd
2024-05-16 10:57:41,510 [INFO] IPUIPlugin:80 - create IPUIPlugin
2024-05-16 10:57:41,510 [INFO] PluginManager:220 - loadIPPluginJar : add usart
2024-05-16 10:57:41,620 [INFO] IPUIPlugin:80 - create IPUIPlugin
2024-05-16 10:57:41,620 [INFO] PluginManager:220 - loadIPPluginJar : add usbx
2024-05-16 10:57:41,977 [INFO] CADModel:165 - CPN selected for project level
2024-05-16 10:57:41,977 [INFO] CADModel:114 - Register for checkConnection events
2024-05-16 10:57:41,977 [FATAL] Updater:308 - Updater called before beeing initialized
2024-05-16 10:57:41,977 [ERROR] CADModel:125 - Updater not yet initialized, retry later 
2024-05-16 10:57:42,437 [INFO] CADModel:165 - CPN selected for project level
2024-05-16 10:57:42,437 [INFO] CADModel:114 - Register for checkConnection events
2024-05-16 10:57:42,437 [FATAL] Updater:308 - Updater called before beeing initialized
2024-05-16 10:57:42,437 [ERROR] CADModel:125 - Updater not yet initialized, retry later 
2024-05-16 10:57:42,455 [FATAL] Updater:308 - Updater called before beeing initialized
2024-05-16 10:57:42,777 [INFO] ThirdPartyUpdaterWithRetryManager:70 - Updater plugin not ready yet. [4/15]
2024-05-16 10:57:43,059 [FATAL] Updater:308 - Updater called before beeing initialized
2024-05-16 10:57:43,099 [INFO] DbMcusAds:53 - JSON generation date=Thu May 02 11:37:29 EAT 2024 (1714639049318)
2024-05-16 10:57:43,099 [FATAL] Updater:308 - Updater called before beeing initialized
2024-05-16 10:57:43,268 [WARN] DetailPanel:346 - Failed to get advertising image, set to default
2024-05-16 10:57:43,487 [FATAL] Updater:308 - Updater called before beeing initialized
2024-05-16 10:57:43,495 [FATAL] Updater:308 - Updater called before beeing initialized
2024-05-16 10:57:43,495 [FATAL] Updater:308 - Updater called before beeing initialized
2024-05-16 10:57:43,495 [WARN] DetailPanel:346 - Failed to get advertising image, set to default
2024-05-16 10:57:43,495 [FATAL] Updater:308 - Updater called before beeing initialized
2024-05-16 10:57:43,762 [ERROR] Updater:1120 - MainUpdater not yet initialized. External WinMGr cannot be set.
2024-05-16 10:57:43,794 [INFO] Updater:1056 - Updater Version found : 6.10.0
2024-05-16 10:57:43,826 [INFO] ApplicationProperties:184 - Using Application install path: C:\ST\STM32CubeIDE_1.14.1\STM32CubeIDE\plugins\com.st.stm32cube.common.mx_6.10.0.202311202037
2024-05-16 10:57:45,502 [ERROR] LogOutputStream:75 - [STDERR_REDIRECT] May 16, 2024 10:57:45 AM java.util.prefs.WindowsPreferences <init>
2024-05-16 10:57:45,510 [ERROR] LogOutputStream:75 - [STDERR_REDIRECT] WARNING: Could not open/create prefs root node Software\JavaSoft\Prefs at root 0xffffffff80000002. Windows RegCreateKeyEx(...) returned error code 5.
2024-05-16 10:57:45,510 [ERROR] LogOutputStream:75 - [STDERR_REDIRECT] 
2024-05-16 10:57:45,632 [INFO] MainUpdater:526 - Copy updater definitions from MX database
2024-05-16 10:57:45,794 [FATAL] Updater:308 - Updater called before beeing initialized
2024-05-16 10:57:45,794 [ERROR] IntegrityCheckThread:130 - Cannot retrieve database content from updater: error 21
2024-05-16 10:57:45,794 [INFO] ThirdParty:978 - Integrity check success = false
2024-05-16 10:57:45,794 [INFO] IntegrityCheckThread:100 - exiting critical section [integrity check]
2024-05-16 10:57:45,794 [INFO] IntegrityCheckThread:103 - End integrity checks thread
2024-05-16 10:57:47,435 [INFO] MainUpdater:2873 - connection check result : 10
2024-05-16 10:57:47,435 [INFO] MainUpdater:3567 - Updater definition file requires update
2024-05-16 10:57:47,444 [INFO] MainUpdater:290 - Updater Check For Update Now.
2024-05-16 10:57:47,444 [INFO] MicroXplorer:498 - Change Database Version : DB.6.0.100
2024-05-16 10:57:47,526 [INFO] McuFinderGlobals:63 - Set McuFinder mode to 2 (CubeIDE integrated)
2024-05-16 10:57:48,167 [INFO] ServerAccessManage:473 - Download File updaters.zip
2024-05-16 10:57:51,464 [INFO] UserAuth:404 - Internet connection configuration mode: 1
2024-05-16 10:57:51,543 [INFO] JxBrowserEngine:152 - Initiate JxBrowser Engine with user profile folder
2024-05-16 10:57:51,882 [INFO] FileExtend:240 - Unzip File : updaters.zip
2024-05-16 10:57:51,882 [INFO] FileExtend:255 - Standard Zip Deflate
2024-05-16 10:57:57,615 [INFO] ServerAccessManage:473 - Download File PacksControlFlags.xml
2024-05-16 10:57:59,036 [INFO] ServerAccessManage:473 - Download File cubemx.pidx
2024-05-16 10:58:00,305 [INFO] LoadServerUpdatesThread:375 - End of LoadServerUpdate Thread
2024-05-16 10:58:02,108 [INFO] WebApp:161 - Instantiating new browser for Auth
2024-05-16 10:58:02,875 [INFO] CheckServerUpdateThread:120 - End of CheckServer Thread
2024-05-16 10:58:03,916 [INFO] WebApp:780 - Register for checkConnection events
2024-05-16 10:58:03,916 [INFO] WebApp:414 - Apply proxy settings
2024-05-16 10:58:03,916 [INFO] WebApp:499 - Chromium requires no authentication
2024-05-16 10:58:03,916 [INFO] WebApp:442 - Direct internet connection detected
2024-05-16 10:58:04,247 [INFO] WebApp:192 - Starting web application
2024-05-16 10:58:04,255 [INFO] WebApp:544 - Web application path used C:\ST\STM32CubeIDE_1.14.1\STM32CubeIDE\plugins\com.st.stm32cube.common.mx_6.10.0.202311202037\db\plugins\mcufinder\reactClient1\index.html
2024-05-16 10:58:26,804 [ERROR] LogOutputStream:75 - [STDERR_REDIRECT] SLF4J: Failed to load class "org.slf4j.impl.StaticLoggerBinder".
2024-05-16 10:58:26,819 [ERROR] LogOutputStream:75 - [STDERR_REDIRECT] SLF4J: Defaulting to no-operation (NOP) logger implementation
2024-05-16 10:58:26,819 [ERROR] LogOutputStream:75 - [STDERR_REDIRECT] SLF4J: See http://www.slf4j.org/codes.html#StaticLoggerBinder for further details.
2024-05-16 11:35:08,437 [INFO] McuFinderGlobals:63 - Set McuFinder mode to 2 (CubeIDE integrated)
2024-05-16 11:35:08,481 [INFO] MainUpdater:2873 - connection check result : 10
2024-05-16 11:35:09,429 [INFO] ApiDb:581 - Connected to CubeFinder SQLite database (C:\Users\hp\.stmcufinder\plugins\mcufinder\mcu\cube-finder-db.db)
2024-05-16 11:35:09,594 [INFO] ApiDb:668 - CubeFinder database Data Model version=2.1
2024-05-16 11:35:09,594 [INFO] ApiDb:669 - CubeFinder database Configuration version=3.0.39
2024-05-16 11:35:09,594 [INFO] ApiDb:670 - CubeFinder database generation date=2024-04-15 (1713193726)
2024-05-16 11:35:09,595 [INFO] ApiDb:671 - CubeFinder database FW Pack versions=[FP-ATR-ASTRA1_V2.0.0, FP-SNS-FLIGHT1_V5.0.1, FP-SNS-FLIGHT1_V5.0.2, FP-SNS-MOTENV1_V4.3.1, FP-SNS-MOTENV1_V4.3.2, FP-SNS-MOTENVWB1_V1.3.1, FP-SNS-SMARTAG2_V1.2.0, STM32Cube_FW_C0_V1.1.0, STM32Cube_FW_F4_V1.28.0, STM32Cube_FW_F7_V1.17.0, STM32Cube_FW_G0_V1.6.2, STM32Cube_FW_G4_V1.5.2, STM32Cube_FW_H5_V0.5.1, STM32Cube_FW_H5_V1.1.1, STM32Cube_FW_H5_V1.2.0, STM32Cube_FW_H5_V1.2.0RC4, STM32Cube_FW_H7RS_V1.0.0, STM32Cube_FW_H7RS_V1.0.0RC4, STM32Cube_FW_H7_V1.11.0, STM32Cube_FW_L0_V1.12.2, STM32Cube_FW_L5_V1.5.1, STM32Cube_FW_U0_V1.0.0, STM32Cube_FW_U0_V1.0.0RC1, STM32Cube_FW_U5_V1.3.0RC4, STM32Cube_FW_U5_V1.5.0, STM32Cube_FW_U5_V1.5.0RC1, STM32Cube_FW_WBA_V1.0.0RC1, STM32Cube_FW_WBA_V1.2.0, STM32Cube_FW_WBA_V1.2.0RC2, STM32Cube_FW_WBA_V1.3.0, STM32Cube_FW_WBA_V1.3.0RC1, STM32Cube_FW_WB_V1.15.0RC1, STM32Cube_FW_WB_V1.16.0, STM32Cube_FW_WB_V1.16.0RC2, STM32Cube_FW_WB_V1.18.0, STM32Cube_FW_WB_V1.19.0, STM32Cube_FW_WL_V1.3.0, X-CUBE-ALGOBUILD_V1.3.0, X-CUBE-ALS_V1.0.1, X-CUBE-AZRTOS-F4_V1.1.0, X-CUBE-AZRTOS-F7_V1.1.0, X-CUBE-AZRTOS-G0_V1.1.0, X-CUBE-AZRTOS-G4_V2.0.0, X-CUBE-AZRTOS-H7_V3.2.0, X-CUBE-AZRTOS-L4_V1.0.0, X-CUBE-AZRTOS-L4_V2.0.0, X-CUBE-AZRTOS-L5_V1.1.0, X-CUBE-AZRTOS-WB_V2.0.0, X-CUBE-AZRTOS-WL_V2.0.0, X-CUBE-BLE1_V7.0.0, X-CUBE-BLE2_V3.3.0, X-CUBE-BLEMGR_V3.1.0, X-CUBE-EEPRMA1_V4.1.0, X-CUBE-EEPRMA1_V5.1.0, X-CUBE-FREERTOS_V1.1.0, X-CUBE-GNSS1_V6.0.0, X-CUBE-MEMS1_V10.0.0, X-CUBE-MEMS1_V9.1.0, X-CUBE-MEMS1_V9.4.0, X-CUBE-MEMS1_V9.6.0, X-CUBE-NFC4_V3.0.0, X-CUBE-NFC7_V1.0.1, X-CUBE-SFXS2LP1_V4.0.0, X-CUBE-SUBG2_V5.0.0, X-CUBE-TOF1_V3.4.0]
2024-05-16 11:35:09,828 [INFO] DbBoardsSqlite:226 - include board P-NUCLEO-WB55-NUCLEO as a kit item of type 'Nucleo-64'
2024-05-16 11:35:09,828 [INFO] DbBoardsSqlite:226 - include board P-NUCLEO-WB55-USBDONGLE as a kit item of type 'Nucleo USB Dongle'
2024-05-16 11:35:09,830 [INFO] DbBoardsSqlite:226 - include board STEVAL-IDP005V1 as a kit item of type 'Evaluation Board'
2024-05-16 11:35:09,830 [INFO] DbBoardsSqlite:226 - include board STEVAL-IDP005V2 as a kit item of type 'Evaluation Board'
2024-05-16 11:35:10,773 [INFO] ApiDb:240 - Found 371 in-development CPN: [B-G473E-ZEST1S, B-WB1M-WPAN1, B-WL5M-SUBG1, NUCLEO-C031C6, NUCLEO-H503RB, NUCLEO-H563ZI, NUCLEO-U545RE-Q, NUCLEO-U5A5ZJ-Q, NUCLEO-WBA52CG, NUCLEO-WBA55CG, STEVAL-MKBOXPRO, STEVAL-PROTEUS1, STEVAL-STWINBX1, STM320518-EVAL, STM32C0116-DK, STM32C011D6Y3TR, STM32C011D6Y6TR, STM32C011F4P3, STM32C011F4P6, STM32C011F4U3, STM32C011F4U6TR, STM32C011F6P3, STM32C011F6P6, STM32C011F6U3, STM32C011F6U6TR, STM32C011J4M3, STM32C011J4M6, STM32C011J6M3, STM32C011J6M6, STM32C0316-DK, STM32C031C4T3, STM32C031C4T6, STM32C031C4U3, STM32C031C4U6, STM32C031C6T3, STM32C031C6T6, STM32C031C6U3, STM32C031C6U6, STM32C031F4P3, STM32C031F4P6, STM32C031F6P3, STM32C031F6P6, STM32C031G4U3, STM32C031G4U6, STM32C031G6U3, STM32C031G6U6, STM32C031K4T3, STM32C031K4T6, STM32C031K4U3, STM32C031K4U6, STM32C031K6T3, STM32C031K6T6, STM32C031K6U3, STM32C031K6U6, STM32G071K8TXN, STM32G071K8UXN, STM32G081GBU6N, STM32G081KBT6N, STM32G081KBUXN, STM32G0B1CCT6N, STM32G0B1KCT6, STM32G0B1NEY6TR, STM32G0B1RCT6N, STM32G0C1CCT6, STM32G0C1CCT6N, STM32G0C1CCU6N, STM32G0C1CET6N, STM32G0C1CEU6N, STM32G0C1KCT6, STM32G0C1NEY6TR, STM32G0C1RCI6N, STM32G0C1RCT6N, STM32G0C1REI6N, STM32G0C1RET6N, STM32G0C1VCI6, STM32G0C1VEI6, STM32G471CCT6, STM32G471CCU6, STM32G471CET3, STM32G471CET6, STM32G471CEU3, STM32G471CEU6, STM32G471MCT6, STM32G471MET3, STM32G471MET6, STM32G471MEY6TR, STM32G471QCT6, STM32G471QET3, STM32G471RCT6, STM32G471RET3, STM32G471RET6, STM32G471VCH6, STM32G471VCI6, STM32G471VCT6, STM32G471VEH3, STM32G471VEH6, STM32G471VEI3, STM32G471VEI6, STM32G471VET3, STM32G471VET6, STM32G474CCT6, STM32H503CBT6, STM32H503CBU6, STM32H503EBY6TR, STM32H503KBU6, STM32H503RBT6, STM32H562AGI6, STM32H562AII6, STM32H562IGK6, STM32H562IGT6, STM32H562IIK6, STM32H562IIT6, STM32H562RGT6, STM32H562RGV6, STM32H562RIT6, STM32H562RIV6, STM32H562VGT6, STM32H562VIT6, STM32H562ZGT6, STM32H562ZIT6, STM32H563AGI6, STM32H563AII3Q, STM32H563AII6, STM32H563IGK6, STM32H563IGT6, STM32H563IIK3Q, STM32H563IIK6, STM32H563IIT3Q, STM32H563IIT6, STM32H563MIY3QTR, STM32H563RGT6, STM32H563RGV6, STM32H563RIT6, STM32H563RIV6, STM32H563VGT6, STM32H563VIT3Q, STM32H563VIT6, STM32H563ZGT6, STM32H563ZIT3Q, STM32H563ZIT6, STM32H573AII3Q, STM32H573AII6, STM32H573I-DK, STM32H573IIK3Q, STM32H573IIK6, STM32H573IIT3Q, STM32H573IIT6, STM32H573MIY3QTR, STM32H573RIT6, STM32H573RIV6, STM32H573VIT3Q, STM32H573VIT6, STM32H573ZIT3Q, STM32H573ZIT6, STM32L4R5QGI6STR, STM32MP131AAE3, STM32MP131AAF3, STM32MP131AAG3, STM32MP131CAE3, STM32MP131CAF3, STM32MP131CAG3, STM32MP131DAE7, STM32MP131DAF7, STM32MP131DAG7, STM32MP131FAE7, STM32MP131FAF7, STM32MP131FAG7, STM32MP133AAE3, STM32MP133AAF3, STM32MP133AAG3, STM32MP133CAE3, STM32MP133CAF3, STM32MP133CAG3, STM32MP133DAE7, STM32MP133DAF7, STM32MP133DAG7, STM32MP133FAE7, STM32MP133FAF7, STM32MP133FAG7, STM32MP135AAE3, STM32MP135AAF3, STM32MP135AAG3, STM32MP135CAE3, STM32MP135CAF3, STM32MP135CAG3, STM32MP135DAE7, STM32MP135DAF7, STM32MP135DAG7, STM32MP135F-DK, STM32MP135FAE7, STM32MP135FAF7, STM32MP135FAF7T, STM32MP135FAF7U, STM32MP135FAG7, STM32U535CBT6, STM32U535CBT6Q, STM32U535CBU6, STM32U535CBU6Q, STM32U535CCT6, STM32U535CCT6Q, STM32U535CCU6, STM32U535CCU6Q, STM32U535CET6, STM32U535CET6Q, STM32U535CEU6, STM32U535CEU6Q, STM32U535JEY6QTR, STM32U535NCY6QTR, STM32U535NEY6QTR, STM32U535RBI6, STM32U535RBI6Q, STM32U535RBT6, STM32U535RBT6Q, STM32U535RCI6, STM32U535RCI6Q, STM32U535RCT6, STM32U535RCT6Q, STM32U535REI6, STM32U535REI6Q, STM32U535RET6, STM32U535RET6Q, STM32U535VCI6, STM32U535VCI6Q, STM32U535VCT6, STM32U535VCT6Q, STM32U535VEI6, STM32U535VEI6Q, STM32U535VET6, STM32U535VET6Q, STM32U545CET6, STM32U545CET6Q, STM32U545CEU6, STM32U545CEU6Q, STM32U545JEY6QTR, STM32U545NEY6QTR, STM32U545REI6, STM32U545REI6Q, STM32U545RET6, STM32U545RET6Q, STM32U545VEI6, STM32U545VEI6Q, STM32U545VET6, STM32U545VET6Q, STM32U595AIH6, STM32U595AIH6Q, STM32U595AJH6, STM32U595AJH6Q, STM32U595QII6, STM32U595QII6Q, STM32U595QJI6, STM32U595QJI6Q, STM32U595RIT6, STM32U595RIT6Q, STM32U595RJT6, STM32U595RJT6Q, STM32U595VIT6, STM32U595VIT6Q, STM32U595VJT6, STM32U595VJT6Q, STM32U595ZIT6, STM32U595ZIT6Q, STM32U595ZIY6QTR, STM32U595ZJT6, STM32U595ZJT6Q, STM32U595ZJY6QTR, STM32U599BJY6QTR, STM32U599NIH6Q, STM32U599NJH6Q, STM32U599VIT6Q, STM32U599VJT6, STM32U599VJT6Q, STM32U599ZIT6Q, STM32U599ZIY6QTR, STM32U599ZJT6Q, STM32U599ZJY6QTR, STM32U5A5AJH6, STM32U5A5AJH6Q, STM32U5A5QJI6, STM32U5A5QJI6Q, STM32U5A5RJT6, STM32U5A5RJT6Q, STM32U5A5VJT6, STM32U5A5VJT6Q, STM32U5A5ZJT6, STM32U5A5ZJT6Q, STM32U5A5ZJY6QTR, STM32U5A9BJY6QTR, STM32U5A9J-DK, STM32U5A9NJH6Q, STM32U5A9VJT6Q, STM32U5A9ZJT6Q, STM32U5A9ZJY6QTR, STM32U5F7VIT6, STM32U5F7VIT6Q, STM32U5F7VJT6, STM32U5F7VJT6Q, STM32U5F9BJY6QTR, STM32U5F9NJH6Q, STM32U5F9VIT6Q, STM32U5F9VJT6Q, STM32U5F9ZIJ6QTR, STM32U5F9ZIT6Q, STM32U5F9ZJJ6QTR, STM32U5F9ZJT6Q, STM32U5G7VJT6, STM32U5G7VJT6Q, STM32U5G9BJY6QTR, STM32U5G9J-DK1, STM32U5G9J-DK2, STM32U5G9NJH6Q, STM32U5G9VJT6Q, STM32U5G9ZJJ6QTR, STM32U5G9ZJT6Q, STM32WB1MMCH6, STM32WBA50KEU6, STM32WBA50KEU6TR, STM32WBA50KGU6, STM32WBA50KGU6TR, STM32WBA52CEU6, STM32WBA52CEU6TR, STM32WBA52CEU7, STM32WBA52CEU7TR, STM32WBA52CGU6, STM32WBA52CGU6TR, STM32WBA52CGU6U, STM32WBA52CGU7, STM32WBA52CGU7TR, STM32WBA52KEU6, STM32WBA52KEU6TR, STM32WBA52KGU6, STM32WBA52KGU6TR, STM32WBA54CEU6, STM32WBA54CEU6TR, STM32WBA54CEU7, STM32WBA54CEU7TR, STM32WBA54CGU6, STM32WBA54CGU6TR, STM32WBA54CGU7, STM32WBA54CGU7TR, STM32WBA54KEU6, STM32WBA54KEU6TR, STM32WBA54KEU7, STM32WBA54KEU7TR, STM32WBA54KGU6, STM32WBA54KGU6TR, STM32WBA54KGU7, STM32WBA54KGU7TR, STM32WBA55CEU6, STM32WBA55CEU6TR, STM32WBA55CEU7, STM32WBA55CEU7TR, STM32WBA55CGU6, STM32WBA55CGU6TR, STM32WBA55CGU6U, STM32WBA55CGU7, STM32WBA55CGU7TR, STM32WBA55G-DK1, STM32WBA55HEF6, STM32WBA55HEF7, STM32WBA55HGF6, STM32WBA55HGF7, STM32WBA55UEI6, STM32WBA55UEI6TR, STM32WBA55UEI7, STM32WBA55UEI7TR, STM32WBA55UGI6, STM32WBA55UGI6TR, STM32WBA55UGI7, STM32WBA55UGI7TR, STM32WL5MOCH6, STM32WL5MOCH6TR]
2024-05-16 11:35:10,935 [INFO] BoardInfo:889 - No configuration file found for board NUCLEO-H533RE
2024-05-16 11:35:10,936 [INFO] DbBoards:161 - Board is not supported: NUCLEO-H533RE
2024-05-16 11:35:10,953 [INFO] BoardInfo:889 - No configuration file found for board NUCLEO-H7S3L8
2024-05-16 11:35:10,953 [INFO] DbBoards:161 - Board is not supported: NUCLEO-H7S3L8
2024-05-16 11:35:10,994 [INFO] BoardInfo:889 - No configuration file found for board NUCLEO-U031R8
2024-05-16 11:35:10,994 [INFO] DbBoards:161 - Board is not supported: NUCLEO-U031R8
2024-05-16 11:35:10,995 [INFO] BoardInfo:889 - No configuration file found for board NUCLEO-U083RC
2024-05-16 11:35:10,996 [INFO] DbBoards:161 - Board is not supported: NUCLEO-U083RC
2024-05-16 11:35:11,018 [INFO] BoardInfo:889 - No configuration file found for board P-NUCLEO-WB55
2024-05-16 11:35:11,019 [INFO] DbBoards:161 - Kit is not supported: P-NUCLEO-WB55
2024-05-16 11:35:11,028 [INFO] BoardInfo:889 - No configuration file found for board STEVAL-BFA001V1B
2024-05-16 11:35:11,029 [INFO] DbBoards:161 - Kit is not supported: STEVAL-BFA001V1B
2024-05-16 11:35:11,030 [INFO] BoardInfo:889 - No configuration file found for board STEVAL-BFA001V2B
2024-05-16 11:35:11,031 [INFO] DbBoards:161 - Kit is not supported: STEVAL-BFA001V2B
2024-05-16 11:35:11,196 [INFO] BoardInfo:889 - No configuration file found for board STM32H7S78-DK
2024-05-16 11:35:11,197 [INFO] DbBoards:161 - Board is not supported: STM32H7S78-DK
2024-05-16 11:35:11,309 [INFO] BoardInfo:889 - No configuration file found for board STM32U083C-DK
2024-05-16 11:35:11,310 [INFO] DbBoards:161 - Board is not supported: STM32U083C-DK
2024-05-16 11:35:11,322 [INFO] DbBoards:168 - Found 199 boards, 190 are supported
2024-05-16 11:35:11,323 [INFO] DbBoards:169 - Found 199 boards, 3 of them is supported for  Bsp
2024-05-16 11:35:11,328 [INFO] ApiDb:668 - CubeFinder database Data Model version=2.1
2024-05-16 11:35:11,328 [INFO] ApiDb:669 - CubeFinder database Configuration version=3.0.39
2024-05-16 11:35:11,328 [INFO] ApiDb:670 - CubeFinder database generation date=2024-04-15 (1713193726)
2024-05-16 11:35:11,329 [INFO] ApiDb:671 - CubeFinder database FW Pack versions=[FP-ATR-ASTRA1_V2.0.0, FP-SNS-FLIGHT1_V5.0.1, FP-SNS-FLIGHT1_V5.0.2, FP-SNS-MOTENV1_V4.3.1, FP-SNS-MOTENV1_V4.3.2, FP-SNS-MOTENVWB1_V1.3.1, FP-SNS-SMARTAG2_V1.2.0, STM32Cube_FW_C0_V1.1.0, STM32Cube_FW_F4_V1.28.0, STM32Cube_FW_F7_V1.17.0, STM32Cube_FW_G0_V1.6.2, STM32Cube_FW_G4_V1.5.2, STM32Cube_FW_H5_V0.5.1, STM32Cube_FW_H5_V1.1.1, STM32Cube_FW_H5_V1.2.0, STM32Cube_FW_H5_V1.2.0RC4, STM32Cube_FW_H7RS_V1.0.0, STM32Cube_FW_H7RS_V1.0.0RC4, STM32Cube_FW_H7_V1.11.0, STM32Cube_FW_L0_V1.12.2, STM32Cube_FW_L5_V1.5.1, STM32Cube_FW_U0_V1.0.0, STM32Cube_FW_U0_V1.0.0RC1, STM32Cube_FW_U5_V1.3.0RC4, STM32Cube_FW_U5_V1.5.0, STM32Cube_FW_U5_V1.5.0RC1, STM32Cube_FW_WBA_V1.0.0RC1, STM32Cube_FW_WBA_V1.2.0, STM32Cube_FW_WBA_V1.2.0RC2, STM32Cube_FW_WBA_V1.3.0, STM32Cube_FW_WBA_V1.3.0RC1, STM32Cube_FW_WB_V1.15.0RC1, STM32Cube_FW_WB_V1.16.0, STM32Cube_FW_WB_V1.16.0RC2, STM32Cube_FW_WB_V1.18.0, STM32Cube_FW_WB_V1.19.0, STM32Cube_FW_WL_V1.3.0, X-CUBE-ALGOBUILD_V1.3.0, X-CUBE-ALS_V1.0.1, X-CUBE-AZRTOS-F4_V1.1.0, X-CUBE-AZRTOS-F7_V1.1.0, X-CUBE-AZRTOS-G0_V1.1.0, X-CUBE-AZRTOS-G4_V2.0.0, X-CUBE-AZRTOS-H7_V3.2.0, X-CUBE-AZRTOS-L4_V1.0.0, X-CUBE-AZRTOS-L4_V2.0.0, X-CUBE-AZRTOS-L5_V1.1.0, X-CUBE-AZRTOS-WB_V2.0.0, X-CUBE-AZRTOS-WL_V2.0.0, X-CUBE-BLE1_V7.0.0, X-CUBE-BLE2_V3.3.0, X-CUBE-BLEMGR_V3.1.0, X-CUBE-EEPRMA1_V4.1.0, X-CUBE-EEPRMA1_V5.1.0, X-CUBE-FREERTOS_V1.1.0, X-CUBE-GNSS1_V6.0.0, X-CUBE-MEMS1_V10.0.0, X-CUBE-MEMS1_V9.1.0, X-CUBE-MEMS1_V9.4.0, X-CUBE-MEMS1_V9.6.0, X-CUBE-NFC4_V3.0.0, X-CUBE-NFC7_V1.0.1, X-CUBE-SFXS2LP1_V4.0.0, X-CUBE-SUBG2_V5.0.0, X-CUBE-TOF1_V3.4.0]
2024-05-16 11:35:14,793 [INFO] ApiDb:240 - Found 371 in-development CPN: [B-G473E-ZEST1S, B-WB1M-WPAN1, B-WL5M-SUBG1, NUCLEO-C031C6, NUCLEO-H503RB, NUCLEO-H563ZI, NUCLEO-U545RE-Q, NUCLEO-U5A5ZJ-Q, NUCLEO-WBA52CG, NUCLEO-WBA55CG, STEVAL-MKBOXPRO, STEVAL-PROTEUS1, STEVAL-STWINBX1, STM320518-EVAL, STM32C0116-DK, STM32C011D6Y3TR, STM32C011D6Y6TR, STM32C011F4P3, STM32C011F4P6, STM32C011F4U3, STM32C011F4U6TR, STM32C011F6P3, STM32C011F6P6, STM32C011F6U3, STM32C011F6U6TR, STM32C011J4M3, STM32C011J4M6, STM32C011J6M3, STM32C011J6M6, STM32C0316-DK, STM32C031C4T3, STM32C031C4T6, STM32C031C4U3, STM32C031C4U6, STM32C031C6T3, STM32C031C6T6, STM32C031C6U3, STM32C031C6U6, STM32C031F4P3, STM32C031F4P6, STM32C031F6P3, STM32C031F6P6, STM32C031G4U3, STM32C031G4U6, STM32C031G6U3, STM32C031G6U6, STM32C031K4T3, STM32C031K4T6, STM32C031K4U3, STM32C031K4U6, STM32C031K6T3, STM32C031K6T6, STM32C031K6U3, STM32C031K6U6, STM32G071K8TXN, STM32G071K8UXN, STM32G081GBU6N, STM32G081KBT6N, STM32G081KBUXN, STM32G0B1CCT6N, STM32G0B1KCT6, STM32G0B1NEY6TR, STM32G0B1RCT6N, STM32G0C1CCT6, STM32G0C1CCT6N, STM32G0C1CCU6N, STM32G0C1CET6N, STM32G0C1CEU6N, STM32G0C1KCT6, STM32G0C1NEY6TR, STM32G0C1RCI6N, STM32G0C1RCT6N, STM32G0C1REI6N, STM32G0C1RET6N, STM32G0C1VCI6, STM32G0C1VEI6, STM32G471CCT6, STM32G471CCU6, STM32G471CET3, STM32G471CET6, STM32G471CEU3, STM32G471CEU6, STM32G471MCT6, STM32G471MET3, STM32G471MET6, STM32G471MEY6TR, STM32G471QCT6, STM32G471QET3, STM32G471RCT6, STM32G471RET3, STM32G471RET6, STM32G471VCH6, STM32G471VCI6, STM32G471VCT6, STM32G471VEH3, STM32G471VEH6, STM32G471VEI3, STM32G471VEI6, STM32G471VET3, STM32G471VET6, STM32G474CCT6, STM32H503CBT6, STM32H503CBU6, STM32H503EBY6TR, STM32H503KBU6, STM32H503RBT6, STM32H562AGI6, STM32H562AII6, STM32H562IGK6, STM32H562IGT6, STM32H562IIK6, STM32H562IIT6, STM32H562RGT6, STM32H562RGV6, STM32H562RIT6, STM32H562RIV6, STM32H562VGT6, STM32H562VIT6, STM32H562ZGT6, STM32H562ZIT6, STM32H563AGI6, STM32H563AII3Q, STM32H563AII6, STM32H563IGK6, STM32H563IGT6, STM32H563IIK3Q, STM32H563IIK6, STM32H563IIT3Q, STM32H563IIT6, STM32H563MIY3QTR, STM32H563RGT6, STM32H563RGV6, STM32H563RIT6, STM32H563RIV6, STM32H563VGT6, STM32H563VIT3Q, STM32H563VIT6, STM32H563ZGT6, STM32H563ZIT3Q, STM32H563ZIT6, STM32H573AII3Q, STM32H573AII6, STM32H573I-DK, STM32H573IIK3Q, STM32H573IIK6, STM32H573IIT3Q, STM32H573IIT6, STM32H573MIY3QTR, STM32H573RIT6, STM32H573RIV6, STM32H573VIT3Q, STM32H573VIT6, STM32H573ZIT3Q, STM32H573ZIT6, STM32L4R5QGI6STR, STM32MP131AAE3, STM32MP131AAF3, STM32MP131AAG3, STM32MP131CAE3, STM32MP131CAF3, STM32MP131CAG3, STM32MP131DAE7, STM32MP131DAF7, STM32MP131DAG7, STM32MP131FAE7, STM32MP131FAF7, STM32MP131FAG7, STM32MP133AAE3, STM32MP133AAF3, STM32MP133AAG3, STM32MP133CAE3, STM32MP133CAF3, STM32MP133CAG3, STM32MP133DAE7, STM32MP133DAF7, STM32MP133DAG7, STM32MP133FAE7, STM32MP133FAF7, STM32MP133FAG7, STM32MP135AAE3, STM32MP135AAF3, STM32MP135AAG3, STM32MP135CAE3, STM32MP135CAF3, STM32MP135CAG3, STM32MP135DAE7, STM32MP135DAF7, STM32MP135DAG7, STM32MP135F-DK, STM32MP135FAE7, STM32MP135FAF7, STM32MP135FAF7T, STM32MP135FAF7U, STM32MP135FAG7, STM32U535CBT6, STM32U535CBT6Q, STM32U535CBU6, STM32U535CBU6Q, STM32U535CCT6, STM32U535CCT6Q, STM32U535CCU6, STM32U535CCU6Q, STM32U535CET6, STM32U535CET6Q, STM32U535CEU6, STM32U535CEU6Q, STM32U535JEY6QTR, STM32U535NCY6QTR, STM32U535NEY6QTR, STM32U535RBI6, STM32U535RBI6Q, STM32U535RBT6, STM32U535RBT6Q, STM32U535RCI6, STM32U535RCI6Q, STM32U535RCT6, STM32U535RCT6Q, STM32U535REI6, STM32U535REI6Q, STM32U535RET6, STM32U535RET6Q, STM32U535VCI6, STM32U535VCI6Q, STM32U535VCT6, STM32U535VCT6Q, STM32U535VEI6, STM32U535VEI6Q, STM32U535VET6, STM32U535VET6Q, STM32U545CET6, STM32U545CET6Q, STM32U545CEU6, STM32U545CEU6Q, STM32U545JEY6QTR, STM32U545NEY6QTR, STM32U545REI6, STM32U545REI6Q, STM32U545RET6, STM32U545RET6Q, STM32U545VEI6, STM32U545VEI6Q, STM32U545VET6, STM32U545VET6Q, STM32U595AIH6, STM32U595AIH6Q, STM32U595AJH6, STM32U595AJH6Q, STM32U595QII6, STM32U595QII6Q, STM32U595QJI6, STM32U595QJI6Q, STM32U595RIT6, STM32U595RIT6Q, STM32U595RJT6, STM32U595RJT6Q, STM32U595VIT6, STM32U595VIT6Q, STM32U595VJT6, STM32U595VJT6Q, STM32U595ZIT6, STM32U595ZIT6Q, STM32U595ZIY6QTR, STM32U595ZJT6, STM32U595ZJT6Q, STM32U595ZJY6QTR, STM32U599BJY6QTR, STM32U599NIH6Q, STM32U599NJH6Q, STM32U599VIT6Q, STM32U599VJT6, STM32U599VJT6Q, STM32U599ZIT6Q, STM32U599ZIY6QTR, STM32U599ZJT6Q, STM32U599ZJY6QTR, STM32U5A5AJH6, STM32U5A5AJH6Q, STM32U5A5QJI6, STM32U5A5QJI6Q, STM32U5A5RJT6, STM32U5A5RJT6Q, STM32U5A5VJT6, STM32U5A5VJT6Q, STM32U5A5ZJT6, STM32U5A5ZJT6Q, STM32U5A5ZJY6QTR, STM32U5A9BJY6QTR, STM32U5A9J-DK, STM32U5A9NJH6Q, STM32U5A9VJT6Q, STM32U5A9ZJT6Q, STM32U5A9ZJY6QTR, STM32U5F7VIT6, STM32U5F7VIT6Q, STM32U5F7VJT6, STM32U5F7VJT6Q, STM32U5F9BJY6QTR, STM32U5F9NJH6Q, STM32U5F9VIT6Q, STM32U5F9VJT6Q, STM32U5F9ZIJ6QTR, STM32U5F9ZIT6Q, STM32U5F9ZJJ6QTR, STM32U5F9ZJT6Q, STM32U5G7VJT6, STM32U5G7VJT6Q, STM32U5G9BJY6QTR, STM32U5G9J-DK1, STM32U5G9J-DK2, STM32U5G9NJH6Q, STM32U5G9VJT6Q, STM32U5G9ZJJ6QTR, STM32U5G9ZJT6Q, STM32WB1MMCH6, STM32WBA50KEU6, STM32WBA50KEU6TR, STM32WBA50KGU6, STM32WBA50KGU6TR, STM32WBA52CEU6, STM32WBA52CEU6TR, STM32WBA52CEU7, STM32WBA52CEU7TR, STM32WBA52CGU6, STM32WBA52CGU6TR, STM32WBA52CGU6U, STM32WBA52CGU7, STM32WBA52CGU7TR, STM32WBA52KEU6, STM32WBA52KEU6TR, STM32WBA52KGU6, STM32WBA52KGU6TR, STM32WBA54CEU6, STM32WBA54CEU6TR, STM32WBA54CEU7, STM32WBA54CEU7TR, STM32WBA54CGU6, STM32WBA54CGU6TR, STM32WBA54CGU7, STM32WBA54CGU7TR, STM32WBA54KEU6, STM32WBA54KEU6TR, STM32WBA54KEU7, STM32WBA54KEU7TR, STM32WBA54KGU6, STM32WBA54KGU6TR, STM32WBA54KGU7, STM32WBA54KGU7TR, STM32WBA55CEU6, STM32WBA55CEU6TR, STM32WBA55CEU7, STM32WBA55CEU7TR, STM32WBA55CGU6, STM32WBA55CGU6TR, STM32WBA55CGU6U, STM32WBA55CGU7, STM32WBA55CGU7TR, STM32WBA55G-DK1, STM32WBA55HEF6, STM32WBA55HEF7, STM32WBA55HGF6, STM32WBA55HGF7, STM32WBA55UEI6, STM32WBA55UEI6TR, STM32WBA55UEI7, STM32WBA55UEI7TR, STM32WBA55UGI6, STM32WBA55UGI6TR, STM32WBA55UGI7, STM32WBA55UGI7TR, STM32WL5MOCH6, STM32WL5MOCH6TR]
2024-05-16 11:35:14,799 [INFO] DbMcus:218 - Found 4092 MCUs, 4092 are supported
2024-05-16 11:35:14,800 [INFO] ApiDb:423 - Load user favorites file C:\Users\hp/.stm32cubeide/favorites.mcus.txt: 0 item(s)
2024-05-16 11:35:14,801 [INFO] ApiDb:427 - User favorites MCUs=[]
2024-05-16 11:35:14,801 [INFO] DbMcus:224 - Set 0 / 0 favorites MCUs
2024-05-16 11:35:15,659 [INFO] ApiDb:414 - User favorites file not found: C:\Users\hp/.stm32cubeide/favorites.boards.txt
2024-05-16 11:35:15,660 [INFO] DbBoards:198 - Set 0 / 0 favorites Boards
2024-05-16 11:35:15,660 [INFO] McuFinderGlobals:76 - Set McuFinderConnectedMode to true
2024-05-16 11:35:15,669 [INFO] MultiScanPanel:200 - Auto-refresh data requested => check proxy status ongoing
2024-05-16 11:35:15,674 [INFO] FinderPluginLoader:95 - Searching for filters in installed packs
2024-05-16 11:35:18,383 [INFO] LoadUrlFilesThread:185 - End of LoadServerUrlFiles without Thread
2024-05-16 11:35:18,513 [INFO] DetailPanel:341 - Set advertising image to C:/Users/hp/STM32Cube/Repository/\en.prom-stm32h7rs-mcu-finder.png
2024-05-16 11:39:23,320 [INFO] MainUpdater:2873 - connection check result : 10
2024-05-16 11:39:23,320 [INFO] MainUpdater:2873 - connection check result : 10
2024-05-16 11:39:23,372 [INFO] MicroXplorer:468 - Change Database Path : 
2024-05-16 11:39:23,372 [INFO] MicroXplorer:498 - Change Database Version : DB.6.0.100
2024-05-16 11:39:23,387 [WARN] ThirdParty:871 - waiting for thirdparty lock release [close project]
2024-05-16 11:39:23,387 [INFO] ThirdParty:873 - entering critical section [close project]
2024-05-16 11:39:23,388 [INFO] ThirdParty:883 - exiting critical section [close project]
2024-05-16 11:39:23,392 [INFO] PinOutPanel:1499 - setPackage(No Configuration,No Configuration)
2024-05-16 11:39:23,413 [INFO] UtilMem:75 - Begin LoadConfig() Used Memory: 791912400 Bytes (1073741824)
2024-05-16 11:39:23,415 [INFO] MicroXplorer:468 - Change Database Path : 
2024-05-16 11:39:23,415 [INFO] MicroXplorer:498 - Change Database Version : DB.6.0.100
2024-05-16 11:39:23,416 [INFO] OpenFileManager:312 - Change cursor
2024-05-16 11:39:23,450 [WARN] IntegrityCheckThread:84 - waiting for thirdparty lock release [integrity check]
2024-05-16 11:39:23,450 [INFO] IntegrityCheckThread:86 - entering critical section [integrity check]
2024-05-16 11:39:24,162 [WARN] PackLoader:240 - Cannot read IP mode file for STMicroelectronics.FP-SNS-MOTENVWB1.1.4.0
2024-05-16 11:39:24,207 [WARN] PackLoader:240 - Cannot read IP mode file for STMicroelectronics.X-CUBE-SMBUS.2.1.0
2024-05-16 11:39:24,247 [WARN] PackLoader:240 - Cannot read IP mode file for STMicroelectronics.X-CUBE-TOUCHGFX.4.23.2
2024-05-16 11:39:24,346 [WARN] PackLoader:240 - Cannot read IP mode file for STMicroelectronics.X-CUBE-AZRTOS-F7.1.1.0
2024-05-16 11:39:24,396 [WARN] PackLoader:240 - Cannot read IP mode file for STMicroelectronics.FP-SNS-FLIGHT1.5.0.2
2024-05-16 11:39:24,434 [WARN] PackLoader:240 - Cannot read IP mode file for STMicroelectronics.X-CUBE-DISPLAY.3.0.0
2024-05-16 11:39:24,480 [WARN] PackLoader:240 - Cannot read IP mode file for STMicroelectronics.X-CUBE-BLE1.7.0.0
2024-05-16 11:39:24,513 [WARN] PackLoader:240 - Cannot read IP mode file for emotas.I-CUBE-CANOPEN.1.3.0
2024-05-16 11:39:24,549 [WARN] PackLoader:240 - Cannot read IP mode file for STMicroelectronics.X-CUBE-BLEMGR.3.1.0
2024-05-16 11:39:24,596 [WARN] PackLoader:240 - Cannot read IP mode file for STMicroelectronics.FP-SNS-SMARTAG2.1.2.0
2024-05-16 11:39:24,638 [INFO] LogOutputStream:77 - [STDOUT_REDIRECT] 1 : Invalid condition id : UX_CORESTACK_Condition cause : null
2024-05-16 11:39:24,639 [INFO] LogOutputStream:77 - [STDOUT_REDIRECT] 1 : Invalid condition id : UX_CORESTACK_Condition cause : null
2024-05-16 11:39:24,644 [INFO] LogOutputStream:77 - [STDOUT_REDIRECT] 1 : Invalid condition id : UX_CORESTACK_Condition cause : null
2024-05-16 11:39:24,647 [INFO] LogOutputStream:77 - [STDOUT_REDIRECT] 1 : Invalid condition id : UX_CORESTACK_Condition cause : null
2024-05-16 11:39:24,651 [INFO] LogOutputStream:77 - [STDOUT_REDIRECT] 1 : Invalid condition id : UX_CORESTACK_Condition cause : null
2024-05-16 11:39:24,662 [WARN] PackLoader:240 - Cannot read IP mode file for STMicroelectronics.X-CUBE-AZRTOS-WL.2.0.0
2024-05-16 11:39:24,698 [WARN] PackLoader:240 - Cannot read IP mode file for STMicroelectronics.FP-SNS-MOTENV1.5.0.0
2024-05-16 11:39:24,735 [WARN] PackLoader:240 - Cannot read IP mode file for WES.I-CUBE-Cesium.1.3.0
2024-05-16 11:39:24,762 [WARN] PackLoader:240 - Cannot read IP mode file for STMicroelectronics.X-CUBE-BLE2.3.3.0
2024-05-16 11:39:24,790 [WARN] PackLoader:240 - Cannot read IP mode file for STMicroelectronics.X-CUBE-TCPP.4.1.0
2024-05-16 11:39:24,861 [WARN] PackLoader:240 - Cannot read IP mode file for STMicroelectronics.X-CUBE-AZRTOS-G0.1.1.0
2024-05-16 11:39:24,895 [WARN] PackLoader:240 - Cannot read IP mode file for STMicroelectronics.X-CUBE-SAFEA1.1.2.2
2024-05-16 11:39:24,923 [WARN] PackLoader:240 - Cannot read IP mode file for STMicroelectronics.X-CUBE-NFC4.3.0.0
2024-05-16 11:39:24,949 [WARN] PackLoader:240 - Cannot read IP mode file for wolfSSL.I-CUBE-wolfSSL.5.7.0
2024-05-16 11:39:24,970 [WARN] PackLoader:240 - Cannot read IP mode file for STMicroelectronics.FP-ATR-SIGFOX1.3.2.0
2024-05-16 11:39:25,002 [WARN] PackLoader:240 - Cannot read IP mode file for STMicroelectronics.X-CUBE-EEPRMA1.5.1.0
2024-05-16 11:39:25,151 [WARN] PackLoader:240 - Cannot read IP mode file for ITTIA_DB.I-CUBE-ITTIADB.8.9.0
2024-05-16 11:39:25,261 [WARN] PackLoader:240 - Cannot read IP mode file for SEGGER.I-CUBE-embOS.1.3.1
2024-05-16 11:39:25,410 [WARN] PackLoader:240 - Cannot read IP mode file for STMicroelectronics.X-CUBE-ALGOBUILD.1.4.0
2024-05-16 11:39:25,444 [WARN] PackLoader:240 - Cannot read IP mode file for STMicroelectronics.X-CUBE-GNSS1.6.0.0
2024-05-16 11:39:25,507 [WARN] PackLoader:240 - Cannot read IP mode file for STMicroelectronics.X-CUBE-AZRTOS-F4.1.1.0
2024-05-16 11:39:25,560 [WARN] PackLoader:240 - Cannot read IP mode file for STMicroelectronics.X-CUBE-FREERTOS.1.2.0
2024-05-16 11:39:25,622 [WARN] PackLoader:240 - Cannot read IP mode file for STMicroelectronics.X-CUBE-AZRTOS-L5.2.0.0
2024-05-16 11:39:25,664 [WARN] PackLoader:240 - Cannot read IP mode file for STMicroelectronics.X-CUBE-NFC6.3.1.0
2024-05-16 11:39:25,692 [WARN] PackLoader:240 - Cannot read IP mode file for STMicroelectronics.X-CUBE-AI.9.0.0
2024-05-16 11:39:25,721 [WARN] PackLoader:240 - Cannot read IP mode file for STMicroelectronics.X-CUBE-NFC7.1.0.1
2024-05-16 11:39:25,793 [WARN] ConditionMgr:438 - getConditionDescription Invalid condition id : LAN8742 Phy interface Condition cause : null
2024-05-16 11:39:25,794 [WARN] PackLoader:240 - Cannot read IP mode file for STMicroelectronics.X-CUBE-AZRTOS-L4.2.0.0
2024-05-16 11:39:25,797 [WARN] ConditionMgr:1039 - genDependencies : Invalid condition id : LAN8742 Phy interface Condition cause : null
2024-05-16 11:39:25,798 [WARN] ConditionMgr:1039 - genDependencies : Invalid condition id : LAN8742 Phy interface Condition cause : null
2024-05-16 11:39:25,799 [WARN] ConditionMgr:1039 - genDependencies : Invalid condition id : LAN8742 Phy interface Condition cause : null
2024-05-16 11:39:25,829 [WARN] PackLoader:240 - Cannot read IP mode file for STMicroelectronics.X-CUBE-SFXS2LP1.4.0.0
2024-05-16 11:39:25,886 [WARN] ConditionMgr:438 - getConditionDescription Invalid condition id : UX DEVICE CLASS RTOS Condition cause : null
2024-05-16 11:39:25,887 [WARN] ConditionMgr:438 - getConditionDescription Invalid condition id : UX DEVICE CLASS RTOS Condition cause : null
2024-05-16 11:39:25,893 [WARN] PackLoader:240 - Cannot read IP mode file for STMicroelectronics.X-CUBE-AZRTOS-WB.2.0.0
2024-05-16 11:39:25,894 [WARN] ConditionMgr:1039 - genDependencies : Invalid condition id : UX DEVICE CLASS RTOS Condition cause : null
2024-05-16 11:39:25,894 [WARN] ConditionMgr:1039 - genDependencies : Invalid condition id : UX DEVICE CLASS RTOS Condition cause : null
2024-05-16 11:39:25,896 [WARN] ConditionMgr:1039 - genDependencies : Invalid condition id : UX DEVICE CLASS RTOS Condition cause : null
2024-05-16 11:39:25,897 [WARN] ConditionMgr:1039 - genDependencies : Invalid condition id : UX DEVICE CLASS RTOS Condition cause : null
2024-05-16 11:39:25,897 [WARN] ConditionMgr:1039 - genDependencies : Invalid condition id : UX DEVICE CLASS RTOS Condition cause : null
2024-05-16 11:39:25,938 [WARN] PackLoader:240 - Cannot read IP mode file for STMicroelectronics.X-CUBE-SUBG2.5.0.0
2024-05-16 11:39:26,010 [WARN] PackLoader:240 - Cannot read IP mode file for STMicroelectronics.X-CUBE-AZRTOS-G4.2.0.0
2024-05-16 11:39:26,037 [WARN] PackLoader:240 - Cannot read IP mode file for STMicroelectronics.X-CUBE-ISPU.2.0.0
2024-05-16 11:39:26,163 [WARN] PackLoader:240 - Cannot read IP mode file for STMicroelectronics.X-CUBE-MEMS1.10.0.0
2024-05-16 11:39:26,404 [WARN] PackLoader:240 - Cannot read IP mode file for portGmbH.I-Cube-SoM-uGOAL.1.1.0
2024-05-16 11:39:26,426 [WARN] PackLoader:240 - Cannot read IP mode file for STMicroelectronics.X-CUBE-ALS.1.0.1
2024-05-16 11:39:26,480 [WARN] PackLoader:240 - Cannot read IP mode file for STMicroelectronics.X-CUBE-AZRTOS-H7RS.1.0.0
2024-05-16 11:39:26,507 [WARN] PackLoader:240 - Cannot read IP mode file for STMicroelectronics.FP-ATR-ASTRA1.2.0.0
2024-05-16 11:39:26,543 [WARN] PackLoader:240 - Cannot read IP mode file for STMicroelectronics.X-CUBE-TOF1.3.4.1
2024-05-16 11:39:26,617 [WARN] PackLoader:240 - Cannot read IP mode file for STMicroelectronics.X-CUBE-AZRTOS-H7.3.2.0
2024-05-16 11:39:26,664 [WARN] PackLoader:240 - Cannot read IP mode file for Infineon.AIROC-Wi-Fi-Bluetooth-STM32.1.6.0
2024-05-16 11:39:26,670 [INFO] ThirdParty:978 - Integrity check success = true
2024-05-16 11:39:26,671 [INFO] IntegrityCheckThread:100 - exiting critical section [integrity check]
2024-05-16 11:39:26,671 [INFO] IntegrityCheckThread:103 - End integrity checks thread
2024-05-16 11:39:26,868 [INFO] Mcu:2016 - Initializing MCU STM32F103C8Tx STM32F103C8Tx STM32F103C8T6
2024-05-16 11:39:29,656 [INFO] Context:659 - Trying to add GPIOservice into a context  which must be forbidden
2024-05-16 11:39:30,554 [INFO] ImportTextPane:194 - (OptionalMessage_ERROR) Unable to find key (Mcu.ThirdPartyNb) in loaded IOC file
2024-05-16 11:39:30,554 [INFO] ImportTextPane:194 - (OptionalMessage_ERROR) Unable to find key (Mcu.PinsNb) in loaded IOC file
2024-05-16 11:39:30,554 [INFO] ImportTextPane:194 - (OptionalMessage_ERROR) Unable to find key (Mcu.IPNb) in loaded IOC file
2024-05-16 11:39:30,802 [INFO] RtosManager:555 - Registered RTOS mode: class=CMSIS, group=RTOS, mode=CMSIS_V1, owner=FREERTOS
2024-05-16 11:39:30,802 [INFO] RtosManager:555 - Registered RTOS mode: class=CMSIS, group=RTOS2, mode=CMSIS_V2, owner=FREERTOS
2024-05-16 11:39:30,803 [INFO] RtosManager:555 - Registered RTOS mode: class=RTOS, group=Core, mode=CMSIS_V1, owner=FREERTOS
2024-05-16 11:39:30,803 [INFO] RtosManager:555 - Registered RTOS mode: class=RTOS, group=Core, mode=CMSIS_V2, owner=FREERTOS
2024-05-16 11:39:30,803 [WARN] ModelIntegratedComponent:184 - Missing modes for component STMicroelectronics:FreeRTOS:0.0.1:STMicroelectronics:RTOS:FreeRTOS:Core:::10.2.0:
2024-05-16 11:39:30,848 [WARN] ModelIntegratedComponent:63 - No mode defined for component null
2024-05-16 11:39:30,848 [WARN] ModelIntegratedComponent:63 - No mode defined for component null
2024-05-16 11:39:30,848 [WARN] ModelIntegratedComponent:63 - No mode defined for component null
2024-05-16 11:39:30,848 [WARN] ModelIntegratedComponent:63 - No mode defined for component null
2024-05-16 11:39:30,848 [WARN] ModelIntegratedComponent:63 - No mode defined for component null
2024-05-16 11:39:30,848 [WARN] ModelIntegratedComponent:63 - No mode defined for component null
2024-05-16 11:39:30,849 [WARN] ModelIntegratedComponent:63 - No mode defined for component null
2024-05-16 11:39:30,849 [WARN] ModelIntegratedComponent:63 - No mode defined for component null
2024-05-16 11:39:30,849 [WARN] ModelIntegratedComponent:63 - No mode defined for component null
2024-05-16 11:39:30,849 [WARN] ModelIntegratedComponent:63 - No mode defined for component null
2024-05-16 11:39:30,849 [WARN] ModelIntegratedComponent:63 - No mode defined for component null
2024-05-16 11:39:30,849 [WARN] ModelIntegratedComponent:63 - No mode defined for component null
2024-05-16 11:39:30,849 [WARN] ModelIntegratedComponent:63 - No mode defined for component null
2024-05-16 11:39:30,849 [WARN] ModelIntegratedComponent:63 - No mode defined for component null
2024-05-16 11:39:30,849 [WARN] ModelIntegratedComponent:63 - No mode defined for component null
2024-05-16 11:39:30,849 [WARN] ModelIntegratedComponent:63 - No mode defined for component null
2024-05-16 11:39:30,850 [WARN] ModelIntegratedComponent:63 - No mode defined for component null
2024-05-16 11:39:30,850 [WARN] ModelIntegratedComponent:63 - No mode defined for component null
2024-05-16 11:39:30,850 [WARN] ModelIntegratedComponent:63 - No mode defined for component null
2024-05-16 11:39:30,850 [WARN] ModelIntegratedComponent:63 - No mode defined for component null
2024-05-16 11:39:30,850 [WARN] ModelIntegratedComponent:63 - No mode defined for component null
2024-05-16 11:39:30,850 [WARN] ModelIntegratedComponent:63 - No mode defined for component null
2024-05-16 11:39:30,850 [WARN] ModelIntegratedComponent:63 - No mode defined for component null
2024-05-16 11:39:30,851 [WARN] ModelIntegratedComponent:63 - No mode defined for component null
2024-05-16 11:39:30,851 [WARN] ModelIntegratedComponent:63 - No mode defined for component null
2024-05-16 11:39:30,851 [WARN] ModelIntegratedComponent:63 - No mode defined for component null
2024-05-16 11:39:30,851 [WARN] ModelIntegratedComponent:63 - No mode defined for component null
2024-05-16 11:39:30,851 [WARN] ModelIntegratedComponent:63 - No mode defined for component null
2024-05-16 11:39:30,851 [WARN] ModelIntegratedComponent:63 - No mode defined for component null
2024-05-16 11:39:30,851 [WARN] ModelIntegratedComponent:63 - No mode defined for component null
2024-05-16 11:39:30,852 [WARN] ModelIntegratedComponent:63 - No mode defined for component null
2024-05-16 11:39:30,852 [WARN] ModelIntegratedComponent:63 - No mode defined for component null
2024-05-16 11:39:30,852 [WARN] ModelIntegratedComponent:63 - No mode defined for component null
2024-05-16 11:39:31,197 [INFO] ThirdPartyModel:298 - Start build external matchings
2024-05-16 11:39:31,870 [INFO] ThirdPartyModel:316 - End build external matchings
2024-05-16 11:39:32,225 [INFO] UtilMem:75 - End LoadConfig() Used Memory: 600888368 Bytes (1073741824)
2024-05-16 11:39:32,336 [INFO] MicroXplorer:468 - Change Database Path : 
2024-05-16 11:39:32,368 [INFO] MicroXplorer:498 - Change Database Version : DB.6.0.100
2024-05-16 11:39:32,371 [WARN] ThirdParty:833 - waiting for thirdparty lock release [change project]
2024-05-16 11:39:32,371 [INFO] ThirdParty:835 - entering critical section [change project]
2024-05-16 11:39:32,372 [INFO] ThirdParty:1030 - CMSIS Pack Vendor :STMicroelectronics USBPD 4.1
2024-05-16 11:39:32,372 [INFO] ThirdParty:1030 - CMSIS Pack Vendor :STMicroelectronics X-CUBE-GNSS1 6.0.0
2024-05-16 11:39:32,372 [INFO] ThirdParty:1030 - CMSIS Pack Vendor :STMicroelectronics USB_HOST 2.0.0
2024-05-16 11:39:32,372 [INFO] ThirdParty:1030 - CMSIS Pack Vendor :STMicroelectronics FP-SNS-MOTENVWB1 1.4.0
2024-05-16 11:39:32,372 [INFO] ThirdParty:1030 - CMSIS Pack Vendor :STMicroelectronics X-CUBE-AZRTOS-F4 1.1.0
2024-05-16 11:39:32,372 [INFO] ThirdParty:1030 - CMSIS Pack Vendor :STMicroelectronics LIBJPEG 8.0.0
2024-05-16 11:39:32,372 [INFO] ThirdParty:1030 - CMSIS Pack Vendor :STMicroelectronics X-CUBE-SMBUS 2.1.0
2024-05-16 11:39:32,372 [INFO] ThirdParty:1030 - CMSIS Pack Vendor :STMicroelectronics USB_DEVICE 3.0.0
2024-05-16 11:39:32,373 [INFO] ThirdParty:1030 - CMSIS Pack Vendor :STMicroelectronics X-CUBE-TCPP 4.1.0
2024-05-16 11:39:32,373 [INFO] ThirdParty:1030 - CMSIS Pack Vendor :STMicroelectronics X-CUBE-FREERTOS 1.2.0
2024-05-16 11:39:32,373 [INFO] ThirdParty:1030 - CMSIS Pack Vendor :STMicroelectronics X-CUBE-AZRTOS-WB 2.0.0
2024-05-16 11:39:32,374 [INFO] ThirdParty:1030 - CMSIS Pack Vendor :STMicroelectronics X-CUBE-TOUCHGFX 4.23.2
2024-05-16 11:39:32,374 [INFO] ThirdParty:1030 - CMSIS Pack Vendor :STMicroelectronics X-CUBE-AZRTOS-F7 1.1.0
2024-05-16 11:39:32,376 [INFO] ThirdParty:1030 - CMSIS Pack Vendor :STMicroelectronics X-CUBE-AZRTOS-L5 2.0.0
2024-05-16 11:39:32,376 [INFO] ThirdParty:1030 - CMSIS Pack Vendor :STMicroelectronics USB_DEVICE 2.0.0
2024-05-16 11:39:32,377 [INFO] ThirdParty:1030 - CMSIS Pack Vendor :STMicroelectronics X-CUBE-NFC6 3.1.0
2024-05-16 11:39:32,377 [INFO] ThirdParty:1030 - CMSIS Pack Vendor :STMicroelectronics FreeRTOS 0.0.1
2024-05-16 11:39:32,377 [INFO] ThirdParty:1030 - CMSIS Pack Vendor :STMicroelectronics X-CUBE-AZRTOS-G0 1.1.0
2024-05-16 11:39:32,377 [INFO] ThirdParty:1030 - CMSIS Pack Vendor :STMicroelectronics X-CUBE-SAFEA1 1.2.2
2024-05-16 11:39:32,377 [INFO] ThirdParty:1030 - CMSIS Pack Vendor :STMicroelectronics X-CUBE-NFC4 3.0.0
2024-05-16 11:39:32,377 [INFO] ThirdParty:1030 - CMSIS Pack Vendor :STMicroelectronics X-CUBE-SUBG2 5.0.0
2024-05-16 11:39:32,377 [INFO] ThirdParty:1030 - CMSIS Pack Vendor :STMicroelectronics STM32_WPAN 1.0.0
2024-05-16 11:39:32,377 [INFO] ThirdParty:1030 - CMSIS Pack Vendor :STMicroelectronics lwIP 2.0.3
2024-05-16 11:39:32,377 [INFO] ThirdParty:1030 - CMSIS Pack Vendor :STMicroelectronics FP-SNS-FLIGHT1 5.0.2
2024-05-16 11:39:32,377 [INFO] ThirdParty:1030 - CMSIS Pack Vendor :STMicroelectronics USB_HOST 1.0.0
2024-05-16 11:39:32,379 [INFO] ThirdParty:1030 - CMSIS Pack Vendor :STMicroelectronics X-CUBE-AI 9.0.0
2024-05-16 11:39:32,379 [INFO] ThirdParty:1030 - CMSIS Pack Vendor :STMicroelectronics X-CUBE-AZRTOS-G4 2.0.0
2024-05-16 11:39:32,380 [INFO] ThirdParty:1030 - CMSIS Pack Vendor :STMicroelectronics PDM2PCM 3.1.0
2024-05-16 11:39:32,380 [INFO] ThirdParty:1030 - CMSIS Pack Vendor :STMicroelectronics PDM2PCM 3.3.0
2024-05-16 11:39:32,380 [INFO] ThirdParty:1030 - CMSIS Pack Vendor :STMicroelectronics X-CUBE-DISPLAY 3.0.0
2024-05-16 11:39:32,380 [INFO] ThirdParty:1030 - CMSIS Pack Vendor :wolfSSL I-CUBE-wolfSSL 5.7.0
2024-05-16 11:39:32,380 [INFO] ThirdParty:1030 - CMSIS Pack Vendor :STMicroelectronics X-CUBE-BLE1 7.0.0
2024-05-16 11:39:32,380 [INFO] ThirdParty:1030 - CMSIS Pack Vendor :STMicroelectronics FP-ATR-SIGFOX1 3.2.0
2024-05-16 11:39:32,380 [INFO] ThirdParty:1030 - CMSIS Pack Vendor :STMicroelectronics X-CUBE-ISPU 2.0.0
2024-05-16 11:39:32,381 [INFO] ThirdParty:1030 - CMSIS Pack Vendor :STMicroelectronics X-CUBE-EEPRMA1 5.1.0
2024-05-16 11:39:32,381 [INFO] ThirdParty:1030 - CMSIS Pack Vendor :STMicroelectronics HAL Drivers 0.0.0
2024-05-16 11:39:32,381 [INFO] ThirdParty:1030 - CMSIS Pack Vendor :STMicroelectronics MBEDTLS 2.16.2
2024-05-16 11:39:32,381 [INFO] ThirdParty:1030 - CMSIS Pack Vendor :emotas I-CUBE-CANOPEN 1.3.0
2024-05-16 11:39:32,381 [INFO] ThirdParty:1030 - CMSIS Pack Vendor :STMicroelectronics X-CUBE-MEMS1 10.0.0
2024-05-16 11:39:32,381 [INFO] ThirdParty:1030 - CMSIS Pack Vendor :STMicroelectronics X-CUBE-NFC7 1.0.1
2024-05-16 11:39:32,381 [INFO] ThirdParty:1030 - CMSIS Pack Vendor :STMicroelectronics MBEDTLS 2.14.1
2024-05-16 11:39:32,381 [INFO] ThirdParty:1030 - CMSIS Pack Vendor :ITTIA_DB I-CUBE-ITTIADB 8.9.0
2024-05-16 11:39:32,381 [INFO] ThirdParty:1030 - CMSIS Pack Vendor :portGmbH I-Cube-SoM-uGOAL 1.1.0
2024-05-16 11:39:32,382 [INFO] ThirdParty:1030 - CMSIS Pack Vendor :STMicroelectronics X-CUBE-ALS 1.0.1
2024-05-16 11:39:32,382 [INFO] ThirdParty:1030 - CMSIS Pack Vendor :STMicroelectronics X-CUBE-BLEMGR 3.1.0
2024-05-16 11:39:32,382 [INFO] ThirdParty:1030 - CMSIS Pack Vendor :STMicroelectronics ThreadX 1.0.0
2024-05-16 11:39:32,382 [INFO] ThirdParty:1030 - CMSIS Pack Vendor :STMicroelectronics FP-SNS-SMARTAG2 1.2.0
2024-05-16 11:39:32,382 [INFO] ThirdParty:1030 - CMSIS Pack Vendor :STMicroelectronics X-CUBE-AZRTOS-WL 2.0.0
2024-05-16 11:39:32,382 [INFO] ThirdParty:1030 - CMSIS Pack Vendor :SEGGER I-CUBE-embOS 1.3.1
2024-05-16 11:39:32,382 [INFO] ThirdParty:1030 - CMSIS Pack Vendor :STMicroelectronics X-CUBE-ALGOBUILD 1.4.0
2024-05-16 11:39:32,382 [INFO] ThirdParty:1030 - CMSIS Pack Vendor :STMicroelectronics FP-SNS-MOTENV1 5.0.0
2024-05-16 11:39:32,382 [INFO] ThirdParty:1030 - CMSIS Pack Vendor :STMicroelectronics USB_DEVICE 1.0.0
2024-05-16 11:39:32,382 [INFO] ThirdParty:1030 - CMSIS Pack Vendor :STMicroelectronics X-CUBE-AZRTOS-H7RS 1.0.0
2024-05-16 11:39:32,383 [INFO] ThirdParty:1030 - CMSIS Pack Vendor :STMicroelectronics X-CUBE-AZRTOS-L4 2.0.0
2024-05-16 11:39:32,383 [INFO] ThirdParty:1030 - CMSIS Pack Vendor :STMicroelectronics ThreadX 0.0.2
2024-05-16 11:39:32,383 [INFO] ThirdParty:1030 - CMSIS Pack Vendor :WES I-CUBE-Cesium 1.3.0
2024-05-16 11:39:32,383 [INFO] ThirdParty:1030 - CMSIS Pack Vendor :STMicroelectronics FP-ATR-ASTRA1 2.0.0
2024-05-16 11:39:32,383 [INFO] ThirdParty:1030 - CMSIS Pack Vendor :STMicroelectronics lwIP 2.1.2
2024-05-16 11:39:32,383 [INFO] ThirdParty:1030 - CMSIS Pack Vendor :STMicroelectronics X-CUBE-SFXS2LP1 4.0.0
2024-05-16 11:39:32,383 [INFO] ThirdParty:1030 - CMSIS Pack Vendor :STMicroelectronics X-CUBE-BLE2 3.3.0
2024-05-16 11:39:32,383 [INFO] ThirdParty:1030 - CMSIS Pack Vendor :STMicroelectronics X-CUBE-TOF1 3.4.1
2024-05-16 11:39:32,383 [INFO] ThirdParty:1030 - CMSIS Pack Vendor :STMicroelectronics X-CUBE-AZRTOS-H7 3.2.0
2024-05-16 11:39:32,383 [INFO] ThirdParty:1030 - CMSIS Pack Vendor :Infineon AIROC-Wi-Fi-Bluetooth-STM32 1.6.0
2024-05-16 11:39:32,384 [INFO] ThirdParty:1030 - CMSIS Pack Vendor :STMicroelectronics PDM2PCM 3.2.0
2024-05-16 11:39:32,387 [INFO] ThirdParty:841 - exiting critical section [change project]
2024-05-16 11:39:33,411 [INFO] PinOutPanel:1499 - setPackage(No Configuration,No Configuration)
2024-05-16 11:39:33,413 [INFO] PinOutPanel:1499 - setPackage(STM32F103C8Tx,LQFP48)
2024-05-16 11:39:35,026 [INFO] UtilMem:75 - Before build in PCC Used Memory: 709405408 Bytes (1073741824)
2024-05-16 11:39:36,617 [INFO] UtilMem:75 - After build in PCC Used Memory: 784376544 Bytes (1073741824)
2024-05-16 11:39:36,678 [INFO] IPUIPlugin:80 - create IPUIPlugin
2024-05-16 11:39:36,678 [INFO] IPUIPlugin:80 - create IPUIPlugin
2024-05-16 11:39:36,678 [INFO] IPUIPlugin:80 - create IPUIPlugin
2024-05-16 11:39:36,679 [INFO] IPUIPlugin:80 - create IPUIPlugin
2024-05-16 11:39:36,680 [INFO] IPUIPlugin:80 - create IPUIPlugin
2024-05-16 11:39:36,680 [INFO] IPUIPlugin:80 - create IPUIPlugin
2024-05-16 11:39:36,681 [INFO] IPUIPlugin:80 - create IPUIPlugin
2024-05-16 11:39:36,681 [INFO] IPUIPlugin:80 - create IPUIPlugin
2024-05-16 11:39:36,682 [INFO] IPUIPlugin:80 - create IPUIPlugin
2024-05-16 11:39:36,682 [INFO] IPUIPlugin:80 - create IPUIPlugin
2024-05-16 11:39:36,682 [INFO] IPUIPlugin:80 - create IPUIPlugin
2024-05-16 11:39:36,683 [INFO] IPUIPlugin:80 - create IPUIPlugin
2024-05-16 11:39:36,683 [INFO] IPUIPlugin:80 - create IPUIPlugin
2024-05-16 11:39:36,683 [INFO] IPUIPlugin:80 - create IPUIPlugin
2024-05-16 11:39:36,684 [INFO] IPUIPlugin:80 - create IPUIPlugin
2024-05-16 11:39:36,684 [INFO] IPUIPlugin:80 - create IPUIPlugin
2024-05-16 11:39:36,685 [INFO] IPUIPlugin:80 - create IPUIPlugin
2024-05-16 11:39:36,686 [INFO] IPUIPlugin:80 - create IPUIPlugin
2024-05-16 11:39:36,686 [INFO] IPUIPlugin:80 - create IPUIPlugin
2024-05-16 11:39:36,687 [INFO] IPUIPlugin:80 - create IPUIPlugin
2024-05-16 11:39:36,687 [INFO] IPUIPlugin:80 - create IPUIPlugin
2024-05-16 11:39:36,687 [INFO] IPUIPlugin:80 - create IPUIPlugin
2024-05-16 11:39:36,688 [INFO] IPUIPlugin:80 - create IPUIPlugin
2024-05-16 11:39:36,689 [INFO] IPUIPlugin:80 - create IPUIPlugin
2024-05-16 11:39:36,689 [INFO] IPUIPlugin:80 - create IPUIPlugin
2024-05-16 11:39:36,690 [INFO] IPUIPlugin:80 - create IPUIPlugin
2024-05-16 11:39:36,697 [INFO] IPUIPlugin:80 - create IPUIPlugin
2024-05-16 11:39:37,075 [INFO] CADModel:165 - CPN selected for project levelSTM32F103C8T6
2024-05-16 11:39:37,075 [INFO] CADModel:114 - Register for checkConnection events
2024-05-16 11:39:37,140 [INFO] OpenFileManager:343 - Restore cursor
2024-05-16 11:39:40,166 [INFO] UtilMem:75 - End SaveConfig() Used Memory: 858825440 Bytes (1073741824)
2024-05-16 11:39:40,321 [INFO] UtilMem:75 - End SaveConfig() Used Memory: 870359776 Bytes (1073741824)
2024-05-16 11:39:41,572 [INFO] BlockDiagram:2759 - set Specific Code input for plugin: NVIC
2024-05-16 11:39:41,572 [INFO] BlockDiagram:2759 - set Specific Code input for plugin: RCC
2024-05-16 11:39:41,574 [INFO] CodeGenerator:807 - code generatio: config db path: C:\ST\STM32CubeIDE_1.14.1\STM32CubeIDE\plugins\com.st.stm32cube.common.mx_6.10.0.202311202037\\db\
2024-05-16 11:39:42,435 [INFO] CodeEngine:255 - oldGeneratedFile, C:\Users\hp\Desktop\Desktop\Hardware\STM\uart\MXTmpFiles\license.tmp_save
2024-05-16 11:39:43,984 [INFO] CodeEngine:279 - Generated code: C:\Users\hp\Desktop\Desktop\Hardware\STM\uart\MXTmpFiles\license.tmp
2024-05-16 11:39:44,059 [INFO] CodeEngine:255 - oldGeneratedFile, C:\Users\hp\Desktop\Desktop\Hardware\STM\uart\Core\Src\stm32f1xx_it.c_save
2024-05-16 11:39:44,864 [INFO] CodeEngine:279 - Generated code: C:\Users\hp\Desktop\Desktop\Hardware\STM\uart\Core\Src\stm32f1xx_it.c
2024-05-16 11:39:44,886 [INFO] CodeEngine:255 - oldGeneratedFile, C:\Users\hp\Desktop\Desktop\Hardware\STM\uart\Core\Inc\stm32f1xx_it.h_save
2024-05-16 11:39:45,214 [INFO] CodeEngine:279 - Generated code: C:\Users\hp\Desktop\Desktop\Hardware\STM\uart\Core\Inc\stm32f1xx_it.h
2024-05-16 11:39:45,498 [INFO] CodeEngine:255 - oldGeneratedFile, C:\Users\hp\Desktop\Desktop\Hardware\STM\uart\Core\Src\stm32f1xx_hal_msp.c_save
2024-05-16 11:39:45,869 [INFO] CodeEngine:279 - Generated code: C:\Users\hp\Desktop\Desktop\Hardware\STM\uart\Core\Src\stm32f1xx_hal_msp.c
2024-05-16 11:39:45,895 [INFO] CodeEngine:255 - oldGeneratedFile, C:\Users\hp\Desktop\Desktop\Hardware\STM\uart\MXTmpFiles\system.tmp_save
2024-05-16 11:39:46,081 [INFO] CodeEngine:279 - Generated code: C:\Users\hp\Desktop\Desktop\Hardware\STM\uart\MXTmpFiles\system.tmp
2024-05-16 11:39:46,121 [INFO] CodeEngine:311 - oldGeneratedFile, C:\Users\hp\Desktop\Desktop\Hardware\STM\uart\Core\Inc\stm32f1xx_hal_conf.h_save
2024-05-16 11:39:46,523 [INFO] CodeEngine:335 - Generated code: C:\Users\hp\Desktop\Desktop\Hardware\STM\uart\Core\Inc\stm32f1xx_hal_conf.h
2024-05-16 11:39:46,624 [INFO] CodeEngine:255 - oldGeneratedFile, C:\Users\hp\Desktop\Desktop\Hardware\STM\uart\Core\Inc\main.h_save
2024-05-16 11:39:47,034 [INFO] CodeEngine:279 - Generated code: C:\Users\hp\Desktop\Desktop\Hardware\STM\uart\Core\Inc\main.h
2024-05-16 11:39:47,051 [INFO] CodeEngine:255 - oldGeneratedFile, C:\Users\hp\Desktop\Desktop\Hardware\STM\uart\Core\Src\main.c_save
2024-05-16 11:39:47,450 [INFO] CodeEngine:279 - Generated code: C:\Users\hp\Desktop\Desktop\Hardware\STM\uart\Core\Src\main.c
2024-05-16 11:39:49,282 [INFO] ProjectBuilder:3076 - Time for Copy HAL[1] : 379mS.
2024-05-16 11:39:49,316 [INFO] ProjectBuilder:4485 - Project Generator version: 4.2.0-B44
2024-05-16 11:39:50,619 [INFO] ConfigFileManager:1495 - The Die is : DIE410
2024-05-16 11:39:50,678 [INFO] ApiDbMcu:508 - Load IP Config File for FATFS
2024-05-16 11:39:50,769 [INFO] ApiDbMcu:508 - Load IP Config File for FREERTOS
2024-05-16 11:39:50,828 [INFO] ApiDbMcu:508 - Load IP Config File for USB_DEVICE
2024-05-16 11:39:54,101 [INFO] LogOutputStream:77 - [STDOUT_REDIRECT] 
2024-05-16 11:40:00,366 [INFO] ProjectBuilder:4747 - Time for Generating toolchain IDE Files: 11049mS.
2024-05-16 11:40:00,369 [INFO] ProjectBuilder:2947 - Time for Copy CMSIS : 2mS.
2024-05-16 11:40:00,376 [INFO] ProjectBuilder:2947 - Time for Copy CMSIS : 0mS.
2024-05-16 11:40:04,523 [INFO] McuFinderGlobals:76 - Set McuFinderConnectedMode to true
2024-05-16 11:40:04,539 [INFO] ApiDb:448 - Save user favorites file C:\Users\hp/.stm32cubeide/favorites.mcus.txt: 0 item(s)
2024-05-16 11:40:04,539 [INFO] ApiDb:452 - User favorites MCUs=[]
2024-05-16 11:45:23,288 [INFO] UtilMem:75 - End SaveConfig() Used Memory: 662577856 Bytes (1073741824)
2024-05-16 11:45:26,138 [INFO] UtilMem:75 - End SaveConfig() Used Memory: 679881408 Bytes (1073741824)
2024-05-16 11:45:30,698 [INFO] UtilMem:75 - End SaveConfig() Used Memory: 743844544 Bytes (1073741824)
2024-05-16 11:45:31,247 [INFO] BlockDiagram:2759 - set Specific Code input for plugin: NVIC
2024-05-16 11:45:31,247 [INFO] BlockDiagram:2759 - set Specific Code input for plugin: USART
2024-05-16 11:45:31,247 [INFO] BlockDiagram:2759 - set Specific Code input for plugin: SYS
2024-05-16 11:45:31,249 [INFO] BlockDiagram:2759 - set Specific Code input for plugin: GPIO
2024-05-16 11:45:31,249 [INFO] BlockDiagram:2759 - set Specific Code input for plugin: RCC
2024-05-16 11:45:31,250 [INFO] CodeGenerator:807 - code generatio: config db path: C:\ST\STM32CubeIDE_1.14.1\STM32CubeIDE\plugins\com.st.stm32cube.common.mx_6.10.0.202311202037\\db\
2024-05-16 11:45:31,451 [INFO] CodeEngine:255 - oldGeneratedFile, C:\Users\hp\Desktop\Desktop\Hardware\STM\uart\MXTmpFiles\license.tmp_save
2024-05-16 11:45:31,696 [INFO] CodeEngine:279 - Generated code: C:\Users\hp\Desktop\Desktop\Hardware\STM\uart\MXTmpFiles\license.tmp
2024-05-16 11:45:31,820 [INFO] CodeEngine:255 - oldGeneratedFile, C:\Users\hp\Desktop\Desktop\Hardware\STM\uart\MXTmpFiles\gpio.tmp_save
2024-05-16 11:45:32,124 [INFO] CodeEngine:279 - Generated code: C:\Users\hp\Desktop\Desktop\Hardware\STM\uart\MXTmpFiles\gpio.tmp
2024-05-16 11:45:32,420 [INFO] CodeEngine:255 - oldGeneratedFile, C:\Users\hp\Desktop\Desktop\Hardware\STM\uart\Core\Src\stm32f1xx_it.c_save
2024-05-16 11:45:32,646 [INFO] CodeEngine:279 - Generated code: C:\Users\hp\Desktop\Desktop\Hardware\STM\uart\Core\Src\stm32f1xx_it.c
2024-05-16 11:45:32,660 [INFO] CodeEngine:255 - oldGeneratedFile, C:\Users\hp\Desktop\Desktop\Hardware\STM\uart\Core\Inc\stm32f1xx_it.h_save
2024-05-16 11:45:32,777 [INFO] CodeEngine:279 - Generated code: C:\Users\hp\Desktop\Desktop\Hardware\STM\uart\Core\Inc\stm32f1xx_it.h
2024-05-16 11:45:32,822 [INFO] CodeEngine:255 - oldGeneratedFile, C:\Users\hp\Desktop\Desktop\Hardware\STM\uart\Core\Src\stm32f1xx_hal_msp.c_save
2024-05-16 11:45:33,045 [INFO] CodeEngine:279 - Generated code: C:\Users\hp\Desktop\Desktop\Hardware\STM\uart\Core\Src\stm32f1xx_hal_msp.c
2024-05-16 11:45:33,054 [INFO] CodeEngine:255 - oldGeneratedFile, C:\Users\hp\Desktop\Desktop\Hardware\STM\uart\MXTmpFiles\system.tmp_save
2024-05-16 11:45:33,157 [INFO] CodeEngine:279 - Generated code: C:\Users\hp\Desktop\Desktop\Hardware\STM\uart\MXTmpFiles\system.tmp
2024-05-16 11:45:33,187 [INFO] CodeEngine:311 - oldGeneratedFile, C:\Users\hp\Desktop\Desktop\Hardware\STM\uart\Core\Inc\stm32f1xx_hal_conf.h_save
2024-05-16 11:45:33,347 [INFO] CodeEngine:335 - Generated code: C:\Users\hp\Desktop\Desktop\Hardware\STM\uart\Core\Inc\stm32f1xx_hal_conf.h
2024-05-16 11:45:33,446 [INFO] CodeEngine:255 - oldGeneratedFile, C:\Users\hp\Desktop\Desktop\Hardware\STM\uart\Core\Inc\main.h_save
2024-05-16 11:45:33,660 [INFO] CodeEngine:279 - Generated code: C:\Users\hp\Desktop\Desktop\Hardware\STM\uart\Core\Inc\main.h
2024-05-16 11:45:33,686 [INFO] CodeEngine:255 - oldGeneratedFile, C:\Users\hp\Desktop\Desktop\Hardware\STM\uart\Core\Src\main.c_save
2024-05-16 11:45:33,899 [INFO] CodeEngine:279 - Generated code: C:\Users\hp\Desktop\Desktop\Hardware\STM\uart\Core\Src\main.c
2024-05-16 11:45:35,612 [INFO] ProjectBuilder:3076 - Time for Copy HAL[1] : 251mS.
2024-05-16 11:45:35,623 [INFO] ProjectBuilder:4485 - Project Generator version: 4.2.0-B44
2024-05-16 11:45:36,299 [INFO] ConfigFileManager:1495 - The Die is : DIE410
2024-05-16 11:45:44,019 [INFO] ProjectBuilder:4747 - Time for Generating toolchain IDE Files: 8396mS.
2024-05-16 11:45:44,023 [INFO] ProjectBuilder:2947 - Time for Copy CMSIS : 4mS.
2024-05-16 11:45:44,026 [INFO] ProjectBuilder:2947 - Time for Copy CMSIS : 0mS.
2024-05-16 13:24:15,516 [ERROR] AdobePublisher:162 - Exception while opening the connection: java.net.SocketTimeoutException: Read timed out
2024-05-16 13:24:20,166 [ERROR] AdobePublisher:162 - Exception while opening the connection: java.net.SocketTimeoutException: Read timed out
2024-05-16 13:24:24,652 [ERROR] AdobePublisher:183 - Exception while getting the server answer: java.net.SocketTimeoutException: Read timed out
2024-05-16 13:24:26,655 [ERROR] AdobePublisher:162 - Exception while opening the connection: java.net.SocketTimeoutException: Connect timed out
2024-05-16 13:24:28,656 [ERROR] AdobePublisher:162 - Exception while opening the connection: java.net.SocketTimeoutException: Connect timed out
2024-05-16 13:24:30,657 [ERROR] AdobePublisher:162 - Exception while opening the connection: java.net.SocketTimeoutException: Connect timed out
2024-05-16 13:24:32,659 [ERROR] AdobePublisher:162 - Exception while opening the connection: java.net.SocketTimeoutException: Connect timed out
2024-05-16 13:24:34,662 [ERROR] AdobePublisher:162 - Exception while opening the connection: java.net.SocketTimeoutException: Connect timed out
2024-05-16 13:24:48,178 [ERROR] ConfigurationRetriever:142 - IOException on connection: Connect timed out
2024-05-16 13:24:51,423 [ERROR] ConfigurationRetriever:142 - IOException on connection: Read timed out
2024-05-16 13:24:53,426 [ERROR] ConfigurationRetriever:142 - IOException on connection: Connect timed out
