2024-06-26 08:25:18,115 [INFO] Activator:176 - 


2024-06-26 08:25:18,133 [INFO] Activator:177 - !SESSION log4j initialized
2024-06-26 08:25:34,458 [INFO] LogOutputStream:77 - [STDOUT_REDIRECT] 
2024-06-26 08:25:35,456 [ERROR] ConfigurationRetriever:142 - IOException on connection: sw-center.st.com
2024-06-26 08:25:35,456 [ERROR] ConfigurationRetriever:142 - IOException on connection: sw-center.st.com
2024-06-26 08:25:35,456 [ERROR] ConfigurationRetriever:142 - IOException on connection: sw-center.st.com
2024-06-26 08:25:35,647 [ERROR] ConfigurationRetriever:142 - IOException on connection: sw-center.st.com
2024-06-26 08:25:35,657 [ERROR] ConfigurationRetriever:142 - IOException on connection: sw-center.st.com
2024-06-26 08:25:35,658 [ERROR] ConfigurationRetriever:142 - IOException on connection: sw-center.st.com
2024-06-26 08:25:45,953 [INFO] ApplicationProperties:184 - Using Application install path: C:\ST\STM32CubeIDE_1.14.1\STM32CubeIDE\plugins\com.st.stm32cube.common.mx_6.10.0.202311202037
2024-06-26 08:25:46,085 [INFO] DbMcusXml:78 - Set database path to: C:\ST\STM32CubeIDE_1.14.1\STM32CubeIDE\plugins\com.st.stm32cube.common.mx_6.10.0.202311202037\\db\/mcu/
2024-06-26 08:25:46,093 [INFO] ApiDb:274 - Set plugin database path to: C:\ST\STM32CubeIDE_1.14.1\STM32CubeIDE\plugins\com.st.stm32cube.common.mx_6.10.0.202311202037\\db\/plugins/boardmanager/
2024-06-26 08:25:46,093 [WARN] ApiDb:259 - Overriding images path with different value:  => C:\ST\STM32CubeIDE_1.14.1\STM32CubeIDE\plugins\com.st.stm32cube.common.mx_6.10.0.202311202037\\db\/plugins/mcufinder/images/
2024-06-26 08:25:46,210 [INFO] ApiDb:250 - Set database path to: C:\Users\hp\.stmcufinder\plugins\mcufinder//mcu/
2024-06-26 08:25:46,226 [INFO] DbMcusAds:125 - Set database path to: C:\Users\hp\.stmcufinder\plugins\mcufinder//mcu/
2024-06-26 08:25:46,242 [INFO] CrossReferenceDbSqlite:203 - Set database path to: C:\Users\hp\.stmcufinder\plugins\mcufinder//mcu/cs/
2024-06-26 08:25:47,025 [INFO] RulesReader:64 - Compatibility file has been processed (297 Rules)
2024-06-26 08:25:47,308 [INFO] DbMcusXml:78 - Set database path to: C:\ST\STM32CubeIDE_1.14.1\STM32CubeIDE\plugins\com.st.stm32cube.common.mx_6.10.0.202311202037\\db\/mcu/
2024-06-26 08:25:47,308 [INFO] ApiDb:274 - Set plugin database path to: C:\ST\STM32CubeIDE_1.14.1\STM32CubeIDE\plugins\com.st.stm32cube.common.mx_6.10.0.202311202037\\db\/plugins/boardmanager/
2024-06-26 08:25:47,308 [INFO] ApiDb:261 - Set plugin images path to: C:\ST\STM32CubeIDE_1.14.1\STM32CubeIDE\plugins\com.st.stm32cube.common.mx_6.10.0.202311202037\\db\/plugins/mcufinder/images/
2024-06-26 08:25:47,308 [WARN] DbFile:41 - Overriding database path with different value: C:\Users\hp\.stmcufinder\plugins\mcufinder/ => C:\Users\hp\.stmcufinder\plugins\mcufinder
2024-06-26 08:25:47,308 [INFO] ApiDb:250 - Set database path to: C:\Users\hp\.stmcufinder\plugins\mcufinder//mcu/
2024-06-26 08:25:47,316 [WARN] DbFile:41 - Overriding database path with different value: C:\Users\hp\.stmcufinder\plugins\mcufinder/ => C:\Users\hp\.stmcufinder\plugins\mcufinder
2024-06-26 08:25:47,316 [INFO] DbMcusAds:125 - Set database path to: C:\Users\hp\.stmcufinder\plugins\mcufinder//mcu/
2024-06-26 08:25:47,316 [WARN] DbFile:41 - Overriding database path with different value: C:\Users\hp\.stmcufinder\plugins\mcufinder/ => C:\Users\hp\.stmcufinder\plugins\mcufinder
2024-06-26 08:25:47,316 [WARN] DbFile:41 - Overriding database path with different value: C:\Users\hp\.stmcufinder\plugins\mcufinder/ => C:\Users\hp\.stmcufinder\plugins\mcufinder
2024-06-26 08:25:47,316 [INFO] CrossReferenceDbSqlite:203 - Set database path to: C:\Users\hp\.stmcufinder\plugins\mcufinder//mcu/cs/
2024-06-26 08:25:47,599 [INFO] MainPanel:264 - HeapMemory: 268435456
2024-06-26 08:25:47,824 [INFO] DbMcusXml:78 - Set database path to: C:\ST\STM32CubeIDE_1.14.1\STM32CubeIDE\plugins\com.st.stm32cube.common.mx_6.10.0.202311202037\\db\/mcu/
2024-06-26 08:25:47,824 [INFO] ApiDb:274 - Set plugin database path to: C:\ST\STM32CubeIDE_1.14.1\STM32CubeIDE\plugins\com.st.stm32cube.common.mx_6.10.0.202311202037\\db\/plugins/boardmanager/
2024-06-26 08:25:47,824 [INFO] ApiDb:261 - Set plugin images path to: C:\ST\STM32CubeIDE_1.14.1\STM32CubeIDE\plugins\com.st.stm32cube.common.mx_6.10.0.202311202037\\db\/plugins/mcufinder/images/
2024-06-26 08:25:47,824 [WARN] DbFile:41 - Overriding database path with different value: C:\Users\hp\.stmcufinder\plugins\mcufinder/ => C:\Users\hp\.stmcufinder\plugins\mcufinder
2024-06-26 08:25:47,832 [INFO] ApiDb:250 - Set database path to: C:\Users\hp\.stmcufinder\plugins\mcufinder//mcu/
2024-06-26 08:25:47,832 [WARN] DbFile:41 - Overriding database path with different value: C:\Users\hp\.stmcufinder\plugins\mcufinder/ => C:\Users\hp\.stmcufinder\plugins\mcufinder
2024-06-26 08:25:47,832 [INFO] DbMcusAds:125 - Set database path to: C:\Users\hp\.stmcufinder\plugins\mcufinder//mcu/
2024-06-26 08:25:47,832 [WARN] DbFile:41 - Overriding database path with different value: C:\Users\hp\.stmcufinder\plugins\mcufinder/ => C:\Users\hp\.stmcufinder\plugins\mcufinder
2024-06-26 08:25:47,832 [WARN] DbFile:41 - Overriding database path with different value: C:\Users\hp\.stmcufinder\plugins\mcufinder/ => C:\Users\hp\.stmcufinder\plugins\mcufinder
2024-06-26 08:25:47,832 [INFO] CrossReferenceDbSqlite:203 - Set database path to: C:\Users\hp\.stmcufinder\plugins\mcufinder//mcu/cs/
2024-06-26 08:25:47,882 [INFO] ApplicationProperties:184 - Using Application install path: C:\ST\STM32CubeIDE_1.14.1\STM32CubeIDE\plugins\com.st.stm32cube.common.mx_6.10.0.202311202037
2024-06-26 08:25:47,890 [INFO] PluginManage:196 - Search for loadable plugins [exclusion list=, ]
2024-06-26 08:25:47,890 [INFO] PluginManage:310 - Check plugin analytics
2024-06-26 08:25:48,421 [INFO] AnalyticsPlugin:253 - Accepted Software Licenses: STM32CubeMX.6.11.1
2024-06-26 08:25:48,421 [INFO] AnalyticsPlugin:255 - Accepted CMSIS Pack Licenses: 
2024-06-26 08:25:48,421 [INFO] AnalyticsPlugin:257 - Accepted Firmware Licenses: 
2024-06-26 08:25:48,439 [INFO] PluginManage:359 - Loaded plugin analytics (category:tool,tabindex:-1)
2024-06-26 08:25:48,439 [INFO] PluginManage:310 - Check plugin cadmodel
2024-06-26 08:25:48,439 [ERROR] ConfigurationRetriever:142 - IOException on connection: sw-center.st.com
2024-06-26 08:25:48,457 [ERROR] ConfigurationRetriever:142 - IOException on connection: sw-center.st.com
2024-06-26 08:25:48,470 [ERROR] ConfigurationRetriever:142 - IOException on connection: sw-center.st.com
2024-06-26 08:25:48,491 [INFO] CADModel:105 - Init CAD model plugin
2024-06-26 08:25:48,491 [INFO] PluginManage:359 - Loaded plugin cadmodel (category:power,tabindex:5)
2024-06-26 08:25:48,491 [INFO] PluginManage:310 - Check plugin clock
2024-06-26 08:25:48,542 [INFO] PluginManage:359 - Loaded plugin clock (category:base,tabindex:2)
2024-06-26 08:25:48,542 [INFO] PluginManage:310 - Check plugin ddr
2024-06-26 08:25:48,555 [INFO] PluginManage:359 - Loaded plugin ddr (category:tool,tabindex:6)
2024-06-26 08:25:48,556 [INFO] PluginManage:310 - Check plugin filemanager
2024-06-26 08:25:49,020 [INFO] PluginManage:359 - Loaded plugin filemanager (category:base,tabindex:10)
2024-06-26 08:25:49,020 [INFO] PluginManage:310 - Check plugin ipmanager
2024-06-26 08:25:49,037 [INFO] PluginManage:359 - Loaded plugin ipmanager (category:base,tabindex:5)
2024-06-26 08:25:49,037 [INFO] PluginManage:310 - Check plugin lpbam
2024-06-26 08:25:49,071 [INFO] PluginManage:359 - Loaded plugin lpbam (category:base,tabindex:0)
2024-06-26 08:25:49,071 [INFO] PluginManage:310 - Check plugin memorymap
2024-06-26 08:25:49,119 [INFO] PluginManage:359 - Loaded plugin memorymap (category:base,tabindex:4)
2024-06-26 08:25:49,119 [INFO] PluginManage:310 - Check plugin pinoutandconfiguration
2024-06-26 08:25:49,156 [INFO] PluginManage:359 - Loaded plugin pinoutandconfiguration (category:base,tabindex:1)
2024-06-26 08:25:49,156 [INFO] PluginManage:310 - Check plugin pinoutconfig
2024-06-26 08:25:49,389 [WARN] SupportedApi:132 - Cannot load RTOS API schema: s4s-elt-must-match.1: The content of 'definitions' must match (annotation?, (simpleType | complexType)?, (unique | key | keyref)*)). A problem was found starting at: attribute.
2024-06-26 08:25:49,894 [INFO] PluginManage:359 - Loaded plugin pinoutconfig (category:base,tabindex:0)
2024-06-26 08:25:49,894 [INFO] PluginManage:310 - Check plugin power
2024-06-26 08:25:50,004 [INFO] PluginManage:359 - Loaded plugin power (category:power,tabindex:4)
2024-06-26 08:25:50,004 [INFO] PluginManage:310 - Check plugin projectmanager
2024-06-26 08:25:50,086 [INFO] PluginManage:359 - Loaded plugin projectmanager (category:projectmanager,tabindex:3)
2024-06-26 08:25:50,086 [INFO] PluginManage:310 - Check plugin thirdparty
2024-06-26 08:25:51,634 [INFO] PluginManage:359 - Loaded plugin thirdparty (category:base,tabindex:-1)
2024-06-26 08:25:51,634 [INFO] PluginManage:310 - Check plugin tools
2024-06-26 08:25:51,634 [WARN] IntegrityCheckThread:84 - waiting for thirdparty lock release [integrity check]
2024-06-26 08:25:51,634 [INFO] IntegrityCheckThread:86 - entering critical section [integrity check]
2024-06-26 08:25:51,652 [INFO] ThirdPartyUpdaterWithRetryManager:70 - Updater plugin not ready yet. [1/15]
2024-06-26 08:25:51,754 [INFO] PluginManage:359 - Loaded plugin tools (category:base,tabindex:7)
2024-06-26 08:25:51,754 [INFO] PluginManage:310 - Check plugin tutovideos
2024-06-26 08:25:52,274 [INFO] PluginManage:359 - Loaded plugin tutovideos (category:base,tabindex:-1)
2024-06-26 08:25:52,274 [INFO] PluginManage:310 - Check plugin updater
2024-06-26 08:25:52,300 [INFO] PluginManage:359 - Loaded plugin updater (category:base,tabindex:12)
2024-06-26 08:25:52,300 [INFO] PluginManage:310 - Check plugin userauth
2024-06-26 08:25:52,307 [INFO] UserAuth:114 - Init User Auth plugin
2024-06-26 08:25:52,307 [INFO] PluginManage:359 - Loaded plugin userauth (category:base,tabindex:14)
2024-06-26 08:25:52,314 [INFO] PluginManage:283 - PluginManage : Loaded plugins [17]
2024-06-26 08:25:52,893 [INFO] PinOutPanel:1499 - setPackage(No Configuration,No Configuration)
2024-06-26 08:25:53,127 [INFO] CADModel:165 - CPN selected for project level
2024-06-26 08:25:53,127 [INFO] CADModel:114 - Register for checkConnection events
2024-06-26 08:25:53,188 [INFO] IPUIPlugin:80 - create IPUIPlugin
2024-06-26 08:25:53,188 [INFO] PluginManager:220 - loadIPPluginJar : add adc
2024-06-26 08:25:53,284 [INFO] IPUIPlugin:80 - create IPUIPlugin
2024-06-26 08:25:53,284 [INFO] PluginManager:220 - loadIPPluginJar : add aes
2024-06-26 08:25:53,374 [INFO] IPUIPlugin:80 - create IPUIPlugin
2024-06-26 08:25:53,374 [INFO] PluginManager:220 - loadIPPluginJar : add can
2024-06-26 08:25:53,431 [INFO] IPUIPlugin:80 - create IPUIPlugin
2024-06-26 08:25:53,431 [INFO] PluginManager:220 - loadIPPluginJar : add comp
2024-06-26 08:25:53,505 [INFO] IPUIPlugin:80 - create IPUIPlugin
2024-06-26 08:25:53,505 [INFO] PluginManager:220 - loadIPPluginJar : add cryp
2024-06-26 08:25:53,584 [INFO] IPUIPlugin:80 - create IPUIPlugin
2024-06-26 08:25:53,584 [INFO] PluginManager:220 - loadIPPluginJar : add dfsdm
2024-06-26 08:25:53,610 [INFO] IPUIPlugin:80 - create IPUIPlugin
2024-06-26 08:25:53,610 [INFO] PluginManager:220 - loadIPPluginJar : add dma
2024-06-26 08:25:53,707 [INFO] IPUIPlugin:80 - create IPUIPlugin
2024-06-26 08:25:53,714 [INFO] PluginManager:220 - loadIPPluginJar : add dma3
2024-06-26 08:25:53,758 [INFO] IPUIPlugin:80 - create IPUIPlugin
2024-06-26 08:25:53,758 [INFO] PluginManager:220 - loadIPPluginJar : add fatfs
2024-06-26 08:25:53,864 [INFO] IPUIPlugin:80 - create IPUIPlugin
2024-06-26 08:25:53,864 [INFO] PluginManager:220 - loadIPPluginJar : add fmc
2024-06-26 08:25:53,889 [INFO] IPUIPlugin:80 - create IPUIPlugin
2024-06-26 08:25:53,889 [INFO] PluginManager:220 - loadIPPluginJar : add freertos
2024-06-26 08:25:53,939 [INFO] IPUIPlugin:80 - create IPUIPlugin
2024-06-26 08:25:53,939 [INFO] PluginManager:220 - loadIPPluginJar : add genericplugin
2024-06-26 08:25:54,158 [INFO] IPUIPlugin:80 - create IPUIPlugin
2024-06-26 08:25:54,158 [INFO] PluginManager:220 - loadIPPluginJar : add gfxmmu
2024-06-26 08:25:54,470 [INFO] IPUIPlugin:80 - create IPUIPlugin
2024-06-26 08:25:54,471 [INFO] PluginManager:220 - loadIPPluginJar : add gic
2024-06-26 08:25:54,487 [INFO] IPUIPlugin:80 - create IPUIPlugin
2024-06-26 08:25:54,487 [INFO] PluginManager:220 - loadIPPluginJar : add gpio
2024-06-26 08:25:54,655 [INFO] ThirdPartyUpdaterWithRetryManager:70 - Updater plugin not ready yet. [2/15]
2024-06-26 08:25:54,747 [INFO] IPUIPlugin:80 - create IPUIPlugin
2024-06-26 08:25:54,747 [INFO] PluginManager:220 - loadIPPluginJar : add gtzc
2024-06-26 08:25:54,819 [INFO] IPUIPlugin:80 - create IPUIPlugin
2024-06-26 08:25:54,819 [INFO] PluginManager:220 - loadIPPluginJar : add hash
2024-06-26 08:25:54,942 [INFO] IPUIPlugin:80 - create IPUIPlugin
2024-06-26 08:25:54,942 [INFO] PluginManager:220 - loadIPPluginJar : add i2c
2024-06-26 08:25:55,031 [INFO] IPUIPlugin:80 - create IPUIPlugin
2024-06-26 08:25:55,034 [INFO] PluginManager:220 - loadIPPluginJar : add i2s
2024-06-26 08:25:55,135 [INFO] IPUIPlugin:80 - create IPUIPlugin
2024-06-26 08:25:55,135 [INFO] PluginManager:220 - loadIPPluginJar : add i3c
2024-06-26 08:25:55,385 [INFO] IPUIPlugin:80 - create IPUIPlugin
2024-06-26 08:25:55,385 [INFO] PluginManager:220 - loadIPPluginJar : add ipddr
2024-06-26 08:25:55,618 [INFO] IPUIPlugin:80 - create IPUIPlugin
2024-06-26 08:25:55,618 [INFO] PluginManager:220 - loadIPPluginJar : add linkedlist
2024-06-26 08:25:55,725 [INFO] IPUIPlugin:80 - create IPUIPlugin
2024-06-26 08:25:55,725 [INFO] PluginManager:220 - loadIPPluginJar : add lorawan
2024-06-26 08:25:55,821 [INFO] IPUIPlugin:80 - create IPUIPlugin
2024-06-26 08:25:55,821 [INFO] PluginManager:220 - loadIPPluginJar : add ltdc
2024-06-26 08:25:55,854 [INFO] IPUIPlugin:80 - create IPUIPlugin
2024-06-26 08:25:55,854 [INFO] PluginManager:220 - loadIPPluginJar : add mdma
2024-06-26 08:25:55,885 [INFO] IPUIPlugin:80 - create IPUIPlugin
2024-06-26 08:25:55,885 [INFO] PluginManager:220 - loadIPPluginJar : add nvic
2024-06-26 08:25:55,964 [INFO] IPUIPlugin:80 - create IPUIPlugin
2024-06-26 08:25:55,964 [INFO] PluginManager:220 - loadIPPluginJar : add opamp
2024-06-26 08:25:56,114 [INFO] IPUIPlugin:80 - create IPUIPlugin
2024-06-26 08:25:56,114 [INFO] PluginManager:220 - loadIPPluginJar : add openamp
2024-06-26 08:25:56,211 [INFO] IPUIPlugin:80 - create IPUIPlugin
2024-06-26 08:25:56,214 [INFO] PluginManager:220 - loadIPPluginJar : add pdm2pcm
2024-06-26 08:25:56,236 [INFO] IPUIPlugin:80 - create IPUIPlugin
2024-06-26 08:25:56,245 [INFO] PluginManager:220 - loadIPPluginJar : add plateformsettings
2024-06-26 08:25:56,294 [INFO] IPUIPlugin:80 - create IPUIPlugin
2024-06-26 08:25:56,294 [INFO] PluginManager:220 - loadIPPluginJar : add quadspi
2024-06-26 08:25:56,319 [INFO] IPUIPlugin:80 - create IPUIPlugin
2024-06-26 08:25:56,319 [INFO] PluginManager:220 - loadIPPluginJar : add resmgrutility
2024-06-26 08:25:56,426 [INFO] IPUIPlugin:80 - create IPUIPlugin
2024-06-26 08:25:56,426 [INFO] PluginManager:220 - loadIPPluginJar : add sai
2024-06-26 08:25:56,511 [INFO] IPUIPlugin:80 - create IPUIPlugin
2024-06-26 08:25:56,511 [INFO] PluginManager:220 - loadIPPluginJar : add spi
2024-06-26 08:25:56,670 [INFO] IPUIPlugin:80 - create IPUIPlugin
2024-06-26 08:25:56,670 [INFO] PluginManager:220 - loadIPPluginJar : add stm32_wpan
2024-06-26 08:25:56,718 [INFO] IPUIPlugin:80 - create IPUIPlugin
2024-06-26 08:25:56,718 [INFO] PluginManager:220 - loadIPPluginJar : add tim
2024-06-26 08:25:56,847 [INFO] IPUIPlugin:80 - create IPUIPlugin
2024-06-26 08:25:56,847 [INFO] PluginManager:220 - loadIPPluginJar : add touchsensing
2024-06-26 08:25:56,895 [INFO] IPUIPlugin:80 - create IPUIPlugin
2024-06-26 08:25:56,897 [INFO] PluginManager:220 - loadIPPluginJar : add tracer_emb
2024-06-26 08:25:56,947 [INFO] IPUIPlugin:80 - create IPUIPlugin
2024-06-26 08:25:56,952 [INFO] PluginManager:220 - loadIPPluginJar : add ts
2024-06-26 08:25:56,998 [INFO] IPUIPlugin:80 - create IPUIPlugin
2024-06-26 08:25:56,998 [INFO] PluginManager:220 - loadIPPluginJar : add tsc
2024-06-26 08:25:57,063 [INFO] IPUIPlugin:80 - create IPUIPlugin
2024-06-26 08:25:57,065 [INFO] PluginManager:220 - loadIPPluginJar : add ucpd
2024-06-26 08:25:57,164 [INFO] IPUIPlugin:80 - create IPUIPlugin
2024-06-26 08:25:57,169 [INFO] PluginManager:220 - loadIPPluginJar : add usart
2024-06-26 08:25:57,265 [INFO] IPUIPlugin:80 - create IPUIPlugin
2024-06-26 08:25:57,265 [INFO] PluginManager:220 - loadIPPluginJar : add usbx
2024-06-26 08:25:57,481 [INFO] CADModel:165 - CPN selected for project level
2024-06-26 08:25:57,481 [INFO] CADModel:114 - Register for checkConnection events
2024-06-26 08:25:57,481 [FATAL] Updater:308 - Updater called before beeing initialized
2024-06-26 08:25:57,481 [ERROR] CADModel:125 - Updater not yet initialized, retry later 
2024-06-26 08:25:57,664 [INFO] ThirdPartyUpdaterWithRetryManager:70 - Updater plugin not ready yet. [3/15]
2024-06-26 08:25:57,998 [INFO] CADModel:165 - CPN selected for project level
2024-06-26 08:25:57,998 [INFO] CADModel:114 - Register for checkConnection events
2024-06-26 08:25:57,998 [FATAL] Updater:308 - Updater called before beeing initialized
2024-06-26 08:25:57,998 [ERROR] CADModel:125 - Updater not yet initialized, retry later 
2024-06-26 08:25:58,004 [FATAL] Updater:308 - Updater called before beeing initialized
2024-06-26 08:25:58,365 [FATAL] Updater:308 - Updater called before beeing initialized
2024-06-26 08:25:58,387 [INFO] DbMcusAds:53 - JSON generation date=Thu May 16 12:22:00 EAT 2024 (1715851320852)
2024-06-26 08:25:58,387 [FATAL] Updater:308 - Updater called before beeing initialized
2024-06-26 08:25:58,603 [WARN] DetailPanel:346 - Failed to get advertising image, set to default
2024-06-26 08:25:58,919 [FATAL] Updater:308 - Updater called before beeing initialized
2024-06-26 08:25:58,927 [FATAL] Updater:308 - Updater called before beeing initialized
2024-06-26 08:25:58,927 [FATAL] Updater:308 - Updater called before beeing initialized
2024-06-26 08:25:58,927 [WARN] DetailPanel:346 - Failed to get advertising image, set to default
2024-06-26 08:25:58,927 [FATAL] Updater:308 - Updater called before beeing initialized
2024-06-26 08:25:59,152 [ERROR] Updater:1120 - MainUpdater not yet initialized. External WinMGr cannot be set.
2024-06-26 08:25:59,170 [INFO] Updater:1056 - Updater Version found : 6.10.0
2024-06-26 08:25:59,219 [INFO] ApplicationProperties:184 - Using Application install path: C:\ST\STM32CubeIDE_1.14.1\STM32CubeIDE\plugins\com.st.stm32cube.common.mx_6.10.0.202311202037
2024-06-26 08:26:00,673 [FATAL] Updater:308 - Updater called before beeing initialized
2024-06-26 08:26:00,673 [ERROR] IntegrityCheckThread:130 - Cannot retrieve database content from updater: error 21
2024-06-26 08:26:00,673 [INFO] ThirdParty:978 - Integrity check success = false
2024-06-26 08:26:00,673 [INFO] IntegrityCheckThread:100 - exiting critical section [integrity check]
2024-06-26 08:26:00,673 [INFO] IntegrityCheckThread:103 - End integrity checks thread
2024-06-26 08:26:00,897 [ERROR] LogOutputStream:75 - [STDERR_REDIRECT] Jun 26, 2024 8:26:00 AM java.util.prefs.WindowsPreferences <init>
2024-06-26 08:26:00,914 [ERROR] LogOutputStream:75 - [STDERR_REDIRECT] WARNING: Could not open/create prefs root node Software\JavaSoft\Prefs at root 0xffffffff80000002. Windows RegCreateKeyEx(...) returned error code 5.
2024-06-26 08:26:00,914 [ERROR] LogOutputStream:75 - [STDERR_REDIRECT] 
2024-06-26 08:26:01,706 [INFO] MainUpdater:2873 - connection check result : 22
2024-06-26 08:26:01,706 [INFO] MainUpdater:290 - Updater Check For Update Now.
2024-06-26 08:26:01,706 [INFO] MicroXplorer:498 - Change Database Version : DB.6.0.100
2024-06-26 08:26:01,789 [INFO] McuFinderGlobals:63 - Set McuFinder mode to 2 (CubeIDE integrated)
2024-06-26 08:26:02,155 [INFO] UserAuth:404 - Internet connection configuration mode: 2
2024-06-26 08:26:02,491 [INFO] CheckServerUpdateThread:120 - End of CheckServer Thread
2024-06-26 08:26:24,822 [ERROR] LogOutputStream:75 - [STDERR_REDIRECT] SLF4J: Failed to load class "org.slf4j.impl.StaticLoggerBinder".
2024-06-26 08:26:24,829 [ERROR] LogOutputStream:75 - [STDERR_REDIRECT] SLF4J: Defaulting to no-operation (NOP) logger implementation
2024-06-26 08:26:24,834 [ERROR] LogOutputStream:75 - [STDERR_REDIRECT] SLF4J: See http://www.slf4j.org/codes.html#StaticLoggerBinder for further details.
2024-06-26 09:53:56,786 [INFO] McuFinderGlobals:63 - Set McuFinder mode to 2 (CubeIDE integrated)
2024-06-26 09:53:57,872 [INFO] MainUpdater:2873 - connection check result : 10
2024-06-26 09:53:57,887 [INFO] MainUpdater:2873 - connection check result : 10
2024-06-26 09:53:58,223 [INFO] MicroXplorer:468 - Change Database Path : 
2024-06-26 09:53:58,223 [INFO] MicroXplorer:498 - Change Database Version : DB.6.0.100
2024-06-26 09:53:58,232 [WARN] ThirdParty:871 - waiting for thirdparty lock release [close project]
2024-06-26 09:53:58,232 [INFO] ThirdParty:873 - entering critical section [close project]
2024-06-26 09:53:58,234 [INFO] ThirdParty:883 - exiting critical section [close project]
2024-06-26 09:53:58,239 [INFO] PinOutPanel:1499 - setPackage(No Configuration,No Configuration)
2024-06-26 09:53:58,251 [INFO] UtilMem:75 - Begin LoadConfig() Used Memory: 147920584 Bytes (268435456)
2024-06-26 09:53:58,255 [INFO] MicroXplorer:468 - Change Database Path : 
2024-06-26 09:53:58,256 [INFO] MicroXplorer:498 - Change Database Version : DB.6.0.100
2024-06-26 09:53:58,256 [INFO] OpenFileManager:312 - Change cursor
2024-06-26 09:53:58,292 [WARN] IntegrityCheckThread:84 - waiting for thirdparty lock release [integrity check]
2024-06-26 09:53:58,293 [INFO] IntegrityCheckThread:86 - entering critical section [integrity check]
2024-06-26 09:53:59,254 [WARN] PackLoader:240 - Cannot read IP mode file for STMicroelectronics.FP-SNS-MOTENVWB1.1.4.0
2024-06-26 09:53:59,368 [WARN] PackLoader:240 - Cannot read IP mode file for STMicroelectronics.X-CUBE-SMBUS.2.1.0
2024-06-26 09:53:59,416 [WARN] PackLoader:240 - Cannot read IP mode file for STMicroelectronics.X-CUBE-TOUCHGFX.4.23.2
2024-06-26 09:54:00,012 [WARN] PackLoader:240 - Cannot read IP mode file for STMicroelectronics.X-CUBE-AZRTOS-F7.1.1.0
2024-06-26 09:54:00,090 [WARN] PackLoader:240 - Cannot read IP mode file for STMicroelectronics.FP-SNS-FLIGHT1.5.0.2
2024-06-26 09:54:00,215 [WARN] PackLoader:240 - Cannot read IP mode file for STMicroelectronics.X-CUBE-DISPLAY.3.0.0
2024-06-26 09:54:00,309 [WARN] PackLoader:240 - Cannot read IP mode file for STMicroelectronics.X-CUBE-BLE1.7.0.0
2024-06-26 09:54:00,340 [WARN] PackLoader:240 - Cannot read IP mode file for emotas.I-CUBE-CANOPEN.1.3.0
2024-06-26 09:54:00,454 [WARN] PackLoader:240 - Cannot read IP mode file for STMicroelectronics.X-CUBE-BLEMGR.3.1.0
2024-06-26 09:54:00,500 [WARN] PackLoader:240 - Cannot read IP mode file for STMicroelectronics.FP-SNS-SMARTAG2.1.2.0
2024-06-26 09:54:00,561 [INFO] LogOutputStream:77 - [STDOUT_REDIRECT] 1 : Invalid condition id : UX_CORESTACK_Condition cause : null
2024-06-26 09:54:00,563 [INFO] LogOutputStream:77 - [STDOUT_REDIRECT] 1 : Invalid condition id : UX_CORESTACK_Condition cause : null
2024-06-26 09:54:00,567 [INFO] LogOutputStream:77 - [STDOUT_REDIRECT] 1 : Invalid condition id : UX_CORESTACK_Condition cause : null
2024-06-26 09:54:00,571 [INFO] LogOutputStream:77 - [STDOUT_REDIRECT] 1 : Invalid condition id : UX_CORESTACK_Condition cause : null
2024-06-26 09:54:00,576 [INFO] LogOutputStream:77 - [STDOUT_REDIRECT] 1 : Invalid condition id : UX_CORESTACK_Condition cause : null
2024-06-26 09:54:00,622 [WARN] PackLoader:240 - Cannot read IP mode file for STMicroelectronics.X-CUBE-AZRTOS-WL.2.0.0
2024-06-26 09:54:00,680 [WARN] PackLoader:240 - Cannot read IP mode file for STMicroelectronics.FP-SNS-MOTENV1.5.0.0
2024-06-26 09:54:00,725 [WARN] PackLoader:240 - Cannot read IP mode file for WES.I-CUBE-Cesium.1.3.0
2024-06-26 09:54:00,760 [WARN] PackLoader:240 - Cannot read IP mode file for STMicroelectronics.X-CUBE-BLE2.3.3.0
2024-06-26 09:54:00,801 [WARN] PackLoader:240 - Cannot read IP mode file for STMicroelectronics.X-CUBE-TCPP.4.1.0
2024-06-26 09:54:00,903 [WARN] PackLoader:240 - Cannot read IP mode file for STMicroelectronics.X-CUBE-AZRTOS-G0.1.1.0
2024-06-26 09:54:00,960 [WARN] PackLoader:240 - Cannot read IP mode file for STMicroelectronics.X-CUBE-SAFEA1.1.2.2
2024-06-26 09:54:01,037 [WARN] PackLoader:240 - Cannot read IP mode file for STMicroelectronics.X-CUBE-NFC4.3.0.0
2024-06-26 09:54:01,071 [WARN] PackLoader:240 - Cannot read IP mode file for wolfSSL.I-CUBE-wolfMQTT.1.18.0
2024-06-26 09:54:01,097 [WARN] PackLoader:240 - Cannot read IP mode file for wolfSSL.I-CUBE-wolfSSL.5.7.0
2024-06-26 09:54:01,126 [WARN] PackLoader:240 - Cannot read IP mode file for STMicroelectronics.FP-ATR-SIGFOX1.3.2.0
2024-06-26 09:54:01,167 [WARN] PackLoader:240 - Cannot read IP mode file for STMicroelectronics.X-CUBE-EEPRMA1.5.1.0
2024-06-26 09:54:01,209 [WARN] PackLoader:240 - Cannot read IP mode file for ITTIA_DB.I-CUBE-ITTIADB.8.9.0
2024-06-26 09:54:01,339 [WARN] PackLoader:240 - Cannot read IP mode file for SEGGER.I-CUBE-embOS.1.3.1
2024-06-26 09:54:01,546 [WARN] PackLoader:240 - Cannot read IP mode file for STMicroelectronics.X-CUBE-ALGOBUILD.1.4.0
2024-06-26 09:54:01,586 [WARN] PackLoader:240 - Cannot read IP mode file for STMicroelectronics.X-CUBE-GNSS1.6.0.0
2024-06-26 09:54:01,671 [WARN] PackLoader:240 - Cannot read IP mode file for STMicroelectronics.X-CUBE-AZRTOS-F4.1.1.0
2024-06-26 09:54:01,722 [WARN] PackLoader:240 - Cannot read IP mode file for STMicroelectronics.X-CUBE-FREERTOS.1.2.0
2024-06-26 09:54:01,818 [WARN] PackLoader:240 - Cannot read IP mode file for STMicroelectronics.X-CUBE-AZRTOS-L5.2.0.0
2024-06-26 09:54:01,874 [WARN] PackLoader:240 - Cannot read IP mode file for STMicroelectronics.X-CUBE-NFC6.3.1.0
2024-06-26 09:54:01,921 [WARN] PackLoader:240 - Cannot read IP mode file for STMicroelectronics.X-CUBE-AI.9.0.0
2024-06-26 09:54:01,955 [WARN] PackLoader:240 - Cannot read IP mode file for STMicroelectronics.X-CUBE-NFC7.1.0.1
2024-06-26 09:54:02,082 [WARN] ConditionMgr:438 - getConditionDescription Invalid condition id : LAN8742 Phy interface Condition cause : null
2024-06-26 09:54:02,084 [WARN] PackLoader:240 - Cannot read IP mode file for STMicroelectronics.X-CUBE-AZRTOS-L4.2.0.0
2024-06-26 09:54:02,087 [WARN] ConditionMgr:1039 - genDependencies : Invalid condition id : LAN8742 Phy interface Condition cause : null
2024-06-26 09:54:02,088 [WARN] ConditionMgr:1039 - genDependencies : Invalid condition id : LAN8742 Phy interface Condition cause : null
2024-06-26 09:54:02,090 [WARN] ConditionMgr:1039 - genDependencies : Invalid condition id : LAN8742 Phy interface Condition cause : null
2024-06-26 09:54:02,161 [WARN] PackLoader:240 - Cannot read IP mode file for STMicroelectronics.X-CUBE-SFXS2LP1.4.0.0
2024-06-26 09:54:02,252 [WARN] ConditionMgr:438 - getConditionDescription Invalid condition id : UX DEVICE CLASS RTOS Condition cause : null
2024-06-26 09:54:02,255 [WARN] ConditionMgr:438 - getConditionDescription Invalid condition id : UX DEVICE CLASS RTOS Condition cause : null
2024-06-26 09:54:02,263 [WARN] PackLoader:240 - Cannot read IP mode file for STMicroelectronics.X-CUBE-AZRTOS-WB.2.0.0
2024-06-26 09:54:02,265 [WARN] ConditionMgr:1039 - genDependencies : Invalid condition id : UX DEVICE CLASS RTOS Condition cause : null
2024-06-26 09:54:02,266 [WARN] ConditionMgr:1039 - genDependencies : Invalid condition id : UX DEVICE CLASS RTOS Condition cause : null
2024-06-26 09:54:02,267 [WARN] ConditionMgr:1039 - genDependencies : Invalid condition id : UX DEVICE CLASS RTOS Condition cause : null
2024-06-26 09:54:02,268 [WARN] ConditionMgr:1039 - genDependencies : Invalid condition id : UX DEVICE CLASS RTOS Condition cause : null
2024-06-26 09:54:02,268 [WARN] ConditionMgr:1039 - genDependencies : Invalid condition id : UX DEVICE CLASS RTOS Condition cause : null
2024-06-26 09:54:02,322 [WARN] PackLoader:240 - Cannot read IP mode file for STMicroelectronics.X-CUBE-SUBG2.5.0.0
2024-06-26 09:54:02,419 [WARN] PackLoader:240 - Cannot read IP mode file for STMicroelectronics.X-CUBE-AZRTOS-G4.2.0.0
2024-06-26 09:54:02,456 [WARN] PackLoader:240 - Cannot read IP mode file for STMicroelectronics.X-CUBE-ISPU.2.0.0
2024-06-26 09:54:02,490 [WARN] PackLoader:240 - Cannot read IP mode file for STMicroelectronics.X-CUBE-ALS.1.0.2
2024-06-26 09:54:02,655 [WARN] PackLoader:240 - Cannot read IP mode file for STMicroelectronics.X-CUBE-MEMS1.10.0.0
2024-06-26 09:54:03,037 [WARN] PackLoader:240 - Cannot read IP mode file for portGmbH.I-Cube-SoM-uGOAL.1.1.0
2024-06-26 09:54:03,074 [WARN] PackLoader:240 - Cannot read IP mode file for STMicroelectronics.X-CUBE-ALS.1.0.1
2024-06-26 09:54:03,201 [WARN] PackLoader:240 - Cannot read IP mode file for STMicroelectronics.X-CUBE-AZRTOS-H7RS.1.0.0
2024-06-26 09:54:03,260 [WARN] PackLoader:240 - Cannot read IP mode file for STMicroelectronics.FP-ATR-ASTRA1.2.0.0
2024-06-26 09:54:03,365 [WARN] PackLoader:240 - Cannot read IP mode file for STMicroelectronics.X-CUBE-TOF1.3.4.1
2024-06-26 09:54:03,537 [WARN] PackLoader:240 - Cannot read IP mode file for STMicroelectronics.X-CUBE-AZRTOS-H7.3.2.0
2024-06-26 09:54:03,729 [WARN] PackLoader:240 - Cannot read IP mode file for Infineon.AIROC-Wi-Fi-Bluetooth-STM32.1.6.0
2024-06-26 09:54:03,740 [INFO] ThirdParty:978 - Integrity check success = true
2024-06-26 09:54:03,740 [INFO] IntegrityCheckThread:100 - exiting critical section [integrity check]
2024-06-26 09:54:03,740 [INFO] IntegrityCheckThread:103 - End integrity checks thread
2024-06-26 09:54:03,953 [INFO] Mcu:2016 - Initializing MCU STM32F103C(8-B)Tx STM32F103C8Tx STM32F103C8T6
2024-06-26 09:54:07,266 [INFO] Context:659 - Trying to add GPIOservice into a context  which must be forbidden
2024-06-26 09:54:08,284 [INFO] RtosManager:555 - Registered RTOS mode: class=CMSIS, group=RTOS, mode=CMSIS_V1, owner=FREERTOS
2024-06-26 09:54:08,285 [INFO] RtosManager:555 - Registered RTOS mode: class=CMSIS, group=RTOS2, mode=CMSIS_V2, owner=FREERTOS
2024-06-26 09:54:08,285 [INFO] RtosManager:555 - Registered RTOS mode: class=RTOS, group=Core, mode=CMSIS_V1, owner=FREERTOS
2024-06-26 09:54:08,285 [INFO] RtosManager:555 - Registered RTOS mode: class=RTOS, group=Core, mode=CMSIS_V2, owner=FREERTOS
2024-06-26 09:54:08,286 [WARN] ModelIntegratedComponent:184 - Missing modes for component STMicroelectronics:FreeRTOS:0.0.1:STMicroelectronics:RTOS:FreeRTOS:Core:::10.2.0:
2024-06-26 09:54:08,335 [WARN] ModelIntegratedComponent:63 - No mode defined for component null
2024-06-26 09:54:08,335 [WARN] ModelIntegratedComponent:63 - No mode defined for component null
2024-06-26 09:54:08,335 [WARN] ModelIntegratedComponent:63 - No mode defined for component null
2024-06-26 09:54:08,335 [WARN] ModelIntegratedComponent:63 - No mode defined for component null
2024-06-26 09:54:08,336 [WARN] ModelIntegratedComponent:63 - No mode defined for component null
2024-06-26 09:54:08,336 [WARN] ModelIntegratedComponent:63 - No mode defined for component null
2024-06-26 09:54:08,336 [WARN] ModelIntegratedComponent:63 - No mode defined for component null
2024-06-26 09:54:08,336 [WARN] ModelIntegratedComponent:63 - No mode defined for component null
2024-06-26 09:54:08,336 [WARN] ModelIntegratedComponent:63 - No mode defined for component null
2024-06-26 09:54:08,337 [WARN] ModelIntegratedComponent:63 - No mode defined for component null
2024-06-26 09:54:08,337 [WARN] ModelIntegratedComponent:63 - No mode defined for component null
2024-06-26 09:54:08,337 [WARN] ModelIntegratedComponent:63 - No mode defined for component null
2024-06-26 09:54:08,337 [WARN] ModelIntegratedComponent:63 - No mode defined for component null
2024-06-26 09:54:08,337 [WARN] ModelIntegratedComponent:63 - No mode defined for component null
2024-06-26 09:54:08,337 [WARN] ModelIntegratedComponent:63 - No mode defined for component null
2024-06-26 09:54:08,338 [WARN] ModelIntegratedComponent:63 - No mode defined for component null
2024-06-26 09:54:08,338 [WARN] ModelIntegratedComponent:63 - No mode defined for component null
2024-06-26 09:54:08,338 [WARN] ModelIntegratedComponent:63 - No mode defined for component null
2024-06-26 09:54:08,338 [WARN] ModelIntegratedComponent:63 - No mode defined for component null
2024-06-26 09:54:08,338 [WARN] ModelIntegratedComponent:63 - No mode defined for component null
2024-06-26 09:54:08,339 [WARN] ModelIntegratedComponent:63 - No mode defined for component null
2024-06-26 09:54:08,339 [WARN] ModelIntegratedComponent:63 - No mode defined for component null
2024-06-26 09:54:08,339 [WARN] ModelIntegratedComponent:63 - No mode defined for component null
2024-06-26 09:54:08,339 [WARN] ModelIntegratedComponent:63 - No mode defined for component null
2024-06-26 09:54:08,339 [WARN] ModelIntegratedComponent:63 - No mode defined for component null
2024-06-26 09:54:08,339 [WARN] ModelIntegratedComponent:63 - No mode defined for component null
2024-06-26 09:54:08,340 [WARN] ModelIntegratedComponent:63 - No mode defined for component null
2024-06-26 09:54:08,340 [WARN] ModelIntegratedComponent:63 - No mode defined for component null
2024-06-26 09:54:08,340 [WARN] ModelIntegratedComponent:63 - No mode defined for component null
2024-06-26 09:54:08,340 [WARN] ModelIntegratedComponent:63 - No mode defined for component null
2024-06-26 09:54:08,340 [WARN] ModelIntegratedComponent:63 - No mode defined for component null
2024-06-26 09:54:08,340 [WARN] ModelIntegratedComponent:63 - No mode defined for component null
2024-06-26 09:54:08,340 [WARN] ModelIntegratedComponent:63 - No mode defined for component null
2024-06-26 09:54:08,817 [INFO] ThirdPartyModel:298 - Start build external matchings
2024-06-26 09:54:09,692 [INFO] ThirdPartyModel:316 - End build external matchings
2024-06-26 09:54:09,724 [INFO] ImportTextPane:194 - (OptionalMessage_ERROR) IP (RCC) : Parameter (ADCFreqValue) has invalid value (36000000)
2024-06-26 09:54:09,725 [INFO] ImportTextPane:194 - (OptionalMessage_ERROR) IP (RCC) : Invalid parameter (FamilyName)
2024-06-26 09:54:09,725 [INFO] ImportTextPane:194 - (OptionalMessage_ERROR) IP (RCC) : Parameter (MCOFreq_Value) has invalid value (72000000)
2024-06-26 09:54:09,727 [INFO] ImportTextPane:194 - (OptionalMessage_ERROR) IP (RCC) : Parameter (USBFreq_Value) has invalid value (72000000)
2024-06-26 09:54:10,447 [INFO] UtilMem:75 - End LoadConfig() Used Memory: 194691632 Bytes (327155712)
2024-06-26 09:54:10,881 [INFO] ApiDb:581 - Connected to CubeFinder SQLite database (C:\Users\hp\.stmcufinder\plugins\mcufinder\mcu\cube-finder-db.db)
2024-06-26 09:54:11,084 [INFO] ApiDb:668 - CubeFinder database Data Model version=2.1
2024-06-26 09:54:11,084 [INFO] ApiDb:669 - CubeFinder database Configuration version=3.0.39
2024-06-26 09:54:11,084 [INFO] ApiDb:670 - CubeFinder database generation date=2024-06-05 (1717578087)
2024-06-26 09:54:11,084 [INFO] ApiDb:671 - CubeFinder database FW Pack versions=[FP-ATR-ASTRA1_V2.0.0, FP-SNS-FLIGHT1_V5.0.1, FP-SNS-FLIGHT1_V5.0.2, FP-SNS-MOTENV1_V4.3.1, FP-SNS-MOTENV1_V4.3.2, FP-SNS-MOTENV1_V5.0.0, FP-SNS-MOTENVWB1_V1.4.0, FP-SNS-SMARTAG2_V1.2.0, STM32Cube_FW_C0_V1.1.0, STM32Cube_FW_F4_V1.28.0, STM32Cube_FW_F7_V1.17.2, STM32Cube_FW_G0_V1.6.2, STM32Cube_FW_G4_V1.5.2, STM32Cube_FW_H5_V0.5.1, STM32Cube_FW_H5_V1.1.1, STM32Cube_FW_H5_V1.2.0, STM32Cube_FW_H5_V1.2.0RC4, STM32Cube_FW_H7RS_V1.0.0, STM32Cube_FW_H7RS_V1.0.0RC4, STM32Cube_FW_H7_V1.11.2, STM32Cube_FW_L0_V1.12.2, STM32Cube_FW_L5_V1.5.1, STM32Cube_FW_U0_V1.0.0, STM32Cube_FW_U0_V1.0.0RC1, STM32Cube_FW_U5_V1.3.0RC4, STM32Cube_FW_U5_V1.5.0, STM32Cube_FW_U5_V1.5.0RC1, STM32Cube_FW_WBA_V1.0.0RC1, STM32Cube_FW_WBA_V1.2.0, STM32Cube_FW_WBA_V1.2.0RC2, STM32Cube_FW_WBA_V1.3.0RC1, STM32Cube_FW_WBA_V1.3.1, STM32Cube_FW_WB_V1.15.0RC1, STM32Cube_FW_WB_V1.16.0, STM32Cube_FW_WB_V1.16.0RC2, STM32Cube_FW_WB_V1.18.0, STM32Cube_FW_WB_V1.19.0, STM32Cube_FW_WL_V1.3.0, X-CUBE-ALGOBUILD_V1.4.0, X-CUBE-ALS_V1.0.1, X-CUBE-ALS_V1.0.2, X-CUBE-AZRTOS-F4_V1.1.0, X-CUBE-AZRTOS-F7_V1.1.0, X-CUBE-AZRTOS-G0_V1.1.0, X-CUBE-AZRTOS-G4_V2.0.0, X-CUBE-AZRTOS-H7RS_V1.0.0, X-CUBE-AZRTOS-H7_V3.2.0, X-CUBE-AZRTOS-L4_V1.0.0, X-CUBE-AZRTOS-L4_V2.0.0, X-CUBE-AZRTOS-L5_V1.1.0, X-CUBE-AZRTOS-WB_V2.0.0, X-CUBE-AZRTOS-WL_V2.0.0, X-CUBE-BLE1_V7.0.0, X-CUBE-BLE2_V3.3.0, X-CUBE-BLEMGR_V3.1.0, X-CUBE-EEPRMA1_V4.1.0, X-CUBE-EEPRMA1_V5.1.0, X-CUBE-FREERTOS_V1.2.0, X-CUBE-GNSS1_V6.0.0, X-CUBE-MEMS1_V10.0.0, X-CUBE-MEMS1_V9.1.0, X-CUBE-MEMS1_V9.4.0, X-CUBE-MEMS1_V9.6.0, X-CUBE-NFC4_V3.0.0, X-CUBE-NFC7_V1.0.1, X-CUBE-SFXS2LP1_V4.0.0, X-CUBE-SUBG2_V5.0.0, X-CUBE-TOF1_V3.4.1]
2024-06-26 09:54:16,773 [INFO] ApiDb:240 - Found 371 in-development CPN: [B-G473E-ZEST1S, B-WB1M-WPAN1, B-WL5M-SUBG1, NUCLEO-C031C6, NUCLEO-H503RB, NUCLEO-H563ZI, NUCLEO-U545RE-Q, NUCLEO-U5A5ZJ-Q, NUCLEO-WBA52CG, NUCLEO-WBA55CG, STEVAL-MKBOXPRO, STEVAL-PROTEUS1, STEVAL-STWINBX1, STM320518-EVAL, STM32C0116-DK, STM32C011D6Y3TR, STM32C011D6Y6TR, STM32C011F4P3, STM32C011F4P6, STM32C011F4U3, STM32C011F4U6TR, STM32C011F6P3, STM32C011F6P6, STM32C011F6U3, STM32C011F6U6TR, STM32C011J4M3, STM32C011J4M6, STM32C011J6M3, STM32C011J6M6, STM32C0316-DK, STM32C031C4T3, STM32C031C4T6, STM32C031C4U3, STM32C031C4U6, STM32C031C6T3, STM32C031C6T6, STM32C031C6U3, STM32C031C6U6, STM32C031F4P3, STM32C031F4P6, STM32C031F6P3, STM32C031F6P6, STM32C031G4U3, STM32C031G4U6, STM32C031G6U3, STM32C031G6U6, STM32C031K4T3, STM32C031K4T6, STM32C031K4U3, STM32C031K4U6, STM32C031K6T3, STM32C031K6T6, STM32C031K6U3, STM32C031K6U6, STM32G071K8TXN, STM32G071K8UXN, STM32G081GBU6N, STM32G081KBT6N, STM32G081KBUXN, STM32G0B1CCT6N, STM32G0B1KCT6, STM32G0B1NEY6TR, STM32G0B1RCT6N, STM32G0C1CCT6, STM32G0C1CCT6N, STM32G0C1CCU6N, STM32G0C1CET6N, STM32G0C1CEU6N, STM32G0C1KCT6, STM32G0C1NEY6TR, STM32G0C1RCI6N, STM32G0C1RCT6N, STM32G0C1REI6N, STM32G0C1RET6N, STM32G0C1VCI6, STM32G0C1VEI6, STM32G471CCT6, STM32G471CCU6, STM32G471CET3, STM32G471CET6, STM32G471CEU3, STM32G471CEU6, STM32G471MCT6, STM32G471MET3, STM32G471MET6, STM32G471MEY6TR, STM32G471QCT6, STM32G471QET3, STM32G471RCT6, STM32G471RET3, STM32G471RET6, STM32G471VCH6, STM32G471VCI6, STM32G471VCT6, STM32G471VEH3, STM32G471VEH6, STM32G471VEI3, STM32G471VEI6, STM32G471VET3, STM32G471VET6, STM32G474CCT6, STM32H503CBT6, STM32H503CBU6, STM32H503EBY6TR, STM32H503KBU6, STM32H503RBT6, STM32H562AGI6, STM32H562AII6, STM32H562IGK6, STM32H562IGT6, STM32H562IIK6, STM32H562IIT6, STM32H562RGT6, STM32H562RGV6, STM32H562RIT6, STM32H562RIV6, STM32H562VGT6, STM32H562VIT6, STM32H562ZGT6, STM32H562ZIT6, STM32H563AGI6, STM32H563AII3Q, STM32H563AII6, STM32H563IGK6, STM32H563IGT6, STM32H563IIK3Q, STM32H563IIK6, STM32H563IIT3Q, STM32H563IIT6, STM32H563MIY3QTR, STM32H563RGT6, STM32H563RGV6, STM32H563RIT6, STM32H563RIV6, STM32H563VGT6, STM32H563VIT3Q, STM32H563VIT6, STM32H563ZGT6, STM32H563ZIT3Q, STM32H563ZIT6, STM32H573AII3Q, STM32H573AII6, STM32H573I-DK, STM32H573IIK3Q, STM32H573IIK6, STM32H573IIT3Q, STM32H573IIT6, STM32H573MIY3QTR, STM32H573RIT6, STM32H573RIV6, STM32H573VIT3Q, STM32H573VIT6, STM32H573ZIT3Q, STM32H573ZIT6, STM32L4R5QGI6STR, STM32MP131AAE3, STM32MP131AAF3, STM32MP131AAG3, STM32MP131CAE3, STM32MP131CAF3, STM32MP131CAG3, STM32MP131DAE7, STM32MP131DAF7, STM32MP131DAG7, STM32MP131FAE7, STM32MP131FAF7, STM32MP131FAG7, STM32MP133AAE3, STM32MP133AAF3, STM32MP133AAG3, STM32MP133CAE3, STM32MP133CAF3, STM32MP133CAG3, STM32MP133DAE7, STM32MP133DAF7, STM32MP133DAG7, STM32MP133FAE7, STM32MP133FAF7, STM32MP133FAG7, STM32MP135AAE3, STM32MP135AAF3, STM32MP135AAG3, STM32MP135CAE3, STM32MP135CAF3, STM32MP135CAG3, STM32MP135DAE7, STM32MP135DAF7, STM32MP135DAG7, STM32MP135F-DK, STM32MP135FAE7, STM32MP135FAF7, STM32MP135FAF7T, STM32MP135FAF7U, STM32MP135FAG7, STM32U535CBT6, STM32U535CBT6Q, STM32U535CBU6, STM32U535CBU6Q, STM32U535CCT6, STM32U535CCT6Q, STM32U535CCU6, STM32U535CCU6Q, STM32U535CET6, STM32U535CET6Q, STM32U535CEU6, STM32U535CEU6Q, STM32U535JEY6QTR, STM32U535NCY6QTR, STM32U535NEY6QTR, STM32U535RBI6, STM32U535RBI6Q, STM32U535RBT6, STM32U535RBT6Q, STM32U535RCI6, STM32U535RCI6Q, STM32U535RCT6, STM32U535RCT6Q, STM32U535REI6, STM32U535REI6Q, STM32U535RET6, STM32U535RET6Q, STM32U535VCI6, STM32U535VCI6Q, STM32U535VCT6, STM32U535VCT6Q, STM32U535VEI6, STM32U535VEI6Q, STM32U535VET6, STM32U535VET6Q, STM32U545CET6, STM32U545CET6Q, STM32U545CEU6, STM32U545CEU6Q, STM32U545JEY6QTR, STM32U545NEY6QTR, STM32U545REI6, STM32U545REI6Q, STM32U545RET6, STM32U545RET6Q, STM32U545VEI6, STM32U545VEI6Q, STM32U545VET6, STM32U545VET6Q, STM32U595AIH6, STM32U595AIH6Q, STM32U595AJH6, STM32U595AJH6Q, STM32U595QII6, STM32U595QII6Q, STM32U595QJI6, STM32U595QJI6Q, STM32U595RIT6, STM32U595RIT6Q, STM32U595RJT6, STM32U595RJT6Q, STM32U595VIT6, STM32U595VIT6Q, STM32U595VJT6, STM32U595VJT6Q, STM32U595ZIT6, STM32U595ZIT6Q, STM32U595ZIY6QTR, STM32U595ZJT6, STM32U595ZJT6Q, STM32U595ZJY6QTR, STM32U599BJY6QTR, STM32U599NIH6Q, STM32U599NJH6Q, STM32U599VIT6Q, STM32U599VJT6, STM32U599VJT6Q, STM32U599ZIT6Q, STM32U599ZIY6QTR, STM32U599ZJT6Q, STM32U599ZJY6QTR, STM32U5A5AJH6, STM32U5A5AJH6Q, STM32U5A5QJI6, STM32U5A5QJI6Q, STM32U5A5RJT6, STM32U5A5RJT6Q, STM32U5A5VJT6, STM32U5A5VJT6Q, STM32U5A5ZJT6, STM32U5A5ZJT6Q, STM32U5A5ZJY6QTR, STM32U5A9BJY6QTR, STM32U5A9J-DK, STM32U5A9NJH6Q, STM32U5A9VJT6Q, STM32U5A9ZJT6Q, STM32U5A9ZJY6QTR, STM32U5F7VIT6, STM32U5F7VIT6Q, STM32U5F7VJT6, STM32U5F7VJT6Q, STM32U5F9BJY6QTR, STM32U5F9NJH6Q, STM32U5F9VIT6Q, STM32U5F9VJT6Q, STM32U5F9ZIJ6QTR, STM32U5F9ZIT6Q, STM32U5F9ZJJ6QTR, STM32U5F9ZJT6Q, STM32U5G7VJT6, STM32U5G7VJT6Q, STM32U5G9BJY6QTR, STM32U5G9J-DK1, STM32U5G9J-DK2, STM32U5G9NJH6Q, STM32U5G9VJT6Q, STM32U5G9ZJJ6QTR, STM32U5G9ZJT6Q, STM32WB1MMCH6, STM32WBA50KEU6, STM32WBA50KEU6TR, STM32WBA50KGU6, STM32WBA50KGU6TR, STM32WBA52CEU6, STM32WBA52CEU6TR, STM32WBA52CEU7, STM32WBA52CEU7TR, STM32WBA52CGU6, STM32WBA52CGU6TR, STM32WBA52CGU6U, STM32WBA52CGU7, STM32WBA52CGU7TR, STM32WBA52KEU6, STM32WBA52KEU6TR, STM32WBA52KGU6, STM32WBA52KGU6TR, STM32WBA54CEU6, STM32WBA54CEU6TR, STM32WBA54CEU7, STM32WBA54CEU7TR, STM32WBA54CGU6, STM32WBA54CGU6TR, STM32WBA54CGU7, STM32WBA54CGU7TR, STM32WBA54KEU6, STM32WBA54KEU6TR, STM32WBA54KEU7, STM32WBA54KEU7TR, STM32WBA54KGU6, STM32WBA54KGU6TR, STM32WBA54KGU7, STM32WBA54KGU7TR, STM32WBA55CEU6, STM32WBA55CEU6TR, STM32WBA55CEU7, STM32WBA55CEU7TR, STM32WBA55CGU6, STM32WBA55CGU6TR, STM32WBA55CGU6U, STM32WBA55CGU7, STM32WBA55CGU7TR, STM32WBA55G-DK1, STM32WBA55HEF6, STM32WBA55HEF7, STM32WBA55HGF6, STM32WBA55HGF7, STM32WBA55UEI6, STM32WBA55UEI6TR, STM32WBA55UEI7, STM32WBA55UEI7TR, STM32WBA55UGI6, STM32WBA55UGI6TR, STM32WBA55UGI7, STM32WBA55UGI7TR, STM32WL5MOCH6, STM32WL5MOCH6TR]
2024-06-26 09:54:16,817 [INFO] DbMcus:218 - Found 4092 MCUs, 4092 are supported
2024-06-26 09:54:16,820 [INFO] ApiDb:423 - Load user favorites file C:\Users\hp/.stm32cubeide/favorites.mcus.txt: 0 item(s)
2024-06-26 09:54:16,820 [INFO] ApiDb:427 - User favorites MCUs=[]
2024-06-26 09:54:16,821 [INFO] DbMcus:224 - Set 0 / 0 favorites MCUs
2024-06-26 09:54:18,103 [INFO] MicroXplorer:468 - Change Database Path : 
2024-06-26 09:54:18,103 [INFO] MicroXplorer:498 - Change Database Version : DB.6.0.100
2024-06-26 09:54:18,103 [WARN] ThirdParty:833 - waiting for thirdparty lock release [change project]
2024-06-26 09:54:18,103 [INFO] ThirdParty:835 - entering critical section [change project]
2024-06-26 09:54:18,103 [INFO] ThirdParty:1030 - CMSIS Pack Vendor :STMicroelectronics USBPD 4.1
2024-06-26 09:54:18,103 [INFO] ThirdParty:1030 - CMSIS Pack Vendor :STMicroelectronics X-CUBE-GNSS1 6.0.0
2024-06-26 09:54:18,103 [INFO] ThirdParty:1030 - CMSIS Pack Vendor :STMicroelectronics USB_HOST 2.0.0
2024-06-26 09:54:18,103 [INFO] ThirdParty:1030 - CMSIS Pack Vendor :STMicroelectronics FP-SNS-MOTENVWB1 1.4.0
2024-06-26 09:54:18,103 [INFO] ThirdParty:1030 - CMSIS Pack Vendor :STMicroelectronics X-CUBE-AZRTOS-F4 1.1.0
2024-06-26 09:54:18,103 [INFO] ThirdParty:1030 - CMSIS Pack Vendor :STMicroelectronics LIBJPEG 8.0.0
2024-06-26 09:54:18,103 [INFO] ThirdParty:1030 - CMSIS Pack Vendor :STMicroelectronics X-CUBE-SMBUS 2.1.0
2024-06-26 09:54:18,103 [INFO] ThirdParty:1030 - CMSIS Pack Vendor :STMicroelectronics USB_DEVICE 3.0.0
2024-06-26 09:54:18,103 [INFO] ThirdParty:1030 - CMSIS Pack Vendor :STMicroelectronics X-CUBE-TCPP 4.1.0
2024-06-26 09:54:18,103 [INFO] ThirdParty:1030 - CMSIS Pack Vendor :STMicroelectronics X-CUBE-FREERTOS 1.2.0
2024-06-26 09:54:18,103 [INFO] ThirdParty:1030 - CMSIS Pack Vendor :STMicroelectronics X-CUBE-AZRTOS-WB 2.0.0
2024-06-26 09:54:18,103 [INFO] ThirdParty:1030 - CMSIS Pack Vendor :STMicroelectronics X-CUBE-TOUCHGFX 4.23.2
2024-06-26 09:54:18,103 [INFO] ThirdParty:1030 - CMSIS Pack Vendor :STMicroelectronics X-CUBE-AZRTOS-F7 1.1.0
2024-06-26 09:54:18,103 [INFO] ThirdParty:1030 - CMSIS Pack Vendor :STMicroelectronics X-CUBE-AZRTOS-L5 2.0.0
2024-06-26 09:54:18,103 [INFO] ThirdParty:1030 - CMSIS Pack Vendor :STMicroelectronics USB_DEVICE 2.0.0
2024-06-26 09:54:18,103 [INFO] ThirdParty:1030 - CMSIS Pack Vendor :STMicroelectronics X-CUBE-NFC6 3.1.0
2024-06-26 09:54:18,103 [INFO] ThirdParty:1030 - CMSIS Pack Vendor :STMicroelectronics FreeRTOS 0.0.1
2024-06-26 09:54:18,103 [INFO] ThirdParty:1030 - CMSIS Pack Vendor :STMicroelectronics X-CUBE-AZRTOS-G0 1.1.0
2024-06-26 09:54:18,103 [INFO] ThirdParty:1030 - CMSIS Pack Vendor :STMicroelectronics X-CUBE-SAFEA1 1.2.2
2024-06-26 09:54:18,103 [INFO] ThirdParty:1030 - CMSIS Pack Vendor :STMicroelectronics X-CUBE-NFC4 3.0.0
2024-06-26 09:54:18,103 [INFO] ThirdParty:1030 - CMSIS Pack Vendor :STMicroelectronics X-CUBE-SUBG2 5.0.0
2024-06-26 09:54:18,103 [INFO] ThirdParty:1030 - CMSIS Pack Vendor :STMicroelectronics STM32_WPAN 1.0.0
2024-06-26 09:54:18,103 [INFO] ThirdParty:1030 - CMSIS Pack Vendor :wolfSSL I-CUBE-wolfMQTT 1.18.0
2024-06-26 09:54:18,103 [INFO] ThirdParty:1030 - CMSIS Pack Vendor :STMicroelectronics lwIP 2.0.3
2024-06-26 09:54:18,103 [INFO] ThirdParty:1030 - CMSIS Pack Vendor :STMicroelectronics FP-SNS-FLIGHT1 5.0.2
2024-06-26 09:54:18,103 [INFO] ThirdParty:1030 - CMSIS Pack Vendor :STMicroelectronics USB_HOST 1.0.0
2024-06-26 09:54:18,103 [INFO] ThirdParty:1030 - CMSIS Pack Vendor :STMicroelectronics X-CUBE-AI 9.0.0
2024-06-26 09:54:18,103 [INFO] ThirdParty:1030 - CMSIS Pack Vendor :STMicroelectronics X-CUBE-AZRTOS-G4 2.0.0
2024-06-26 09:54:18,103 [INFO] ThirdParty:1030 - CMSIS Pack Vendor :STMicroelectronics PDM2PCM 3.1.0
2024-06-26 09:54:18,103 [INFO] ThirdParty:1030 - CMSIS Pack Vendor :STMicroelectronics PDM2PCM 3.3.0
2024-06-26 09:54:18,103 [INFO] ThirdParty:1030 - CMSIS Pack Vendor :STMicroelectronics X-CUBE-DISPLAY 3.0.0
2024-06-26 09:54:18,103 [INFO] ThirdParty:1030 - CMSIS Pack Vendor :wolfSSL I-CUBE-wolfSSL 5.7.0
2024-06-26 09:54:18,103 [INFO] ThirdParty:1030 - CMSIS Pack Vendor :STMicroelectronics X-CUBE-BLE1 7.0.0
2024-06-26 09:54:18,103 [INFO] ThirdParty:1030 - CMSIS Pack Vendor :STMicroelectronics FP-ATR-SIGFOX1 3.2.0
2024-06-26 09:54:18,103 [INFO] ThirdParty:1030 - CMSIS Pack Vendor :STMicroelectronics X-CUBE-ISPU 2.0.0
2024-06-26 09:54:18,103 [INFO] ThirdParty:1030 - CMSIS Pack Vendor :STMicroelectronics X-CUBE-EEPRMA1 5.1.0
2024-06-26 09:54:18,103 [INFO] ThirdParty:1030 - CMSIS Pack Vendor :STMicroelectronics HAL Drivers 0.0.0
2024-06-26 09:54:18,103 [INFO] ThirdParty:1030 - CMSIS Pack Vendor :STMicroelectronics MBEDTLS 2.16.2
2024-06-26 09:54:18,103 [INFO] ThirdParty:1030 - CMSIS Pack Vendor :STMicroelectronics X-CUBE-ALS 1.0.2
2024-06-26 09:54:18,103 [INFO] ThirdParty:1030 - CMSIS Pack Vendor :emotas I-CUBE-CANOPEN 1.3.0
2024-06-26 09:54:18,103 [INFO] ThirdParty:1030 - CMSIS Pack Vendor :STMicroelectronics X-CUBE-MEMS1 10.0.0
2024-06-26 09:54:18,103 [INFO] ThirdParty:1030 - CMSIS Pack Vendor :STMicroelectronics X-CUBE-NFC7 1.0.1
2024-06-26 09:54:18,103 [INFO] ThirdParty:1030 - CMSIS Pack Vendor :STMicroelectronics MBEDTLS 2.14.1
2024-06-26 09:54:18,103 [INFO] ThirdParty:1030 - CMSIS Pack Vendor :ITTIA_DB I-CUBE-ITTIADB 8.9.0
2024-06-26 09:54:18,103 [INFO] ThirdParty:1030 - CMSIS Pack Vendor :portGmbH I-Cube-SoM-uGOAL 1.1.0
2024-06-26 09:54:18,103 [INFO] ThirdParty:1030 - CMSIS Pack Vendor :STMicroelectronics X-CUBE-ALS 1.0.1
2024-06-26 09:54:18,103 [INFO] ThirdParty:1030 - CMSIS Pack Vendor :STMicroelectronics X-CUBE-BLEMGR 3.1.0
2024-06-26 09:54:18,103 [INFO] ThirdParty:1030 - CMSIS Pack Vendor :STMicroelectronics ThreadX 1.0.0
2024-06-26 09:54:18,103 [INFO] ThirdParty:1030 - CMSIS Pack Vendor :STMicroelectronics FP-SNS-SMARTAG2 1.2.0
2024-06-26 09:54:18,103 [INFO] ThirdParty:1030 - CMSIS Pack Vendor :STMicroelectronics X-CUBE-AZRTOS-WL 2.0.0
2024-06-26 09:54:18,103 [INFO] ThirdParty:1030 - CMSIS Pack Vendor :SEGGER I-CUBE-embOS 1.3.1
2024-06-26 09:54:18,119 [INFO] ThirdParty:1030 - CMSIS Pack Vendor :STMicroelectronics X-CUBE-ALGOBUILD 1.4.0
2024-06-26 09:54:18,119 [INFO] ThirdParty:1030 - CMSIS Pack Vendor :STMicroelectronics FP-SNS-MOTENV1 5.0.0
2024-06-26 09:54:18,119 [INFO] ThirdParty:1030 - CMSIS Pack Vendor :STMicroelectronics USB_DEVICE 1.0.0
2024-06-26 09:54:18,119 [INFO] ThirdParty:1030 - CMSIS Pack Vendor :STMicroelectronics X-CUBE-AZRTOS-H7RS 1.0.0
2024-06-26 09:54:18,119 [INFO] ThirdParty:1030 - CMSIS Pack Vendor :STMicroelectronics X-CUBE-AZRTOS-L4 2.0.0
2024-06-26 09:54:18,119 [INFO] ThirdParty:1030 - CMSIS Pack Vendor :STMicroelectronics ThreadX 0.0.2
2024-06-26 09:54:18,119 [INFO] ThirdParty:1030 - CMSIS Pack Vendor :WES I-CUBE-Cesium 1.3.0
2024-06-26 09:54:18,119 [INFO] ThirdParty:1030 - CMSIS Pack Vendor :STMicroelectronics FP-ATR-ASTRA1 2.0.0
2024-06-26 09:54:18,119 [INFO] ThirdParty:1030 - CMSIS Pack Vendor :STMicroelectronics lwIP 2.1.2
2024-06-26 09:54:18,119 [INFO] ThirdParty:1030 - CMSIS Pack Vendor :STMicroelectronics X-CUBE-SFXS2LP1 4.0.0
2024-06-26 09:54:18,119 [INFO] ThirdParty:1030 - CMSIS Pack Vendor :STMicroelectronics X-CUBE-BLE2 3.3.0
2024-06-26 09:54:18,119 [INFO] ThirdParty:1030 - CMSIS Pack Vendor :STMicroelectronics X-CUBE-TOF1 3.4.1
2024-06-26 09:54:18,119 [INFO] ThirdParty:1030 - CMSIS Pack Vendor :STMicroelectronics X-CUBE-AZRTOS-H7 3.2.0
2024-06-26 09:54:18,119 [INFO] ThirdParty:1030 - CMSIS Pack Vendor :Infineon AIROC-Wi-Fi-Bluetooth-STM32 1.6.0
2024-06-26 09:54:18,119 [INFO] ThirdParty:1030 - CMSIS Pack Vendor :STMicroelectronics PDM2PCM 3.2.0
2024-06-26 09:54:18,119 [INFO] ThirdParty:841 - exiting critical section [change project]
2024-06-26 09:54:19,138 [INFO] PinOutPanel:1499 - setPackage(No Configuration,No Configuration)
2024-06-26 09:54:19,145 [INFO] PinOutPanel:1499 - setPackage(STM32F103C8Tx,LQFP48)
2024-06-26 09:54:21,199 [INFO] UtilMem:75 - Before build in PCC Used Memory: 224295344 Bytes (327155712)
2024-06-26 09:54:24,351 [INFO] UtilMem:75 - After build in PCC Used Memory: 186967128 Bytes (327155712)
2024-06-26 09:54:24,439 [INFO] IPUIPlugin:80 - create IPUIPlugin
2024-06-26 09:54:24,440 [INFO] IPUIPlugin:80 - create IPUIPlugin
2024-06-26 09:54:24,441 [INFO] IPUIPlugin:80 - create IPUIPlugin
2024-06-26 09:54:24,442 [INFO] IPUIPlugin:80 - create IPUIPlugin
2024-06-26 09:54:24,443 [INFO] IPUIPlugin:80 - create IPUIPlugin
2024-06-26 09:54:24,443 [INFO] IPUIPlugin:80 - create IPUIPlugin
2024-06-26 09:54:24,448 [INFO] IPUIPlugin:80 - create IPUIPlugin
2024-06-26 09:54:24,449 [INFO] IPUIPlugin:80 - create IPUIPlugin
2024-06-26 09:54:24,450 [INFO] IPUIPlugin:80 - create IPUIPlugin
2024-06-26 09:54:24,450 [INFO] IPUIPlugin:80 - create IPUIPlugin
2024-06-26 09:54:24,452 [INFO] IPUIPlugin:80 - create IPUIPlugin
2024-06-26 09:54:24,453 [INFO] IPUIPlugin:80 - create IPUIPlugin
2024-06-26 09:54:24,454 [INFO] IPUIPlugin:80 - create IPUIPlugin
2024-06-26 09:54:24,455 [INFO] IPUIPlugin:80 - create IPUIPlugin
2024-06-26 09:54:24,456 [INFO] IPUIPlugin:80 - create IPUIPlugin
2024-06-26 09:54:24,456 [INFO] IPUIPlugin:80 - create IPUIPlugin
2024-06-26 09:54:24,457 [INFO] IPUIPlugin:80 - create IPUIPlugin
2024-06-26 09:54:24,458 [INFO] IPUIPlugin:80 - create IPUIPlugin
2024-06-26 09:54:24,459 [INFO] IPUIPlugin:80 - create IPUIPlugin
2024-06-26 09:54:24,459 [INFO] IPUIPlugin:80 - create IPUIPlugin
2024-06-26 09:54:24,463 [INFO] IPUIPlugin:80 - create IPUIPlugin
2024-06-26 09:54:24,466 [INFO] IPUIPlugin:80 - create IPUIPlugin
2024-06-26 09:54:24,467 [INFO] IPUIPlugin:80 - create IPUIPlugin
2024-06-26 09:54:24,468 [INFO] IPUIPlugin:80 - create IPUIPlugin
2024-06-26 09:54:24,469 [INFO] IPUIPlugin:80 - create IPUIPlugin
2024-06-26 09:54:24,471 [INFO] IPUIPlugin:80 - create IPUIPlugin
2024-06-26 09:54:24,472 [INFO] IPUIPlugin:80 - create IPUIPlugin
2024-06-26 09:54:25,043 [INFO] CADModel:165 - CPN selected for project levelSTM32F103C8T6
2024-06-26 09:54:25,043 [INFO] CADModel:114 - Register for checkConnection events
2024-06-26 09:54:25,151 [INFO] OpenFileManager:343 - Restore cursor
2024-06-26 10:14:55,260 [INFO] NvicIntPanel:101 - NVIC parent = com.st.microxplorer.plugins.ip.nvic.MultiNvicIntPanel[,0,0,0x0,invalid,layout=javax.swing.BoxLayout,alignmentX=0.0,alignmentY=0.0,border=,flags=9,maximumSize=,minimumSize=,preferredSize=]
2024-06-26 10:15:11,975 [INFO] NvicIntPanel:101 - NVIC parent = com.st.microxplorer.plugins.ip.nvic.MultiNvicIntPanel[,0,0,0x0,invalid,layout=javax.swing.BoxLayout,alignmentX=0.0,alignmentY=0.0,border=,flags=9,maximumSize=,minimumSize=,preferredSize=]
2024-06-26 10:15:14,603 [INFO] NvicIntPanel:101 - NVIC parent = com.st.microxplorer.plugins.ip.nvic.MultiNvicIntPanel[,0,0,0x0,invalid,layout=javax.swing.BoxLayout,alignmentX=0.0,alignmentY=0.0,border=,flags=9,maximumSize=,minimumSize=,preferredSize=]
2024-06-26 10:15:14,753 [INFO] NvicIntPanel:101 - NVIC parent = com.st.microxplorer.plugins.ip.nvic.MultiNvicIntPanel[,0,0,0x0,invalid,layout=javax.swing.BoxLayout,alignmentX=0.0,alignmentY=0.0,border=,flags=9,maximumSize=,minimumSize=,preferredSize=]
2024-06-26 10:15:42,666 [INFO] UtilMem:75 - End SaveConfig() Used Memory: 309561488 Bytes (578813952)
2024-06-26 10:15:47,728 [INFO] UtilMem:75 - End SaveConfig() Used Memory: 325205712 Bytes (578813952)
2024-06-26 10:15:54,042 [INFO] UtilMem:75 - End SaveConfig() Used Memory: 394938064 Bytes (578813952)
2024-06-26 10:15:55,071 [INFO] BlockDiagram:2759 - set Specific Code input for plugin: NVIC
2024-06-26 10:15:55,071 [INFO] BlockDiagram:2759 - set Specific Code input for plugin: TIM1_8F1
2024-06-26 10:15:55,071 [INFO] BlockDiagram:2759 - set Specific Code input for plugin: SYS
2024-06-26 10:15:55,071 [INFO] BlockDiagram:2759 - set Specific Code input for plugin: GPIO
2024-06-26 10:15:55,071 [INFO] BlockDiagram:2759 - set Specific Code input for plugin: RCC
2024-06-26 10:15:55,071 [INFO] CodeGenerator:807 - code generatio: config db path: C:\ST\STM32CubeIDE_1.14.1\STM32CubeIDE\plugins\com.st.stm32cube.common.mx_6.10.0.202311202037\\db\
2024-06-26 10:15:55,913 [INFO] CodeEngine:255 - oldGeneratedFile, C:\Users\hp\Desktop\Desktop\Hardware\STM\Ultrasonic-sensor\MXTmpFiles\license.tmp_save
2024-06-26 10:15:56,607 [INFO] CodeEngine:279 - Generated code: C:\Users\hp\Desktop\Desktop\Hardware\STM\Ultrasonic-sensor\MXTmpFiles\license.tmp
2024-06-26 10:15:56,873 [INFO] CodeEngine:255 - oldGeneratedFile, C:\Users\hp\Desktop\Desktop\Hardware\STM\Ultrasonic-sensor\MXTmpFiles\gpio.tmp_save
2024-06-26 10:15:57,425 [INFO] CodeEngine:279 - Generated code: C:\Users\hp\Desktop\Desktop\Hardware\STM\Ultrasonic-sensor\MXTmpFiles\gpio.tmp
2024-06-26 10:15:57,966 [INFO] CodeEngine:255 - oldGeneratedFile, C:\Users\hp\Desktop\Desktop\Hardware\STM\Ultrasonic-sensor\Core\Src\stm32f1xx_it.c_save
2024-06-26 10:15:58,553 [INFO] CodeEngine:279 - Generated code: C:\Users\hp\Desktop\Desktop\Hardware\STM\Ultrasonic-sensor\Core\Src\stm32f1xx_it.c
2024-06-26 10:15:58,611 [INFO] CodeEngine:255 - oldGeneratedFile, C:\Users\hp\Desktop\Desktop\Hardware\STM\Ultrasonic-sensor\Core\Inc\stm32f1xx_it.h_save
2024-06-26 10:15:58,813 [INFO] CodeEngine:279 - Generated code: C:\Users\hp\Desktop\Desktop\Hardware\STM\Ultrasonic-sensor\Core\Inc\stm32f1xx_it.h
2024-06-26 10:15:58,877 [INFO] CodeEngine:255 - oldGeneratedFile, C:\Users\hp\Desktop\Desktop\Hardware\STM\Ultrasonic-sensor\Core\Src\stm32f1xx_hal_msp.c_save
2024-06-26 10:15:59,227 [INFO] CodeEngine:279 - Generated code: C:\Users\hp\Desktop\Desktop\Hardware\STM\Ultrasonic-sensor\Core\Src\stm32f1xx_hal_msp.c
2024-06-26 10:15:59,253 [INFO] CodeEngine:255 - oldGeneratedFile, C:\Users\hp\Desktop\Desktop\Hardware\STM\Ultrasonic-sensor\MXTmpFiles\system.tmp_save
2024-06-26 10:15:59,409 [INFO] CodeEngine:279 - Generated code: C:\Users\hp\Desktop\Desktop\Hardware\STM\Ultrasonic-sensor\MXTmpFiles\system.tmp
2024-06-26 10:15:59,474 [INFO] CodeEngine:311 - oldGeneratedFile, C:\Users\hp\Desktop\Desktop\Hardware\STM\Ultrasonic-sensor\Core\Inc\stm32f1xx_hal_conf.h_save
2024-06-26 10:15:59,890 [INFO] CodeEngine:335 - Generated code: C:\Users\hp\Desktop\Desktop\Hardware\STM\Ultrasonic-sensor\Core\Inc\stm32f1xx_hal_conf.h
2024-06-26 10:15:59,967 [WARN] IPConfigManager:3440 - IP not found : TIM
2024-06-26 10:15:59,969 [WARN] CodeGenerator:3939 - IP not found : null
2024-06-26 10:16:00,288 [INFO] CodeEngine:255 - oldGeneratedFile, C:\Users\hp\Desktop\Desktop\Hardware\STM\Ultrasonic-sensor\Core\Inc\main.h_save
2024-06-26 10:16:00,704 [INFO] CodeEngine:279 - Generated code: C:\Users\hp\Desktop\Desktop\Hardware\STM\Ultrasonic-sensor\Core\Inc\main.h
2024-06-26 10:16:00,739 [INFO] CodeEngine:255 - oldGeneratedFile, C:\Users\hp\Desktop\Desktop\Hardware\STM\Ultrasonic-sensor\Core\Src\main.c_save
2024-06-26 10:16:01,048 [INFO] CodeEngine:279 - Generated code: C:\Users\hp\Desktop\Desktop\Hardware\STM\Ultrasonic-sensor\Core\Src\main.c
2024-06-26 10:16:02,664 [INFO] ProjectBuilder:3076 - Time for Copy HAL[1] : 280mS.
2024-06-26 10:16:02,673 [INFO] ProjectBuilder:4485 - Project Generator version: 4.2.0-B44
2024-06-26 10:16:03,494 [INFO] ConfigFileManager:1495 - The Die is : DIE410
2024-06-26 10:16:03,541 [INFO] ApiDbMcu:508 - Load IP Config File for FATFS
2024-06-26 10:16:03,557 [INFO] ApiDbMcu:508 - Load IP Config File for FREERTOS
2024-06-26 10:16:03,588 [INFO] ApiDbMcu:508 - Load IP Config File for USB_DEVICE
2024-06-26 10:16:05,924 [INFO] LogOutputStream:77 - [STDOUT_REDIRECT] 
2024-06-26 10:16:11,679 [INFO] ProjectBuilder:4747 - Time for Generating toolchain IDE Files: 9004mS.
2024-06-26 10:16:11,681 [INFO] ProjectBuilder:2947 - Time for Copy CMSIS : 1mS.
2024-06-26 10:16:11,685 [INFO] ProjectBuilder:2947 - Time for Copy CMSIS : 0mS.
2024-06-26 10:18:35,088 [INFO] NvicIntPanel:101 - NVIC parent = com.st.microxplorer.plugins.ip.nvic.MultiNvicIntPanel[,0,0,0x0,invalid,layout=javax.swing.BoxLayout,alignmentX=0.0,alignmentY=0.0,border=,flags=9,maximumSize=,minimumSize=,preferredSize=]
2024-06-26 10:18:40,388 [INFO] NvicIntPanel:101 - NVIC parent = com.st.microxplorer.plugins.ip.nvic.MultiNvicIntPanel[,0,0,0x0,invalid,layout=javax.swing.BoxLayout,alignmentX=0.0,alignmentY=0.0,border=,flags=9,maximumSize=,minimumSize=,preferredSize=]
2024-06-26 10:18:51,015 [INFO] NvicIntPanel:101 - NVIC parent = com.st.microxplorer.plugins.ip.nvic.MultiNvicIntPanel[,0,0,0x0,invalid,layout=javax.swing.BoxLayout,alignmentX=0.0,alignmentY=0.0,border=,flags=9,maximumSize=,minimumSize=,preferredSize=]
2024-06-26 10:18:51,225 [INFO] NvicIntPanel:101 - NVIC parent = com.st.microxplorer.plugins.ip.nvic.MultiNvicIntPanel[,0,0,0x0,invalid,layout=javax.swing.BoxLayout,alignmentX=0.0,alignmentY=0.0,border=,flags=9,maximumSize=,minimumSize=,preferredSize=]
2024-06-26 10:18:57,919 [INFO] NvicIntPanel:101 - NVIC parent = com.st.microxplorer.plugins.ip.nvic.MultiNvicIntPanel[,0,0,0x0,invalid,layout=javax.swing.BoxLayout,alignmentX=0.0,alignmentY=0.0,border=,flags=9,maximumSize=,minimumSize=,preferredSize=]
2024-06-26 10:19:03,090 [INFO] NvicIntPanel:101 - NVIC parent = com.st.microxplorer.plugins.ip.nvic.MultiNvicIntPanel[,0,0,0x0,invalid,layout=javax.swing.BoxLayout,alignmentX=0.0,alignmentY=0.0,border=,flags=9,maximumSize=,minimumSize=,preferredSize=]
2024-06-26 10:19:03,217 [INFO] NvicIntPanel:101 - NVIC parent = com.st.microxplorer.plugins.ip.nvic.MultiNvicIntPanel[,0,0,0x0,invalid,layout=javax.swing.BoxLayout,alignmentX=0.0,alignmentY=0.0,border=,flags=9,maximumSize=,minimumSize=,preferredSize=]
2024-06-26 10:19:08,447 [INFO] UtilMem:75 - End SaveConfig() Used Memory: 419335920 Bytes (786432000)
2024-06-26 10:19:10,463 [INFO] UtilMem:75 - End SaveConfig() Used Memory: 434371616 Bytes (786432000)
2024-06-26 10:19:12,541 [INFO] UtilMem:75 - End SaveConfig() Used Memory: 490994720 Bytes (786432000)
2024-06-26 10:19:13,204 [INFO] BlockDiagram:2759 - set Specific Code input for plugin: NVIC
2024-06-26 10:19:13,204 [INFO] BlockDiagram:2759 - set Specific Code input for plugin: TIM1_8F1
2024-06-26 10:19:13,204 [INFO] BlockDiagram:2759 - set Specific Code input for plugin: SYS
2024-06-26 10:19:13,204 [INFO] BlockDiagram:2759 - set Specific Code input for plugin: GPIO
2024-06-26 10:19:13,204 [INFO] BlockDiagram:2759 - set Specific Code input for plugin: RCC
2024-06-26 10:19:13,204 [INFO] CodeGenerator:807 - code generatio: config db path: C:\ST\STM32CubeIDE_1.14.1\STM32CubeIDE\plugins\com.st.stm32cube.common.mx_6.10.0.202311202037\\db\
2024-06-26 10:19:13,697 [INFO] CodeEngine:255 - oldGeneratedFile, C:\Users\hp\Desktop\Desktop\Hardware\STM\Ultrasonic-sensor\MXTmpFiles\license.tmp_save
2024-06-26 10:19:14,061 [INFO] CodeEngine:279 - Generated code: C:\Users\hp\Desktop\Desktop\Hardware\STM\Ultrasonic-sensor\MXTmpFiles\license.tmp
2024-06-26 10:19:14,098 [INFO] CodeEngine:255 - oldGeneratedFile, C:\Users\hp\Desktop\Desktop\Hardware\STM\Ultrasonic-sensor\MXTmpFiles\gpio.tmp_save
2024-06-26 10:19:14,308 [INFO] CodeEngine:279 - Generated code: C:\Users\hp\Desktop\Desktop\Hardware\STM\Ultrasonic-sensor\MXTmpFiles\gpio.tmp
2024-06-26 10:19:14,399 [INFO] CodeEngine:255 - oldGeneratedFile, C:\Users\hp\Desktop\Desktop\Hardware\STM\Ultrasonic-sensor\Core\Src\stm32f1xx_it.c_save
2024-06-26 10:19:14,637 [INFO] CodeEngine:279 - Generated code: C:\Users\hp\Desktop\Desktop\Hardware\STM\Ultrasonic-sensor\Core\Src\stm32f1xx_it.c
2024-06-26 10:19:14,650 [INFO] CodeEngine:255 - oldGeneratedFile, C:\Users\hp\Desktop\Desktop\Hardware\STM\Ultrasonic-sensor\Core\Inc\stm32f1xx_it.h_save
2024-06-26 10:19:14,791 [INFO] CodeEngine:279 - Generated code: C:\Users\hp\Desktop\Desktop\Hardware\STM\Ultrasonic-sensor\Core\Inc\stm32f1xx_it.h
2024-06-26 10:19:14,827 [INFO] CodeEngine:255 - oldGeneratedFile, C:\Users\hp\Desktop\Desktop\Hardware\STM\Ultrasonic-sensor\Core\Src\stm32f1xx_hal_msp.c_save
2024-06-26 10:19:15,134 [INFO] CodeEngine:279 - Generated code: C:\Users\hp\Desktop\Desktop\Hardware\STM\Ultrasonic-sensor\Core\Src\stm32f1xx_hal_msp.c
2024-06-26 10:19:15,148 [INFO] CodeEngine:255 - oldGeneratedFile, C:\Users\hp\Desktop\Desktop\Hardware\STM\Ultrasonic-sensor\MXTmpFiles\system.tmp_save
2024-06-26 10:19:15,279 [INFO] CodeEngine:279 - Generated code: C:\Users\hp\Desktop\Desktop\Hardware\STM\Ultrasonic-sensor\MXTmpFiles\system.tmp
2024-06-26 10:19:15,317 [INFO] CodeEngine:311 - oldGeneratedFile, C:\Users\hp\Desktop\Desktop\Hardware\STM\Ultrasonic-sensor\Core\Inc\stm32f1xx_hal_conf.h_save
2024-06-26 10:19:15,494 [INFO] CodeEngine:335 - Generated code: C:\Users\hp\Desktop\Desktop\Hardware\STM\Ultrasonic-sensor\Core\Inc\stm32f1xx_hal_conf.h
2024-06-26 10:19:15,525 [WARN] IPConfigManager:3440 - IP not found : TIM
2024-06-26 10:19:15,541 [WARN] CodeGenerator:3939 - IP not found : null
2024-06-26 10:19:15,588 [INFO] CodeEngine:255 - oldGeneratedFile, C:\Users\hp\Desktop\Desktop\Hardware\STM\Ultrasonic-sensor\Core\Inc\main.h_save
2024-06-26 10:19:15,775 [INFO] CodeEngine:279 - Generated code: C:\Users\hp\Desktop\Desktop\Hardware\STM\Ultrasonic-sensor\Core\Inc\main.h
2024-06-26 10:19:15,791 [INFO] CodeEngine:255 - oldGeneratedFile, C:\Users\hp\Desktop\Desktop\Hardware\STM\Ultrasonic-sensor\Core\Src\main.c_save
2024-06-26 10:19:16,010 [INFO] CodeEngine:279 - Generated code: C:\Users\hp\Desktop\Desktop\Hardware\STM\Ultrasonic-sensor\Core\Src\main.c
2024-06-26 10:19:16,722 [INFO] ProjectBuilder:3076 - Time for Copy HAL[1] : 199mS.
2024-06-26 10:19:16,728 [INFO] ProjectBuilder:4485 - Project Generator version: 4.2.0-B44
2024-06-26 10:19:17,546 [INFO] ConfigFileManager:1495 - The Die is : DIE410
2024-06-26 10:19:21,698 [INFO] ProjectBuilder:4747 - Time for Generating toolchain IDE Files: 4971mS.
2024-06-26 10:19:21,700 [INFO] ProjectBuilder:2947 - Time for Copy CMSIS : 1mS.
2024-06-26 10:19:21,705 [INFO] ProjectBuilder:2947 - Time for Copy CMSIS : 0mS.
2024-06-26 10:57:55,730 [ERROR] LogOutputStream:75 - [STDERR_REDIRECT] 
