2024-05-31 15:23:46,573 [INFO] Activator:176 - 


2024-05-31 15:23:46,587 [INFO] Activator:177 - !SESSION log4j initialized
2024-05-31 15:23:59,326 [INFO] LogOutputStream:77 - [STDOUT_REDIRECT] 
2024-05-31 15:23:59,971 [ERROR] ConfigurationRetriever:142 - IOException on connection: sw-center.st.com
2024-05-31 15:23:59,973 [ERROR] ConfigurationRetriever:142 - IOException on connection: sw-center.st.com
2024-05-31 15:23:59,974 [ERROR] ConfigurationRetriever:142 - IOException on connection: sw-center.st.com
2024-05-31 15:23:59,986 [ERROR] ConfigurationRetriever:142 - IOException on connection: sw-center.st.com
2024-05-31 15:23:59,989 [ERROR] ConfigurationRetriever:142 - IOException on connection: sw-center.st.com
2024-05-31 15:23:59,990 [ERROR] ConfigurationRetriever:142 - IOException on connection: sw-center.st.com
2024-05-31 15:24:03,431 [INFO] ApplicationProperties:184 - Using Application install path: C:\ST\STM32CubeIDE_1.14.1\STM32CubeIDE\plugins\com.st.stm32cube.common.mx_6.10.0.202311202037
2024-05-31 15:24:03,489 [INFO] DbMcusXml:78 - Set database path to: C:\ST\STM32CubeIDE_1.14.1\STM32CubeIDE\plugins\com.st.stm32cube.common.mx_6.10.0.202311202037\\db\/mcu/
2024-05-31 15:24:03,490 [INFO] ApiDb:274 - Set plugin database path to: C:\ST\STM32CubeIDE_1.14.1\STM32CubeIDE\plugins\com.st.stm32cube.common.mx_6.10.0.202311202037\\db\/plugins/boardmanager/
2024-05-31 15:24:03,491 [WARN] ApiDb:259 - Overriding images path with different value:  => C:\ST\STM32CubeIDE_1.14.1\STM32CubeIDE\plugins\com.st.stm32cube.common.mx_6.10.0.202311202037\\db\/plugins/mcufinder/images/
2024-05-31 15:24:03,542 [INFO] ApiDb:250 - Set database path to: C:\Users\hp\.stmcufinder\plugins\mcufinder//mcu/
2024-05-31 15:24:03,547 [INFO] DbMcusAds:125 - Set database path to: C:\Users\hp\.stmcufinder\plugins\mcufinder//mcu/
2024-05-31 15:24:03,553 [INFO] CrossReferenceDbSqlite:203 - Set database path to: C:\Users\hp\.stmcufinder\plugins\mcufinder//mcu/cs/
2024-05-31 15:24:03,899 [INFO] RulesReader:64 - Compatibility file has been processed (297 Rules)
2024-05-31 15:24:04,098 [INFO] DbMcusXml:78 - Set database path to: C:\ST\STM32CubeIDE_1.14.1\STM32CubeIDE\plugins\com.st.stm32cube.common.mx_6.10.0.202311202037\\db\/mcu/
2024-05-31 15:24:04,098 [INFO] ApiDb:274 - Set plugin database path to: C:\ST\STM32CubeIDE_1.14.1\STM32CubeIDE\plugins\com.st.stm32cube.common.mx_6.10.0.202311202037\\db\/plugins/boardmanager/
2024-05-31 15:24:04,099 [INFO] ApiDb:261 - Set plugin images path to: C:\ST\STM32CubeIDE_1.14.1\STM32CubeIDE\plugins\com.st.stm32cube.common.mx_6.10.0.202311202037\\db\/plugins/mcufinder/images/
2024-05-31 15:24:04,099 [WARN] DbFile:41 - Overriding database path with different value: C:\Users\hp\.stmcufinder\plugins\mcufinder/ => C:\Users\hp\.stmcufinder\plugins\mcufinder
2024-05-31 15:24:04,099 [INFO] ApiDb:250 - Set database path to: C:\Users\hp\.stmcufinder\plugins\mcufinder//mcu/
2024-05-31 15:24:04,100 [WARN] DbFile:41 - Overriding database path with different value: C:\Users\hp\.stmcufinder\plugins\mcufinder/ => C:\Users\hp\.stmcufinder\plugins\mcufinder
2024-05-31 15:24:04,100 [INFO] DbMcusAds:125 - Set database path to: C:\Users\hp\.stmcufinder\plugins\mcufinder//mcu/
2024-05-31 15:24:04,100 [WARN] DbFile:41 - Overriding database path with different value: C:\Users\hp\.stmcufinder\plugins\mcufinder/ => C:\Users\hp\.stmcufinder\plugins\mcufinder
2024-05-31 15:24:04,101 [WARN] DbFile:41 - Overriding database path with different value: C:\Users\hp\.stmcufinder\plugins\mcufinder/ => C:\Users\hp\.stmcufinder\plugins\mcufinder
2024-05-31 15:24:04,101 [INFO] CrossReferenceDbSqlite:203 - Set database path to: C:\Users\hp\.stmcufinder\plugins\mcufinder//mcu/cs/
2024-05-31 15:24:04,275 [INFO] MainPanel:264 - HeapMemory: 268435456
2024-05-31 15:24:04,416 [INFO] DbMcusXml:78 - Set database path to: C:\ST\STM32CubeIDE_1.14.1\STM32CubeIDE\plugins\com.st.stm32cube.common.mx_6.10.0.202311202037\\db\/mcu/
2024-05-31 15:24:04,417 [INFO] ApiDb:274 - Set plugin database path to: C:\ST\STM32CubeIDE_1.14.1\STM32CubeIDE\plugins\com.st.stm32cube.common.mx_6.10.0.202311202037\\db\/plugins/boardmanager/
2024-05-31 15:24:04,417 [INFO] ApiDb:261 - Set plugin images path to: C:\ST\STM32CubeIDE_1.14.1\STM32CubeIDE\plugins\com.st.stm32cube.common.mx_6.10.0.202311202037\\db\/plugins/mcufinder/images/
2024-05-31 15:24:04,418 [WARN] DbFile:41 - Overriding database path with different value: C:\Users\hp\.stmcufinder\plugins\mcufinder/ => C:\Users\hp\.stmcufinder\plugins\mcufinder
2024-05-31 15:24:04,418 [INFO] ApiDb:250 - Set database path to: C:\Users\hp\.stmcufinder\plugins\mcufinder//mcu/
2024-05-31 15:24:04,418 [WARN] DbFile:41 - Overriding database path with different value: C:\Users\hp\.stmcufinder\plugins\mcufinder/ => C:\Users\hp\.stmcufinder\plugins\mcufinder
2024-05-31 15:24:04,418 [INFO] DbMcusAds:125 - Set database path to: C:\Users\hp\.stmcufinder\plugins\mcufinder//mcu/
2024-05-31 15:24:04,418 [WARN] DbFile:41 - Overriding database path with different value: C:\Users\hp\.stmcufinder\plugins\mcufinder/ => C:\Users\hp\.stmcufinder\plugins\mcufinder
2024-05-31 15:24:04,419 [WARN] DbFile:41 - Overriding database path with different value: C:\Users\hp\.stmcufinder\plugins\mcufinder/ => C:\Users\hp\.stmcufinder\plugins\mcufinder
2024-05-31 15:24:04,419 [INFO] CrossReferenceDbSqlite:203 - Set database path to: C:\Users\hp\.stmcufinder\plugins\mcufinder//mcu/cs/
2024-05-31 15:24:04,452 [INFO] ApplicationProperties:184 - Using Application install path: C:\ST\STM32CubeIDE_1.14.1\STM32CubeIDE\plugins\com.st.stm32cube.common.mx_6.10.0.202311202037
2024-05-31 15:24:04,455 [INFO] PluginManage:196 - Search for loadable plugins [exclusion list=, ]
2024-05-31 15:24:04,458 [INFO] PluginManage:310 - Check plugin analytics
2024-05-31 15:24:04,811 [INFO] AnalyticsPlugin:253 - Accepted Software Licenses: STM32CubeMX.6.11.1
2024-05-31 15:24:04,812 [INFO] AnalyticsPlugin:255 - Accepted CMSIS Pack Licenses: 
2024-05-31 15:24:04,812 [INFO] AnalyticsPlugin:257 - Accepted Firmware Licenses: 
2024-05-31 15:24:04,821 [ERROR] ConfigurationRetriever:142 - IOException on connection: sw-center.st.com
2024-05-31 15:24:04,822 [ERROR] ConfigurationRetriever:142 - IOException on connection: sw-center.st.com
2024-05-31 15:24:04,823 [INFO] PluginManage:359 - Loaded plugin analytics (category:tool,tabindex:-1)
2024-05-31 15:24:04,823 [INFO] PluginManage:310 - Check plugin cadmodel
2024-05-31 15:24:04,824 [ERROR] ConfigurationRetriever:142 - IOException on connection: sw-center.st.com
2024-05-31 15:24:04,858 [INFO] CADModel:105 - Init CAD model plugin
2024-05-31 15:24:04,859 [INFO] PluginManage:359 - Loaded plugin cadmodel (category:power,tabindex:5)
2024-05-31 15:24:04,859 [INFO] PluginManage:310 - Check plugin clock
2024-05-31 15:24:04,906 [INFO] PluginManage:359 - Loaded plugin clock (category:base,tabindex:2)
2024-05-31 15:24:04,906 [INFO] PluginManage:310 - Check plugin ddr
2024-05-31 15:24:04,910 [INFO] PluginManage:359 - Loaded plugin ddr (category:tool,tabindex:6)
2024-05-31 15:24:04,910 [INFO] PluginManage:310 - Check plugin filemanager
2024-05-31 15:24:05,179 [INFO] PluginManage:359 - Loaded plugin filemanager (category:base,tabindex:10)
2024-05-31 15:24:05,179 [INFO] PluginManage:310 - Check plugin ipmanager
2024-05-31 15:24:05,191 [INFO] PluginManage:359 - Loaded plugin ipmanager (category:base,tabindex:5)
2024-05-31 15:24:05,191 [INFO] PluginManage:310 - Check plugin lpbam
2024-05-31 15:24:05,222 [INFO] PluginManage:359 - Loaded plugin lpbam (category:base,tabindex:0)
2024-05-31 15:24:05,222 [INFO] PluginManage:310 - Check plugin memorymap
2024-05-31 15:24:05,266 [INFO] PluginManage:359 - Loaded plugin memorymap (category:base,tabindex:4)
2024-05-31 15:24:05,267 [INFO] PluginManage:310 - Check plugin pinoutandconfiguration
2024-05-31 15:24:05,296 [INFO] PluginManage:359 - Loaded plugin pinoutandconfiguration (category:base,tabindex:1)
2024-05-31 15:24:05,296 [INFO] PluginManage:310 - Check plugin pinoutconfig
2024-05-31 15:24:05,526 [WARN] SupportedApi:132 - Cannot load RTOS API schema: s4s-elt-must-match.1: The content of 'definitions' must match (annotation?, (simpleType | complexType)?, (unique | key | keyref)*)). A problem was found starting at: attribute.
2024-05-31 15:24:05,828 [INFO] PluginManage:359 - Loaded plugin pinoutconfig (category:base,tabindex:0)
2024-05-31 15:24:05,828 [INFO] PluginManage:310 - Check plugin power
2024-05-31 15:24:05,871 [INFO] PluginManage:359 - Loaded plugin power (category:power,tabindex:4)
2024-05-31 15:24:05,872 [INFO] PluginManage:310 - Check plugin projectmanager
2024-05-31 15:24:05,909 [INFO] PluginManage:359 - Loaded plugin projectmanager (category:projectmanager,tabindex:3)
2024-05-31 15:24:05,910 [INFO] PluginManage:310 - Check plugin thirdparty
2024-05-31 15:24:06,522 [INFO] PluginManage:359 - Loaded plugin thirdparty (category:base,tabindex:-1)
2024-05-31 15:24:06,522 [INFO] PluginManage:310 - Check plugin tools
2024-05-31 15:24:06,521 [WARN] IntegrityCheckThread:84 - waiting for thirdparty lock release [integrity check]
2024-05-31 15:24:06,523 [INFO] IntegrityCheckThread:86 - entering critical section [integrity check]
2024-05-31 15:24:06,524 [INFO] ThirdPartyUpdaterWithRetryManager:70 - Updater plugin not ready yet. [1/15]
2024-05-31 15:24:06,618 [INFO] PluginManage:359 - Loaded plugin tools (category:base,tabindex:7)
2024-05-31 15:24:06,618 [INFO] PluginManage:310 - Check plugin tutovideos
2024-05-31 15:24:06,979 [INFO] PluginManage:359 - Loaded plugin tutovideos (category:base,tabindex:-1)
2024-05-31 15:24:06,980 [INFO] PluginManage:310 - Check plugin updater
2024-05-31 15:24:07,000 [INFO] PluginManage:359 - Loaded plugin updater (category:base,tabindex:12)
2024-05-31 15:24:07,000 [INFO] PluginManage:310 - Check plugin userauth
2024-05-31 15:24:07,009 [INFO] UserAuth:114 - Init User Auth plugin
2024-05-31 15:24:07,010 [INFO] PluginManage:359 - Loaded plugin userauth (category:base,tabindex:14)
2024-05-31 15:24:07,010 [INFO] PluginManage:283 - PluginManage : Loaded plugins [17]
2024-05-31 15:24:07,462 [INFO] PinOutPanel:1499 - setPackage(No Configuration,No Configuration)
2024-05-31 15:24:07,618 [INFO] CADModel:165 - CPN selected for project level
2024-05-31 15:24:07,618 [INFO] CADModel:114 - Register for checkConnection events
2024-05-31 15:24:07,660 [INFO] IPUIPlugin:80 - create IPUIPlugin
2024-05-31 15:24:07,661 [INFO] PluginManager:220 - loadIPPluginJar : add adc
2024-05-31 15:24:07,723 [INFO] IPUIPlugin:80 - create IPUIPlugin
2024-05-31 15:24:07,723 [INFO] PluginManager:220 - loadIPPluginJar : add aes
2024-05-31 15:24:07,798 [INFO] IPUIPlugin:80 - create IPUIPlugin
2024-05-31 15:24:07,799 [INFO] PluginManager:220 - loadIPPluginJar : add can
2024-05-31 15:24:07,839 [INFO] IPUIPlugin:80 - create IPUIPlugin
2024-05-31 15:24:07,839 [INFO] PluginManager:220 - loadIPPluginJar : add comp
2024-05-31 15:24:07,900 [INFO] IPUIPlugin:80 - create IPUIPlugin
2024-05-31 15:24:07,900 [INFO] PluginManager:220 - loadIPPluginJar : add cryp
2024-05-31 15:24:07,952 [INFO] IPUIPlugin:80 - create IPUIPlugin
2024-05-31 15:24:07,953 [INFO] PluginManager:220 - loadIPPluginJar : add dfsdm
2024-05-31 15:24:07,976 [INFO] IPUIPlugin:80 - create IPUIPlugin
2024-05-31 15:24:07,976 [INFO] PluginManager:220 - loadIPPluginJar : add dma
2024-05-31 15:24:08,056 [INFO] IPUIPlugin:80 - create IPUIPlugin
2024-05-31 15:24:08,057 [INFO] PluginManager:220 - loadIPPluginJar : add dma3
2024-05-31 15:24:08,092 [INFO] IPUIPlugin:80 - create IPUIPlugin
2024-05-31 15:24:08,092 [INFO] PluginManager:220 - loadIPPluginJar : add fatfs
2024-05-31 15:24:08,180 [INFO] IPUIPlugin:80 - create IPUIPlugin
2024-05-31 15:24:08,181 [INFO] PluginManager:220 - loadIPPluginJar : add fmc
2024-05-31 15:24:08,206 [INFO] IPUIPlugin:80 - create IPUIPlugin
2024-05-31 15:24:08,206 [INFO] PluginManager:220 - loadIPPluginJar : add freertos
2024-05-31 15:24:08,242 [INFO] IPUIPlugin:80 - create IPUIPlugin
2024-05-31 15:24:08,243 [INFO] PluginManager:220 - loadIPPluginJar : add genericplugin
2024-05-31 15:24:08,416 [INFO] IPUIPlugin:80 - create IPUIPlugin
2024-05-31 15:24:08,416 [INFO] PluginManager:220 - loadIPPluginJar : add gfxmmu
2024-05-31 15:24:08,659 [INFO] IPUIPlugin:80 - create IPUIPlugin
2024-05-31 15:24:08,659 [INFO] PluginManager:220 - loadIPPluginJar : add gic
2024-05-31 15:24:08,679 [INFO] IPUIPlugin:80 - create IPUIPlugin
2024-05-31 15:24:08,680 [INFO] PluginManager:220 - loadIPPluginJar : add gpio
2024-05-31 15:24:08,864 [INFO] IPUIPlugin:80 - create IPUIPlugin
2024-05-31 15:24:08,865 [INFO] PluginManager:220 - loadIPPluginJar : add gtzc
2024-05-31 15:24:08,957 [INFO] IPUIPlugin:80 - create IPUIPlugin
2024-05-31 15:24:08,957 [INFO] PluginManager:220 - loadIPPluginJar : add hash
2024-05-31 15:24:09,076 [INFO] IPUIPlugin:80 - create IPUIPlugin
2024-05-31 15:24:09,076 [INFO] PluginManager:220 - loadIPPluginJar : add i2c
2024-05-31 15:24:09,169 [INFO] IPUIPlugin:80 - create IPUIPlugin
2024-05-31 15:24:09,169 [INFO] PluginManager:220 - loadIPPluginJar : add i2s
2024-05-31 15:24:09,300 [INFO] IPUIPlugin:80 - create IPUIPlugin
2024-05-31 15:24:09,300 [INFO] PluginManager:220 - loadIPPluginJar : add i3c
2024-05-31 15:24:09,525 [INFO] ThirdPartyUpdaterWithRetryManager:70 - Updater plugin not ready yet. [2/15]
2024-05-31 15:24:09,633 [INFO] IPUIPlugin:80 - create IPUIPlugin
2024-05-31 15:24:09,634 [INFO] PluginManager:220 - loadIPPluginJar : add ipddr
2024-05-31 15:24:09,898 [INFO] IPUIPlugin:80 - create IPUIPlugin
2024-05-31 15:24:09,898 [INFO] PluginManager:220 - loadIPPluginJar : add linkedlist
2024-05-31 15:24:09,961 [INFO] IPUIPlugin:80 - create IPUIPlugin
2024-05-31 15:24:09,962 [INFO] PluginManager:220 - loadIPPluginJar : add lorawan
2024-05-31 15:24:10,053 [INFO] IPUIPlugin:80 - create IPUIPlugin
2024-05-31 15:24:10,053 [INFO] PluginManager:220 - loadIPPluginJar : add ltdc
2024-05-31 15:24:10,076 [INFO] IPUIPlugin:80 - create IPUIPlugin
2024-05-31 15:24:10,076 [INFO] PluginManager:220 - loadIPPluginJar : add mdma
2024-05-31 15:24:10,097 [INFO] IPUIPlugin:80 - create IPUIPlugin
2024-05-31 15:24:10,097 [INFO] PluginManager:220 - loadIPPluginJar : add nvic
2024-05-31 15:24:10,162 [INFO] IPUIPlugin:80 - create IPUIPlugin
2024-05-31 15:24:10,162 [INFO] PluginManager:220 - loadIPPluginJar : add opamp
2024-05-31 15:24:10,272 [INFO] IPUIPlugin:80 - create IPUIPlugin
2024-05-31 15:24:10,272 [INFO] PluginManager:220 - loadIPPluginJar : add openamp
2024-05-31 15:24:10,352 [INFO] IPUIPlugin:80 - create IPUIPlugin
2024-05-31 15:24:10,352 [INFO] PluginManager:220 - loadIPPluginJar : add pdm2pcm
2024-05-31 15:24:10,375 [INFO] IPUIPlugin:80 - create IPUIPlugin
2024-05-31 15:24:10,380 [INFO] PluginManager:220 - loadIPPluginJar : add plateformsettings
2024-05-31 15:24:10,417 [INFO] IPUIPlugin:80 - create IPUIPlugin
2024-05-31 15:24:10,417 [INFO] PluginManager:220 - loadIPPluginJar : add quadspi
2024-05-31 15:24:10,439 [INFO] IPUIPlugin:80 - create IPUIPlugin
2024-05-31 15:24:10,439 [INFO] PluginManager:220 - loadIPPluginJar : add resmgrutility
2024-05-31 15:24:10,526 [INFO] IPUIPlugin:80 - create IPUIPlugin
2024-05-31 15:24:10,526 [INFO] PluginManager:220 - loadIPPluginJar : add sai
2024-05-31 15:24:10,596 [INFO] IPUIPlugin:80 - create IPUIPlugin
2024-05-31 15:24:10,596 [INFO] PluginManager:220 - loadIPPluginJar : add spi
2024-05-31 15:24:10,727 [INFO] IPUIPlugin:80 - create IPUIPlugin
2024-05-31 15:24:10,727 [INFO] PluginManager:220 - loadIPPluginJar : add stm32_wpan
2024-05-31 15:24:10,768 [INFO] IPUIPlugin:80 - create IPUIPlugin
2024-05-31 15:24:10,769 [INFO] PluginManager:220 - loadIPPluginJar : add tim
2024-05-31 15:24:10,872 [INFO] IPUIPlugin:80 - create IPUIPlugin
2024-05-31 15:24:10,873 [INFO] PluginManager:220 - loadIPPluginJar : add touchsensing
2024-05-31 15:24:10,919 [INFO] IPUIPlugin:80 - create IPUIPlugin
2024-05-31 15:24:10,920 [INFO] PluginManager:220 - loadIPPluginJar : add tracer_emb
2024-05-31 15:24:10,961 [INFO] IPUIPlugin:80 - create IPUIPlugin
2024-05-31 15:24:10,961 [INFO] PluginManager:220 - loadIPPluginJar : add ts
2024-05-31 15:24:11,002 [INFO] IPUIPlugin:80 - create IPUIPlugin
2024-05-31 15:24:11,002 [INFO] PluginManager:220 - loadIPPluginJar : add tsc
2024-05-31 15:24:11,045 [INFO] IPUIPlugin:80 - create IPUIPlugin
2024-05-31 15:24:11,045 [INFO] PluginManager:220 - loadIPPluginJar : add ucpd
2024-05-31 15:24:11,126 [INFO] IPUIPlugin:80 - create IPUIPlugin
2024-05-31 15:24:11,126 [INFO] PluginManager:220 - loadIPPluginJar : add usart
2024-05-31 15:24:11,204 [INFO] IPUIPlugin:80 - create IPUIPlugin
2024-05-31 15:24:11,205 [INFO] PluginManager:220 - loadIPPluginJar : add usbx
2024-05-31 15:24:11,385 [INFO] CADModel:165 - CPN selected for project level
2024-05-31 15:24:11,385 [INFO] CADModel:114 - Register for checkConnection events
2024-05-31 15:24:11,386 [FATAL] Updater:308 - Updater called before beeing initialized
2024-05-31 15:24:11,386 [ERROR] CADModel:125 - Updater not yet initialized, retry later 
2024-05-31 15:24:11,649 [INFO] CADModel:165 - CPN selected for project level
2024-05-31 15:24:11,649 [INFO] CADModel:114 - Register for checkConnection events
2024-05-31 15:24:11,649 [FATAL] Updater:308 - Updater called before beeing initialized
2024-05-31 15:24:11,649 [ERROR] CADModel:125 - Updater not yet initialized, retry later 
2024-05-31 15:24:11,655 [FATAL] Updater:308 - Updater called before beeing initialized
2024-05-31 15:24:11,886 [FATAL] Updater:308 - Updater called before beeing initialized
2024-05-31 15:24:11,910 [INFO] DbMcusAds:53 - JSON generation date=Thu May 02 11:37:29 EAT 2024 (1714639049318)
2024-05-31 15:24:11,910 [FATAL] Updater:308 - Updater called before beeing initialized
2024-05-31 15:24:12,048 [WARN] DetailPanel:346 - Failed to get advertising image, set to default
2024-05-31 15:24:12,232 [FATAL] Updater:308 - Updater called before beeing initialized
2024-05-31 15:24:12,235 [FATAL] Updater:308 - Updater called before beeing initialized
2024-05-31 15:24:12,235 [FATAL] Updater:308 - Updater called before beeing initialized
2024-05-31 15:24:12,236 [WARN] DetailPanel:346 - Failed to get advertising image, set to default
2024-05-31 15:24:12,237 [FATAL] Updater:308 - Updater called before beeing initialized
2024-05-31 15:24:12,366 [ERROR] Updater:1120 - MainUpdater not yet initialized. External WinMGr cannot be set.
2024-05-31 15:24:12,386 [INFO] Updater:1056 - Updater Version found : 6.10.0
2024-05-31 15:24:12,419 [INFO] ApplicationProperties:184 - Using Application install path: C:\ST\STM32CubeIDE_1.14.1\STM32CubeIDE\plugins\com.st.stm32cube.common.mx_6.10.0.202311202037
2024-05-31 15:24:12,526 [INFO] ThirdPartyUpdaterWithRetryManager:70 - Updater plugin not ready yet. [3/15]
2024-05-31 15:24:14,021 [ERROR] LogOutputStream:75 - [STDERR_REDIRECT] May 31, 2024 3:24:14 PM java.util.prefs.WindowsPreferences <init>
2024-05-31 15:24:14,028 [ERROR] LogOutputStream:75 - [STDERR_REDIRECT] WARNING: Could not open/create prefs root node Software\JavaSoft\Prefs at root 0xffffffff80000002. Windows RegCreateKeyEx(...) returned error code 5.
2024-05-31 15:24:14,029 [ERROR] LogOutputStream:75 - [STDERR_REDIRECT] 
2024-05-31 15:24:14,558 [INFO] MainUpdater:2873 - connection check result : 22
2024-05-31 15:24:14,560 [INFO] MainUpdater:290 - Updater Check For Update Now.
2024-05-31 15:24:14,561 [INFO] MicroXplorer:498 - Change Database Version : DB.6.0.100
2024-05-31 15:24:14,654 [INFO] McuFinderGlobals:63 - Set McuFinder mode to 2 (CubeIDE integrated)
2024-05-31 15:24:14,851 [INFO] UserAuth:404 - Internet connection configuration mode: 2
2024-05-31 15:24:15,086 [INFO] CheckServerUpdateThread:120 - End of CheckServer Thread
2024-05-31 15:24:15,994 [WARN] PackLoader:240 - Cannot read IP mode file for STMicroelectronics.FP-SNS-MOTENVWB1.1.4.0
2024-05-31 15:24:16,037 [WARN] PackLoader:240 - Cannot read IP mode file for STMicroelectronics.X-CUBE-SMBUS.2.1.0
2024-05-31 15:24:16,063 [WARN] PackLoader:240 - Cannot read IP mode file for STMicroelectronics.X-CUBE-TOUCHGFX.4.23.2
2024-05-31 15:24:16,166 [WARN] PackLoader:240 - Cannot read IP mode file for STMicroelectronics.X-CUBE-AZRTOS-F7.1.1.0
2024-05-31 15:24:16,205 [WARN] PackLoader:240 - Cannot read IP mode file for STMicroelectronics.FP-SNS-FLIGHT1.5.0.2
2024-05-31 15:24:16,241 [WARN] PackLoader:240 - Cannot read IP mode file for STMicroelectronics.X-CUBE-DISPLAY.3.0.0
2024-05-31 15:24:16,293 [WARN] PackLoader:240 - Cannot read IP mode file for STMicroelectronics.X-CUBE-BLE1.7.0.0
2024-05-31 15:24:16,319 [WARN] PackLoader:240 - Cannot read IP mode file for emotas.I-CUBE-CANOPEN.1.3.0
2024-05-31 15:24:16,360 [WARN] PackLoader:240 - Cannot read IP mode file for STMicroelectronics.X-CUBE-BLEMGR.3.1.0
2024-05-31 15:24:16,393 [WARN] PackLoader:240 - Cannot read IP mode file for STMicroelectronics.FP-SNS-SMARTAG2.1.2.0
2024-05-31 15:24:16,438 [INFO] LogOutputStream:77 - [STDOUT_REDIRECT] 1 : Invalid condition id : UX_CORESTACK_Condition cause : null
2024-05-31 15:24:16,439 [INFO] LogOutputStream:77 - [STDOUT_REDIRECT] 1 : Invalid condition id : UX_CORESTACK_Condition cause : null
2024-05-31 15:24:16,443 [INFO] LogOutputStream:77 - [STDOUT_REDIRECT] 1 : Invalid condition id : UX_CORESTACK_Condition cause : null
2024-05-31 15:24:16,446 [INFO] LogOutputStream:77 - [STDOUT_REDIRECT] 1 : Invalid condition id : UX_CORESTACK_Condition cause : null
2024-05-31 15:24:16,448 [INFO] LogOutputStream:77 - [STDOUT_REDIRECT] 1 : Invalid condition id : UX_CORESTACK_Condition cause : null
2024-05-31 15:24:16,459 [WARN] PackLoader:240 - Cannot read IP mode file for STMicroelectronics.X-CUBE-AZRTOS-WL.2.0.0
2024-05-31 15:24:16,489 [WARN] PackLoader:240 - Cannot read IP mode file for STMicroelectronics.FP-SNS-MOTENV1.5.0.0
2024-05-31 15:24:16,530 [WARN] PackLoader:240 - Cannot read IP mode file for WES.I-CUBE-Cesium.1.3.0
2024-05-31 15:24:16,555 [WARN] PackLoader:240 - Cannot read IP mode file for STMicroelectronics.X-CUBE-BLE2.3.3.0
2024-05-31 15:24:16,586 [WARN] PackLoader:240 - Cannot read IP mode file for STMicroelectronics.X-CUBE-TCPP.4.1.0
2024-05-31 15:24:16,650 [WARN] PackLoader:240 - Cannot read IP mode file for STMicroelectronics.X-CUBE-AZRTOS-G0.1.1.0
2024-05-31 15:24:16,686 [WARN] PackLoader:240 - Cannot read IP mode file for STMicroelectronics.X-CUBE-SAFEA1.1.2.2
2024-05-31 15:24:16,716 [WARN] PackLoader:240 - Cannot read IP mode file for STMicroelectronics.X-CUBE-NFC4.3.0.0
2024-05-31 15:24:16,740 [WARN] PackLoader:240 - Cannot read IP mode file for wolfSSL.I-CUBE-wolfSSL.5.7.0
2024-05-31 15:24:16,763 [WARN] PackLoader:240 - Cannot read IP mode file for STMicroelectronics.FP-ATR-SIGFOX1.3.2.0
2024-05-31 15:24:16,788 [WARN] PackLoader:240 - Cannot read IP mode file for STMicroelectronics.X-CUBE-EEPRMA1.5.1.0
2024-05-31 15:24:16,825 [WARN] PackLoader:240 - Cannot read IP mode file for ITTIA_DB.I-CUBE-ITTIADB.8.9.0
2024-05-31 15:24:16,928 [WARN] PackLoader:240 - Cannot read IP mode file for SEGGER.I-CUBE-embOS.1.3.1
2024-05-31 15:24:17,123 [WARN] PackLoader:240 - Cannot read IP mode file for STMicroelectronics.X-CUBE-ALGOBUILD.1.4.0
2024-05-31 15:24:17,167 [WARN] PackLoader:240 - Cannot read IP mode file for STMicroelectronics.X-CUBE-GNSS1.6.0.0
2024-05-31 15:24:17,257 [WARN] PackLoader:240 - Cannot read IP mode file for STMicroelectronics.X-CUBE-AZRTOS-F4.1.1.0
2024-05-31 15:24:17,294 [WARN] PackLoader:240 - Cannot read IP mode file for STMicroelectronics.X-CUBE-FREERTOS.1.2.0
2024-05-31 15:24:17,454 [WARN] PackLoader:240 - Cannot read IP mode file for STMicroelectronics.X-CUBE-AZRTOS-L5.2.0.0
2024-05-31 15:24:17,597 [WARN] PackLoader:240 - Cannot read IP mode file for STMicroelectronics.X-CUBE-NFC6.3.1.0
2024-05-31 15:24:17,628 [WARN] PackLoader:240 - Cannot read IP mode file for STMicroelectronics.X-CUBE-AI.9.0.0
2024-05-31 15:24:17,657 [WARN] PackLoader:240 - Cannot read IP mode file for STMicroelectronics.X-CUBE-NFC7.1.0.1
2024-05-31 15:24:17,727 [WARN] ConditionMgr:438 - getConditionDescription Invalid condition id : LAN8742 Phy interface Condition cause : null
2024-05-31 15:24:17,729 [WARN] PackLoader:240 - Cannot read IP mode file for STMicroelectronics.X-CUBE-AZRTOS-L4.2.0.0
2024-05-31 15:24:17,732 [WARN] ConditionMgr:1039 - genDependencies : Invalid condition id : LAN8742 Phy interface Condition cause : null
2024-05-31 15:24:17,732 [WARN] ConditionMgr:1039 - genDependencies : Invalid condition id : LAN8742 Phy interface Condition cause : null
2024-05-31 15:24:17,734 [WARN] ConditionMgr:1039 - genDependencies : Invalid condition id : LAN8742 Phy interface Condition cause : null
2024-05-31 15:24:17,770 [WARN] PackLoader:240 - Cannot read IP mode file for STMicroelectronics.X-CUBE-SFXS2LP1.4.0.0
2024-05-31 15:24:17,819 [WARN] ConditionMgr:438 - getConditionDescription Invalid condition id : UX DEVICE CLASS RTOS Condition cause : null
2024-05-31 15:24:17,819 [WARN] ConditionMgr:438 - getConditionDescription Invalid condition id : UX DEVICE CLASS RTOS Condition cause : null
2024-05-31 15:24:17,822 [WARN] PackLoader:240 - Cannot read IP mode file for STMicroelectronics.X-CUBE-AZRTOS-WB.2.0.0
2024-05-31 15:24:17,823 [WARN] ConditionMgr:1039 - genDependencies : Invalid condition id : UX DEVICE CLASS RTOS Condition cause : null
2024-05-31 15:24:17,823 [WARN] ConditionMgr:1039 - genDependencies : Invalid condition id : UX DEVICE CLASS RTOS Condition cause : null
2024-05-31 15:24:17,824 [WARN] ConditionMgr:1039 - genDependencies : Invalid condition id : UX DEVICE CLASS RTOS Condition cause : null
2024-05-31 15:24:17,825 [WARN] ConditionMgr:1039 - genDependencies : Invalid condition id : UX DEVICE CLASS RTOS Condition cause : null
2024-05-31 15:24:17,825 [WARN] ConditionMgr:1039 - genDependencies : Invalid condition id : UX DEVICE CLASS RTOS Condition cause : null
2024-05-31 15:24:17,869 [WARN] PackLoader:240 - Cannot read IP mode file for STMicroelectronics.X-CUBE-SUBG2.5.0.0
2024-05-31 15:24:17,935 [WARN] PackLoader:240 - Cannot read IP mode file for STMicroelectronics.X-CUBE-AZRTOS-G4.2.0.0
2024-05-31 15:24:17,956 [WARN] PackLoader:240 - Cannot read IP mode file for STMicroelectronics.X-CUBE-ISPU.2.0.0
2024-05-31 15:24:17,974 [WARN] PackLoader:240 - Cannot read IP mode file for STMicroelectronics.X-CUBE-ALS.1.0.2
2024-05-31 15:24:18,082 [WARN] PackLoader:240 - Cannot read IP mode file for STMicroelectronics.X-CUBE-MEMS1.10.0.0
2024-05-31 15:24:18,365 [WARN] PackLoader:240 - Cannot read IP mode file for portGmbH.I-Cube-SoM-uGOAL.1.1.0
2024-05-31 15:24:18,391 [WARN] PackLoader:240 - Cannot read IP mode file for STMicroelectronics.X-CUBE-ALS.1.0.1
2024-05-31 15:24:18,460 [WARN] PackLoader:240 - Cannot read IP mode file for STMicroelectronics.X-CUBE-AZRTOS-H7RS.1.0.0
2024-05-31 15:24:18,488 [WARN] PackLoader:240 - Cannot read IP mode file for STMicroelectronics.FP-ATR-ASTRA1.2.0.0
2024-05-31 15:24:18,534 [WARN] PackLoader:240 - Cannot read IP mode file for STMicroelectronics.X-CUBE-TOF1.3.4.1
2024-05-31 15:24:18,612 [WARN] PackLoader:240 - Cannot read IP mode file for STMicroelectronics.X-CUBE-AZRTOS-H7.3.2.0
2024-05-31 15:24:18,665 [WARN] PackLoader:240 - Cannot read IP mode file for Infineon.AIROC-Wi-Fi-Bluetooth-STM32.1.6.0
2024-05-31 15:24:18,674 [INFO] ThirdParty:978 - Integrity check success = true
2024-05-31 15:24:18,674 [INFO] IntegrityCheckThread:100 - exiting critical section [integrity check]
2024-05-31 15:24:18,674 [INFO] IntegrityCheckThread:103 - End integrity checks thread
2024-05-31 15:24:36,886 [ERROR] LogOutputStream:75 - [STDERR_REDIRECT] SLF4J: Failed to load class "org.slf4j.impl.StaticLoggerBinder".
2024-05-31 15:24:36,888 [ERROR] LogOutputStream:75 - [STDERR_REDIRECT] SLF4J: Defaulting to no-operation (NOP) logger implementation
2024-05-31 15:24:36,891 [ERROR] LogOutputStream:75 - [STDERR_REDIRECT] SLF4J: See http://www.slf4j.org/codes.html#StaticLoggerBinder for further details.
2024-05-31 22:05:34,532 [ERROR] ConfigurationRetriever:142 - IOException on connection: sw-center.st.com
2024-05-31 22:05:34,532 [ERROR] ConfigurationRetriever:142 - IOException on connection: sw-center.st.com
2024-05-31 22:05:34,532 [ERROR] ConfigurationRetriever:142 - IOException on connection: sw-center.st.com
2024-05-31 22:05:36,248 [ERROR] LogOutputStream:75 - [STDERR_REDIRECT] 
