2024-06-11 18:16:59,323 [INFO] Activator:176 - 


2024-06-11 18:16:59,337 [INFO] Activator:177 - !SESSION log4j initialized
2024-06-11 18:17:13,463 [INFO] LogOutputStream:77 - [STDOUT_REDIRECT] 
2024-06-11 18:17:14,784 [ERROR] ConfigurationRetriever:142 - IOException on connection: sw-center.st.com
2024-06-11 18:17:14,789 [ERROR] ConfigurationRetriever:142 - IOException on connection: sw-center.st.com
2024-06-11 18:17:14,790 [ERROR] ConfigurationRetriever:142 - IOException on connection: sw-center.st.com
2024-06-11 18:17:16,829 [INFO] ApplicationProperties:184 - Using Application install path: C:\ST\STM32CubeIDE_1.14.1\STM32CubeIDE\plugins\com.st.stm32cube.common.mx_6.10.0.202311202037
2024-06-11 18:17:16,867 [INFO] DbMcusXml:78 - Set database path to: C:\ST\STM32CubeIDE_1.14.1\STM32CubeIDE\plugins\com.st.stm32cube.common.mx_6.10.0.202311202037\\db\/mcu/
2024-06-11 18:17:16,868 [INFO] ApiDb:274 - Set plugin database path to: C:\ST\STM32CubeIDE_1.14.1\STM32CubeIDE\plugins\com.st.stm32cube.common.mx_6.10.0.202311202037\\db\/plugins/boardmanager/
2024-06-11 18:17:16,868 [WARN] ApiDb:259 - Overriding images path with different value:  => C:\ST\STM32CubeIDE_1.14.1\STM32CubeIDE\plugins\com.st.stm32cube.common.mx_6.10.0.202311202037\\db\/plugins/mcufinder/images/
2024-06-11 18:17:16,885 [INFO] ApiDb:250 - Set database path to: C:\Users\hp\.stmcufinder\plugins\mcufinder//mcu/
2024-06-11 18:17:16,887 [INFO] DbMcusAds:125 - Set database path to: C:\Users\hp\.stmcufinder\plugins\mcufinder//mcu/
2024-06-11 18:17:16,890 [INFO] CrossReferenceDbSqlite:203 - Set database path to: C:\Users\hp\.stmcufinder\plugins\mcufinder//mcu/cs/
2024-06-11 18:17:17,191 [INFO] RulesReader:64 - Compatibility file has been processed (297 Rules)
2024-06-11 18:17:17,378 [INFO] DbMcusXml:78 - Set database path to: C:\ST\STM32CubeIDE_1.14.1\STM32CubeIDE\plugins\com.st.stm32cube.common.mx_6.10.0.202311202037\\db\/mcu/
2024-06-11 18:17:17,378 [INFO] ApiDb:274 - Set plugin database path to: C:\ST\STM32CubeIDE_1.14.1\STM32CubeIDE\plugins\com.st.stm32cube.common.mx_6.10.0.202311202037\\db\/plugins/boardmanager/
2024-06-11 18:17:17,378 [INFO] ApiDb:261 - Set plugin images path to: C:\ST\STM32CubeIDE_1.14.1\STM32CubeIDE\plugins\com.st.stm32cube.common.mx_6.10.0.202311202037\\db\/plugins/mcufinder/images/
2024-06-11 18:17:17,378 [WARN] DbFile:41 - Overriding database path with different value: C:\Users\hp\.stmcufinder\plugins\mcufinder/ => C:\Users\hp\.stmcufinder\plugins\mcufinder
2024-06-11 18:17:17,378 [INFO] ApiDb:250 - Set database path to: C:\Users\hp\.stmcufinder\plugins\mcufinder//mcu/
2024-06-11 18:17:17,378 [WARN] DbFile:41 - Overriding database path with different value: C:\Users\hp\.stmcufinder\plugins\mcufinder/ => C:\Users\hp\.stmcufinder\plugins\mcufinder
2024-06-11 18:17:17,378 [INFO] DbMcusAds:125 - Set database path to: C:\Users\hp\.stmcufinder\plugins\mcufinder//mcu/
2024-06-11 18:17:17,378 [WARN] DbFile:41 - Overriding database path with different value: C:\Users\hp\.stmcufinder\plugins\mcufinder/ => C:\Users\hp\.stmcufinder\plugins\mcufinder
2024-06-11 18:17:17,378 [WARN] DbFile:41 - Overriding database path with different value: C:\Users\hp\.stmcufinder\plugins\mcufinder/ => C:\Users\hp\.stmcufinder\plugins\mcufinder
2024-06-11 18:17:17,378 [INFO] CrossReferenceDbSqlite:203 - Set database path to: C:\Users\hp\.stmcufinder\plugins\mcufinder//mcu/cs/
2024-06-11 18:17:17,575 [INFO] MainPanel:264 - HeapMemory: 268435456
2024-06-11 18:17:17,761 [INFO] DbMcusXml:78 - Set database path to: C:\ST\STM32CubeIDE_1.14.1\STM32CubeIDE\plugins\com.st.stm32cube.common.mx_6.10.0.202311202037\\db\/mcu/
2024-06-11 18:17:17,761 [INFO] ApiDb:274 - Set plugin database path to: C:\ST\STM32CubeIDE_1.14.1\STM32CubeIDE\plugins\com.st.stm32cube.common.mx_6.10.0.202311202037\\db\/plugins/boardmanager/
2024-06-11 18:17:17,761 [INFO] ApiDb:261 - Set plugin images path to: C:\ST\STM32CubeIDE_1.14.1\STM32CubeIDE\plugins\com.st.stm32cube.common.mx_6.10.0.202311202037\\db\/plugins/mcufinder/images/
2024-06-11 18:17:17,761 [WARN] DbFile:41 - Overriding database path with different value: C:\Users\hp\.stmcufinder\plugins\mcufinder/ => C:\Users\hp\.stmcufinder\plugins\mcufinder
2024-06-11 18:17:17,761 [INFO] ApiDb:250 - Set database path to: C:\Users\hp\.stmcufinder\plugins\mcufinder//mcu/
2024-06-11 18:17:17,761 [WARN] DbFile:41 - Overriding database path with different value: C:\Users\hp\.stmcufinder\plugins\mcufinder/ => C:\Users\hp\.stmcufinder\plugins\mcufinder
2024-06-11 18:17:17,761 [INFO] DbMcusAds:125 - Set database path to: C:\Users\hp\.stmcufinder\plugins\mcufinder//mcu/
2024-06-11 18:17:17,761 [WARN] DbFile:41 - Overriding database path with different value: C:\Users\hp\.stmcufinder\plugins\mcufinder/ => C:\Users\hp\.stmcufinder\plugins\mcufinder
2024-06-11 18:17:17,761 [WARN] DbFile:41 - Overriding database path with different value: C:\Users\hp\.stmcufinder\plugins\mcufinder/ => C:\Users\hp\.stmcufinder\plugins\mcufinder
2024-06-11 18:17:17,761 [INFO] CrossReferenceDbSqlite:203 - Set database path to: C:\Users\hp\.stmcufinder\plugins\mcufinder//mcu/cs/
2024-06-11 18:17:17,809 [INFO] ApplicationProperties:184 - Using Application install path: C:\ST\STM32CubeIDE_1.14.1\STM32CubeIDE\plugins\com.st.stm32cube.common.mx_6.10.0.202311202037
2024-06-11 18:17:17,809 [INFO] PluginManage:196 - Search for loadable plugins [exclusion list=, ]
2024-06-11 18:17:17,825 [INFO] PluginManage:310 - Check plugin analytics
2024-06-11 18:17:18,199 [INFO] AnalyticsPlugin:253 - Accepted Software Licenses: STM32CubeMX.6.11.1
2024-06-11 18:17:18,199 [INFO] AnalyticsPlugin:255 - Accepted CMSIS Pack Licenses: 
2024-06-11 18:17:18,199 [INFO] AnalyticsPlugin:257 - Accepted Firmware Licenses: 
2024-06-11 18:17:18,212 [INFO] PluginManage:359 - Loaded plugin analytics (category:tool,tabindex:-1)
2024-06-11 18:17:18,213 [INFO] PluginManage:310 - Check plugin cadmodel
2024-06-11 18:17:18,223 [INFO] CADModel:105 - Init CAD model plugin
2024-06-11 18:17:18,223 [INFO] PluginManage:359 - Loaded plugin cadmodel (category:power,tabindex:5)
2024-06-11 18:17:18,223 [INFO] PluginManage:310 - Check plugin clock
2024-06-11 18:17:18,232 [ERROR] ConfigurationRetriever:142 - IOException on connection: sw-center.st.com
2024-06-11 18:17:18,234 [ERROR] ConfigurationRetriever:142 - IOException on connection: sw-center.st.com
2024-06-11 18:17:18,237 [ERROR] ConfigurationRetriever:142 - IOException on connection: sw-center.st.com
2024-06-11 18:17:18,249 [INFO] PluginManage:359 - Loaded plugin clock (category:base,tabindex:2)
2024-06-11 18:17:18,249 [INFO] PluginManage:310 - Check plugin ddr
2024-06-11 18:17:18,264 [INFO] PluginManage:359 - Loaded plugin ddr (category:tool,tabindex:6)
2024-06-11 18:17:18,264 [INFO] PluginManage:310 - Check plugin filemanager
2024-06-11 18:17:18,562 [INFO] PluginManage:359 - Loaded plugin filemanager (category:base,tabindex:10)
2024-06-11 18:17:18,562 [INFO] PluginManage:310 - Check plugin ipmanager
2024-06-11 18:17:18,582 [INFO] PluginManage:359 - Loaded plugin ipmanager (category:base,tabindex:5)
2024-06-11 18:17:18,582 [INFO] PluginManage:310 - Check plugin lpbam
2024-06-11 18:17:18,612 [INFO] PluginManage:359 - Loaded plugin lpbam (category:base,tabindex:0)
2024-06-11 18:17:18,612 [INFO] PluginManage:310 - Check plugin memorymap
2024-06-11 18:17:18,647 [INFO] PluginManage:359 - Loaded plugin memorymap (category:base,tabindex:4)
2024-06-11 18:17:18,647 [INFO] PluginManage:310 - Check plugin pinoutandconfiguration
2024-06-11 18:17:18,662 [INFO] PluginManage:359 - Loaded plugin pinoutandconfiguration (category:base,tabindex:1)
2024-06-11 18:17:18,662 [INFO] PluginManage:310 - Check plugin pinoutconfig
2024-06-11 18:17:18,899 [WARN] SupportedApi:132 - Cannot load RTOS API schema: s4s-elt-must-match.1: The content of 'definitions' must match (annotation?, (simpleType | complexType)?, (unique | key | keyref)*)). A problem was found starting at: attribute.
2024-06-11 18:17:19,295 [INFO] PluginManage:359 - Loaded plugin pinoutconfig (category:base,tabindex:0)
2024-06-11 18:17:19,295 [INFO] PluginManage:310 - Check plugin power
2024-06-11 18:17:19,326 [INFO] PluginManage:359 - Loaded plugin power (category:power,tabindex:4)
2024-06-11 18:17:19,326 [INFO] PluginManage:310 - Check plugin projectmanager
2024-06-11 18:17:19,367 [INFO] PluginManage:359 - Loaded plugin projectmanager (category:projectmanager,tabindex:3)
2024-06-11 18:17:19,367 [INFO] PluginManage:310 - Check plugin thirdparty
2024-06-11 18:17:19,820 [INFO] PluginManage:359 - Loaded plugin thirdparty (category:base,tabindex:-1)
2024-06-11 18:17:19,820 [INFO] PluginManage:310 - Check plugin tools
2024-06-11 18:17:19,820 [WARN] IntegrityCheckThread:84 - waiting for thirdparty lock release [integrity check]
2024-06-11 18:17:19,820 [INFO] IntegrityCheckThread:86 - entering critical section [integrity check]
2024-06-11 18:17:19,820 [INFO] ThirdPartyUpdaterWithRetryManager:70 - Updater plugin not ready yet. [1/15]
2024-06-11 18:17:19,820 [INFO] PluginManage:359 - Loaded plugin tools (category:base,tabindex:7)
2024-06-11 18:17:19,820 [INFO] PluginManage:310 - Check plugin tutovideos
2024-06-11 18:17:20,179 [INFO] PluginManage:359 - Loaded plugin tutovideos (category:base,tabindex:-1)
2024-06-11 18:17:20,179 [INFO] PluginManage:310 - Check plugin updater
2024-06-11 18:17:20,211 [INFO] PluginManage:359 - Loaded plugin updater (category:base,tabindex:12)
2024-06-11 18:17:20,211 [INFO] PluginManage:310 - Check plugin userauth
2024-06-11 18:17:20,211 [INFO] UserAuth:114 - Init User Auth plugin
2024-06-11 18:17:20,211 [INFO] PluginManage:359 - Loaded plugin userauth (category:base,tabindex:14)
2024-06-11 18:17:20,211 [INFO] PluginManage:283 - PluginManage : Loaded plugins [17]
2024-06-11 18:17:20,649 [INFO] PinOutPanel:1499 - setPackage(No Configuration,No Configuration)
2024-06-11 18:17:20,806 [INFO] CADModel:165 - CPN selected for project level
2024-06-11 18:17:20,806 [INFO] CADModel:114 - Register for checkConnection events
2024-06-11 18:17:20,837 [INFO] IPUIPlugin:80 - create IPUIPlugin
2024-06-11 18:17:20,837 [INFO] PluginManager:220 - loadIPPluginJar : add adc
2024-06-11 18:17:20,837 [INFO] IPUIPlugin:80 - create IPUIPlugin
2024-06-11 18:17:20,837 [INFO] PluginManager:220 - loadIPPluginJar : add aes
2024-06-11 18:17:20,837 [INFO] IPUIPlugin:80 - create IPUIPlugin
2024-06-11 18:17:20,837 [INFO] PluginManager:220 - loadIPPluginJar : add can
2024-06-11 18:17:20,852 [INFO] IPUIPlugin:80 - create IPUIPlugin
2024-06-11 18:17:20,852 [INFO] PluginManager:220 - loadIPPluginJar : add comp
2024-06-11 18:17:20,852 [INFO] IPUIPlugin:80 - create IPUIPlugin
2024-06-11 18:17:20,852 [INFO] PluginManager:220 - loadIPPluginJar : add cryp
2024-06-11 18:17:20,852 [INFO] IPUIPlugin:80 - create IPUIPlugin
2024-06-11 18:17:20,852 [INFO] PluginManager:220 - loadIPPluginJar : add dfsdm
2024-06-11 18:17:20,868 [INFO] IPUIPlugin:80 - create IPUIPlugin
2024-06-11 18:17:20,868 [INFO] PluginManager:220 - loadIPPluginJar : add dma
2024-06-11 18:17:20,868 [INFO] IPUIPlugin:80 - create IPUIPlugin
2024-06-11 18:17:20,868 [INFO] PluginManager:220 - loadIPPluginJar : add dma3
2024-06-11 18:17:20,868 [INFO] IPUIPlugin:80 - create IPUIPlugin
2024-06-11 18:17:20,868 [INFO] PluginManager:220 - loadIPPluginJar : add fatfs
2024-06-11 18:17:20,884 [INFO] IPUIPlugin:80 - create IPUIPlugin
2024-06-11 18:17:20,884 [INFO] PluginManager:220 - loadIPPluginJar : add fmc
2024-06-11 18:17:20,899 [INFO] IPUIPlugin:80 - create IPUIPlugin
2024-06-11 18:17:20,899 [INFO] PluginManager:220 - loadIPPluginJar : add freertos
2024-06-11 18:17:20,899 [INFO] IPUIPlugin:80 - create IPUIPlugin
2024-06-11 18:17:20,899 [INFO] PluginManager:220 - loadIPPluginJar : add genericplugin
2024-06-11 18:17:20,899 [INFO] IPUIPlugin:80 - create IPUIPlugin
2024-06-11 18:17:20,899 [INFO] PluginManager:220 - loadIPPluginJar : add gfxmmu
2024-06-11 18:17:20,915 [INFO] IPUIPlugin:80 - create IPUIPlugin
2024-06-11 18:17:20,915 [INFO] PluginManager:220 - loadIPPluginJar : add gic
2024-06-11 18:17:20,915 [INFO] IPUIPlugin:80 - create IPUIPlugin
2024-06-11 18:17:20,915 [INFO] PluginManager:220 - loadIPPluginJar : add gpio
2024-06-11 18:17:20,931 [INFO] IPUIPlugin:80 - create IPUIPlugin
2024-06-11 18:17:20,931 [INFO] PluginManager:220 - loadIPPluginJar : add gtzc
2024-06-11 18:17:20,931 [INFO] IPUIPlugin:80 - create IPUIPlugin
2024-06-11 18:17:20,931 [INFO] PluginManager:220 - loadIPPluginJar : add hash
2024-06-11 18:17:20,931 [INFO] IPUIPlugin:80 - create IPUIPlugin
2024-06-11 18:17:20,931 [INFO] PluginManager:220 - loadIPPluginJar : add i2c
2024-06-11 18:17:20,931 [INFO] IPUIPlugin:80 - create IPUIPlugin
2024-06-11 18:17:20,931 [INFO] PluginManager:220 - loadIPPluginJar : add i2s
2024-06-11 18:17:20,946 [INFO] IPUIPlugin:80 - create IPUIPlugin
2024-06-11 18:17:20,946 [INFO] PluginManager:220 - loadIPPluginJar : add i3c
2024-06-11 18:17:20,946 [INFO] IPUIPlugin:80 - create IPUIPlugin
2024-06-11 18:17:20,946 [INFO] PluginManager:220 - loadIPPluginJar : add ipddr
2024-06-11 18:17:20,962 [INFO] IPUIPlugin:80 - create IPUIPlugin
2024-06-11 18:17:20,962 [INFO] PluginManager:220 - loadIPPluginJar : add linkedlist
2024-06-11 18:17:20,962 [INFO] IPUIPlugin:80 - create IPUIPlugin
2024-06-11 18:17:20,962 [INFO] PluginManager:220 - loadIPPluginJar : add lorawan
2024-06-11 18:17:20,962 [INFO] IPUIPlugin:80 - create IPUIPlugin
2024-06-11 18:17:20,962 [INFO] PluginManager:220 - loadIPPluginJar : add ltdc
2024-06-11 18:17:20,977 [INFO] IPUIPlugin:80 - create IPUIPlugin
2024-06-11 18:17:20,977 [INFO] PluginManager:220 - loadIPPluginJar : add mdma
2024-06-11 18:17:20,977 [INFO] IPUIPlugin:80 - create IPUIPlugin
2024-06-11 18:17:20,977 [INFO] PluginManager:220 - loadIPPluginJar : add nvic
2024-06-11 18:17:20,993 [INFO] IPUIPlugin:80 - create IPUIPlugin
2024-06-11 18:17:20,993 [INFO] PluginManager:220 - loadIPPluginJar : add opamp
2024-06-11 18:17:20,993 [INFO] IPUIPlugin:80 - create IPUIPlugin
2024-06-11 18:17:20,993 [INFO] PluginManager:220 - loadIPPluginJar : add openamp
2024-06-11 18:17:21,009 [INFO] IPUIPlugin:80 - create IPUIPlugin
2024-06-11 18:17:21,009 [INFO] PluginManager:220 - loadIPPluginJar : add pdm2pcm
2024-06-11 18:17:21,009 [INFO] IPUIPlugin:80 - create IPUIPlugin
2024-06-11 18:17:21,024 [INFO] PluginManager:220 - loadIPPluginJar : add plateformsettings
2024-06-11 18:17:21,024 [INFO] IPUIPlugin:80 - create IPUIPlugin
2024-06-11 18:17:21,024 [INFO] PluginManager:220 - loadIPPluginJar : add quadspi
2024-06-11 18:17:21,040 [INFO] IPUIPlugin:80 - create IPUIPlugin
2024-06-11 18:17:21,040 [INFO] PluginManager:220 - loadIPPluginJar : add resmgrutility
2024-06-11 18:17:21,040 [INFO] IPUIPlugin:80 - create IPUIPlugin
2024-06-11 18:17:21,040 [INFO] PluginManager:220 - loadIPPluginJar : add sai
2024-06-11 18:17:21,040 [INFO] IPUIPlugin:80 - create IPUIPlugin
2024-06-11 18:17:21,040 [INFO] PluginManager:220 - loadIPPluginJar : add spi
2024-06-11 18:17:21,056 [INFO] IPUIPlugin:80 - create IPUIPlugin
2024-06-11 18:17:21,056 [INFO] PluginManager:220 - loadIPPluginJar : add stm32_wpan
2024-06-11 18:17:21,056 [INFO] IPUIPlugin:80 - create IPUIPlugin
2024-06-11 18:17:21,071 [INFO] PluginManager:220 - loadIPPluginJar : add tim
2024-06-11 18:17:21,071 [INFO] IPUIPlugin:80 - create IPUIPlugin
2024-06-11 18:17:21,071 [INFO] PluginManager:220 - loadIPPluginJar : add touchsensing
2024-06-11 18:17:21,071 [INFO] IPUIPlugin:80 - create IPUIPlugin
2024-06-11 18:17:21,071 [INFO] PluginManager:220 - loadIPPluginJar : add tracer_emb
2024-06-11 18:17:21,087 [INFO] IPUIPlugin:80 - create IPUIPlugin
2024-06-11 18:17:21,087 [INFO] PluginManager:220 - loadIPPluginJar : add ts
2024-06-11 18:17:21,087 [INFO] IPUIPlugin:80 - create IPUIPlugin
2024-06-11 18:17:21,087 [INFO] PluginManager:220 - loadIPPluginJar : add tsc
2024-06-11 18:17:21,087 [INFO] IPUIPlugin:80 - create IPUIPlugin
2024-06-11 18:17:21,087 [INFO] PluginManager:220 - loadIPPluginJar : add ucpd
2024-06-11 18:17:21,087 [INFO] IPUIPlugin:80 - create IPUIPlugin
2024-06-11 18:17:21,087 [INFO] PluginManager:220 - loadIPPluginJar : add usart
2024-06-11 18:17:21,102 [INFO] IPUIPlugin:80 - create IPUIPlugin
2024-06-11 18:17:21,102 [INFO] PluginManager:220 - loadIPPluginJar : add usbx
2024-06-11 18:17:21,297 [INFO] CADModel:165 - CPN selected for project level
2024-06-11 18:17:21,297 [INFO] CADModel:114 - Register for checkConnection events
2024-06-11 18:17:21,297 [FATAL] Updater:308 - Updater called before beeing initialized
2024-06-11 18:17:21,297 [ERROR] CADModel:125 - Updater not yet initialized, retry later 
2024-06-11 18:17:21,567 [INFO] CADModel:165 - CPN selected for project level
2024-06-11 18:17:21,567 [INFO] CADModel:114 - Register for checkConnection events
2024-06-11 18:17:21,567 [FATAL] Updater:308 - Updater called before beeing initialized
2024-06-11 18:17:21,567 [ERROR] CADModel:125 - Updater not yet initialized, retry later 
2024-06-11 18:17:21,571 [FATAL] Updater:308 - Updater called before beeing initialized
2024-06-11 18:17:21,852 [FATAL] Updater:308 - Updater called before beeing initialized
2024-06-11 18:17:21,868 [INFO] DbMcusAds:53 - JSON generation date=Thu May 16 12:22:01 EAT 2024 (1715851321456)
2024-06-11 18:17:21,868 [FATAL] Updater:308 - Updater called before beeing initialized
2024-06-11 18:17:21,977 [WARN] DetailPanel:346 - Failed to get advertising image, set to default
2024-06-11 18:17:22,149 [FATAL] Updater:308 - Updater called before beeing initialized
2024-06-11 18:17:22,165 [FATAL] Updater:308 - Updater called before beeing initialized
2024-06-11 18:17:22,165 [FATAL] Updater:308 - Updater called before beeing initialized
2024-06-11 18:17:22,165 [WARN] DetailPanel:346 - Failed to get advertising image, set to default
2024-06-11 18:17:22,165 [FATAL] Updater:308 - Updater called before beeing initialized
2024-06-11 18:17:22,274 [ERROR] Updater:1120 - MainUpdater not yet initialized. External WinMGr cannot be set.
2024-06-11 18:17:22,274 [INFO] Updater:1056 - Updater Version found : 6.10.0
2024-06-11 18:17:22,321 [INFO] ApplicationProperties:184 - Using Application install path: C:\ST\STM32CubeIDE_1.14.1\STM32CubeIDE\plugins\com.st.stm32cube.common.mx_6.10.0.202311202037
2024-06-11 18:17:22,835 [INFO] ThirdPartyUpdaterWithRetryManager:70 - Updater plugin not ready yet. [2/15]
2024-06-11 18:17:23,959 [ERROR] LogOutputStream:75 - [STDERR_REDIRECT] Jun 11, 2024 6:17:23 PM java.util.prefs.WindowsPreferences <init>
2024-06-11 18:17:23,959 [ERROR] LogOutputStream:75 - [STDERR_REDIRECT] WARNING: Could not open/create prefs root node Software\JavaSoft\Prefs at root 0xffffffff80000002. Windows RegCreateKeyEx(...) returned error code 5.
2024-06-11 18:17:23,959 [ERROR] LogOutputStream:75 - [STDERR_REDIRECT] 
2024-06-11 18:17:24,459 [INFO] MainUpdater:2873 - connection check result : 22
2024-06-11 18:17:24,459 [INFO] MainUpdater:290 - Updater Check For Update Now.
2024-06-11 18:17:24,459 [INFO] MicroXplorer:498 - Change Database Version : DB.6.0.100
2024-06-11 18:17:24,538 [INFO] McuFinderGlobals:63 - Set McuFinder mode to 2 (CubeIDE integrated)
2024-06-11 18:17:24,981 [INFO] CheckServerUpdateThread:120 - End of CheckServer Thread
2024-06-11 18:17:25,074 [INFO] UserAuth:404 - Internet connection configuration mode: 2
2024-06-11 18:17:26,278 [WARN] PackLoader:240 - Cannot read IP mode file for STMicroelectronics.FP-SNS-MOTENVWB1.1.4.0
2024-06-11 18:17:26,302 [WARN] PackLoader:240 - Cannot read IP mode file for STMicroelectronics.X-CUBE-SMBUS.2.1.0
2024-06-11 18:17:26,313 [WARN] PackLoader:240 - Cannot read IP mode file for STMicroelectronics.X-CUBE-TOUCHGFX.4.23.2
2024-06-11 18:17:26,397 [WARN] PackLoader:240 - Cannot read IP mode file for STMicroelectronics.X-CUBE-AZRTOS-F7.1.1.0
2024-06-11 18:17:26,423 [WARN] PackLoader:240 - Cannot read IP mode file for STMicroelectronics.FP-SNS-FLIGHT1.5.0.2
2024-06-11 18:17:26,452 [WARN] PackLoader:240 - Cannot read IP mode file for STMicroelectronics.X-CUBE-DISPLAY.3.0.0
2024-06-11 18:17:26,485 [WARN] PackLoader:240 - Cannot read IP mode file for STMicroelectronics.X-CUBE-BLE1.7.0.0
2024-06-11 18:17:26,500 [WARN] PackLoader:240 - Cannot read IP mode file for emotas.I-CUBE-CANOPEN.1.3.0
2024-06-11 18:17:26,532 [WARN] PackLoader:240 - Cannot read IP mode file for STMicroelectronics.X-CUBE-BLEMGR.3.1.0
2024-06-11 18:17:26,549 [WARN] PackLoader:240 - Cannot read IP mode file for STMicroelectronics.FP-SNS-SMARTAG2.1.2.0
2024-06-11 18:17:26,573 [INFO] LogOutputStream:77 - [STDOUT_REDIRECT] 1 : Invalid condition id : UX_CORESTACK_Condition cause : null
2024-06-11 18:17:26,573 [INFO] LogOutputStream:77 - [STDOUT_REDIRECT] 1 : Invalid condition id : UX_CORESTACK_Condition cause : null
2024-06-11 18:17:26,585 [INFO] LogOutputStream:77 - [STDOUT_REDIRECT] 1 : Invalid condition id : UX_CORESTACK_Condition cause : null
2024-06-11 18:17:26,588 [INFO] LogOutputStream:77 - [STDOUT_REDIRECT] 1 : Invalid condition id : UX_CORESTACK_Condition cause : null
2024-06-11 18:17:26,591 [INFO] LogOutputStream:77 - [STDOUT_REDIRECT] 1 : Invalid condition id : UX_CORESTACK_Condition cause : null
2024-06-11 18:17:26,600 [WARN] PackLoader:240 - Cannot read IP mode file for STMicroelectronics.X-CUBE-AZRTOS-WL.2.0.0
2024-06-11 18:17:26,617 [WARN] PackLoader:240 - Cannot read IP mode file for STMicroelectronics.FP-SNS-MOTENV1.5.0.0
2024-06-11 18:17:26,642 [WARN] PackLoader:240 - Cannot read IP mode file for WES.I-CUBE-Cesium.1.3.0
2024-06-11 18:17:26,653 [WARN] PackLoader:240 - Cannot read IP mode file for STMicroelectronics.X-CUBE-BLE2.3.3.0
2024-06-11 18:17:26,677 [WARN] PackLoader:240 - Cannot read IP mode file for STMicroelectronics.X-CUBE-TCPP.4.1.0
2024-06-11 18:17:26,722 [WARN] PackLoader:240 - Cannot read IP mode file for STMicroelectronics.X-CUBE-AZRTOS-G0.1.1.0
2024-06-11 18:17:26,745 [WARN] PackLoader:240 - Cannot read IP mode file for STMicroelectronics.X-CUBE-SAFEA1.1.2.2
2024-06-11 18:17:26,757 [WARN] PackLoader:240 - Cannot read IP mode file for STMicroelectronics.X-CUBE-NFC4.3.0.0
2024-06-11 18:17:26,768 [WARN] PackLoader:240 - Cannot read IP mode file for wolfSSL.I-CUBE-wolfMQTT.1.18.0
2024-06-11 18:17:26,775 [WARN] PackLoader:240 - Cannot read IP mode file for wolfSSL.I-CUBE-wolfSSL.5.7.0
2024-06-11 18:17:26,783 [WARN] PackLoader:240 - Cannot read IP mode file for STMicroelectronics.FP-ATR-SIGFOX1.3.2.0
2024-06-11 18:17:26,799 [WARN] PackLoader:240 - Cannot read IP mode file for STMicroelectronics.X-CUBE-EEPRMA1.5.1.0
2024-06-11 18:17:26,820 [WARN] PackLoader:240 - Cannot read IP mode file for ITTIA_DB.I-CUBE-ITTIADB.8.9.0
2024-06-11 18:17:26,905 [WARN] PackLoader:240 - Cannot read IP mode file for SEGGER.I-CUBE-embOS.1.3.1
2024-06-11 18:17:27,055 [WARN] PackLoader:240 - Cannot read IP mode file for STMicroelectronics.X-CUBE-ALGOBUILD.1.4.0
2024-06-11 18:17:27,067 [WARN] PackLoader:240 - Cannot read IP mode file for STMicroelectronics.X-CUBE-GNSS1.6.0.0
2024-06-11 18:17:27,134 [WARN] PackLoader:240 - Cannot read IP mode file for STMicroelectronics.X-CUBE-AZRTOS-F4.1.1.0
2024-06-11 18:17:27,156 [WARN] PackLoader:240 - Cannot read IP mode file for STMicroelectronics.X-CUBE-FREERTOS.1.2.0
2024-06-11 18:17:27,195 [WARN] PackLoader:240 - Cannot read IP mode file for STMicroelectronics.X-CUBE-AZRTOS-L5.2.0.0
2024-06-11 18:17:27,218 [WARN] PackLoader:240 - Cannot read IP mode file for STMicroelectronics.X-CUBE-NFC6.3.1.0
2024-06-11 18:17:27,249 [WARN] PackLoader:240 - Cannot read IP mode file for STMicroelectronics.X-CUBE-AI.9.0.0
2024-06-11 18:17:27,264 [WARN] PackLoader:240 - Cannot read IP mode file for STMicroelectronics.X-CUBE-NFC7.1.0.1
2024-06-11 18:17:27,310 [WARN] ConditionMgr:438 - getConditionDescription Invalid condition id : LAN8742 Phy interface Condition cause : null
2024-06-11 18:17:27,311 [WARN] PackLoader:240 - Cannot read IP mode file for STMicroelectronics.X-CUBE-AZRTOS-L4.2.0.0
2024-06-11 18:17:27,314 [WARN] ConditionMgr:1039 - genDependencies : Invalid condition id : LAN8742 Phy interface Condition cause : null
2024-06-11 18:17:27,314 [WARN] ConditionMgr:1039 - genDependencies : Invalid condition id : LAN8742 Phy interface Condition cause : null
2024-06-11 18:17:27,315 [WARN] ConditionMgr:1039 - genDependencies : Invalid condition id : LAN8742 Phy interface Condition cause : null
2024-06-11 18:17:27,330 [WARN] PackLoader:240 - Cannot read IP mode file for STMicroelectronics.X-CUBE-SFXS2LP1.4.0.0
2024-06-11 18:17:27,366 [WARN] ConditionMgr:438 - getConditionDescription Invalid condition id : UX DEVICE CLASS RTOS Condition cause : null
2024-06-11 18:17:27,368 [WARN] ConditionMgr:438 - getConditionDescription Invalid condition id : UX DEVICE CLASS RTOS Condition cause : null
2024-06-11 18:17:27,372 [WARN] PackLoader:240 - Cannot read IP mode file for STMicroelectronics.X-CUBE-AZRTOS-WB.2.0.0
2024-06-11 18:17:27,373 [WARN] ConditionMgr:1039 - genDependencies : Invalid condition id : UX DEVICE CLASS RTOS Condition cause : null
2024-06-11 18:17:27,374 [WARN] ConditionMgr:1039 - genDependencies : Invalid condition id : UX DEVICE CLASS RTOS Condition cause : null
2024-06-11 18:17:27,381 [WARN] ConditionMgr:1039 - genDependencies : Invalid condition id : UX DEVICE CLASS RTOS Condition cause : null
2024-06-11 18:17:27,382 [WARN] ConditionMgr:1039 - genDependencies : Invalid condition id : UX DEVICE CLASS RTOS Condition cause : null
2024-06-11 18:17:27,383 [WARN] ConditionMgr:1039 - genDependencies : Invalid condition id : UX DEVICE CLASS RTOS Condition cause : null
2024-06-11 18:17:27,404 [WARN] PackLoader:240 - Cannot read IP mode file for STMicroelectronics.X-CUBE-SUBG2.5.0.0
2024-06-11 18:17:27,456 [WARN] PackLoader:240 - Cannot read IP mode file for STMicroelectronics.X-CUBE-AZRTOS-G4.2.0.0
2024-06-11 18:17:27,466 [WARN] PackLoader:240 - Cannot read IP mode file for STMicroelectronics.X-CUBE-ISPU.2.0.0
2024-06-11 18:17:27,477 [WARN] PackLoader:240 - Cannot read IP mode file for STMicroelectronics.X-CUBE-ALS.1.0.2
2024-06-11 18:17:27,688 [WARN] PackLoader:240 - Cannot read IP mode file for STMicroelectronics.X-CUBE-MEMS1.10.0.0
2024-06-11 18:17:28,341 [WARN] PackLoader:240 - Cannot read IP mode file for portGmbH.I-Cube-SoM-uGOAL.1.1.0
2024-06-11 18:17:28,350 [WARN] PackLoader:240 - Cannot read IP mode file for STMicroelectronics.X-CUBE-ALS.1.0.1
2024-06-11 18:17:28,401 [WARN] PackLoader:240 - Cannot read IP mode file for STMicroelectronics.X-CUBE-AZRTOS-H7RS.1.0.0
2024-06-11 18:17:28,413 [WARN] PackLoader:240 - Cannot read IP mode file for STMicroelectronics.FP-ATR-ASTRA1.2.0.0
2024-06-11 18:17:28,433 [WARN] PackLoader:240 - Cannot read IP mode file for STMicroelectronics.X-CUBE-TOF1.3.4.1
2024-06-11 18:17:28,494 [WARN] PackLoader:240 - Cannot read IP mode file for STMicroelectronics.X-CUBE-AZRTOS-H7.3.2.0
2024-06-11 18:17:28,525 [WARN] PackLoader:240 - Cannot read IP mode file for Infineon.AIROC-Wi-Fi-Bluetooth-STM32.1.6.0
2024-06-11 18:17:28,548 [INFO] ThirdParty:978 - Integrity check success = true
2024-06-11 18:17:28,548 [INFO] IntegrityCheckThread:100 - exiting critical section [integrity check]
2024-06-11 18:17:28,549 [INFO] IntegrityCheckThread:103 - End integrity checks thread
2024-06-11 18:17:46,771 [ERROR] LogOutputStream:75 - [STDERR_REDIRECT] SLF4J: Failed to load class "org.slf4j.impl.StaticLoggerBinder".
2024-06-11 18:17:46,774 [ERROR] LogOutputStream:75 - [STDERR_REDIRECT] SLF4J: Defaulting to no-operation (NOP) logger implementation
2024-06-11 18:17:46,778 [ERROR] LogOutputStream:75 - [STDERR_REDIRECT] SLF4J: See http://www.slf4j.org/codes.html#StaticLoggerBinder for further details.
2024-06-11 18:18:37,450 [INFO] McuFinderGlobals:63 - Set McuFinder mode to 2 (CubeIDE integrated)
2024-06-11 18:18:39,265 [INFO] MainUpdater:2873 - connection check result : 10
2024-06-11 18:18:39,311 [INFO] McuFinderGlobals:76 - Set McuFinderConnectedMode to true
2024-06-11 18:18:40,518 [INFO] ServerAccessManage:473 - Download File mcusAds.json._tmp_
2024-06-11 18:18:40,643 [INFO] LoadUrlFilesThread:156 - End of LoadUrlFiles Thread
2024-06-11 18:18:43,013 [INFO] ServerAccessManage:473 - Download File cube-finder-db.zip
2024-06-11 18:21:08,585 [INFO] FileExtend:240 - Unzip File : cube-finder-db.zip
2024-06-11 18:21:08,586 [INFO] FileExtend:255 - Standard Zip Deflate
2024-06-11 18:21:10,001 [INFO] LoadUrlFilesThread:156 - End of LoadUrlFiles Thread
2024-06-11 18:21:12,701 [INFO] ServerAccessManage:473 - Download File crdb.zip
2024-06-11 18:21:20,627 [INFO] FileExtend:240 - Unzip File : crdb.zip
2024-06-11 18:21:20,628 [INFO] FileExtend:255 - Standard Zip Deflate
2024-06-11 18:21:20,791 [INFO] LoadUrlFilesThread:156 - End of LoadUrlFiles Thread
2024-06-11 18:21:21,865 [INFO] ServerAccessManage:473 - Download File tutoVideoDB.zip
2024-06-11 18:21:22,576 [INFO] FileExtend:240 - Unzip File : tutoVideoDB.zip
2024-06-11 18:21:22,578 [INFO] FileExtend:255 - Standard Zip Deflate
2024-06-11 18:21:22,734 [INFO] LoadUrlFilesThread:156 - End of LoadUrlFiles Thread
2024-06-11 18:21:22,742 [WARN] DbFile:41 - Overriding database path with different value: C:\Users\hp\.stmcufinder\plugins\mcufinder/ => C:\Users\hp\.stmcufinder\plugins\mcufinder
2024-06-11 18:21:23,066 [INFO] ServerAccessManage:473 - Download File api_config.json
2024-06-11 18:21:23,183 [INFO] LoadUrlFilesThread:156 - End of LoadUrlFiles Thread
2024-06-11 18:21:23,186 [INFO] DbMcusAds:53 - JSON generation date=Thu May 16 12:22:00 EAT 2024 (1715851320667)
2024-06-11 18:21:23,237 [INFO] LoadUrlFilesThread:185 - End of LoadServerUrlFiles without Thread
2024-06-11 18:21:23,238 [INFO] TargetSelectorAdapter:259 - Refresh data is successful
2024-06-11 18:21:23,457 [INFO] ApiDb:581 - Connected to CubeFinder SQLite database (C:\Users\hp\.stmcufinder\plugins\mcufinder\mcu\cube-finder-db.db)
2024-06-11 18:21:23,581 [INFO] ApiDb:668 - CubeFinder database Data Model version=2.1
2024-06-11 18:21:23,582 [INFO] ApiDb:669 - CubeFinder database Configuration version=3.0.39
2024-06-11 18:21:23,582 [INFO] ApiDb:670 - CubeFinder database generation date=2024-05-16 (1715872938)
2024-06-11 18:21:23,582 [INFO] ApiDb:671 - CubeFinder database FW Pack versions=[FP-ATR-ASTRA1_V2.0.0, FP-SNS-FLIGHT1_V5.0.1, FP-SNS-FLIGHT1_V5.0.2, FP-SNS-MOTENV1_V4.3.1, FP-SNS-MOTENV1_V4.3.2, FP-SNS-MOTENV1_V5.0.0, FP-SNS-MOTENVWB1_V1.4.0, FP-SNS-SMARTAG2_V1.2.0, STM32Cube_FW_C0_V1.1.0, STM32Cube_FW_F4_V1.28.0, STM32Cube_FW_F7_V1.17.0, STM32Cube_FW_G0_V1.6.2, STM32Cube_FW_G4_V1.5.2, STM32Cube_FW_H5_V0.5.1, STM32Cube_FW_H5_V1.1.1, STM32Cube_FW_H5_V1.2.0, STM32Cube_FW_H5_V1.2.0RC4, STM32Cube_FW_H7RS_V1.0.0, STM32Cube_FW_H7RS_V1.0.0RC4, STM32Cube_FW_H7_V1.11.0, STM32Cube_FW_L0_V1.12.2, STM32Cube_FW_L5_V1.5.1, STM32Cube_FW_U0_V1.0.0, STM32Cube_FW_U0_V1.0.0RC1, STM32Cube_FW_U5_V1.3.0RC4, STM32Cube_FW_U5_V1.5.0, STM32Cube_FW_U5_V1.5.0RC1, STM32Cube_FW_WBA_V1.0.0RC1, STM32Cube_FW_WBA_V1.2.0, STM32Cube_FW_WBA_V1.2.0RC2, STM32Cube_FW_WBA_V1.3.0, STM32Cube_FW_WBA_V1.3.0RC1, STM32Cube_FW_WB_V1.15.0RC1, STM32Cube_FW_WB_V1.16.0, STM32Cube_FW_WB_V1.16.0RC2, STM32Cube_FW_WB_V1.18.0, STM32Cube_FW_WB_V1.19.0, STM32Cube_FW_WL_V1.3.0, X-CUBE-ALGOBUILD_V1.4.0, X-CUBE-ALS_V1.0.1, X-CUBE-AZRTOS-F4_V1.1.0, X-CUBE-AZRTOS-F7_V1.1.0, X-CUBE-AZRTOS-G0_V1.1.0, X-CUBE-AZRTOS-G4_V2.0.0, X-CUBE-AZRTOS-H7_V3.2.0, X-CUBE-AZRTOS-L4_V1.0.0, X-CUBE-AZRTOS-L4_V2.0.0, X-CUBE-AZRTOS-L5_V1.1.0, X-CUBE-AZRTOS-WB_V2.0.0, X-CUBE-AZRTOS-WL_V2.0.0, X-CUBE-BLE1_V7.0.0, X-CUBE-BLE2_V3.3.0, X-CUBE-BLEMGR_V3.1.0, X-CUBE-EEPRMA1_V4.1.0, X-CUBE-EEPRMA1_V5.1.0, X-CUBE-FREERTOS_V1.1.0, X-CUBE-GNSS1_V6.0.0, X-CUBE-MEMS1_V10.0.0, X-CUBE-MEMS1_V9.1.0, X-CUBE-MEMS1_V9.4.0, X-CUBE-MEMS1_V9.6.0, X-CUBE-NFC4_V3.0.0, X-CUBE-NFC7_V1.0.1, X-CUBE-SFXS2LP1_V4.0.0, X-CUBE-SUBG2_V5.0.0, X-CUBE-TOF1_V3.4.0]
2024-06-11 18:21:27,319 [INFO] ApiDb:240 - Found 371 in-development CPN: [B-G473E-ZEST1S, B-WB1M-WPAN1, B-WL5M-SUBG1, NUCLEO-C031C6, NUCLEO-H503RB, NUCLEO-H563ZI, NUCLEO-U545RE-Q, NUCLEO-U5A5ZJ-Q, NUCLEO-WBA52CG, NUCLEO-WBA55CG, STEVAL-MKBOXPRO, STEVAL-PROTEUS1, STEVAL-STWINBX1, STM320518-EVAL, STM32C0116-DK, STM32C011D6Y3TR, STM32C011D6Y6TR, STM32C011F4P3, STM32C011F4P6, STM32C011F4U3, STM32C011F4U6TR, STM32C011F6P3, STM32C011F6P6, STM32C011F6U3, STM32C011F6U6TR, STM32C011J4M3, STM32C011J4M6, STM32C011J6M3, STM32C011J6M6, STM32C0316-DK, STM32C031C4T3, STM32C031C4T6, STM32C031C4U3, STM32C031C4U6, STM32C031C6T3, STM32C031C6T6, STM32C031C6U3, STM32C031C6U6, STM32C031F4P3, STM32C031F4P6, STM32C031F6P3, STM32C031F6P6, STM32C031G4U3, STM32C031G4U6, STM32C031G6U3, STM32C031G6U6, STM32C031K4T3, STM32C031K4T6, STM32C031K4U3, STM32C031K4U6, STM32C031K6T3, STM32C031K6T6, STM32C031K6U3, STM32C031K6U6, STM32G071K8TXN, STM32G071K8UXN, STM32G081GBU6N, STM32G081KBT6N, STM32G081KBUXN, STM32G0B1CCT6N, STM32G0B1KCT6, STM32G0B1NEY6TR, STM32G0B1RCT6N, STM32G0C1CCT6, STM32G0C1CCT6N, STM32G0C1CCU6N, STM32G0C1CET6N, STM32G0C1CEU6N, STM32G0C1KCT6, STM32G0C1NEY6TR, STM32G0C1RCI6N, STM32G0C1RCT6N, STM32G0C1REI6N, STM32G0C1RET6N, STM32G0C1VCI6, STM32G0C1VEI6, STM32G471CCT6, STM32G471CCU6, STM32G471CET3, STM32G471CET6, STM32G471CEU3, STM32G471CEU6, STM32G471MCT6, STM32G471MET3, STM32G471MET6, STM32G471MEY6TR, STM32G471QCT6, STM32G471QET3, STM32G471RCT6, STM32G471RET3, STM32G471RET6, STM32G471VCH6, STM32G471VCI6, STM32G471VCT6, STM32G471VEH3, STM32G471VEH6, STM32G471VEI3, STM32G471VEI6, STM32G471VET3, STM32G471VET6, STM32G474CCT6, STM32H503CBT6, STM32H503CBU6, STM32H503EBY6TR, STM32H503KBU6, STM32H503RBT6, STM32H562AGI6, STM32H562AII6, STM32H562IGK6, STM32H562IGT6, STM32H562IIK6, STM32H562IIT6, STM32H562RGT6, STM32H562RGV6, STM32H562RIT6, STM32H562RIV6, STM32H562VGT6, STM32H562VIT6, STM32H562ZGT6, STM32H562ZIT6, STM32H563AGI6, STM32H563AII3Q, STM32H563AII6, STM32H563IGK6, STM32H563IGT6, STM32H563IIK3Q, STM32H563IIK6, STM32H563IIT3Q, STM32H563IIT6, STM32H563MIY3QTR, STM32H563RGT6, STM32H563RGV6, STM32H563RIT6, STM32H563RIV6, STM32H563VGT6, STM32H563VIT3Q, STM32H563VIT6, STM32H563ZGT6, STM32H563ZIT3Q, STM32H563ZIT6, STM32H573AII3Q, STM32H573AII6, STM32H573I-DK, STM32H573IIK3Q, STM32H573IIK6, STM32H573IIT3Q, STM32H573IIT6, STM32H573MIY3QTR, STM32H573RIT6, STM32H573RIV6, STM32H573VIT3Q, STM32H573VIT6, STM32H573ZIT3Q, STM32H573ZIT6, STM32L4R5QGI6STR, STM32MP131AAE3, STM32MP131AAF3, STM32MP131AAG3, STM32MP131CAE3, STM32MP131CAF3, STM32MP131CAG3, STM32MP131DAE7, STM32MP131DAF7, STM32MP131DAG7, STM32MP131FAE7, STM32MP131FAF7, STM32MP131FAG7, STM32MP133AAE3, STM32MP133AAF3, STM32MP133AAG3, STM32MP133CAE3, STM32MP133CAF3, STM32MP133CAG3, STM32MP133DAE7, STM32MP133DAF7, STM32MP133DAG7, STM32MP133FAE7, STM32MP133FAF7, STM32MP133FAG7, STM32MP135AAE3, STM32MP135AAF3, STM32MP135AAG3, STM32MP135CAE3, STM32MP135CAF3, STM32MP135CAG3, STM32MP135DAE7, STM32MP135DAF7, STM32MP135DAG7, STM32MP135F-DK, STM32MP135FAE7, STM32MP135FAF7, STM32MP135FAF7T, STM32MP135FAF7U, STM32MP135FAG7, STM32U535CBT6, STM32U535CBT6Q, STM32U535CBU6, STM32U535CBU6Q, STM32U535CCT6, STM32U535CCT6Q, STM32U535CCU6, STM32U535CCU6Q, STM32U535CET6, STM32U535CET6Q, STM32U535CEU6, STM32U535CEU6Q, STM32U535JEY6QTR, STM32U535NCY6QTR, STM32U535NEY6QTR, STM32U535RBI6, STM32U535RBI6Q, STM32U535RBT6, STM32U535RBT6Q, STM32U535RCI6, STM32U535RCI6Q, STM32U535RCT6, STM32U535RCT6Q, STM32U535REI6, STM32U535REI6Q, STM32U535RET6, STM32U535RET6Q, STM32U535VCI6, STM32U535VCI6Q, STM32U535VCT6, STM32U535VCT6Q, STM32U535VEI6, STM32U535VEI6Q, STM32U535VET6, STM32U535VET6Q, STM32U545CET6, STM32U545CET6Q, STM32U545CEU6, STM32U545CEU6Q, STM32U545JEY6QTR, STM32U545NEY6QTR, STM32U545REI6, STM32U545REI6Q, STM32U545RET6, STM32U545RET6Q, STM32U545VEI6, STM32U545VEI6Q, STM32U545VET6, STM32U545VET6Q, STM32U595AIH6, STM32U595AIH6Q, STM32U595AJH6, STM32U595AJH6Q, STM32U595QII6, STM32U595QII6Q, STM32U595QJI6, STM32U595QJI6Q, STM32U595RIT6, STM32U595RIT6Q, STM32U595RJT6, STM32U595RJT6Q, STM32U595VIT6, STM32U595VIT6Q, STM32U595VJT6, STM32U595VJT6Q, STM32U595ZIT6, STM32U595ZIT6Q, STM32U595ZIY6QTR, STM32U595ZJT6, STM32U595ZJT6Q, STM32U595ZJY6QTR, STM32U599BJY6QTR, STM32U599NIH6Q, STM32U599NJH6Q, STM32U599VIT6Q, STM32U599VJT6, STM32U599VJT6Q, STM32U599ZIT6Q, STM32U599ZIY6QTR, STM32U599ZJT6Q, STM32U599ZJY6QTR, STM32U5A5AJH6, STM32U5A5AJH6Q, STM32U5A5QJI6, STM32U5A5QJI6Q, STM32U5A5RJT6, STM32U5A5RJT6Q, STM32U5A5VJT6, STM32U5A5VJT6Q, STM32U5A5ZJT6, STM32U5A5ZJT6Q, STM32U5A5ZJY6QTR, STM32U5A9BJY6QTR, STM32U5A9J-DK, STM32U5A9NJH6Q, STM32U5A9VJT6Q, STM32U5A9ZJT6Q, STM32U5A9ZJY6QTR, STM32U5F7VIT6, STM32U5F7VIT6Q, STM32U5F7VJT6, STM32U5F7VJT6Q, STM32U5F9BJY6QTR, STM32U5F9NJH6Q, STM32U5F9VIT6Q, STM32U5F9VJT6Q, STM32U5F9ZIJ6QTR, STM32U5F9ZIT6Q, STM32U5F9ZJJ6QTR, STM32U5F9ZJT6Q, STM32U5G7VJT6, STM32U5G7VJT6Q, STM32U5G9BJY6QTR, STM32U5G9J-DK1, STM32U5G9J-DK2, STM32U5G9NJH6Q, STM32U5G9VJT6Q, STM32U5G9ZJJ6QTR, STM32U5G9ZJT6Q, STM32WB1MMCH6, STM32WBA50KEU6, STM32WBA50KEU6TR, STM32WBA50KGU6, STM32WBA50KGU6TR, STM32WBA52CEU6, STM32WBA52CEU6TR, STM32WBA52CEU7, STM32WBA52CEU7TR, STM32WBA52CGU6, STM32WBA52CGU6TR, STM32WBA52CGU6U, STM32WBA52CGU7, STM32WBA52CGU7TR, STM32WBA52KEU6, STM32WBA52KEU6TR, STM32WBA52KGU6, STM32WBA52KGU6TR, STM32WBA54CEU6, STM32WBA54CEU6TR, STM32WBA54CEU7, STM32WBA54CEU7TR, STM32WBA54CGU6, STM32WBA54CGU6TR, STM32WBA54CGU7, STM32WBA54CGU7TR, STM32WBA54KEU6, STM32WBA54KEU6TR, STM32WBA54KEU7, STM32WBA54KEU7TR, STM32WBA54KGU6, STM32WBA54KGU6TR, STM32WBA54KGU7, STM32WBA54KGU7TR, STM32WBA55CEU6, STM32WBA55CEU6TR, STM32WBA55CEU7, STM32WBA55CEU7TR, STM32WBA55CGU6, STM32WBA55CGU6TR, STM32WBA55CGU6U, STM32WBA55CGU7, STM32WBA55CGU7TR, STM32WBA55G-DK1, STM32WBA55HEF6, STM32WBA55HEF7, STM32WBA55HGF6, STM32WBA55HGF7, STM32WBA55UEI6, STM32WBA55UEI6TR, STM32WBA55UEI7, STM32WBA55UEI7TR, STM32WBA55UGI6, STM32WBA55UGI6TR, STM32WBA55UGI7, STM32WBA55UGI7TR, STM32WL5MOCH6, STM32WL5MOCH6TR]
2024-06-11 18:21:27,334 [INFO] DbMcus:218 - Found 4092 MCUs, 4092 are supported
2024-06-11 18:21:27,337 [INFO] ApiDb:423 - Load user favorites file C:\Users\hp/.stm32cubeide/favorites.mcus.txt: 0 item(s)
2024-06-11 18:21:27,338 [INFO] ApiDb:427 - User favorites MCUs=[]
2024-06-11 18:21:27,338 [INFO] DbMcus:224 - Set 0 / 0 favorites MCUs
2024-06-11 18:21:28,452 [INFO] ApiDb:668 - CubeFinder database Data Model version=2.1
2024-06-11 18:21:28,452 [INFO] ApiDb:669 - CubeFinder database Configuration version=3.0.39
2024-06-11 18:21:28,452 [INFO] ApiDb:670 - CubeFinder database generation date=2024-05-16 (1715872938)
2024-06-11 18:21:28,452 [INFO] ApiDb:671 - CubeFinder database FW Pack versions=[FP-ATR-ASTRA1_V2.0.0, FP-SNS-FLIGHT1_V5.0.1, FP-SNS-FLIGHT1_V5.0.2, FP-SNS-MOTENV1_V4.3.1, FP-SNS-MOTENV1_V4.3.2, FP-SNS-MOTENV1_V5.0.0, FP-SNS-MOTENVWB1_V1.4.0, FP-SNS-SMARTAG2_V1.2.0, STM32Cube_FW_C0_V1.1.0, STM32Cube_FW_F4_V1.28.0, STM32Cube_FW_F7_V1.17.0, STM32Cube_FW_G0_V1.6.2, STM32Cube_FW_G4_V1.5.2, STM32Cube_FW_H5_V0.5.1, STM32Cube_FW_H5_V1.1.1, STM32Cube_FW_H5_V1.2.0, STM32Cube_FW_H5_V1.2.0RC4, STM32Cube_FW_H7RS_V1.0.0, STM32Cube_FW_H7RS_V1.0.0RC4, STM32Cube_FW_H7_V1.11.0, STM32Cube_FW_L0_V1.12.2, STM32Cube_FW_L5_V1.5.1, STM32Cube_FW_U0_V1.0.0, STM32Cube_FW_U0_V1.0.0RC1, STM32Cube_FW_U5_V1.3.0RC4, STM32Cube_FW_U5_V1.5.0, STM32Cube_FW_U5_V1.5.0RC1, STM32Cube_FW_WBA_V1.0.0RC1, STM32Cube_FW_WBA_V1.2.0, STM32Cube_FW_WBA_V1.2.0RC2, STM32Cube_FW_WBA_V1.3.0, STM32Cube_FW_WBA_V1.3.0RC1, STM32Cube_FW_WB_V1.15.0RC1, STM32Cube_FW_WB_V1.16.0, STM32Cube_FW_WB_V1.16.0RC2, STM32Cube_FW_WB_V1.18.0, STM32Cube_FW_WB_V1.19.0, STM32Cube_FW_WL_V1.3.0, X-CUBE-ALGOBUILD_V1.4.0, X-CUBE-ALS_V1.0.1, X-CUBE-AZRTOS-F4_V1.1.0, X-CUBE-AZRTOS-F7_V1.1.0, X-CUBE-AZRTOS-G0_V1.1.0, X-CUBE-AZRTOS-G4_V2.0.0, X-CUBE-AZRTOS-H7_V3.2.0, X-CUBE-AZRTOS-L4_V1.0.0, X-CUBE-AZRTOS-L4_V2.0.0, X-CUBE-AZRTOS-L5_V1.1.0, X-CUBE-AZRTOS-WB_V2.0.0, X-CUBE-AZRTOS-WL_V2.0.0, X-CUBE-BLE1_V7.0.0, X-CUBE-BLE2_V3.3.0, X-CUBE-BLEMGR_V3.1.0, X-CUBE-EEPRMA1_V4.1.0, X-CUBE-EEPRMA1_V5.1.0, X-CUBE-FREERTOS_V1.1.0, X-CUBE-GNSS1_V6.0.0, X-CUBE-MEMS1_V10.0.0, X-CUBE-MEMS1_V9.1.0, X-CUBE-MEMS1_V9.4.0, X-CUBE-MEMS1_V9.6.0, X-CUBE-NFC4_V3.0.0, X-CUBE-NFC7_V1.0.1, X-CUBE-SFXS2LP1_V4.0.0, X-CUBE-SUBG2_V5.0.0, X-CUBE-TOF1_V3.4.0]
2024-06-11 18:21:28,546 [INFO] DbBoardsSqlite:226 - include board P-NUCLEO-WB55-NUCLEO as a kit item of type 'Nucleo-64'
2024-06-11 18:21:28,547 [INFO] DbBoardsSqlite:226 - include board P-NUCLEO-WB55-USBDONGLE as a kit item of type 'Nucleo USB Dongle'
2024-06-11 18:21:28,547 [INFO] DbBoardsSqlite:226 - include board STEVAL-IDP005V1 as a kit item of type 'Evaluation Board'
2024-06-11 18:21:28,549 [INFO] DbBoardsSqlite:226 - include board STEVAL-IDP005V2 as a kit item of type 'Evaluation Board'
2024-06-11 18:21:28,723 [INFO] ApiDb:240 - Found 371 in-development CPN: [B-G473E-ZEST1S, B-WB1M-WPAN1, B-WL5M-SUBG1, NUCLEO-C031C6, NUCLEO-H503RB, NUCLEO-H563ZI, NUCLEO-U545RE-Q, NUCLEO-U5A5ZJ-Q, NUCLEO-WBA52CG, NUCLEO-WBA55CG, STEVAL-MKBOXPRO, STEVAL-PROTEUS1, STEVAL-STWINBX1, STM320518-EVAL, STM32C0116-DK, STM32C011D6Y3TR, STM32C011D6Y6TR, STM32C011F4P3, STM32C011F4P6, STM32C011F4U3, STM32C011F4U6TR, STM32C011F6P3, STM32C011F6P6, STM32C011F6U3, STM32C011F6U6TR, STM32C011J4M3, STM32C011J4M6, STM32C011J6M3, STM32C011J6M6, STM32C0316-DK, STM32C031C4T3, STM32C031C4T6, STM32C031C4U3, STM32C031C4U6, STM32C031C6T3, STM32C031C6T6, STM32C031C6U3, STM32C031C6U6, STM32C031F4P3, STM32C031F4P6, STM32C031F6P3, STM32C031F6P6, STM32C031G4U3, STM32C031G4U6, STM32C031G6U3, STM32C031G6U6, STM32C031K4T3, STM32C031K4T6, STM32C031K4U3, STM32C031K4U6, STM32C031K6T3, STM32C031K6T6, STM32C031K6U3, STM32C031K6U6, STM32G071K8TXN, STM32G071K8UXN, STM32G081GBU6N, STM32G081KBT6N, STM32G081KBUXN, STM32G0B1CCT6N, STM32G0B1KCT6, STM32G0B1NEY6TR, STM32G0B1RCT6N, STM32G0C1CCT6, STM32G0C1CCT6N, STM32G0C1CCU6N, STM32G0C1CET6N, STM32G0C1CEU6N, STM32G0C1KCT6, STM32G0C1NEY6TR, STM32G0C1RCI6N, STM32G0C1RCT6N, STM32G0C1REI6N, STM32G0C1RET6N, STM32G0C1VCI6, STM32G0C1VEI6, STM32G471CCT6, STM32G471CCU6, STM32G471CET3, STM32G471CET6, STM32G471CEU3, STM32G471CEU6, STM32G471MCT6, STM32G471MET3, STM32G471MET6, STM32G471MEY6TR, STM32G471QCT6, STM32G471QET3, STM32G471RCT6, STM32G471RET3, STM32G471RET6, STM32G471VCH6, STM32G471VCI6, STM32G471VCT6, STM32G471VEH3, STM32G471VEH6, STM32G471VEI3, STM32G471VEI6, STM32G471VET3, STM32G471VET6, STM32G474CCT6, STM32H503CBT6, STM32H503CBU6, STM32H503EBY6TR, STM32H503KBU6, STM32H503RBT6, STM32H562AGI6, STM32H562AII6, STM32H562IGK6, STM32H562IGT6, STM32H562IIK6, STM32H562IIT6, STM32H562RGT6, STM32H562RGV6, STM32H562RIT6, STM32H562RIV6, STM32H562VGT6, STM32H562VIT6, STM32H562ZGT6, STM32H562ZIT6, STM32H563AGI6, STM32H563AII3Q, STM32H563AII6, STM32H563IGK6, STM32H563IGT6, STM32H563IIK3Q, STM32H563IIK6, STM32H563IIT3Q, STM32H563IIT6, STM32H563MIY3QTR, STM32H563RGT6, STM32H563RGV6, STM32H563RIT6, STM32H563RIV6, STM32H563VGT6, STM32H563VIT3Q, STM32H563VIT6, STM32H563ZGT6, STM32H563ZIT3Q, STM32H563ZIT6, STM32H573AII3Q, STM32H573AII6, STM32H573I-DK, STM32H573IIK3Q, STM32H573IIK6, STM32H573IIT3Q, STM32H573IIT6, STM32H573MIY3QTR, STM32H573RIT6, STM32H573RIV6, STM32H573VIT3Q, STM32H573VIT6, STM32H573ZIT3Q, STM32H573ZIT6, STM32L4R5QGI6STR, STM32MP131AAE3, STM32MP131AAF3, STM32MP131AAG3, STM32MP131CAE3, STM32MP131CAF3, STM32MP131CAG3, STM32MP131DAE7, STM32MP131DAF7, STM32MP131DAG7, STM32MP131FAE7, STM32MP131FAF7, STM32MP131FAG7, STM32MP133AAE3, STM32MP133AAF3, STM32MP133AAG3, STM32MP133CAE3, STM32MP133CAF3, STM32MP133CAG3, STM32MP133DAE7, STM32MP133DAF7, STM32MP133DAG7, STM32MP133FAE7, STM32MP133FAF7, STM32MP133FAG7, STM32MP135AAE3, STM32MP135AAF3, STM32MP135AAG3, STM32MP135CAE3, STM32MP135CAF3, STM32MP135CAG3, STM32MP135DAE7, STM32MP135DAF7, STM32MP135DAG7, STM32MP135F-DK, STM32MP135FAE7, STM32MP135FAF7, STM32MP135FAF7T, STM32MP135FAF7U, STM32MP135FAG7, STM32U535CBT6, STM32U535CBT6Q, STM32U535CBU6, STM32U535CBU6Q, STM32U535CCT6, STM32U535CCT6Q, STM32U535CCU6, STM32U535CCU6Q, STM32U535CET6, STM32U535CET6Q, STM32U535CEU6, STM32U535CEU6Q, STM32U535JEY6QTR, STM32U535NCY6QTR, STM32U535NEY6QTR, STM32U535RBI6, STM32U535RBI6Q, STM32U535RBT6, STM32U535RBT6Q, STM32U535RCI6, STM32U535RCI6Q, STM32U535RCT6, STM32U535RCT6Q, STM32U535REI6, STM32U535REI6Q, STM32U535RET6, STM32U535RET6Q, STM32U535VCI6, STM32U535VCI6Q, STM32U535VCT6, STM32U535VCT6Q, STM32U535VEI6, STM32U535VEI6Q, STM32U535VET6, STM32U535VET6Q, STM32U545CET6, STM32U545CET6Q, STM32U545CEU6, STM32U545CEU6Q, STM32U545JEY6QTR, STM32U545NEY6QTR, STM32U545REI6, STM32U545REI6Q, STM32U545RET6, STM32U545RET6Q, STM32U545VEI6, STM32U545VEI6Q, STM32U545VET6, STM32U545VET6Q, STM32U595AIH6, STM32U595AIH6Q, STM32U595AJH6, STM32U595AJH6Q, STM32U595QII6, STM32U595QII6Q, STM32U595QJI6, STM32U595QJI6Q, STM32U595RIT6, STM32U595RIT6Q, STM32U595RJT6, STM32U595RJT6Q, STM32U595VIT6, STM32U595VIT6Q, STM32U595VJT6, STM32U595VJT6Q, STM32U595ZIT6, STM32U595ZIT6Q, STM32U595ZIY6QTR, STM32U595ZJT6, STM32U595ZJT6Q, STM32U595ZJY6QTR, STM32U599BJY6QTR, STM32U599NIH6Q, STM32U599NJH6Q, STM32U599VIT6Q, STM32U599VJT6, STM32U599VJT6Q, STM32U599ZIT6Q, STM32U599ZIY6QTR, STM32U599ZJT6Q, STM32U599ZJY6QTR, STM32U5A5AJH6, STM32U5A5AJH6Q, STM32U5A5QJI6, STM32U5A5QJI6Q, STM32U5A5RJT6, STM32U5A5RJT6Q, STM32U5A5VJT6, STM32U5A5VJT6Q, STM32U5A5ZJT6, STM32U5A5ZJT6Q, STM32U5A5ZJY6QTR, STM32U5A9BJY6QTR, STM32U5A9J-DK, STM32U5A9NJH6Q, STM32U5A9VJT6Q, STM32U5A9ZJT6Q, STM32U5A9ZJY6QTR, STM32U5F7VIT6, STM32U5F7VIT6Q, STM32U5F7VJT6, STM32U5F7VJT6Q, STM32U5F9BJY6QTR, STM32U5F9NJH6Q, STM32U5F9VIT6Q, STM32U5F9VJT6Q, STM32U5F9ZIJ6QTR, STM32U5F9ZIT6Q, STM32U5F9ZJJ6QTR, STM32U5F9ZJT6Q, STM32U5G7VJT6, STM32U5G7VJT6Q, STM32U5G9BJY6QTR, STM32U5G9J-DK1, STM32U5G9J-DK2, STM32U5G9NJH6Q, STM32U5G9VJT6Q, STM32U5G9ZJJ6QTR, STM32U5G9ZJT6Q, STM32WB1MMCH6, STM32WBA50KEU6, STM32WBA50KEU6TR, STM32WBA50KGU6, STM32WBA50KGU6TR, STM32WBA52CEU6, STM32WBA52CEU6TR, STM32WBA52CEU7, STM32WBA52CEU7TR, STM32WBA52CGU6, STM32WBA52CGU6TR, STM32WBA52CGU6U, STM32WBA52CGU7, STM32WBA52CGU7TR, STM32WBA52KEU6, STM32WBA52KEU6TR, STM32WBA52KGU6, STM32WBA52KGU6TR, STM32WBA54CEU6, STM32WBA54CEU6TR, STM32WBA54CEU7, STM32WBA54CEU7TR, STM32WBA54CGU6, STM32WBA54CGU6TR, STM32WBA54CGU7, STM32WBA54CGU7TR, STM32WBA54KEU6, STM32WBA54KEU6TR, STM32WBA54KEU7, STM32WBA54KEU7TR, STM32WBA54KGU6, STM32WBA54KGU6TR, STM32WBA54KGU7, STM32WBA54KGU7TR, STM32WBA55CEU6, STM32WBA55CEU6TR, STM32WBA55CEU7, STM32WBA55CEU7TR, STM32WBA55CGU6, STM32WBA55CGU6TR, STM32WBA55CGU6U, STM32WBA55CGU7, STM32WBA55CGU7TR, STM32WBA55G-DK1, STM32WBA55HEF6, STM32WBA55HEF7, STM32WBA55HGF6, STM32WBA55HGF7, STM32WBA55UEI6, STM32WBA55UEI6TR, STM32WBA55UEI7, STM32WBA55UEI7TR, STM32WBA55UGI6, STM32WBA55UGI6TR, STM32WBA55UGI7, STM32WBA55UGI7TR, STM32WL5MOCH6, STM32WL5MOCH6TR]
2024-06-11 18:21:28,975 [INFO] BoardInfo:889 - No configuration file found for board NUCLEO-H533RE
2024-06-11 18:21:28,983 [INFO] DbBoards:161 - Board is not supported: NUCLEO-H533RE
2024-06-11 18:21:29,021 [INFO] BoardInfo:889 - No configuration file found for board NUCLEO-H7S3L8
2024-06-11 18:21:29,022 [INFO] DbBoards:161 - Board is not supported: NUCLEO-H7S3L8
2024-06-11 18:21:29,125 [INFO] BoardInfo:889 - No configuration file found for board NUCLEO-U031R8
2024-06-11 18:21:29,125 [INFO] DbBoards:161 - Board is not supported: NUCLEO-U031R8
2024-06-11 18:21:29,129 [INFO] BoardInfo:889 - No configuration file found for board NUCLEO-U083RC
2024-06-11 18:21:29,131 [INFO] DbBoards:161 - Board is not supported: NUCLEO-U083RC
2024-06-11 18:21:29,178 [INFO] BoardInfo:889 - No configuration file found for board P-NUCLEO-WB55
2024-06-11 18:21:29,178 [INFO] DbBoards:161 - Kit is not supported: P-NUCLEO-WB55
2024-06-11 18:21:29,192 [INFO] BoardInfo:889 - No configuration file found for board STEVAL-BFA001V1B
2024-06-11 18:21:29,193 [INFO] DbBoards:161 - Kit is not supported: STEVAL-BFA001V1B
2024-06-11 18:21:29,198 [INFO] BoardInfo:889 - No configuration file found for board STEVAL-BFA001V2B
2024-06-11 18:21:29,200 [INFO] DbBoards:161 - Kit is not supported: STEVAL-BFA001V2B
2024-06-11 18:21:29,488 [INFO] BoardInfo:889 - No configuration file found for board STM32H7S78-DK
2024-06-11 18:21:29,489 [INFO] DbBoards:161 - Board is not supported: STM32H7S78-DK
2024-06-11 18:21:29,575 [INFO] BoardInfo:889 - No configuration file found for board STM32U083C-DK
2024-06-11 18:21:29,575 [INFO] DbBoards:161 - Board is not supported: STM32U083C-DK
2024-06-11 18:21:29,600 [INFO] DbBoards:168 - Found 199 boards, 190 are supported
2024-06-11 18:21:29,600 [INFO] DbBoards:169 - Found 199 boards, 3 of them is supported for  Bsp
2024-06-11 18:21:29,604 [INFO] ApiDb:414 - User favorites file not found: C:\Users\hp/.stm32cubeide/favorites.boards.txt
2024-06-11 18:21:29,604 [INFO] DbBoards:198 - Set 0 / 0 favorites Boards
2024-06-11 18:21:29,607 [INFO] ApiDb:668 - CubeFinder database Data Model version=2.1
2024-06-11 18:21:29,607 [INFO] ApiDb:669 - CubeFinder database Configuration version=3.0.39
2024-06-11 18:21:29,607 [INFO] ApiDb:670 - CubeFinder database generation date=2024-05-16 (1715872938)
2024-06-11 18:21:29,607 [INFO] ApiDb:671 - CubeFinder database FW Pack versions=[FP-ATR-ASTRA1_V2.0.0, FP-SNS-FLIGHT1_V5.0.1, FP-SNS-FLIGHT1_V5.0.2, FP-SNS-MOTENV1_V4.3.1, FP-SNS-MOTENV1_V4.3.2, FP-SNS-MOTENV1_V5.0.0, FP-SNS-MOTENVWB1_V1.4.0, FP-SNS-SMARTAG2_V1.2.0, STM32Cube_FW_C0_V1.1.0, STM32Cube_FW_F4_V1.28.0, STM32Cube_FW_F7_V1.17.0, STM32Cube_FW_G0_V1.6.2, STM32Cube_FW_G4_V1.5.2, STM32Cube_FW_H5_V0.5.1, STM32Cube_FW_H5_V1.1.1, STM32Cube_FW_H5_V1.2.0, STM32Cube_FW_H5_V1.2.0RC4, STM32Cube_FW_H7RS_V1.0.0, STM32Cube_FW_H7RS_V1.0.0RC4, STM32Cube_FW_H7_V1.11.0, STM32Cube_FW_L0_V1.12.2, STM32Cube_FW_L5_V1.5.1, STM32Cube_FW_U0_V1.0.0, STM32Cube_FW_U0_V1.0.0RC1, STM32Cube_FW_U5_V1.3.0RC4, STM32Cube_FW_U5_V1.5.0, STM32Cube_FW_U5_V1.5.0RC1, STM32Cube_FW_WBA_V1.0.0RC1, STM32Cube_FW_WBA_V1.2.0, STM32Cube_FW_WBA_V1.2.0RC2, STM32Cube_FW_WBA_V1.3.0, STM32Cube_FW_WBA_V1.3.0RC1, STM32Cube_FW_WB_V1.15.0RC1, STM32Cube_FW_WB_V1.16.0, STM32Cube_FW_WB_V1.16.0RC2, STM32Cube_FW_WB_V1.18.0, STM32Cube_FW_WB_V1.19.0, STM32Cube_FW_WL_V1.3.0, X-CUBE-ALGOBUILD_V1.4.0, X-CUBE-ALS_V1.0.1, X-CUBE-AZRTOS-F4_V1.1.0, X-CUBE-AZRTOS-F7_V1.1.0, X-CUBE-AZRTOS-G0_V1.1.0, X-CUBE-AZRTOS-G4_V2.0.0, X-CUBE-AZRTOS-H7_V3.2.0, X-CUBE-AZRTOS-L4_V1.0.0, X-CUBE-AZRTOS-L4_V2.0.0, X-CUBE-AZRTOS-L5_V1.1.0, X-CUBE-AZRTOS-WB_V2.0.0, X-CUBE-AZRTOS-WL_V2.0.0, X-CUBE-BLE1_V7.0.0, X-CUBE-BLE2_V3.3.0, X-CUBE-BLEMGR_V3.1.0, X-CUBE-EEPRMA1_V4.1.0, X-CUBE-EEPRMA1_V5.1.0, X-CUBE-FREERTOS_V1.1.0, X-CUBE-GNSS1_V6.0.0, X-CUBE-MEMS1_V10.0.0, X-CUBE-MEMS1_V9.1.0, X-CUBE-MEMS1_V9.4.0, X-CUBE-MEMS1_V9.6.0, X-CUBE-NFC4_V3.0.0, X-CUBE-NFC7_V1.0.1, X-CUBE-SFXS2LP1_V4.0.0, X-CUBE-SUBG2_V5.0.0, X-CUBE-TOF1_V3.4.0]
2024-06-11 18:21:31,316 [ERROR] DbExamplesSqlite:437 - Missing JSON key: board_cpn
2024-06-11 18:21:31,317 [ERROR] DbExamplesSqlite:437 - Missing JSON key: board_cpn
2024-06-11 18:21:31,317 [ERROR] DbExamplesSqlite:437 - Missing JSON key: board_cpn
2024-06-11 18:21:31,318 [ERROR] DbExamplesSqlite:437 - Missing JSON key: board_cpn
2024-06-11 18:21:31,508 [INFO] DbExamplesSqlite:395 - Ignored 60 examples not supported by CubeIDE
2024-06-11 18:21:31,509 [INFO] DbExamplesSqlite:396 - Found 8158 examples active
2024-06-11 18:21:31,510 [INFO] DbExamplesSqlite:397 - Found 874 examples obsolete
2024-06-11 18:21:31,510 [INFO] DbExamplesSqlite:398 - Found 0 examples under development
2024-06-11 18:21:31,511 [INFO] DbExamplesSqlite:399 - Found 10 examples not building
2024-06-11 18:21:31,515 [INFO] DbExamples:125 - Found 8108 examples
2024-06-11 18:21:31,555 [INFO] DbExamples:222 - Found 101 boards with related examples
2024-06-11 18:21:31,558 [INFO] DbExamples:235 - Found 86 MCUs with related examples
2024-06-11 18:21:31,606 [INFO] ApiDb:414 - User favorites file not found: C:\Users\hp/.stm32cubeide/favorites.examples.txt
2024-06-11 18:21:31,607 [INFO] DbExamples:250 - Set 0 / 0 favorites Examples
2024-06-11 18:21:32,575 [INFO] McuFinderGlobals:76 - Set McuFinderConnectedMode to true
2024-06-11 18:21:32,592 [INFO] MultiScanPanel:200 - Auto-refresh data requested => check proxy status ongoing
2024-06-11 18:21:32,598 [INFO] FinderPluginLoader:95 - Searching for filters in installed packs
2024-06-11 18:21:36,265 [INFO] LoadUrlFilesThread:185 - End of LoadServerUrlFiles without Thread
2024-06-11 18:21:36,329 [INFO] DetailPanel:341 - Set advertising image to C:/Users/hp/STM32Cube/Repository/\en.prom-stm32h7rs-mcu-finder.jpg
2024-06-11 18:23:32,014 [INFO] MainUpdater:2873 - connection check result : 10
2024-06-11 18:23:32,015 [INFO] MainUpdater:2873 - connection check result : 10
2024-06-11 18:23:32,069 [INFO] MicroXplorer:468 - Change Database Path : 
2024-06-11 18:23:32,069 [INFO] MicroXplorer:498 - Change Database Version : DB.6.0.100
2024-06-11 18:23:32,079 [WARN] ThirdParty:871 - waiting for thirdparty lock release [close project]
2024-06-11 18:23:32,079 [INFO] ThirdParty:873 - entering critical section [close project]
2024-06-11 18:23:32,080 [INFO] ThirdParty:883 - exiting critical section [close project]
2024-06-11 18:23:32,086 [INFO] PinOutPanel:1499 - setPackage(No Configuration,No Configuration)
2024-06-11 18:23:32,095 [INFO] UtilMem:75 - Begin LoadConfig() Used Memory: 662724176 Bytes (927989760)
2024-06-11 18:23:32,097 [INFO] MicroXplorer:468 - Change Database Path : 
2024-06-11 18:23:32,097 [INFO] MicroXplorer:498 - Change Database Version : DB.6.0.100
2024-06-11 18:23:32,097 [INFO] OpenFileManager:312 - Change cursor
2024-06-11 18:23:33,487 [INFO] Mcu:2016 - Initializing MCU STM32F103C8Tx STM32F103C8Tx STM32F103C8T6
2024-06-11 18:23:37,606 [INFO] Context:659 - Trying to add GPIOservice into a context  which must be forbidden
2024-06-11 18:23:38,601 [INFO] ImportTextPane:194 - (OptionalMessage_ERROR) Unable to find key (Mcu.ThirdPartyNb) in loaded IOC file
2024-06-11 18:23:38,601 [INFO] ImportTextPane:194 - (OptionalMessage_ERROR) Unable to find key (Mcu.PinsNb) in loaded IOC file
2024-06-11 18:23:38,601 [INFO] ImportTextPane:194 - (OptionalMessage_ERROR) Unable to find key (Mcu.IPNb) in loaded IOC file
2024-06-11 18:23:38,804 [INFO] RtosManager:555 - Registered RTOS mode: class=CMSIS, group=RTOS, mode=CMSIS_V1, owner=FREERTOS
2024-06-11 18:23:38,804 [INFO] RtosManager:555 - Registered RTOS mode: class=CMSIS, group=RTOS2, mode=CMSIS_V2, owner=FREERTOS
2024-06-11 18:23:38,804 [INFO] RtosManager:555 - Registered RTOS mode: class=RTOS, group=Core, mode=CMSIS_V1, owner=FREERTOS
2024-06-11 18:23:38,804 [INFO] RtosManager:555 - Registered RTOS mode: class=RTOS, group=Core, mode=CMSIS_V2, owner=FREERTOS
2024-06-11 18:23:38,804 [WARN] ModelIntegratedComponent:184 - Missing modes for component STMicroelectronics:FreeRTOS:0.0.1:STMicroelectronics:RTOS:FreeRTOS:Core:::10.2.0:
2024-06-11 18:23:38,835 [WARN] ModelIntegratedComponent:63 - No mode defined for component null
2024-06-11 18:23:38,835 [WARN] ModelIntegratedComponent:63 - No mode defined for component null
2024-06-11 18:23:38,835 [WARN] ModelIntegratedComponent:63 - No mode defined for component null
2024-06-11 18:23:38,835 [WARN] ModelIntegratedComponent:63 - No mode defined for component null
2024-06-11 18:23:38,835 [WARN] ModelIntegratedComponent:63 - No mode defined for component null
2024-06-11 18:23:38,835 [WARN] ModelIntegratedComponent:63 - No mode defined for component null
2024-06-11 18:23:38,835 [WARN] ModelIntegratedComponent:63 - No mode defined for component null
2024-06-11 18:23:38,835 [WARN] ModelIntegratedComponent:63 - No mode defined for component null
2024-06-11 18:23:38,835 [WARN] ModelIntegratedComponent:63 - No mode defined for component null
2024-06-11 18:23:38,835 [WARN] ModelIntegratedComponent:63 - No mode defined for component null
2024-06-11 18:23:38,835 [WARN] ModelIntegratedComponent:63 - No mode defined for component null
2024-06-11 18:23:38,835 [WARN] ModelIntegratedComponent:63 - No mode defined for component null
2024-06-11 18:23:38,835 [WARN] ModelIntegratedComponent:63 - No mode defined for component null
2024-06-11 18:23:38,835 [WARN] ModelIntegratedComponent:63 - No mode defined for component null
2024-06-11 18:23:38,835 [WARN] ModelIntegratedComponent:63 - No mode defined for component null
2024-06-11 18:23:38,835 [WARN] ModelIntegratedComponent:63 - No mode defined for component null
2024-06-11 18:23:38,835 [WARN] ModelIntegratedComponent:63 - No mode defined for component null
2024-06-11 18:23:38,835 [WARN] ModelIntegratedComponent:63 - No mode defined for component null
2024-06-11 18:23:38,835 [WARN] ModelIntegratedComponent:63 - No mode defined for component null
2024-06-11 18:23:38,835 [WARN] ModelIntegratedComponent:63 - No mode defined for component null
2024-06-11 18:23:38,835 [WARN] ModelIntegratedComponent:63 - No mode defined for component null
2024-06-11 18:23:38,835 [WARN] ModelIntegratedComponent:63 - No mode defined for component null
2024-06-11 18:23:38,835 [WARN] ModelIntegratedComponent:63 - No mode defined for component null
2024-06-11 18:23:38,835 [WARN] ModelIntegratedComponent:63 - No mode defined for component null
2024-06-11 18:23:38,835 [WARN] ModelIntegratedComponent:63 - No mode defined for component null
2024-06-11 18:23:38,835 [WARN] ModelIntegratedComponent:63 - No mode defined for component null
2024-06-11 18:23:38,835 [WARN] ModelIntegratedComponent:63 - No mode defined for component null
2024-06-11 18:23:38,835 [WARN] ModelIntegratedComponent:63 - No mode defined for component null
2024-06-11 18:23:38,835 [WARN] ModelIntegratedComponent:63 - No mode defined for component null
2024-06-11 18:23:38,835 [WARN] ModelIntegratedComponent:63 - No mode defined for component null
2024-06-11 18:23:38,835 [WARN] ModelIntegratedComponent:63 - No mode defined for component null
2024-06-11 18:23:38,835 [WARN] ModelIntegratedComponent:63 - No mode defined for component null
2024-06-11 18:23:38,835 [WARN] ModelIntegratedComponent:63 - No mode defined for component null
2024-06-11 18:23:39,314 [INFO] ThirdPartyModel:298 - Start build external matchings
2024-06-11 18:23:40,444 [INFO] ThirdPartyModel:316 - End build external matchings
2024-06-11 18:23:41,108 [INFO] UtilMem:75 - End LoadConfig() Used Memory: 624168992 Bytes (1073741824)
2024-06-11 18:23:41,220 [INFO] MicroXplorer:468 - Change Database Path : 
2024-06-11 18:23:41,221 [INFO] MicroXplorer:498 - Change Database Version : DB.6.0.100
2024-06-11 18:23:41,221 [WARN] ThirdParty:833 - waiting for thirdparty lock release [change project]
2024-06-11 18:23:41,222 [INFO] ThirdParty:835 - entering critical section [change project]
2024-06-11 18:23:41,222 [INFO] ThirdParty:1030 - CMSIS Pack Vendor :STMicroelectronics USBPD 4.1
2024-06-11 18:23:41,222 [INFO] ThirdParty:1030 - CMSIS Pack Vendor :STMicroelectronics X-CUBE-GNSS1 6.0.0
2024-06-11 18:23:41,222 [INFO] ThirdParty:1030 - CMSIS Pack Vendor :STMicroelectronics USB_HOST 2.0.0
2024-06-11 18:23:41,223 [INFO] ThirdParty:1030 - CMSIS Pack Vendor :STMicroelectronics FP-SNS-MOTENVWB1 1.4.0
2024-06-11 18:23:41,223 [INFO] ThirdParty:1030 - CMSIS Pack Vendor :STMicroelectronics X-CUBE-AZRTOS-F4 1.1.0
2024-06-11 18:23:41,223 [INFO] ThirdParty:1030 - CMSIS Pack Vendor :STMicroelectronics LIBJPEG 8.0.0
2024-06-11 18:23:41,223 [INFO] ThirdParty:1030 - CMSIS Pack Vendor :STMicroelectronics X-CUBE-SMBUS 2.1.0
2024-06-11 18:23:41,223 [INFO] ThirdParty:1030 - CMSIS Pack Vendor :STMicroelectronics USB_DEVICE 3.0.0
2024-06-11 18:23:41,223 [INFO] ThirdParty:1030 - CMSIS Pack Vendor :STMicroelectronics X-CUBE-TCPP 4.1.0
2024-06-11 18:23:41,223 [INFO] ThirdParty:1030 - CMSIS Pack Vendor :STMicroelectronics X-CUBE-FREERTOS 1.2.0
2024-06-11 18:23:41,223 [INFO] ThirdParty:1030 - CMSIS Pack Vendor :STMicroelectronics X-CUBE-AZRTOS-WB 2.0.0
2024-06-11 18:23:41,223 [INFO] ThirdParty:1030 - CMSIS Pack Vendor :STMicroelectronics X-CUBE-TOUCHGFX 4.23.2
2024-06-11 18:23:41,224 [INFO] ThirdParty:1030 - CMSIS Pack Vendor :STMicroelectronics X-CUBE-AZRTOS-F7 1.1.0
2024-06-11 18:23:41,224 [INFO] ThirdParty:1030 - CMSIS Pack Vendor :STMicroelectronics X-CUBE-AZRTOS-L5 2.0.0
2024-06-11 18:23:41,224 [INFO] ThirdParty:1030 - CMSIS Pack Vendor :STMicroelectronics USB_DEVICE 2.0.0
2024-06-11 18:23:41,224 [INFO] ThirdParty:1030 - CMSIS Pack Vendor :STMicroelectronics X-CUBE-NFC6 3.1.0
2024-06-11 18:23:41,224 [INFO] ThirdParty:1030 - CMSIS Pack Vendor :STMicroelectronics FreeRTOS 0.0.1
2024-06-11 18:23:41,224 [INFO] ThirdParty:1030 - CMSIS Pack Vendor :STMicroelectronics X-CUBE-AZRTOS-G0 1.1.0
2024-06-11 18:23:41,224 [INFO] ThirdParty:1030 - CMSIS Pack Vendor :STMicroelectronics X-CUBE-SAFEA1 1.2.2
2024-06-11 18:23:41,225 [INFO] ThirdParty:1030 - CMSIS Pack Vendor :STMicroelectronics X-CUBE-NFC4 3.0.0
2024-06-11 18:23:41,225 [INFO] ThirdParty:1030 - CMSIS Pack Vendor :STMicroelectronics X-CUBE-SUBG2 5.0.0
2024-06-11 18:23:41,225 [INFO] ThirdParty:1030 - CMSIS Pack Vendor :STMicroelectronics STM32_WPAN 1.0.0
2024-06-11 18:23:41,225 [INFO] ThirdParty:1030 - CMSIS Pack Vendor :wolfSSL I-CUBE-wolfMQTT 1.18.0
2024-06-11 18:23:41,225 [INFO] ThirdParty:1030 - CMSIS Pack Vendor :STMicroelectronics lwIP 2.0.3
2024-06-11 18:23:41,226 [INFO] ThirdParty:1030 - CMSIS Pack Vendor :STMicroelectronics FP-SNS-FLIGHT1 5.0.2
2024-06-11 18:23:41,226 [INFO] ThirdParty:1030 - CMSIS Pack Vendor :STMicroelectronics USB_HOST 1.0.0
2024-06-11 18:23:41,226 [INFO] ThirdParty:1030 - CMSIS Pack Vendor :STMicroelectronics X-CUBE-AI 9.0.0
2024-06-11 18:23:41,226 [INFO] ThirdParty:1030 - CMSIS Pack Vendor :STMicroelectronics X-CUBE-AZRTOS-G4 2.0.0
2024-06-11 18:23:41,226 [INFO] ThirdParty:1030 - CMSIS Pack Vendor :STMicroelectronics PDM2PCM 3.1.0
2024-06-11 18:23:41,226 [INFO] ThirdParty:1030 - CMSIS Pack Vendor :STMicroelectronics PDM2PCM 3.3.0
2024-06-11 18:23:41,226 [INFO] ThirdParty:1030 - CMSIS Pack Vendor :STMicroelectronics X-CUBE-DISPLAY 3.0.0
2024-06-11 18:23:41,226 [INFO] ThirdParty:1030 - CMSIS Pack Vendor :wolfSSL I-CUBE-wolfSSL 5.7.0
2024-06-11 18:23:41,226 [INFO] ThirdParty:1030 - CMSIS Pack Vendor :STMicroelectronics X-CUBE-BLE1 7.0.0
2024-06-11 18:23:41,226 [INFO] ThirdParty:1030 - CMSIS Pack Vendor :STMicroelectronics FP-ATR-SIGFOX1 3.2.0
2024-06-11 18:23:41,226 [INFO] ThirdParty:1030 - CMSIS Pack Vendor :STMicroelectronics X-CUBE-ISPU 2.0.0
2024-06-11 18:23:41,227 [INFO] ThirdParty:1030 - CMSIS Pack Vendor :STMicroelectronics X-CUBE-EEPRMA1 5.1.0
2024-06-11 18:23:41,227 [INFO] ThirdParty:1030 - CMSIS Pack Vendor :STMicroelectronics HAL Drivers 0.0.0
2024-06-11 18:23:41,227 [INFO] ThirdParty:1030 - CMSIS Pack Vendor :STMicroelectronics MBEDTLS 2.16.2
2024-06-11 18:23:41,227 [INFO] ThirdParty:1030 - CMSIS Pack Vendor :STMicroelectronics X-CUBE-ALS 1.0.2
2024-06-11 18:23:41,227 [INFO] ThirdParty:1030 - CMSIS Pack Vendor :emotas I-CUBE-CANOPEN 1.3.0
2024-06-11 18:23:41,227 [INFO] ThirdParty:1030 - CMSIS Pack Vendor :STMicroelectronics X-CUBE-MEMS1 10.0.0
2024-06-11 18:23:41,227 [INFO] ThirdParty:1030 - CMSIS Pack Vendor :STMicroelectronics X-CUBE-NFC7 1.0.1
2024-06-11 18:23:41,227 [INFO] ThirdParty:1030 - CMSIS Pack Vendor :STMicroelectronics MBEDTLS 2.14.1
2024-06-11 18:23:41,227 [INFO] ThirdParty:1030 - CMSIS Pack Vendor :ITTIA_DB I-CUBE-ITTIADB 8.9.0
2024-06-11 18:23:41,227 [INFO] ThirdParty:1030 - CMSIS Pack Vendor :portGmbH I-Cube-SoM-uGOAL 1.1.0
2024-06-11 18:23:41,227 [INFO] ThirdParty:1030 - CMSIS Pack Vendor :STMicroelectronics X-CUBE-ALS 1.0.1
2024-06-11 18:23:41,228 [INFO] ThirdParty:1030 - CMSIS Pack Vendor :STMicroelectronics X-CUBE-BLEMGR 3.1.0
2024-06-11 18:23:41,228 [INFO] ThirdParty:1030 - CMSIS Pack Vendor :STMicroelectronics ThreadX 1.0.0
2024-06-11 18:23:41,228 [INFO] ThirdParty:1030 - CMSIS Pack Vendor :STMicroelectronics FP-SNS-SMARTAG2 1.2.0
2024-06-11 18:23:41,228 [INFO] ThirdParty:1030 - CMSIS Pack Vendor :STMicroelectronics X-CUBE-AZRTOS-WL 2.0.0
2024-06-11 18:23:41,228 [INFO] ThirdParty:1030 - CMSIS Pack Vendor :SEGGER I-CUBE-embOS 1.3.1
2024-06-11 18:23:41,228 [INFO] ThirdParty:1030 - CMSIS Pack Vendor :STMicroelectronics X-CUBE-ALGOBUILD 1.4.0
2024-06-11 18:23:41,228 [INFO] ThirdParty:1030 - CMSIS Pack Vendor :STMicroelectronics FP-SNS-MOTENV1 5.0.0
2024-06-11 18:23:41,228 [INFO] ThirdParty:1030 - CMSIS Pack Vendor :STMicroelectronics USB_DEVICE 1.0.0
2024-06-11 18:23:41,228 [INFO] ThirdParty:1030 - CMSIS Pack Vendor :STMicroelectronics X-CUBE-AZRTOS-H7RS 1.0.0
2024-06-11 18:23:41,228 [INFO] ThirdParty:1030 - CMSIS Pack Vendor :STMicroelectronics X-CUBE-AZRTOS-L4 2.0.0
2024-06-11 18:23:41,228 [INFO] ThirdParty:1030 - CMSIS Pack Vendor :STMicroelectronics ThreadX 0.0.2
2024-06-11 18:23:41,229 [INFO] ThirdParty:1030 - CMSIS Pack Vendor :WES I-CUBE-Cesium 1.3.0
2024-06-11 18:23:41,229 [INFO] ThirdParty:1030 - CMSIS Pack Vendor :STMicroelectronics FP-ATR-ASTRA1 2.0.0
2024-06-11 18:23:41,229 [INFO] ThirdParty:1030 - CMSIS Pack Vendor :STMicroelectronics lwIP 2.1.2
2024-06-11 18:23:41,229 [INFO] ThirdParty:1030 - CMSIS Pack Vendor :STMicroelectronics X-CUBE-SFXS2LP1 4.0.0
2024-06-11 18:23:41,229 [INFO] ThirdParty:1030 - CMSIS Pack Vendor :STMicroelectronics X-CUBE-BLE2 3.3.0
2024-06-11 18:23:41,229 [INFO] ThirdParty:1030 - CMSIS Pack Vendor :STMicroelectronics X-CUBE-TOF1 3.4.1
2024-06-11 18:23:41,229 [INFO] ThirdParty:1030 - CMSIS Pack Vendor :STMicroelectronics X-CUBE-AZRTOS-H7 3.2.0
2024-06-11 18:23:41,229 [INFO] ThirdParty:1030 - CMSIS Pack Vendor :Infineon AIROC-Wi-Fi-Bluetooth-STM32 1.6.0
2024-06-11 18:23:41,229 [INFO] ThirdParty:1030 - CMSIS Pack Vendor :STMicroelectronics PDM2PCM 3.2.0
2024-06-11 18:23:41,229 [INFO] ThirdParty:841 - exiting critical section [change project]
2024-06-11 18:23:42,143 [INFO] PinOutPanel:1499 - setPackage(No Configuration,No Configuration)
2024-06-11 18:23:42,145 [INFO] PinOutPanel:1499 - setPackage(STM32F103C8Tx,LQFP48)
2024-06-11 18:23:43,151 [INFO] UtilMem:75 - Before build in PCC Used Memory: 754709336 Bytes (1073741824)
2024-06-11 18:23:45,205 [INFO] UtilMem:75 - After build in PCC Used Memory: 837024600 Bytes (1073741824)
2024-06-11 18:23:45,255 [INFO] IPUIPlugin:80 - create IPUIPlugin
2024-06-11 18:23:45,256 [INFO] IPUIPlugin:80 - create IPUIPlugin
2024-06-11 18:23:45,256 [INFO] IPUIPlugin:80 - create IPUIPlugin
2024-06-11 18:23:45,256 [INFO] IPUIPlugin:80 - create IPUIPlugin
2024-06-11 18:23:45,257 [INFO] IPUIPlugin:80 - create IPUIPlugin
2024-06-11 18:23:45,257 [INFO] IPUIPlugin:80 - create IPUIPlugin
2024-06-11 18:23:45,257 [INFO] IPUIPlugin:80 - create IPUIPlugin
2024-06-11 18:23:45,257 [INFO] IPUIPlugin:80 - create IPUIPlugin
2024-06-11 18:23:45,258 [INFO] IPUIPlugin:80 - create IPUIPlugin
2024-06-11 18:23:45,258 [INFO] IPUIPlugin:80 - create IPUIPlugin
2024-06-11 18:23:45,258 [INFO] IPUIPlugin:80 - create IPUIPlugin
2024-06-11 18:23:45,259 [INFO] IPUIPlugin:80 - create IPUIPlugin
2024-06-11 18:23:45,259 [INFO] IPUIPlugin:80 - create IPUIPlugin
2024-06-11 18:23:45,260 [INFO] IPUIPlugin:80 - create IPUIPlugin
2024-06-11 18:23:45,260 [INFO] IPUIPlugin:80 - create IPUIPlugin
2024-06-11 18:23:45,261 [INFO] IPUIPlugin:80 - create IPUIPlugin
2024-06-11 18:23:45,261 [INFO] IPUIPlugin:80 - create IPUIPlugin
2024-06-11 18:23:45,262 [INFO] IPUIPlugin:80 - create IPUIPlugin
2024-06-11 18:23:45,262 [INFO] IPUIPlugin:80 - create IPUIPlugin
2024-06-11 18:23:45,262 [INFO] IPUIPlugin:80 - create IPUIPlugin
2024-06-11 18:23:45,263 [INFO] IPUIPlugin:80 - create IPUIPlugin
2024-06-11 18:23:45,263 [INFO] IPUIPlugin:80 - create IPUIPlugin
2024-06-11 18:23:45,264 [INFO] IPUIPlugin:80 - create IPUIPlugin
2024-06-11 18:23:45,264 [INFO] IPUIPlugin:80 - create IPUIPlugin
2024-06-11 18:23:45,265 [INFO] IPUIPlugin:80 - create IPUIPlugin
2024-06-11 18:23:45,266 [INFO] IPUIPlugin:80 - create IPUIPlugin
2024-06-11 18:23:45,266 [INFO] IPUIPlugin:80 - create IPUIPlugin
2024-06-11 18:23:46,210 [INFO] CADModel:165 - CPN selected for project levelSTM32F103C8T6
2024-06-11 18:23:46,210 [INFO] CADModel:114 - Register for checkConnection events
2024-06-11 18:23:46,286 [INFO] OpenFileManager:343 - Restore cursor
2024-06-11 18:23:48,174 [INFO] UtilMem:75 - End SaveConfig() Used Memory: 948176336 Bytes (1073741824)
2024-06-11 18:23:48,342 [INFO] UtilMem:75 - End SaveConfig() Used Memory: 959707992 Bytes (1073741824)
2024-06-11 18:23:50,123 [INFO] BlockDiagram:2759 - set Specific Code input for plugin: NVIC
2024-06-11 18:23:50,123 [INFO] BlockDiagram:2759 - set Specific Code input for plugin: RCC
2024-06-11 18:23:50,125 [INFO] CodeGenerator:807 - code generatio: config db path: C:\ST\STM32CubeIDE_1.14.1\STM32CubeIDE\plugins\com.st.stm32cube.common.mx_6.10.0.202311202037\\db\
2024-06-11 18:23:50,994 [INFO] CodeEngine:255 - oldGeneratedFile, C:\Users\hp\Desktop\Desktop\Hardware\STM\ADC-LDR-PWM-LED\MXTmpFiles\license.tmp_save
2024-06-11 18:23:52,781 [INFO] CodeEngine:279 - Generated code: C:\Users\hp\Desktop\Desktop\Hardware\STM\ADC-LDR-PWM-LED\MXTmpFiles\license.tmp
2024-06-11 18:23:52,850 [INFO] CodeEngine:255 - oldGeneratedFile, C:\Users\hp\Desktop\Desktop\Hardware\STM\ADC-LDR-PWM-LED\Core\Src\stm32f1xx_it.c_save
2024-06-11 18:23:53,609 [INFO] CodeEngine:279 - Generated code: C:\Users\hp\Desktop\Desktop\Hardware\STM\ADC-LDR-PWM-LED\Core\Src\stm32f1xx_it.c
2024-06-11 18:23:53,627 [INFO] CodeEngine:255 - oldGeneratedFile, C:\Users\hp\Desktop\Desktop\Hardware\STM\ADC-LDR-PWM-LED\Core\Inc\stm32f1xx_it.h_save
2024-06-11 18:23:54,003 [INFO] CodeEngine:279 - Generated code: C:\Users\hp\Desktop\Desktop\Hardware\STM\ADC-LDR-PWM-LED\Core\Inc\stm32f1xx_it.h
2024-06-11 18:23:54,340 [INFO] CodeEngine:255 - oldGeneratedFile, C:\Users\hp\Desktop\Desktop\Hardware\STM\ADC-LDR-PWM-LED\Core\Src\stm32f1xx_hal_msp.c_save
2024-06-11 18:23:55,303 [INFO] CodeEngine:279 - Generated code: C:\Users\hp\Desktop\Desktop\Hardware\STM\ADC-LDR-PWM-LED\Core\Src\stm32f1xx_hal_msp.c
2024-06-11 18:23:55,366 [INFO] CodeEngine:255 - oldGeneratedFile, C:\Users\hp\Desktop\Desktop\Hardware\STM\ADC-LDR-PWM-LED\MXTmpFiles\system.tmp_save
2024-06-11 18:23:55,616 [INFO] CodeEngine:279 - Generated code: C:\Users\hp\Desktop\Desktop\Hardware\STM\ADC-LDR-PWM-LED\MXTmpFiles\system.tmp
2024-06-11 18:23:55,668 [INFO] CodeEngine:311 - oldGeneratedFile, C:\Users\hp\Desktop\Desktop\Hardware\STM\ADC-LDR-PWM-LED\Core\Inc\stm32f1xx_hal_conf.h_save
2024-06-11 18:23:56,013 [INFO] CodeEngine:335 - Generated code: C:\Users\hp\Desktop\Desktop\Hardware\STM\ADC-LDR-PWM-LED\Core\Inc\stm32f1xx_hal_conf.h
2024-06-11 18:23:56,138 [INFO] CodeEngine:255 - oldGeneratedFile, C:\Users\hp\Desktop\Desktop\Hardware\STM\ADC-LDR-PWM-LED\Core\Inc\main.h_save
2024-06-11 18:23:56,636 [INFO] CodeEngine:279 - Generated code: C:\Users\hp\Desktop\Desktop\Hardware\STM\ADC-LDR-PWM-LED\Core\Inc\main.h
2024-06-11 18:23:56,663 [INFO] CodeEngine:255 - oldGeneratedFile, C:\Users\hp\Desktop\Desktop\Hardware\STM\ADC-LDR-PWM-LED\Core\Src\main.c_save
2024-06-11 18:23:57,168 [INFO] CodeEngine:279 - Generated code: C:\Users\hp\Desktop\Desktop\Hardware\STM\ADC-LDR-PWM-LED\Core\Src\main.c
2024-06-11 18:23:58,629 [INFO] ProjectBuilder:3076 - Time for Copy HAL[1] : 267mS.
2024-06-11 18:23:58,644 [INFO] ProjectBuilder:4485 - Project Generator version: 4.2.0-B44
2024-06-11 18:23:59,760 [INFO] ConfigFileManager:1495 - The Die is : DIE410
2024-06-11 18:23:59,806 [INFO] ApiDbMcu:508 - Load IP Config File for FATFS
2024-06-11 18:23:59,841 [INFO] ApiDbMcu:508 - Load IP Config File for FREERTOS
2024-06-11 18:23:59,899 [INFO] ApiDbMcu:508 - Load IP Config File for USB_DEVICE
2024-06-11 18:24:03,348 [INFO] LogOutputStream:77 - [STDOUT_REDIRECT] 
2024-06-11 18:24:12,226 [INFO] ProjectBuilder:4747 - Time for Generating toolchain IDE Files: 13582mS.
2024-06-11 18:24:12,228 [INFO] ProjectBuilder:2947 - Time for Copy CMSIS : 1mS.
2024-06-11 18:24:12,231 [INFO] ProjectBuilder:2947 - Time for Copy CMSIS : 0mS.
2024-06-11 18:24:17,832 [INFO] McuFinderGlobals:76 - Set McuFinderConnectedMode to true
2024-06-11 18:24:17,841 [INFO] ApiDb:448 - Save user favorites file C:\Users\hp/.stm32cubeide/favorites.mcus.txt: 0 item(s)
2024-06-11 18:24:17,842 [INFO] ApiDb:452 - User favorites MCUs=[]
2024-06-11 18:25:21,644 [INFO] ParamManager:896 - [Generic UI] PropertyChangeEvent: TAB_STATUS_CHANGED , "dont care", "never mind"
2024-06-11 18:25:21,691 [INFO] ParamManager:896 - [Generic UI] PropertyChangeEvent: TAB_STATUS_CHANGED , "dont care", "never mind"
2024-06-11 18:25:21,707 [INFO] ADCParametersView:116 -                Rank 1 : false
2024-06-11 18:25:21,808 [INFO] ADCParametersView:116 -                Rank 1 : false
2024-06-11 18:25:21,809 [INFO] ADCParametersView:116 -                Rank 1 : false
2024-06-11 18:25:21,809 [INFO] ADCParametersView:116 -                Rank 1 : false
2024-06-11 18:25:21,809 [INFO] ADCParametersView:116 -                Rank 1 : false
2024-06-11 18:25:21,810 [INFO] ADCParametersView:116 -                Rank 1 : false
2024-06-11 18:25:21,810 [INFO] ADCParametersView:116 -                Rank 1 : false
2024-06-11 18:25:21,811 [INFO] ADCParametersView:116 -                Rank 1 : false
2024-06-11 18:25:21,811 [INFO] ADCParametersView:116 -                Rank 1 : false
2024-06-11 18:25:21,811 [INFO] ADCParametersView:116 -                Rank 1 : false
2024-06-11 18:25:21,811 [INFO] ADCParametersView:116 -                Rank 1 : false
2024-06-11 18:25:21,834 [INFO] ADCParametersView:116 -                Rank 1 : false
2024-06-11 18:25:22,014 [INFO] NvicIntPanel:101 - NVIC parent = com.st.microxplorer.plugins.ip.nvic.MultiNvicIntPanel[,0,0,0x0,invalid,layout=javax.swing.BoxLayout,alignmentX=0.0,alignmentY=0.0,border=,flags=9,maximumSize=,minimumSize=,preferredSize=]
2024-06-11 18:25:22,178 [INFO] NvicIntPanel:101 - NVIC parent = com.st.microxplorer.plugins.ip.nvic.MultiNvicIntPanel[,0,0,0x0,invalid,layout=javax.swing.BoxLayout,alignmentX=0.0,alignmentY=0.0,border=,flags=9,maximumSize=,minimumSize=,preferredSize=]
2024-06-11 18:25:22,273 [INFO] ADCParametersView:116 -                Rank 1 : false
2024-06-11 18:25:22,274 [INFO] ADCParametersView:116 -                Rank 1 : false
2024-06-11 18:25:22,275 [INFO] ADCParametersView:116 -                Rank 1 : false
2024-06-11 18:25:22,276 [INFO] ADCParametersView:116 -                Rank 1 : false
2024-06-11 18:25:22,276 [INFO] ADCParametersView:116 -                Rank 1 : false
2024-06-11 18:25:22,276 [INFO] ADCParametersView:116 -                Rank 1 : false
2024-06-11 18:25:22,277 [INFO] ADCParametersView:116 -                Rank 1 : false
2024-06-11 18:25:22,277 [INFO] ADCParametersView:116 -                Rank 1 : false
2024-06-11 18:25:22,277 [INFO] ADCParametersView:116 -                Rank 1 : false
2024-06-11 18:25:22,278 [INFO] ADCParametersView:116 -                Rank 1 : false
2024-06-11 18:25:22,294 [INFO] ADCParametersView:116 -                Rank 1 : false
2024-06-11 18:25:22,332 [INFO] ADCParametersView:116 -                Rank 1 : false
2024-06-11 18:25:22,332 [INFO] ADCParametersView:116 -                Rank 1 : false
2024-06-11 18:25:22,333 [INFO] ADCParametersView:116 -                Rank 1 : false
2024-06-11 18:25:22,333 [INFO] ADCParametersView:116 -                Rank 1 : false
2024-06-11 18:25:22,334 [INFO] ADCParametersView:116 -                Rank 1 : false
2024-06-11 18:25:22,334 [INFO] ADCParametersView:116 -                Rank 1 : false
2024-06-11 18:25:22,334 [INFO] ADCParametersView:116 -                Rank 1 : false
2024-06-11 18:25:22,334 [INFO] ADCParametersView:116 -                Rank 1 : false
2024-06-11 18:25:22,335 [INFO] ADCParametersView:116 -                Rank 1 : false
2024-06-11 18:25:22,335 [INFO] ADCParametersView:116 -                Rank 1 : false
2024-06-11 18:25:22,356 [INFO] ADCParametersView:116 -                Rank 1 : false
2024-06-11 18:25:56,329 [INFO] ADCParametersView:116 -                Rank 1 : false
2024-06-11 18:25:56,329 [INFO] ADCParametersView:116 -                Rank 1 : false
2024-06-11 18:25:56,329 [INFO] ADCParametersView:116 -                Rank 1 : false
2024-06-11 18:25:56,329 [INFO] ADCParametersView:116 -                Rank 1 : false
2024-06-11 18:25:56,329 [INFO] ADCParametersView:116 -                Rank 1 : false
2024-06-11 18:25:56,329 [INFO] ADCParametersView:116 -                Rank 1 : false
2024-06-11 18:25:56,329 [INFO] ADCParametersView:116 -                Rank 1 : false
2024-06-11 18:25:56,329 [INFO] ADCParametersView:116 -                Rank 1 : false
2024-06-11 18:25:56,329 [INFO] ADCParametersView:116 -                Rank 1 : false
2024-06-11 18:25:56,329 [INFO] ADCParametersView:116 -                Rank 1 : false
2024-06-11 18:25:56,345 [INFO] ADCParametersView:116 -                Rank 1 : false
2024-06-11 18:25:56,392 [INFO] ADCParametersView:116 -                Rank 1 : false
2024-06-11 18:25:56,392 [INFO] ADCParametersView:116 -                Rank 1 : false
2024-06-11 18:25:56,392 [INFO] ADCParametersView:116 -                Rank 1 : false
2024-06-11 18:25:56,392 [INFO] ADCParametersView:116 -                Rank 1 : false
2024-06-11 18:25:56,392 [INFO] ADCParametersView:116 -                Rank 1 : false
2024-06-11 18:25:56,392 [INFO] ADCParametersView:116 -                Rank 1 : false
2024-06-11 18:25:56,392 [INFO] ADCParametersView:116 -                Rank 1 : false
2024-06-11 18:25:56,392 [INFO] ADCParametersView:116 -                Rank 1 : false
2024-06-11 18:25:56,392 [INFO] ADCParametersView:116 -                Rank 1 : false
2024-06-11 18:25:56,392 [INFO] ADCParametersView:116 -                Rank 1 : false
2024-06-11 18:25:56,407 [INFO] ADCParametersView:116 -                Rank 1 : false
2024-06-11 18:25:58,920 [INFO] ADCParametersView:116 -                Rank 1 : false
2024-06-11 18:25:58,920 [INFO] ADCParametersView:116 -                Rank 1 : false
2024-06-11 18:25:58,920 [INFO] ADCParametersView:116 -                Rank 1 : false
2024-06-11 18:25:58,920 [INFO] ADCParametersView:116 -                Rank 1 : false
2024-06-11 18:25:58,936 [INFO] ADCParametersView:116 -                Rank 1 : false
2024-06-11 18:25:58,936 [INFO] ADCParametersView:116 -                Rank 1 : false
2024-06-11 18:25:58,936 [INFO] ADCParametersView:116 -                Rank 1 : false
2024-06-11 18:25:58,936 [INFO] ADCParametersView:116 -                Rank 1 : false
2024-06-11 18:25:58,936 [INFO] ADCParametersView:116 -                Rank 1 : false
2024-06-11 18:25:58,936 [INFO] ADCParametersView:116 -                Rank 1 : false
2024-06-11 18:25:58,952 [INFO] ADCParametersView:116 -                Rank 1 : false
2024-06-11 18:25:58,983 [INFO] ADCParametersView:116 -                Rank 1 : false
2024-06-11 18:25:58,998 [INFO] ADCParametersView:116 -                Rank 1 : false
2024-06-11 18:25:58,998 [INFO] ADCParametersView:116 -                Rank 1 : false
2024-06-11 18:25:58,998 [INFO] ADCParametersView:116 -                Rank 1 : false
2024-06-11 18:25:58,998 [INFO] ADCParametersView:116 -                Rank 1 : false
2024-06-11 18:25:58,998 [INFO] ADCParametersView:116 -                Rank 1 : false
2024-06-11 18:25:58,998 [INFO] ADCParametersView:116 -                Rank 1 : false
2024-06-11 18:25:58,998 [INFO] ADCParametersView:116 -                Rank 1 : false
2024-06-11 18:25:58,998 [INFO] ADCParametersView:116 -                Rank 1 : false
2024-06-11 18:25:58,998 [INFO] ADCParametersView:116 -                Rank 1 : false
2024-06-11 18:25:59,014 [INFO] ADCParametersView:116 -                Rank 1 : false
2024-06-11 18:26:07,738 [INFO] ADCParametersView:116 -                Rank 1 : false
2024-06-11 18:26:07,739 [INFO] ADCParametersView:116 -                Rank 1 : false
2024-06-11 18:26:07,740 [INFO] ADCParametersView:116 -                Rank 1 : false
2024-06-11 18:26:07,740 [INFO] ADCParametersView:116 -                Rank 1 : false
2024-06-11 18:26:07,740 [INFO] ADCParametersView:116 -                Rank 1 : false
2024-06-11 18:26:07,740 [INFO] ADCParametersView:116 -                Rank 1 : false
2024-06-11 18:26:07,740 [INFO] ADCParametersView:116 -                Rank 1 : false
2024-06-11 18:26:07,741 [INFO] ADCParametersView:116 -                Rank 1 : false
2024-06-11 18:26:07,741 [INFO] ADCParametersView:116 -                Rank 1 : false
2024-06-11 18:26:07,741 [INFO] ADCParametersView:116 -                Rank 1 : false
2024-06-11 18:26:07,755 [INFO] ADCParametersView:116 -                Rank 1 : false
2024-06-11 18:26:07,800 [INFO] ADCParametersView:116 -                Rank 1 : false
2024-06-11 18:26:07,800 [INFO] ADCParametersView:116 -                Rank 1 : false
2024-06-11 18:26:07,801 [INFO] ADCParametersView:116 -                Rank 1 : false
2024-06-11 18:26:07,801 [INFO] ADCParametersView:116 -                Rank 1 : false
2024-06-11 18:26:07,801 [INFO] ADCParametersView:116 -                Rank 1 : false
2024-06-11 18:26:07,802 [INFO] ADCParametersView:116 -                Rank 1 : false
2024-06-11 18:26:07,802 [INFO] ADCParametersView:116 -                Rank 1 : false
2024-06-11 18:26:07,802 [INFO] ADCParametersView:116 -                Rank 1 : false
2024-06-11 18:26:07,802 [INFO] ADCParametersView:116 -                Rank 1 : false
2024-06-11 18:26:07,802 [INFO] ADCParametersView:116 -                Rank 1 : false
2024-06-11 18:26:07,822 [INFO] ADCParametersView:116 -                Rank 1 : false
2024-06-11 18:26:35,288 [INFO] UtilMem:75 - End SaveConfig() Used Memory: 919933368 Bytes (1073741824)
2024-06-11 18:26:37,257 [INFO] UtilMem:75 - End SaveConfig() Used Memory: 936637912 Bytes (1073741824)
2024-06-11 18:26:43,050 [INFO] UtilMem:75 - End SaveConfig() Used Memory: 1000535656 Bytes (1073741824)
2024-06-11 18:26:43,859 [INFO] BlockDiagram:2759 - set Specific Code input for plugin: NVIC
2024-06-11 18:26:43,859 [INFO] BlockDiagram:2759 - set Specific Code input for plugin: SYS
2024-06-11 18:26:43,859 [INFO] BlockDiagram:2759 - set Specific Code input for plugin: GPIO
2024-06-11 18:26:43,859 [INFO] BlockDiagram:2759 - set Specific Code input for plugin: ADC
2024-06-11 18:26:43,860 [INFO] BlockDiagram:2759 - set Specific Code input for plugin: RCC
2024-06-11 18:26:43,861 [INFO] CodeGenerator:807 - code generatio: config db path: C:\ST\STM32CubeIDE_1.14.1\STM32CubeIDE\plugins\com.st.stm32cube.common.mx_6.10.0.202311202037\\db\
2024-06-11 18:26:44,262 [INFO] CodeEngine:255 - oldGeneratedFile, C:\Users\hp\Desktop\Desktop\Hardware\STM\ADC-LDR-PWM-LED\MXTmpFiles\license.tmp_save
2024-06-11 18:26:45,090 [INFO] CodeEngine:279 - Generated code: C:\Users\hp\Desktop\Desktop\Hardware\STM\ADC-LDR-PWM-LED\MXTmpFiles\license.tmp
2024-06-11 18:26:45,255 [INFO] CodeEngine:255 - oldGeneratedFile, C:\Users\hp\Desktop\Desktop\Hardware\STM\ADC-LDR-PWM-LED\MXTmpFiles\gpio.tmp_save
2024-06-11 18:26:45,658 [INFO] CodeEngine:279 - Generated code: C:\Users\hp\Desktop\Desktop\Hardware\STM\ADC-LDR-PWM-LED\MXTmpFiles\gpio.tmp
2024-06-11 18:26:45,897 [INFO] CodeEngine:255 - oldGeneratedFile, C:\Users\hp\Desktop\Desktop\Hardware\STM\ADC-LDR-PWM-LED\Core\Src\stm32f1xx_it.c_save
2024-06-11 18:26:46,252 [INFO] CodeEngine:279 - Generated code: C:\Users\hp\Desktop\Desktop\Hardware\STM\ADC-LDR-PWM-LED\Core\Src\stm32f1xx_it.c
2024-06-11 18:26:46,265 [INFO] CodeEngine:255 - oldGeneratedFile, C:\Users\hp\Desktop\Desktop\Hardware\STM\ADC-LDR-PWM-LED\Core\Inc\stm32f1xx_it.h_save
2024-06-11 18:26:46,522 [INFO] CodeEngine:279 - Generated code: C:\Users\hp\Desktop\Desktop\Hardware\STM\ADC-LDR-PWM-LED\Core\Inc\stm32f1xx_it.h
2024-06-11 18:26:46,599 [INFO] CodeEngine:255 - oldGeneratedFile, C:\Users\hp\Desktop\Desktop\Hardware\STM\ADC-LDR-PWM-LED\Core\Src\stm32f1xx_hal_msp.c_save
2024-06-11 18:26:46,918 [INFO] CodeEngine:279 - Generated code: C:\Users\hp\Desktop\Desktop\Hardware\STM\ADC-LDR-PWM-LED\Core\Src\stm32f1xx_hal_msp.c
2024-06-11 18:26:46,931 [INFO] CodeEngine:255 - oldGeneratedFile, C:\Users\hp\Desktop\Desktop\Hardware\STM\ADC-LDR-PWM-LED\MXTmpFiles\system.tmp_save
2024-06-11 18:26:47,189 [INFO] CodeEngine:279 - Generated code: C:\Users\hp\Desktop\Desktop\Hardware\STM\ADC-LDR-PWM-LED\MXTmpFiles\system.tmp
2024-06-11 18:26:47,252 [INFO] CodeEngine:311 - oldGeneratedFile, C:\Users\hp\Desktop\Desktop\Hardware\STM\ADC-LDR-PWM-LED\Core\Inc\stm32f1xx_hal_conf.h_save
2024-06-11 18:26:47,518 [INFO] CodeEngine:335 - Generated code: C:\Users\hp\Desktop\Desktop\Hardware\STM\ADC-LDR-PWM-LED\Core\Inc\stm32f1xx_hal_conf.h
2024-06-11 18:26:47,618 [INFO] CodeEngine:255 - oldGeneratedFile, C:\Users\hp\Desktop\Desktop\Hardware\STM\ADC-LDR-PWM-LED\Core\Inc\main.h_save
2024-06-11 18:26:47,939 [INFO] CodeEngine:279 - Generated code: C:\Users\hp\Desktop\Desktop\Hardware\STM\ADC-LDR-PWM-LED\Core\Inc\main.h
2024-06-11 18:26:48,056 [INFO] CodeEngine:255 - oldGeneratedFile, C:\Users\hp\Desktop\Desktop\Hardware\STM\ADC-LDR-PWM-LED\Core\Src\main.c_save
2024-06-11 18:26:48,440 [INFO] CodeEngine:279 - Generated code: C:\Users\hp\Desktop\Desktop\Hardware\STM\ADC-LDR-PWM-LED\Core\Src\main.c
2024-06-11 18:26:49,648 [INFO] ProjectBuilder:3076 - Time for Copy HAL[1] : 244mS.
2024-06-11 18:26:49,662 [INFO] ProjectBuilder:4485 - Project Generator version: 4.2.0-B44
2024-06-11 18:26:50,346 [INFO] ConfigFileManager:1495 - The Die is : DIE410
2024-06-11 18:27:00,768 [INFO] ProjectBuilder:4747 - Time for Generating toolchain IDE Files: 11106mS.
2024-06-11 18:27:00,769 [INFO] ProjectBuilder:2947 - Time for Copy CMSIS : 1mS.
2024-06-11 18:27:00,781 [INFO] ProjectBuilder:2947 - Time for Copy CMSIS : 1mS.
2024-06-11 19:34:52,913 [INFO] UtilMem:75 - End SaveConfig() Used Memory: 803240464 Bytes (1073741824)
2024-06-11 19:34:55,197 [INFO] UtilMem:75 - End SaveConfig() Used Memory: 818275144 Bytes (1073741824)
2024-06-11 19:34:58,611 [ERROR] ConfigurationRetriever:142 - IOException on connection: Read timed out
2024-06-11 19:35:00,502 [ERROR] ConfigurationRetriever:142 - IOException on connection: Read timed out
2024-06-11 19:35:07,859 [ERROR] ConfigurationRetriever:142 - IOException on connection: Read timed out
2024-06-11 19:35:08,678 [ERROR] ConfigurationRetriever:142 - IOException on connection: Read timed out
2024-06-11 19:35:09,035 [INFO] UtilMem:75 - End SaveConfig() Used Memory: 876995400 Bytes (1073741824)
2024-06-11 19:35:09,583 [INFO] BlockDiagram:2759 - set Specific Code input for plugin: NVIC
2024-06-11 19:35:09,583 [INFO] BlockDiagram:2759 - set Specific Code input for plugin: TIM1_8F1
2024-06-11 19:35:09,583 [INFO] BlockDiagram:2759 - set Specific Code input for plugin: SYS
2024-06-11 19:35:09,584 [INFO] BlockDiagram:2759 - set Specific Code input for plugin: GPIO
2024-06-11 19:35:09,584 [INFO] BlockDiagram:2759 - set Specific Code input for plugin: ADC
2024-06-11 19:35:09,584 [INFO] BlockDiagram:2759 - set Specific Code input for plugin: RCC
2024-06-11 19:35:09,586 [INFO] CodeGenerator:807 - code generatio: config db path: C:\ST\STM32CubeIDE_1.14.1\STM32CubeIDE\plugins\com.st.stm32cube.common.mx_6.10.0.202311202037\\db\
2024-06-11 19:35:10,006 [INFO] CodeEngine:255 - oldGeneratedFile, C:\Users\hp\Desktop\Desktop\Hardware\STM\ADC-LDR-PWM-LED\MXTmpFiles\license.tmp_save
2024-06-11 19:35:11,003 [INFO] CodeEngine:279 - Generated code: C:\Users\hp\Desktop\Desktop\Hardware\STM\ADC-LDR-PWM-LED\MXTmpFiles\license.tmp
2024-06-11 19:35:11,096 [INFO] CodeEngine:255 - oldGeneratedFile, C:\Users\hp\Desktop\Desktop\Hardware\STM\ADC-LDR-PWM-LED\MXTmpFiles\gpio.tmp_save
2024-06-11 19:35:11,398 [INFO] CodeEngine:279 - Generated code: C:\Users\hp\Desktop\Desktop\Hardware\STM\ADC-LDR-PWM-LED\MXTmpFiles\gpio.tmp
2024-06-11 19:35:12,051 [INFO] CodeEngine:255 - oldGeneratedFile, C:\Users\hp\Desktop\Desktop\Hardware\STM\ADC-LDR-PWM-LED\Core\Src\stm32f1xx_it.c_save
2024-06-11 19:35:12,875 [INFO] CodeEngine:279 - Generated code: C:\Users\hp\Desktop\Desktop\Hardware\STM\ADC-LDR-PWM-LED\Core\Src\stm32f1xx_it.c
2024-06-11 19:35:12,912 [INFO] CodeEngine:255 - oldGeneratedFile, C:\Users\hp\Desktop\Desktop\Hardware\STM\ADC-LDR-PWM-LED\Core\Inc\stm32f1xx_it.h_save
2024-06-11 19:35:13,018 [ERROR] ConfigurationRetriever:142 - IOException on connection: Read timed out
2024-06-11 19:35:13,152 [INFO] CodeEngine:279 - Generated code: C:\Users\hp\Desktop\Desktop\Hardware\STM\ADC-LDR-PWM-LED\Core\Inc\stm32f1xx_it.h
2024-06-11 19:35:13,208 [INFO] CodeEngine:255 - oldGeneratedFile, C:\Users\hp\Desktop\Desktop\Hardware\STM\ADC-LDR-PWM-LED\Core\Src\stm32f1xx_hal_msp.c_save
2024-06-11 19:35:13,673 [INFO] CodeEngine:279 - Generated code: C:\Users\hp\Desktop\Desktop\Hardware\STM\ADC-LDR-PWM-LED\Core\Src\stm32f1xx_hal_msp.c
2024-06-11 19:35:13,906 [ERROR] ConfigurationRetriever:142 - IOException on connection: Read timed out
2024-06-11 19:35:14,063 [INFO] CodeEngine:255 - oldGeneratedFile, C:\Users\hp\Desktop\Desktop\Hardware\STM\ADC-LDR-PWM-LED\MXTmpFiles\system.tmp_save
2024-06-11 19:35:14,280 [ERROR] ConfigurationRetriever:142 - IOException on connection: Read timed out
2024-06-11 19:35:14,315 [INFO] CodeEngine:279 - Generated code: C:\Users\hp\Desktop\Desktop\Hardware\STM\ADC-LDR-PWM-LED\MXTmpFiles\system.tmp
2024-06-11 19:35:14,369 [INFO] CodeEngine:311 - oldGeneratedFile, C:\Users\hp\Desktop\Desktop\Hardware\STM\ADC-LDR-PWM-LED\Core\Inc\stm32f1xx_hal_conf.h_save
2024-06-11 19:35:14,654 [INFO] CodeEngine:335 - Generated code: C:\Users\hp\Desktop\Desktop\Hardware\STM\ADC-LDR-PWM-LED\Core\Inc\stm32f1xx_hal_conf.h
2024-06-11 19:35:14,709 [WARN] IPConfigManager:3440 - IP not found : TIM
2024-06-11 19:35:14,711 [WARN] CodeGenerator:3939 - IP not found : null
2024-06-11 19:35:14,759 [INFO] CodeEngine:255 - oldGeneratedFile, C:\Users\hp\Desktop\Desktop\Hardware\STM\ADC-LDR-PWM-LED\Core\Inc\main.h_save
2024-06-11 19:35:14,944 [INFO] CodeEngine:279 - Generated code: C:\Users\hp\Desktop\Desktop\Hardware\STM\ADC-LDR-PWM-LED\Core\Inc\main.h
2024-06-11 19:35:14,989 [INFO] CodeEngine:255 - oldGeneratedFile, C:\Users\hp\Desktop\Desktop\Hardware\STM\ADC-LDR-PWM-LED\Core\Src\main.c_save
2024-06-11 19:35:15,247 [INFO] CodeEngine:279 - Generated code: C:\Users\hp\Desktop\Desktop\Hardware\STM\ADC-LDR-PWM-LED\Core\Src\main.c
2024-06-11 19:35:16,387 [INFO] ProjectBuilder:3076 - Time for Copy HAL[1] : 313mS.
2024-06-11 19:35:16,392 [INFO] ProjectBuilder:4485 - Project Generator version: 4.2.0-B44
2024-06-11 19:35:17,285 [INFO] ConfigFileManager:1495 - The Die is : DIE410
2024-06-11 19:35:18,677 [ERROR] AdobePublisher:162 - Exception while opening the connection: java.net.SocketTimeoutException: Read timed out
2024-06-11 19:35:19,557 [ERROR] ConfigurationRetriever:142 - IOException on connection: Read timed out
2024-06-11 19:35:22,123 [INFO] ProjectBuilder:4747 - Time for Generating toolchain IDE Files: 5730mS.
2024-06-11 19:35:22,124 [INFO] ProjectBuilder:2947 - Time for Copy CMSIS : 1mS.
2024-06-11 19:35:22,128 [INFO] ProjectBuilder:2947 - Time for Copy CMSIS : 0mS.
2024-06-11 19:35:24,395 [ERROR] ConfigurationRetriever:142 - IOException on connection: Connect timed out
2024-06-11 19:35:26,326 [ERROR] AdobePublisher:162 - Exception while opening the connection: java.net.SocketTimeoutException: Read timed out
2024-06-11 19:35:26,326 [ERROR] ConfigurationRetriever:142 - IOException on connection: Read timed out
2024-06-11 19:35:28,588 [ERROR] ConfigurationRetriever:142 - IOException on connection: Read timed out
2024-06-11 19:35:31,371 [ERROR] ConfigurationRetriever:142 - IOException on connection: Read timed out
2024-06-11 19:35:31,738 [ERROR] AdobePublisher:162 - Exception while opening the connection: java.net.SocketTimeoutException: Read timed out
2024-06-11 19:35:37,194 [ERROR] AdobePublisher:162 - Exception while opening the connection: java.net.SocketTimeoutException: Read timed out
2024-06-11 19:35:42,597 [ERROR] AdobePublisher:162 - Exception while opening the connection: java.net.SocketTimeoutException: Read timed out
2024-06-11 20:09:30,142 [ERROR] ConfigurationRetriever:142 - IOException on connection: sw-center.st.com
2024-06-11 20:09:30,143 [ERROR] ConfigurationRetriever:142 - IOException on connection: sw-center.st.com
2024-06-11 20:09:30,145 [ERROR] ConfigurationRetriever:142 - IOException on connection: sw-center.st.com
2024-06-11 23:05:21,307 [ERROR] ConfigurationRetriever:142 - IOException on connection: sw-center.st.com
2024-06-11 23:05:21,311 [ERROR] ConfigurationRetriever:142 - IOException on connection: sw-center.st.com
2024-06-11 23:05:21,312 [ERROR] ConfigurationRetriever:142 - IOException on connection: sw-center.st.com
