2024-05-15 11:18:17,125 [INFO] Activator:176 - 


2024-05-15 11:18:17,142 [INFO] Activator:177 - !SESSION log4j initialized
2024-05-15 11:18:43,846 [INFO] LogOutputStream:77 - [STDOUT_REDIRECT] 
2024-05-15 11:18:56,206 [ERROR] ConfigurationRetriever:142 - IOException on connection: sw-center.st.com
2024-05-15 11:18:56,207 [ERROR] ConfigurationRetriever:142 - IOException on connection: sw-center.st.com
2024-05-15 11:18:56,208 [ERROR] ConfigurationRetriever:142 - IOException on connection: sw-center.st.com
2024-05-15 11:18:56,213 [ERROR] ConfigurationRetriever:142 - IOException on connection: sw-center.st.com
2024-05-15 11:18:56,215 [ERROR] ConfigurationRetriever:142 - IOException on connection: sw-center.st.com
2024-05-15 11:18:56,217 [ERROR] ConfigurationRetriever:142 - IOException on connection: sw-center.st.com
2024-05-15 11:18:58,001 [INFO] ApplicationProperties:184 - Using Application install path: C:\ST\STM32CubeIDE_1.14.1\STM32CubeIDE\plugins\com.st.stm32cube.common.mx_6.10.0.202311202037
2024-05-15 11:18:58,030 [INFO] DbMcusXml:78 - Set database path to: C:\ST\STM32CubeIDE_1.14.1\STM32CubeIDE\plugins\com.st.stm32cube.common.mx_6.10.0.202311202037\\db\/mcu/
2024-05-15 11:18:58,031 [INFO] ApiDb:274 - Set plugin database path to: C:\ST\STM32CubeIDE_1.14.1\STM32CubeIDE\plugins\com.st.stm32cube.common.mx_6.10.0.202311202037\\db\/plugins/boardmanager/
2024-05-15 11:18:58,031 [WARN] ApiDb:259 - Overriding images path with different value:  => C:\ST\STM32CubeIDE_1.14.1\STM32CubeIDE\plugins\com.st.stm32cube.common.mx_6.10.0.202311202037\\db\/plugins/mcufinder/images/
2024-05-15 11:18:58,052 [INFO] ApiDb:250 - Set database path to: C:\Users\hp\.stmcufinder\plugins\mcufinder//mcu/
2024-05-15 11:18:58,054 [INFO] DbMcusAds:125 - Set database path to: C:\Users\hp\.stmcufinder\plugins\mcufinder//mcu/
2024-05-15 11:18:58,056 [INFO] CrossReferenceDbSqlite:203 - Set database path to: C:\Users\hp\.stmcufinder\plugins\mcufinder//mcu/cs/
2024-05-15 11:18:58,279 [INFO] RulesReader:64 - Compatibility file has been processed (297 Rules)
2024-05-15 11:18:58,473 [INFO] DbMcusXml:78 - Set database path to: C:\ST\STM32CubeIDE_1.14.1\STM32CubeIDE\plugins\com.st.stm32cube.common.mx_6.10.0.202311202037\\db\/mcu/
2024-05-15 11:18:58,473 [INFO] ApiDb:274 - Set plugin database path to: C:\ST\STM32CubeIDE_1.14.1\STM32CubeIDE\plugins\com.st.stm32cube.common.mx_6.10.0.202311202037\\db\/plugins/boardmanager/
2024-05-15 11:18:58,474 [INFO] ApiDb:261 - Set plugin images path to: C:\ST\STM32CubeIDE_1.14.1\STM32CubeIDE\plugins\com.st.stm32cube.common.mx_6.10.0.202311202037\\db\/plugins/mcufinder/images/
2024-05-15 11:18:58,474 [WARN] DbFile:41 - Overriding database path with different value: C:\Users\hp\.stmcufinder\plugins\mcufinder/ => C:\Users\hp\.stmcufinder\plugins\mcufinder
2024-05-15 11:18:58,474 [INFO] ApiDb:250 - Set database path to: C:\Users\hp\.stmcufinder\plugins\mcufinder//mcu/
2024-05-15 11:18:58,474 [WARN] DbFile:41 - Overriding database path with different value: C:\Users\hp\.stmcufinder\plugins\mcufinder/ => C:\Users\hp\.stmcufinder\plugins\mcufinder
2024-05-15 11:18:58,475 [INFO] DbMcusAds:125 - Set database path to: C:\Users\hp\.stmcufinder\plugins\mcufinder//mcu/
2024-05-15 11:18:58,475 [WARN] DbFile:41 - Overriding database path with different value: C:\Users\hp\.stmcufinder\plugins\mcufinder/ => C:\Users\hp\.stmcufinder\plugins\mcufinder
2024-05-15 11:18:58,475 [WARN] DbFile:41 - Overriding database path with different value: C:\Users\hp\.stmcufinder\plugins\mcufinder/ => C:\Users\hp\.stmcufinder\plugins\mcufinder
2024-05-15 11:18:58,475 [INFO] CrossReferenceDbSqlite:203 - Set database path to: C:\Users\hp\.stmcufinder\plugins\mcufinder//mcu/cs/
2024-05-15 11:18:58,643 [INFO] MainPanel:264 - HeapMemory: 268435456
2024-05-15 11:18:58,790 [INFO] DbMcusXml:78 - Set database path to: C:\ST\STM32CubeIDE_1.14.1\STM32CubeIDE\plugins\com.st.stm32cube.common.mx_6.10.0.202311202037\\db\/mcu/
2024-05-15 11:18:58,790 [INFO] ApiDb:274 - Set plugin database path to: C:\ST\STM32CubeIDE_1.14.1\STM32CubeIDE\plugins\com.st.stm32cube.common.mx_6.10.0.202311202037\\db\/plugins/boardmanager/
2024-05-15 11:18:58,790 [INFO] ApiDb:261 - Set plugin images path to: C:\ST\STM32CubeIDE_1.14.1\STM32CubeIDE\plugins\com.st.stm32cube.common.mx_6.10.0.202311202037\\db\/plugins/mcufinder/images/
2024-05-15 11:18:58,790 [WARN] DbFile:41 - Overriding database path with different value: C:\Users\hp\.stmcufinder\plugins\mcufinder/ => C:\Users\hp\.stmcufinder\plugins\mcufinder
2024-05-15 11:18:58,791 [INFO] ApiDb:250 - Set database path to: C:\Users\hp\.stmcufinder\plugins\mcufinder//mcu/
2024-05-15 11:18:58,791 [WARN] DbFile:41 - Overriding database path with different value: C:\Users\hp\.stmcufinder\plugins\mcufinder/ => C:\Users\hp\.stmcufinder\plugins\mcufinder
2024-05-15 11:18:58,791 [INFO] DbMcusAds:125 - Set database path to: C:\Users\hp\.stmcufinder\plugins\mcufinder//mcu/
2024-05-15 11:18:58,791 [WARN] DbFile:41 - Overriding database path with different value: C:\Users\hp\.stmcufinder\plugins\mcufinder/ => C:\Users\hp\.stmcufinder\plugins\mcufinder
2024-05-15 11:18:58,791 [WARN] DbFile:41 - Overriding database path with different value: C:\Users\hp\.stmcufinder\plugins\mcufinder/ => C:\Users\hp\.stmcufinder\plugins\mcufinder
2024-05-15 11:18:58,791 [INFO] CrossReferenceDbSqlite:203 - Set database path to: C:\Users\hp\.stmcufinder\plugins\mcufinder//mcu/cs/
2024-05-15 11:18:58,828 [INFO] ApplicationProperties:184 - Using Application install path: C:\ST\STM32CubeIDE_1.14.1\STM32CubeIDE\plugins\com.st.stm32cube.common.mx_6.10.0.202311202037
2024-05-15 11:18:58,831 [INFO] PluginManage:196 - Search for loadable plugins [exclusion list=, ]
2024-05-15 11:18:58,835 [INFO] PluginManage:310 - Check plugin analytics
2024-05-15 11:18:59,182 [INFO] AnalyticsPlugin:253 - Accepted Software Licenses: STM32CubeMX.6.11.1
2024-05-15 11:18:59,183 [INFO] AnalyticsPlugin:255 - Accepted CMSIS Pack Licenses: 
2024-05-15 11:18:59,183 [INFO] AnalyticsPlugin:257 - Accepted Firmware Licenses: 
2024-05-15 11:18:59,188 [INFO] PluginManage:359 - Loaded plugin analytics (category:tool,tabindex:-1)
2024-05-15 11:18:59,189 [INFO] PluginManage:310 - Check plugin cadmodel
2024-05-15 11:18:59,193 [ERROR] ConfigurationRetriever:142 - IOException on connection: sw-center.st.com
2024-05-15 11:18:59,196 [ERROR] ConfigurationRetriever:142 - IOException on connection: sw-center.st.com
2024-05-15 11:18:59,197 [ERROR] ConfigurationRetriever:142 - IOException on connection: sw-center.st.com
2024-05-15 11:18:59,216 [INFO] CADModel:105 - Init CAD model plugin
2024-05-15 11:18:59,216 [INFO] PluginManage:359 - Loaded plugin cadmodel (category:power,tabindex:5)
2024-05-15 11:18:59,217 [INFO] PluginManage:310 - Check plugin clock
2024-05-15 11:18:59,245 [INFO] PluginManage:359 - Loaded plugin clock (category:base,tabindex:2)
2024-05-15 11:18:59,245 [INFO] PluginManage:310 - Check plugin ddr
2024-05-15 11:18:59,248 [INFO] PluginManage:359 - Loaded plugin ddr (category:tool,tabindex:6)
2024-05-15 11:18:59,248 [INFO] PluginManage:310 - Check plugin filemanager
2024-05-15 11:18:59,490 [INFO] PluginManage:359 - Loaded plugin filemanager (category:base,tabindex:10)
2024-05-15 11:18:59,490 [INFO] PluginManage:310 - Check plugin ipmanager
2024-05-15 11:18:59,502 [INFO] PluginManage:359 - Loaded plugin ipmanager (category:base,tabindex:5)
2024-05-15 11:18:59,502 [INFO] PluginManage:310 - Check plugin lpbam
2024-05-15 11:18:59,528 [INFO] PluginManage:359 - Loaded plugin lpbam (category:base,tabindex:0)
2024-05-15 11:18:59,528 [INFO] PluginManage:310 - Check plugin memorymap
2024-05-15 11:18:59,573 [INFO] PluginManage:359 - Loaded plugin memorymap (category:base,tabindex:4)
2024-05-15 11:18:59,573 [INFO] PluginManage:310 - Check plugin pinoutandconfiguration
2024-05-15 11:18:59,602 [INFO] PluginManage:359 - Loaded plugin pinoutandconfiguration (category:base,tabindex:1)
2024-05-15 11:18:59,603 [INFO] PluginManage:310 - Check plugin pinoutconfig
2024-05-15 11:18:59,807 [WARN] SupportedApi:132 - Cannot load RTOS API schema: s4s-elt-must-match.1: The content of 'definitions' must match (annotation?, (simpleType | complexType)?, (unique | key | keyref)*)). A problem was found starting at: attribute.
2024-05-15 11:19:00,130 [INFO] PluginManage:359 - Loaded plugin pinoutconfig (category:base,tabindex:0)
2024-05-15 11:19:00,131 [INFO] PluginManage:310 - Check plugin power
2024-05-15 11:19:00,177 [INFO] PluginManage:359 - Loaded plugin power (category:power,tabindex:4)
2024-05-15 11:19:00,177 [INFO] PluginManage:310 - Check plugin projectmanager
2024-05-15 11:19:00,219 [INFO] PluginManage:359 - Loaded plugin projectmanager (category:projectmanager,tabindex:3)
2024-05-15 11:19:00,219 [INFO] PluginManage:310 - Check plugin thirdparty
2024-05-15 11:19:00,806 [INFO] PluginManage:359 - Loaded plugin thirdparty (category:base,tabindex:-1)
2024-05-15 11:19:00,806 [WARN] IntegrityCheckThread:84 - waiting for thirdparty lock release [integrity check]
2024-05-15 11:19:00,807 [INFO] IntegrityCheckThread:86 - entering critical section [integrity check]
2024-05-15 11:19:00,807 [INFO] PluginManage:310 - Check plugin tools
2024-05-15 11:19:00,807 [INFO] ThirdPartyUpdaterWithRetryManager:70 - Updater plugin not ready yet. [1/15]
2024-05-15 11:19:00,859 [INFO] PluginManage:359 - Loaded plugin tools (category:base,tabindex:7)
2024-05-15 11:19:00,859 [INFO] PluginManage:310 - Check plugin tutovideos
2024-05-15 11:19:01,170 [INFO] PluginManage:359 - Loaded plugin tutovideos (category:base,tabindex:-1)
2024-05-15 11:19:01,170 [INFO] PluginManage:310 - Check plugin updater
2024-05-15 11:19:01,189 [INFO] PluginManage:359 - Loaded plugin updater (category:base,tabindex:12)
2024-05-15 11:19:01,189 [INFO] PluginManage:310 - Check plugin userauth
2024-05-15 11:19:01,197 [INFO] UserAuth:114 - Init User Auth plugin
2024-05-15 11:19:01,198 [INFO] PluginManage:359 - Loaded plugin userauth (category:base,tabindex:14)
2024-05-15 11:19:01,199 [INFO] PluginManage:283 - PluginManage : Loaded plugins [17]
2024-05-15 11:19:01,551 [INFO] PinOutPanel:1499 - setPackage(No Configuration,No Configuration)
2024-05-15 11:19:01,678 [INFO] CADModel:165 - CPN selected for project level
2024-05-15 11:19:01,678 [INFO] CADModel:114 - Register for checkConnection events
2024-05-15 11:19:01,724 [INFO] IPUIPlugin:80 - create IPUIPlugin
2024-05-15 11:19:01,725 [INFO] PluginManager:220 - loadIPPluginJar : add adc
2024-05-15 11:19:01,775 [INFO] IPUIPlugin:80 - create IPUIPlugin
2024-05-15 11:19:01,775 [INFO] PluginManager:220 - loadIPPluginJar : add aes
2024-05-15 11:19:01,833 [INFO] IPUIPlugin:80 - create IPUIPlugin
2024-05-15 11:19:01,833 [INFO] PluginManager:220 - loadIPPluginJar : add can
2024-05-15 11:19:01,864 [INFO] IPUIPlugin:80 - create IPUIPlugin
2024-05-15 11:19:01,864 [INFO] PluginManager:220 - loadIPPluginJar : add comp
2024-05-15 11:19:01,908 [INFO] IPUIPlugin:80 - create IPUIPlugin
2024-05-15 11:19:01,908 [INFO] PluginManager:220 - loadIPPluginJar : add cryp
2024-05-15 11:19:01,950 [INFO] IPUIPlugin:80 - create IPUIPlugin
2024-05-15 11:19:01,950 [INFO] PluginManager:220 - loadIPPluginJar : add dfsdm
2024-05-15 11:19:01,969 [INFO] IPUIPlugin:80 - create IPUIPlugin
2024-05-15 11:19:01,970 [INFO] PluginManager:220 - loadIPPluginJar : add dma
2024-05-15 11:19:02,031 [INFO] IPUIPlugin:80 - create IPUIPlugin
2024-05-15 11:19:02,031 [INFO] PluginManager:220 - loadIPPluginJar : add dma3
2024-05-15 11:19:02,060 [INFO] IPUIPlugin:80 - create IPUIPlugin
2024-05-15 11:19:02,060 [INFO] PluginManager:220 - loadIPPluginJar : add fatfs
2024-05-15 11:19:02,125 [INFO] IPUIPlugin:80 - create IPUIPlugin
2024-05-15 11:19:02,126 [INFO] PluginManager:220 - loadIPPluginJar : add fmc
2024-05-15 11:19:02,149 [INFO] IPUIPlugin:80 - create IPUIPlugin
2024-05-15 11:19:02,149 [INFO] PluginManager:220 - loadIPPluginJar : add freertos
2024-05-15 11:19:02,178 [INFO] IPUIPlugin:80 - create IPUIPlugin
2024-05-15 11:19:02,178 [INFO] PluginManager:220 - loadIPPluginJar : add genericplugin
2024-05-15 11:19:02,319 [INFO] IPUIPlugin:80 - create IPUIPlugin
2024-05-15 11:19:02,319 [INFO] PluginManager:220 - loadIPPluginJar : add gfxmmu
2024-05-15 11:19:02,508 [INFO] IPUIPlugin:80 - create IPUIPlugin
2024-05-15 11:19:02,508 [INFO] PluginManager:220 - loadIPPluginJar : add gic
2024-05-15 11:19:02,527 [INFO] IPUIPlugin:80 - create IPUIPlugin
2024-05-15 11:19:02,527 [INFO] PluginManager:220 - loadIPPluginJar : add gpio
2024-05-15 11:19:02,657 [INFO] IPUIPlugin:80 - create IPUIPlugin
2024-05-15 11:19:02,657 [INFO] PluginManager:220 - loadIPPluginJar : add gtzc
2024-05-15 11:19:02,727 [INFO] IPUIPlugin:80 - create IPUIPlugin
2024-05-15 11:19:02,727 [INFO] PluginManager:220 - loadIPPluginJar : add hash
2024-05-15 11:19:02,853 [INFO] IPUIPlugin:80 - create IPUIPlugin
2024-05-15 11:19:02,853 [INFO] PluginManager:220 - loadIPPluginJar : add i2c
2024-05-15 11:19:02,935 [INFO] IPUIPlugin:80 - create IPUIPlugin
2024-05-15 11:19:02,935 [INFO] PluginManager:220 - loadIPPluginJar : add i2s
2024-05-15 11:19:03,009 [INFO] IPUIPlugin:80 - create IPUIPlugin
2024-05-15 11:19:03,009 [INFO] PluginManager:220 - loadIPPluginJar : add i3c
2024-05-15 11:19:03,301 [INFO] IPUIPlugin:80 - create IPUIPlugin
2024-05-15 11:19:03,301 [INFO] PluginManager:220 - loadIPPluginJar : add ipddr
2024-05-15 11:19:03,487 [INFO] IPUIPlugin:80 - create IPUIPlugin
2024-05-15 11:19:03,487 [INFO] PluginManager:220 - loadIPPluginJar : add linkedlist
2024-05-15 11:19:03,555 [INFO] IPUIPlugin:80 - create IPUIPlugin
2024-05-15 11:19:03,555 [INFO] PluginManager:220 - loadIPPluginJar : add lorawan
2024-05-15 11:19:03,612 [INFO] IPUIPlugin:80 - create IPUIPlugin
2024-05-15 11:19:03,613 [INFO] PluginManager:220 - loadIPPluginJar : add ltdc
2024-05-15 11:19:03,634 [INFO] IPUIPlugin:80 - create IPUIPlugin
2024-05-15 11:19:03,635 [INFO] PluginManager:220 - loadIPPluginJar : add mdma
2024-05-15 11:19:03,654 [INFO] IPUIPlugin:80 - create IPUIPlugin
2024-05-15 11:19:03,654 [INFO] PluginManager:220 - loadIPPluginJar : add nvic
2024-05-15 11:19:03,705 [INFO] IPUIPlugin:80 - create IPUIPlugin
2024-05-15 11:19:03,705 [INFO] PluginManager:220 - loadIPPluginJar : add opamp
2024-05-15 11:19:03,802 [INFO] IPUIPlugin:80 - create IPUIPlugin
2024-05-15 11:19:03,802 [INFO] PluginManager:220 - loadIPPluginJar : add openamp
2024-05-15 11:19:03,808 [INFO] ThirdPartyUpdaterWithRetryManager:70 - Updater plugin not ready yet. [2/15]
2024-05-15 11:19:03,861 [INFO] IPUIPlugin:80 - create IPUIPlugin
2024-05-15 11:19:03,861 [INFO] PluginManager:220 - loadIPPluginJar : add pdm2pcm
2024-05-15 11:19:03,881 [INFO] IPUIPlugin:80 - create IPUIPlugin
2024-05-15 11:19:03,886 [INFO] PluginManager:220 - loadIPPluginJar : add plateformsettings
2024-05-15 11:19:03,916 [INFO] IPUIPlugin:80 - create IPUIPlugin
2024-05-15 11:19:03,916 [INFO] PluginManager:220 - loadIPPluginJar : add quadspi
2024-05-15 11:19:03,933 [INFO] IPUIPlugin:80 - create IPUIPlugin
2024-05-15 11:19:03,933 [INFO] PluginManager:220 - loadIPPluginJar : add resmgrutility
2024-05-15 11:19:04,000 [INFO] IPUIPlugin:80 - create IPUIPlugin
2024-05-15 11:19:04,001 [INFO] PluginManager:220 - loadIPPluginJar : add sai
2024-05-15 11:19:04,052 [INFO] IPUIPlugin:80 - create IPUIPlugin
2024-05-15 11:19:04,052 [INFO] PluginManager:220 - loadIPPluginJar : add spi
2024-05-15 11:19:04,152 [INFO] IPUIPlugin:80 - create IPUIPlugin
2024-05-15 11:19:04,152 [INFO] PluginManager:220 - loadIPPluginJar : add stm32_wpan
2024-05-15 11:19:04,183 [INFO] IPUIPlugin:80 - create IPUIPlugin
2024-05-15 11:19:04,184 [INFO] PluginManager:220 - loadIPPluginJar : add tim
2024-05-15 11:19:04,270 [INFO] IPUIPlugin:80 - create IPUIPlugin
2024-05-15 11:19:04,271 [INFO] PluginManager:220 - loadIPPluginJar : add touchsensing
2024-05-15 11:19:04,308 [INFO] IPUIPlugin:80 - create IPUIPlugin
2024-05-15 11:19:04,308 [INFO] PluginManager:220 - loadIPPluginJar : add tracer_emb
2024-05-15 11:19:04,353 [INFO] IPUIPlugin:80 - create IPUIPlugin
2024-05-15 11:19:04,354 [INFO] PluginManager:220 - loadIPPluginJar : add ts
2024-05-15 11:19:04,386 [INFO] IPUIPlugin:80 - create IPUIPlugin
2024-05-15 11:19:04,386 [INFO] PluginManager:220 - loadIPPluginJar : add tsc
2024-05-15 11:19:04,416 [INFO] IPUIPlugin:80 - create IPUIPlugin
2024-05-15 11:19:04,417 [INFO] PluginManager:220 - loadIPPluginJar : add ucpd
2024-05-15 11:19:04,479 [INFO] IPUIPlugin:80 - create IPUIPlugin
2024-05-15 11:19:04,480 [INFO] PluginManager:220 - loadIPPluginJar : add usart
2024-05-15 11:19:04,543 [INFO] IPUIPlugin:80 - create IPUIPlugin
2024-05-15 11:19:04,544 [INFO] PluginManager:220 - loadIPPluginJar : add usbx
2024-05-15 11:19:04,718 [INFO] CADModel:165 - CPN selected for project level
2024-05-15 11:19:04,718 [INFO] CADModel:114 - Register for checkConnection events
2024-05-15 11:19:04,719 [FATAL] Updater:308 - Updater called before beeing initialized
2024-05-15 11:19:04,719 [ERROR] CADModel:125 - Updater not yet initialized, retry later 
2024-05-15 11:19:04,960 [INFO] CADModel:165 - CPN selected for project level
2024-05-15 11:19:04,961 [INFO] CADModel:114 - Register for checkConnection events
2024-05-15 11:19:04,961 [FATAL] Updater:308 - Updater called before beeing initialized
2024-05-15 11:19:04,961 [ERROR] CADModel:125 - Updater not yet initialized, retry later 
2024-05-15 11:19:04,967 [FATAL] Updater:308 - Updater called before beeing initialized
2024-05-15 11:19:05,327 [FATAL] Updater:308 - Updater called before beeing initialized
2024-05-15 11:19:05,341 [INFO] DbMcusAds:53 - JSON generation date=Thu May 02 11:37:29 EAT 2024 (1714639049318)
2024-05-15 11:19:05,342 [FATAL] Updater:308 - Updater called before beeing initialized
2024-05-15 11:19:05,465 [WARN] DetailPanel:346 - Failed to get advertising image, set to default
2024-05-15 11:19:05,601 [FATAL] Updater:308 - Updater called before beeing initialized
2024-05-15 11:19:05,604 [FATAL] Updater:308 - Updater called before beeing initialized
2024-05-15 11:19:05,604 [FATAL] Updater:308 - Updater called before beeing initialized
2024-05-15 11:19:05,604 [WARN] DetailPanel:346 - Failed to get advertising image, set to default
2024-05-15 11:19:05,605 [FATAL] Updater:308 - Updater called before beeing initialized
2024-05-15 11:19:05,711 [ERROR] Updater:1120 - MainUpdater not yet initialized. External WinMGr cannot be set.
2024-05-15 11:19:05,730 [INFO] Updater:1056 - Updater Version found : 6.10.0
2024-05-15 11:19:05,762 [INFO] ApplicationProperties:184 - Using Application install path: C:\ST\STM32CubeIDE_1.14.1\STM32CubeIDE\plugins\com.st.stm32cube.common.mx_6.10.0.202311202037
2024-05-15 11:19:06,808 [INFO] ThirdPartyUpdaterWithRetryManager:70 - Updater plugin not ready yet. [3/15]
2024-05-15 11:19:07,350 [ERROR] LogOutputStream:75 - [STDERR_REDIRECT] May 15, 2024 11:19:07 AM java.util.prefs.WindowsPreferences <init>
2024-05-15 11:19:07,353 [ERROR] LogOutputStream:75 - [STDERR_REDIRECT] WARNING: Could not open/create prefs root node Software\JavaSoft\Prefs at root 0xffffffff80000002. Windows RegCreateKeyEx(...) returned error code 5.
2024-05-15 11:19:07,354 [ERROR] LogOutputStream:75 - [STDERR_REDIRECT] 
2024-05-15 11:19:07,735 [INFO] MainUpdater:2873 - connection check result : 22
2024-05-15 11:19:07,736 [INFO] MainUpdater:290 - Updater Check For Update Now.
2024-05-15 11:19:07,736 [INFO] MicroXplorer:498 - Change Database Version : DB.6.0.100
2024-05-15 11:19:07,776 [INFO] McuFinderGlobals:63 - Set McuFinder mode to 2 (CubeIDE integrated)
2024-05-15 11:19:07,991 [INFO] UserAuth:404 - Internet connection configuration mode: 2
2024-05-15 11:19:08,116 [INFO] CheckServerUpdateThread:120 - End of CheckServer Thread
2024-05-15 11:19:10,109 [WARN] PackLoader:240 - Cannot read IP mode file for STMicroelectronics.FP-SNS-MOTENVWB1.1.4.0
2024-05-15 11:19:10,145 [WARN] PackLoader:240 - Cannot read IP mode file for STMicroelectronics.X-CUBE-SMBUS.2.1.0
2024-05-15 11:19:10,166 [WARN] PackLoader:240 - Cannot read IP mode file for STMicroelectronics.X-CUBE-TOUCHGFX.4.23.2
2024-05-15 11:19:10,262 [WARN] PackLoader:240 - Cannot read IP mode file for STMicroelectronics.X-CUBE-AZRTOS-F7.1.1.0
2024-05-15 11:19:10,301 [WARN] PackLoader:240 - Cannot read IP mode file for STMicroelectronics.FP-SNS-FLIGHT1.5.0.2
2024-05-15 11:19:10,342 [WARN] PackLoader:240 - Cannot read IP mode file for STMicroelectronics.X-CUBE-DISPLAY.3.0.0
2024-05-15 11:19:10,392 [WARN] PackLoader:240 - Cannot read IP mode file for STMicroelectronics.X-CUBE-BLE1.7.0.0
2024-05-15 11:19:10,422 [WARN] PackLoader:240 - Cannot read IP mode file for emotas.I-CUBE-CANOPEN.1.3.0
2024-05-15 11:19:10,462 [WARN] PackLoader:240 - Cannot read IP mode file for STMicroelectronics.X-CUBE-BLEMGR.3.1.0
2024-05-15 11:19:10,496 [WARN] PackLoader:240 - Cannot read IP mode file for STMicroelectronics.FP-SNS-SMARTAG2.1.2.0
2024-05-15 11:19:10,539 [INFO] LogOutputStream:77 - [STDOUT_REDIRECT] 1 : Invalid condition id : UX_CORESTACK_Condition cause : null
2024-05-15 11:19:10,540 [INFO] LogOutputStream:77 - [STDOUT_REDIRECT] 1 : Invalid condition id : UX_CORESTACK_Condition cause : null
2024-05-15 11:19:10,543 [INFO] LogOutputStream:77 - [STDOUT_REDIRECT] 1 : Invalid condition id : UX_CORESTACK_Condition cause : null
2024-05-15 11:19:10,545 [INFO] LogOutputStream:77 - [STDOUT_REDIRECT] 1 : Invalid condition id : UX_CORESTACK_Condition cause : null
2024-05-15 11:19:10,547 [INFO] LogOutputStream:77 - [STDOUT_REDIRECT] 1 : Invalid condition id : UX_CORESTACK_Condition cause : null
2024-05-15 11:19:10,554 [WARN] PackLoader:240 - Cannot read IP mode file for STMicroelectronics.X-CUBE-AZRTOS-WL.2.0.0
2024-05-15 11:19:10,585 [WARN] PackLoader:240 - Cannot read IP mode file for STMicroelectronics.FP-SNS-MOTENV1.5.0.0
2024-05-15 11:19:10,621 [WARN] PackLoader:240 - Cannot read IP mode file for WES.I-CUBE-Cesium.1.3.0
2024-05-15 11:19:10,645 [WARN] PackLoader:240 - Cannot read IP mode file for STMicroelectronics.X-CUBE-BLE2.3.3.0
2024-05-15 11:19:10,675 [WARN] PackLoader:240 - Cannot read IP mode file for STMicroelectronics.X-CUBE-TCPP.4.1.0
2024-05-15 11:19:10,740 [WARN] PackLoader:240 - Cannot read IP mode file for STMicroelectronics.X-CUBE-AZRTOS-G0.1.1.0
2024-05-15 11:19:10,806 [WARN] PackLoader:240 - Cannot read IP mode file for STMicroelectronics.X-CUBE-SAFEA1.1.2.2
2024-05-15 11:19:10,846 [WARN] PackLoader:240 - Cannot read IP mode file for STMicroelectronics.X-CUBE-NFC4.3.0.0
2024-05-15 11:19:10,876 [WARN] PackLoader:240 - Cannot read IP mode file for wolfSSL.I-CUBE-wolfSSL.5.7.0
2024-05-15 11:19:10,910 [WARN] PackLoader:240 - Cannot read IP mode file for STMicroelectronics.FP-ATR-SIGFOX1.3.2.0
2024-05-15 11:19:10,944 [WARN] PackLoader:240 - Cannot read IP mode file for STMicroelectronics.X-CUBE-EEPRMA1.5.1.0
2024-05-15 11:19:11,013 [WARN] PackLoader:240 - Cannot read IP mode file for ITTIA_DB.I-CUBE-ITTIADB.8.9.0
2024-05-15 11:19:11,264 [WARN] PackLoader:240 - Cannot read IP mode file for SEGGER.I-CUBE-embOS.1.3.1
2024-05-15 11:19:11,360 [WARN] PackLoader:240 - Cannot read IP mode file for STMicroelectronics.X-CUBE-ALGOBUILD.1.4.0
2024-05-15 11:19:11,381 [WARN] PackLoader:240 - Cannot read IP mode file for STMicroelectronics.X-CUBE-GNSS1.6.0.0
2024-05-15 11:19:11,439 [WARN] PackLoader:240 - Cannot read IP mode file for STMicroelectronics.X-CUBE-AZRTOS-F4.1.1.0
2024-05-15 11:19:11,467 [WARN] PackLoader:240 - Cannot read IP mode file for STMicroelectronics.X-CUBE-FREERTOS.1.2.0
2024-05-15 11:19:11,511 [WARN] PackLoader:240 - Cannot read IP mode file for STMicroelectronics.X-CUBE-AZRTOS-L5.2.0.0
2024-05-15 11:19:11,542 [WARN] PackLoader:240 - Cannot read IP mode file for STMicroelectronics.X-CUBE-NFC6.3.1.0
2024-05-15 11:19:11,564 [WARN] PackLoader:240 - Cannot read IP mode file for STMicroelectronics.X-CUBE-AI.9.0.0
2024-05-15 11:19:11,589 [WARN] PackLoader:240 - Cannot read IP mode file for STMicroelectronics.X-CUBE-NFC7.1.0.1
2024-05-15 11:19:11,649 [WARN] ConditionMgr:438 - getConditionDescription Invalid condition id : LAN8742 Phy interface Condition cause : null
2024-05-15 11:19:11,650 [WARN] PackLoader:240 - Cannot read IP mode file for STMicroelectronics.X-CUBE-AZRTOS-L4.2.0.0
2024-05-15 11:19:11,653 [WARN] ConditionMgr:1039 - genDependencies : Invalid condition id : LAN8742 Phy interface Condition cause : null
2024-05-15 11:19:11,654 [WARN] ConditionMgr:1039 - genDependencies : Invalid condition id : LAN8742 Phy interface Condition cause : null
2024-05-15 11:19:11,656 [WARN] ConditionMgr:1039 - genDependencies : Invalid condition id : LAN8742 Phy interface Condition cause : null
2024-05-15 11:19:11,678 [WARN] PackLoader:240 - Cannot read IP mode file for STMicroelectronics.X-CUBE-SFXS2LP1.4.0.0
2024-05-15 11:19:11,728 [WARN] ConditionMgr:438 - getConditionDescription Invalid condition id : UX DEVICE CLASS RTOS Condition cause : null
2024-05-15 11:19:11,729 [WARN] ConditionMgr:438 - getConditionDescription Invalid condition id : UX DEVICE CLASS RTOS Condition cause : null
2024-05-15 11:19:11,749 [WARN] PackLoader:240 - Cannot read IP mode file for STMicroelectronics.X-CUBE-AZRTOS-WB.2.0.0
2024-05-15 11:19:11,750 [WARN] ConditionMgr:1039 - genDependencies : Invalid condition id : UX DEVICE CLASS RTOS Condition cause : null
2024-05-15 11:19:11,750 [WARN] ConditionMgr:1039 - genDependencies : Invalid condition id : UX DEVICE CLASS RTOS Condition cause : null
2024-05-15 11:19:11,751 [WARN] ConditionMgr:1039 - genDependencies : Invalid condition id : UX DEVICE CLASS RTOS Condition cause : null
2024-05-15 11:19:11,752 [WARN] ConditionMgr:1039 - genDependencies : Invalid condition id : UX DEVICE CLASS RTOS Condition cause : null
2024-05-15 11:19:11,752 [WARN] ConditionMgr:1039 - genDependencies : Invalid condition id : UX DEVICE CLASS RTOS Condition cause : null
2024-05-15 11:19:11,787 [WARN] PackLoader:240 - Cannot read IP mode file for STMicroelectronics.X-CUBE-SUBG2.5.0.0
2024-05-15 11:19:11,854 [WARN] PackLoader:240 - Cannot read IP mode file for STMicroelectronics.X-CUBE-AZRTOS-G4.2.0.0
2024-05-15 11:19:11,885 [WARN] PackLoader:240 - Cannot read IP mode file for STMicroelectronics.X-CUBE-ISPU.2.0.0
2024-05-15 11:19:11,980 [WARN] PackLoader:240 - Cannot read IP mode file for STMicroelectronics.X-CUBE-MEMS1.10.0.0
2024-05-15 11:19:12,178 [WARN] PackLoader:240 - Cannot read IP mode file for portGmbH.I-Cube-SoM-uGOAL.1.1.0
2024-05-15 11:19:12,200 [WARN] PackLoader:240 - Cannot read IP mode file for STMicroelectronics.X-CUBE-ALS.1.0.1
2024-05-15 11:19:12,252 [WARN] PackLoader:240 - Cannot read IP mode file for STMicroelectronics.X-CUBE-AZRTOS-H7RS.1.0.0
2024-05-15 11:19:12,277 [WARN] PackLoader:240 - Cannot read IP mode file for STMicroelectronics.FP-ATR-ASTRA1.2.0.0
2024-05-15 11:19:12,313 [WARN] PackLoader:240 - Cannot read IP mode file for STMicroelectronics.X-CUBE-TOF1.3.4.1
2024-05-15 11:19:12,414 [WARN] PackLoader:240 - Cannot read IP mode file for STMicroelectronics.X-CUBE-AZRTOS-H7.3.2.0
2024-05-15 11:19:12,642 [WARN] PackLoader:240 - Cannot read IP mode file for Infineon.AIROC-Wi-Fi-Bluetooth-STM32.1.6.0
2024-05-15 11:19:12,681 [INFO] ThirdParty:978 - Integrity check success = true
2024-05-15 11:19:12,682 [INFO] IntegrityCheckThread:100 - exiting critical section [integrity check]
2024-05-15 11:19:12,687 [INFO] IntegrityCheckThread:103 - End integrity checks thread
2024-05-15 11:19:29,597 [ERROR] LogOutputStream:75 - [STDERR_REDIRECT] SLF4J: Failed to load class "org.slf4j.impl.StaticLoggerBinder".
2024-05-15 11:19:29,599 [ERROR] LogOutputStream:75 - [STDERR_REDIRECT] SLF4J: Defaulting to no-operation (NOP) logger implementation
2024-05-15 11:19:29,600 [ERROR] LogOutputStream:75 - [STDERR_REDIRECT] SLF4J: See http://www.slf4j.org/codes.html#StaticLoggerBinder for further details.
2024-05-15 11:23:52,150 [ERROR] ConfigurationRetriever:142 - IOException on connection: Connect timed out
2024-05-15 11:23:54,154 [ERROR] ConfigurationRetriever:142 - IOException on connection: Connect timed out
2024-05-15 11:23:56,157 [ERROR] ConfigurationRetriever:142 - IOException on connection: Connect timed out
2024-05-15 11:37:08,962 [INFO] McuFinderGlobals:63 - Set McuFinder mode to 2 (CubeIDE integrated)
2024-05-15 11:37:09,427 [INFO] MainUpdater:2873 - connection check result : 10
2024-05-15 11:37:09,442 [INFO] MainUpdater:2873 - connection check result : 10
2024-05-15 11:37:09,724 [INFO] MicroXplorer:468 - Change Database Path : 
2024-05-15 11:37:09,725 [INFO] MicroXplorer:498 - Change Database Version : DB.6.0.100
2024-05-15 11:37:09,732 [WARN] ThirdParty:871 - waiting for thirdparty lock release [close project]
2024-05-15 11:37:09,733 [INFO] ThirdParty:873 - entering critical section [close project]
2024-05-15 11:37:09,735 [INFO] ThirdParty:883 - exiting critical section [close project]
2024-05-15 11:37:09,740 [INFO] PinOutPanel:1499 - setPackage(No Configuration,No Configuration)
2024-05-15 11:37:09,746 [INFO] UtilMem:75 - Begin LoadConfig() Used Memory: 143151336 Bytes (268435456)
2024-05-15 11:37:09,749 [INFO] MicroXplorer:468 - Change Database Path : 
2024-05-15 11:37:09,749 [INFO] MicroXplorer:498 - Change Database Version : DB.6.0.100
2024-05-15 11:37:09,749 [INFO] OpenFileManager:312 - Change cursor
2024-05-15 11:37:09,841 [INFO] Mcu:2016 - Initializing MCU STM32F103C(8-B)Tx STM32F103C8Tx STM32F103C8T6
2024-05-15 11:37:12,558 [INFO] Context:659 - Trying to add GPIOservice into a context  which must be forbidden
2024-05-15 11:37:13,626 [INFO] RtosManager:555 - Registered RTOS mode: class=CMSIS, group=RTOS, mode=CMSIS_V1, owner=FREERTOS
2024-05-15 11:37:13,626 [INFO] RtosManager:555 - Registered RTOS mode: class=CMSIS, group=RTOS2, mode=CMSIS_V2, owner=FREERTOS
2024-05-15 11:37:13,626 [INFO] RtosManager:555 - Registered RTOS mode: class=RTOS, group=Core, mode=CMSIS_V1, owner=FREERTOS
2024-05-15 11:37:13,626 [INFO] RtosManager:555 - Registered RTOS mode: class=RTOS, group=Core, mode=CMSIS_V2, owner=FREERTOS
2024-05-15 11:37:13,627 [WARN] ModelIntegratedComponent:184 - Missing modes for component STMicroelectronics:FreeRTOS:0.0.1:STMicroelectronics:RTOS:FreeRTOS:Core:::10.2.0:
2024-05-15 11:37:13,658 [WARN] ModelIntegratedComponent:63 - No mode defined for component null
2024-05-15 11:37:13,658 [WARN] ModelIntegratedComponent:63 - No mode defined for component null
2024-05-15 11:37:13,658 [WARN] ModelIntegratedComponent:63 - No mode defined for component null
2024-05-15 11:37:13,659 [WARN] ModelIntegratedComponent:63 - No mode defined for component null
2024-05-15 11:37:13,659 [WARN] ModelIntegratedComponent:63 - No mode defined for component null
2024-05-15 11:37:13,659 [WARN] ModelIntegratedComponent:63 - No mode defined for component null
2024-05-15 11:37:13,660 [WARN] ModelIntegratedComponent:63 - No mode defined for component null
2024-05-15 11:37:13,660 [WARN] ModelIntegratedComponent:63 - No mode defined for component null
2024-05-15 11:37:13,660 [WARN] ModelIntegratedComponent:63 - No mode defined for component null
2024-05-15 11:37:13,660 [WARN] ModelIntegratedComponent:63 - No mode defined for component null
2024-05-15 11:37:13,660 [WARN] ModelIntegratedComponent:63 - No mode defined for component null
2024-05-15 11:37:13,660 [WARN] ModelIntegratedComponent:63 - No mode defined for component null
2024-05-15 11:37:13,660 [WARN] ModelIntegratedComponent:63 - No mode defined for component null
2024-05-15 11:37:13,660 [WARN] ModelIntegratedComponent:63 - No mode defined for component null
2024-05-15 11:37:13,660 [WARN] ModelIntegratedComponent:63 - No mode defined for component null
2024-05-15 11:37:13,661 [WARN] ModelIntegratedComponent:63 - No mode defined for component null
2024-05-15 11:37:13,661 [WARN] ModelIntegratedComponent:63 - No mode defined for component null
2024-05-15 11:37:13,661 [WARN] ModelIntegratedComponent:63 - No mode defined for component null
2024-05-15 11:37:13,661 [WARN] ModelIntegratedComponent:63 - No mode defined for component null
2024-05-15 11:37:13,661 [WARN] ModelIntegratedComponent:63 - No mode defined for component null
2024-05-15 11:37:13,661 [WARN] ModelIntegratedComponent:63 - No mode defined for component null
2024-05-15 11:37:13,661 [WARN] ModelIntegratedComponent:63 - No mode defined for component null
2024-05-15 11:37:13,662 [WARN] ModelIntegratedComponent:63 - No mode defined for component null
2024-05-15 11:37:13,662 [WARN] ModelIntegratedComponent:63 - No mode defined for component null
2024-05-15 11:37:13,662 [WARN] ModelIntegratedComponent:63 - No mode defined for component null
2024-05-15 11:37:13,662 [WARN] ModelIntegratedComponent:63 - No mode defined for component null
2024-05-15 11:37:13,662 [WARN] ModelIntegratedComponent:63 - No mode defined for component null
2024-05-15 11:37:13,662 [WARN] ModelIntegratedComponent:63 - No mode defined for component null
2024-05-15 11:37:13,663 [WARN] ModelIntegratedComponent:63 - No mode defined for component null
2024-05-15 11:37:13,663 [WARN] ModelIntegratedComponent:63 - No mode defined for component null
2024-05-15 11:37:13,663 [WARN] ModelIntegratedComponent:63 - No mode defined for component null
2024-05-15 11:37:13,663 [WARN] ModelIntegratedComponent:63 - No mode defined for component null
2024-05-15 11:37:13,663 [WARN] ModelIntegratedComponent:63 - No mode defined for component null
2024-05-15 11:37:13,940 [INFO] ThirdPartyModel:298 - Start build external matchings
2024-05-15 11:37:14,483 [INFO] ThirdPartyModel:316 - End build external matchings
2024-05-15 11:37:14,516 [INFO] ImportTextPane:194 - (OptionalMessage_ERROR) IP (RCC) : Parameter (ADCFreqValue) has invalid value (36000000)
2024-05-15 11:37:14,517 [INFO] ImportTextPane:194 - (OptionalMessage_ERROR) IP (RCC) : Invalid parameter (FamilyName)
2024-05-15 11:37:14,517 [INFO] ImportTextPane:194 - (OptionalMessage_ERROR) IP (RCC) : Parameter (MCOFreq_Value) has invalid value (72000000)
2024-05-15 11:37:14,518 [INFO] ImportTextPane:194 - (OptionalMessage_ERROR) IP (RCC) : Parameter (USBFreq_Value) has invalid value (72000000)
2024-05-15 11:37:14,889 [INFO] UtilMem:75 - End LoadConfig() Used Memory: 147920552 Bytes (295698432)
2024-05-15 11:37:15,148 [INFO] ApiDb:581 - Connected to CubeFinder SQLite database (C:\Users\hp\.stmcufinder\plugins\mcufinder\mcu\cube-finder-db.db)
2024-05-15 11:37:15,308 [INFO] ApiDb:668 - CubeFinder database Data Model version=2.1
2024-05-15 11:37:15,308 [INFO] ApiDb:669 - CubeFinder database Configuration version=3.0.39
2024-05-15 11:37:15,310 [INFO] ApiDb:670 - CubeFinder database generation date=2024-04-15 (1713193726)
2024-05-15 11:37:15,310 [INFO] ApiDb:671 - CubeFinder database FW Pack versions=[FP-ATR-ASTRA1_V2.0.0, FP-SNS-FLIGHT1_V5.0.1, FP-SNS-FLIGHT1_V5.0.2, FP-SNS-MOTENV1_V4.3.1, FP-SNS-MOTENV1_V4.3.2, FP-SNS-MOTENVWB1_V1.3.1, FP-SNS-SMARTAG2_V1.2.0, STM32Cube_FW_C0_V1.1.0, STM32Cube_FW_F4_V1.28.0, STM32Cube_FW_F7_V1.17.0, STM32Cube_FW_G0_V1.6.2, STM32Cube_FW_G4_V1.5.2, STM32Cube_FW_H5_V0.5.1, STM32Cube_FW_H5_V1.1.1, STM32Cube_FW_H5_V1.2.0, STM32Cube_FW_H5_V1.2.0RC4, STM32Cube_FW_H7RS_V1.0.0, STM32Cube_FW_H7RS_V1.0.0RC4, STM32Cube_FW_H7_V1.11.0, STM32Cube_FW_L0_V1.12.2, STM32Cube_FW_L5_V1.5.1, STM32Cube_FW_U0_V1.0.0, STM32Cube_FW_U0_V1.0.0RC1, STM32Cube_FW_U5_V1.3.0RC4, STM32Cube_FW_U5_V1.5.0, STM32Cube_FW_U5_V1.5.0RC1, STM32Cube_FW_WBA_V1.0.0RC1, STM32Cube_FW_WBA_V1.2.0, STM32Cube_FW_WBA_V1.2.0RC2, STM32Cube_FW_WBA_V1.3.0, STM32Cube_FW_WBA_V1.3.0RC1, STM32Cube_FW_WB_V1.15.0RC1, STM32Cube_FW_WB_V1.16.0, STM32Cube_FW_WB_V1.16.0RC2, STM32Cube_FW_WB_V1.18.0, STM32Cube_FW_WB_V1.19.0, STM32Cube_FW_WL_V1.3.0, X-CUBE-ALGOBUILD_V1.3.0, X-CUBE-ALS_V1.0.1, X-CUBE-AZRTOS-F4_V1.1.0, X-CUBE-AZRTOS-F7_V1.1.0, X-CUBE-AZRTOS-G0_V1.1.0, X-CUBE-AZRTOS-G4_V2.0.0, X-CUBE-AZRTOS-H7_V3.2.0, X-CUBE-AZRTOS-L4_V1.0.0, X-CUBE-AZRTOS-L4_V2.0.0, X-CUBE-AZRTOS-L5_V1.1.0, X-CUBE-AZRTOS-WB_V2.0.0, X-CUBE-AZRTOS-WL_V2.0.0, X-CUBE-BLE1_V7.0.0, X-CUBE-BLE2_V3.3.0, X-CUBE-BLEMGR_V3.1.0, X-CUBE-EEPRMA1_V4.1.0, X-CUBE-EEPRMA1_V5.1.0, X-CUBE-FREERTOS_V1.1.0, X-CUBE-GNSS1_V6.0.0, X-CUBE-MEMS1_V10.0.0, X-CUBE-MEMS1_V9.1.0, X-CUBE-MEMS1_V9.4.0, X-CUBE-MEMS1_V9.6.0, X-CUBE-NFC4_V3.0.0, X-CUBE-NFC7_V1.0.1, X-CUBE-SFXS2LP1_V4.0.0, X-CUBE-SUBG2_V5.0.0, X-CUBE-TOF1_V3.4.0]
2024-05-15 11:37:19,303 [INFO] ApiDb:240 - Found 371 in-development CPN: [B-G473E-ZEST1S, B-WB1M-WPAN1, B-WL5M-SUBG1, NUCLEO-C031C6, NUCLEO-H503RB, NUCLEO-H563ZI, NUCLEO-U545RE-Q, NUCLEO-U5A5ZJ-Q, NUCLEO-WBA52CG, NUCLEO-WBA55CG, STEVAL-MKBOXPRO, STEVAL-PROTEUS1, STEVAL-STWINBX1, STM320518-EVAL, STM32C0116-DK, STM32C011D6Y3TR, STM32C011D6Y6TR, STM32C011F4P3, STM32C011F4P6, STM32C011F4U3, STM32C011F4U6TR, STM32C011F6P3, STM32C011F6P6, STM32C011F6U3, STM32C011F6U6TR, STM32C011J4M3, STM32C011J4M6, STM32C011J6M3, STM32C011J6M6, STM32C0316-DK, STM32C031C4T3, STM32C031C4T6, STM32C031C4U3, STM32C031C4U6, STM32C031C6T3, STM32C031C6T6, STM32C031C6U3, STM32C031C6U6, STM32C031F4P3, STM32C031F4P6, STM32C031F6P3, STM32C031F6P6, STM32C031G4U3, STM32C031G4U6, STM32C031G6U3, STM32C031G6U6, STM32C031K4T3, STM32C031K4T6, STM32C031K4U3, STM32C031K4U6, STM32C031K6T3, STM32C031K6T6, STM32C031K6U3, STM32C031K6U6, STM32G071K8TXN, STM32G071K8UXN, STM32G081GBU6N, STM32G081KBT6N, STM32G081KBUXN, STM32G0B1CCT6N, STM32G0B1KCT6, STM32G0B1NEY6TR, STM32G0B1RCT6N, STM32G0C1CCT6, STM32G0C1CCT6N, STM32G0C1CCU6N, STM32G0C1CET6N, STM32G0C1CEU6N, STM32G0C1KCT6, STM32G0C1NEY6TR, STM32G0C1RCI6N, STM32G0C1RCT6N, STM32G0C1REI6N, STM32G0C1RET6N, STM32G0C1VCI6, STM32G0C1VEI6, STM32G471CCT6, STM32G471CCU6, STM32G471CET3, STM32G471CET6, STM32G471CEU3, STM32G471CEU6, STM32G471MCT6, STM32G471MET3, STM32G471MET6, STM32G471MEY6TR, STM32G471QCT6, STM32G471QET3, STM32G471RCT6, STM32G471RET3, STM32G471RET6, STM32G471VCH6, STM32G471VCI6, STM32G471VCT6, STM32G471VEH3, STM32G471VEH6, STM32G471VEI3, STM32G471VEI6, STM32G471VET3, STM32G471VET6, STM32G474CCT6, STM32H503CBT6, STM32H503CBU6, STM32H503EBY6TR, STM32H503KBU6, STM32H503RBT6, STM32H562AGI6, STM32H562AII6, STM32H562IGK6, STM32H562IGT6, STM32H562IIK6, STM32H562IIT6, STM32H562RGT6, STM32H562RGV6, STM32H562RIT6, STM32H562RIV6, STM32H562VGT6, STM32H562VIT6, STM32H562ZGT6, STM32H562ZIT6, STM32H563AGI6, STM32H563AII3Q, STM32H563AII6, STM32H563IGK6, STM32H563IGT6, STM32H563IIK3Q, STM32H563IIK6, STM32H563IIT3Q, STM32H563IIT6, STM32H563MIY3QTR, STM32H563RGT6, STM32H563RGV6, STM32H563RIT6, STM32H563RIV6, STM32H563VGT6, STM32H563VIT3Q, STM32H563VIT6, STM32H563ZGT6, STM32H563ZIT3Q, STM32H563ZIT6, STM32H573AII3Q, STM32H573AII6, STM32H573I-DK, STM32H573IIK3Q, STM32H573IIK6, STM32H573IIT3Q, STM32H573IIT6, STM32H573MIY3QTR, STM32H573RIT6, STM32H573RIV6, STM32H573VIT3Q, STM32H573VIT6, STM32H573ZIT3Q, STM32H573ZIT6, STM32L4R5QGI6STR, STM32MP131AAE3, STM32MP131AAF3, STM32MP131AAG3, STM32MP131CAE3, STM32MP131CAF3, STM32MP131CAG3, STM32MP131DAE7, STM32MP131DAF7, STM32MP131DAG7, STM32MP131FAE7, STM32MP131FAF7, STM32MP131FAG7, STM32MP133AAE3, STM32MP133AAF3, STM32MP133AAG3, STM32MP133CAE3, STM32MP133CAF3, STM32MP133CAG3, STM32MP133DAE7, STM32MP133DAF7, STM32MP133DAG7, STM32MP133FAE7, STM32MP133FAF7, STM32MP133FAG7, STM32MP135AAE3, STM32MP135AAF3, STM32MP135AAG3, STM32MP135CAE3, STM32MP135CAF3, STM32MP135CAG3, STM32MP135DAE7, STM32MP135DAF7, STM32MP135DAG7, STM32MP135F-DK, STM32MP135FAE7, STM32MP135FAF7, STM32MP135FAF7T, STM32MP135FAF7U, STM32MP135FAG7, STM32U535CBT6, STM32U535CBT6Q, STM32U535CBU6, STM32U535CBU6Q, STM32U535CCT6, STM32U535CCT6Q, STM32U535CCU6, STM32U535CCU6Q, STM32U535CET6, STM32U535CET6Q, STM32U535CEU6, STM32U535CEU6Q, STM32U535JEY6QTR, STM32U535NCY6QTR, STM32U535NEY6QTR, STM32U535RBI6, STM32U535RBI6Q, STM32U535RBT6, STM32U535RBT6Q, STM32U535RCI6, STM32U535RCI6Q, STM32U535RCT6, STM32U535RCT6Q, STM32U535REI6, STM32U535REI6Q, STM32U535RET6, STM32U535RET6Q, STM32U535VCI6, STM32U535VCI6Q, STM32U535VCT6, STM32U535VCT6Q, STM32U535VEI6, STM32U535VEI6Q, STM32U535VET6, STM32U535VET6Q, STM32U545CET6, STM32U545CET6Q, STM32U545CEU6, STM32U545CEU6Q, STM32U545JEY6QTR, STM32U545NEY6QTR, STM32U545REI6, STM32U545REI6Q, STM32U545RET6, STM32U545RET6Q, STM32U545VEI6, STM32U545VEI6Q, STM32U545VET6, STM32U545VET6Q, STM32U595AIH6, STM32U595AIH6Q, STM32U595AJH6, STM32U595AJH6Q, STM32U595QII6, STM32U595QII6Q, STM32U595QJI6, STM32U595QJI6Q, STM32U595RIT6, STM32U595RIT6Q, STM32U595RJT6, STM32U595RJT6Q, STM32U595VIT6, STM32U595VIT6Q, STM32U595VJT6, STM32U595VJT6Q, STM32U595ZIT6, STM32U595ZIT6Q, STM32U595ZIY6QTR, STM32U595ZJT6, STM32U595ZJT6Q, STM32U595ZJY6QTR, STM32U599BJY6QTR, STM32U599NIH6Q, STM32U599NJH6Q, STM32U599VIT6Q, STM32U599VJT6, STM32U599VJT6Q, STM32U599ZIT6Q, STM32U599ZIY6QTR, STM32U599ZJT6Q, STM32U599ZJY6QTR, STM32U5A5AJH6, STM32U5A5AJH6Q, STM32U5A5QJI6, STM32U5A5QJI6Q, STM32U5A5RJT6, STM32U5A5RJT6Q, STM32U5A5VJT6, STM32U5A5VJT6Q, STM32U5A5ZJT6, STM32U5A5ZJT6Q, STM32U5A5ZJY6QTR, STM32U5A9BJY6QTR, STM32U5A9J-DK, STM32U5A9NJH6Q, STM32U5A9VJT6Q, STM32U5A9ZJT6Q, STM32U5A9ZJY6QTR, STM32U5F7VIT6, STM32U5F7VIT6Q, STM32U5F7VJT6, STM32U5F7VJT6Q, STM32U5F9BJY6QTR, STM32U5F9NJH6Q, STM32U5F9VIT6Q, STM32U5F9VJT6Q, STM32U5F9ZIJ6QTR, STM32U5F9ZIT6Q, STM32U5F9ZJJ6QTR, STM32U5F9ZJT6Q, STM32U5G7VJT6, STM32U5G7VJT6Q, STM32U5G9BJY6QTR, STM32U5G9J-DK1, STM32U5G9J-DK2, STM32U5G9NJH6Q, STM32U5G9VJT6Q, STM32U5G9ZJJ6QTR, STM32U5G9ZJT6Q, STM32WB1MMCH6, STM32WBA50KEU6, STM32WBA50KEU6TR, STM32WBA50KGU6, STM32WBA50KGU6TR, STM32WBA52CEU6, STM32WBA52CEU6TR, STM32WBA52CEU7, STM32WBA52CEU7TR, STM32WBA52CGU6, STM32WBA52CGU6TR, STM32WBA52CGU6U, STM32WBA52CGU7, STM32WBA52CGU7TR, STM32WBA52KEU6, STM32WBA52KEU6TR, STM32WBA52KGU6, STM32WBA52KGU6TR, STM32WBA54CEU6, STM32WBA54CEU6TR, STM32WBA54CEU7, STM32WBA54CEU7TR, STM32WBA54CGU6, STM32WBA54CGU6TR, STM32WBA54CGU7, STM32WBA54CGU7TR, STM32WBA54KEU6, STM32WBA54KEU6TR, STM32WBA54KEU7, STM32WBA54KEU7TR, STM32WBA54KGU6, STM32WBA54KGU6TR, STM32WBA54KGU7, STM32WBA54KGU7TR, STM32WBA55CEU6, STM32WBA55CEU6TR, STM32WBA55CEU7, STM32WBA55CEU7TR, STM32WBA55CGU6, STM32WBA55CGU6TR, STM32WBA55CGU6U, STM32WBA55CGU7, STM32WBA55CGU7TR, STM32WBA55G-DK1, STM32WBA55HEF6, STM32WBA55HEF7, STM32WBA55HGF6, STM32WBA55HGF7, STM32WBA55UEI6, STM32WBA55UEI6TR, STM32WBA55UEI7, STM32WBA55UEI7TR, STM32WBA55UGI6, STM32WBA55UGI6TR, STM32WBA55UGI7, STM32WBA55UGI7TR, STM32WL5MOCH6, STM32WL5MOCH6TR]
2024-05-15 11:37:19,311 [INFO] DbMcus:218 - Found 4092 MCUs, 4092 are supported
2024-05-15 11:37:19,312 [INFO] ApiDb:423 - Load user favorites file C:\Users\hp/.stm32cubeide/favorites.mcus.txt: 0 item(s)
2024-05-15 11:37:19,313 [INFO] ApiDb:427 - User favorites MCUs=[]
2024-05-15 11:37:19,313 [INFO] DbMcus:224 - Set 0 / 0 favorites MCUs
2024-05-15 11:37:20,388 [INFO] MicroXplorer:468 - Change Database Path : 
2024-05-15 11:37:20,390 [INFO] MicroXplorer:498 - Change Database Version : DB.6.0.100
2024-05-15 11:37:20,390 [WARN] ThirdParty:833 - waiting for thirdparty lock release [change project]
2024-05-15 11:37:20,390 [INFO] ThirdParty:835 - entering critical section [change project]
2024-05-15 11:37:20,391 [INFO] ThirdParty:1030 - CMSIS Pack Vendor :STMicroelectronics USBPD 4.1
2024-05-15 11:37:20,391 [INFO] ThirdParty:1030 - CMSIS Pack Vendor :STMicroelectronics X-CUBE-GNSS1 6.0.0
2024-05-15 11:37:20,391 [INFO] ThirdParty:1030 - CMSIS Pack Vendor :STMicroelectronics USB_HOST 2.0.0
2024-05-15 11:37:20,391 [INFO] ThirdParty:1030 - CMSIS Pack Vendor :STMicroelectronics FP-SNS-MOTENVWB1 1.4.0
2024-05-15 11:37:20,391 [INFO] ThirdParty:1030 - CMSIS Pack Vendor :STMicroelectronics X-CUBE-AZRTOS-F4 1.1.0
2024-05-15 11:37:20,391 [INFO] ThirdParty:1030 - CMSIS Pack Vendor :STMicroelectronics LIBJPEG 8.0.0
2024-05-15 11:37:20,391 [INFO] ThirdParty:1030 - CMSIS Pack Vendor :STMicroelectronics X-CUBE-SMBUS 2.1.0
2024-05-15 11:37:20,391 [INFO] ThirdParty:1030 - CMSIS Pack Vendor :STMicroelectronics USB_DEVICE 3.0.0
2024-05-15 11:37:20,391 [INFO] ThirdParty:1030 - CMSIS Pack Vendor :STMicroelectronics X-CUBE-TCPP 4.1.0
2024-05-15 11:37:20,392 [INFO] ThirdParty:1030 - CMSIS Pack Vendor :STMicroelectronics X-CUBE-FREERTOS 1.2.0
2024-05-15 11:37:20,392 [INFO] ThirdParty:1030 - CMSIS Pack Vendor :STMicroelectronics X-CUBE-AZRTOS-WB 2.0.0
2024-05-15 11:37:20,392 [INFO] ThirdParty:1030 - CMSIS Pack Vendor :STMicroelectronics X-CUBE-TOUCHGFX 4.23.2
2024-05-15 11:37:20,392 [INFO] ThirdParty:1030 - CMSIS Pack Vendor :STMicroelectronics X-CUBE-AZRTOS-F7 1.1.0
2024-05-15 11:37:20,392 [INFO] ThirdParty:1030 - CMSIS Pack Vendor :STMicroelectronics X-CUBE-AZRTOS-L5 2.0.0
2024-05-15 11:37:20,392 [INFO] ThirdParty:1030 - CMSIS Pack Vendor :STMicroelectronics USB_DEVICE 2.0.0
2024-05-15 11:37:20,392 [INFO] ThirdParty:1030 - CMSIS Pack Vendor :STMicroelectronics X-CUBE-NFC6 3.1.0
2024-05-15 11:37:20,392 [INFO] ThirdParty:1030 - CMSIS Pack Vendor :STMicroelectronics FreeRTOS 0.0.1
2024-05-15 11:37:20,392 [INFO] ThirdParty:1030 - CMSIS Pack Vendor :STMicroelectronics X-CUBE-AZRTOS-G0 1.1.0
2024-05-15 11:37:20,392 [INFO] ThirdParty:1030 - CMSIS Pack Vendor :STMicroelectronics X-CUBE-SAFEA1 1.2.2
2024-05-15 11:37:20,392 [INFO] ThirdParty:1030 - CMSIS Pack Vendor :STMicroelectronics X-CUBE-NFC4 3.0.0
2024-05-15 11:37:20,392 [INFO] ThirdParty:1030 - CMSIS Pack Vendor :STMicroelectronics X-CUBE-SUBG2 5.0.0
2024-05-15 11:37:20,392 [INFO] ThirdParty:1030 - CMSIS Pack Vendor :STMicroelectronics STM32_WPAN 1.0.0
2024-05-15 11:37:20,393 [INFO] ThirdParty:1030 - CMSIS Pack Vendor :STMicroelectronics lwIP 2.0.3
2024-05-15 11:37:20,393 [INFO] ThirdParty:1030 - CMSIS Pack Vendor :STMicroelectronics FP-SNS-FLIGHT1 5.0.2
2024-05-15 11:37:20,393 [INFO] ThirdParty:1030 - CMSIS Pack Vendor :STMicroelectronics USB_HOST 1.0.0
2024-05-15 11:37:20,393 [INFO] ThirdParty:1030 - CMSIS Pack Vendor :STMicroelectronics X-CUBE-AI 9.0.0
2024-05-15 11:37:20,393 [INFO] ThirdParty:1030 - CMSIS Pack Vendor :STMicroelectronics X-CUBE-AZRTOS-G4 2.0.0
2024-05-15 11:37:20,393 [INFO] ThirdParty:1030 - CMSIS Pack Vendor :STMicroelectronics PDM2PCM 3.1.0
2024-05-15 11:37:20,393 [INFO] ThirdParty:1030 - CMSIS Pack Vendor :STMicroelectronics PDM2PCM 3.3.0
2024-05-15 11:37:20,393 [INFO] ThirdParty:1030 - CMSIS Pack Vendor :STMicroelectronics X-CUBE-DISPLAY 3.0.0
2024-05-15 11:37:20,393 [INFO] ThirdParty:1030 - CMSIS Pack Vendor :wolfSSL I-CUBE-wolfSSL 5.7.0
2024-05-15 11:37:20,393 [INFO] ThirdParty:1030 - CMSIS Pack Vendor :STMicroelectronics X-CUBE-BLE1 7.0.0
2024-05-15 11:37:20,393 [INFO] ThirdParty:1030 - CMSIS Pack Vendor :STMicroelectronics FP-ATR-SIGFOX1 3.2.0
2024-05-15 11:37:20,393 [INFO] ThirdParty:1030 - CMSIS Pack Vendor :STMicroelectronics X-CUBE-ISPU 2.0.0
2024-05-15 11:37:20,394 [INFO] ThirdParty:1030 - CMSIS Pack Vendor :STMicroelectronics X-CUBE-EEPRMA1 5.1.0
2024-05-15 11:37:20,394 [INFO] ThirdParty:1030 - CMSIS Pack Vendor :STMicroelectronics HAL Drivers 0.0.0
2024-05-15 11:37:20,394 [INFO] ThirdParty:1030 - CMSIS Pack Vendor :STMicroelectronics MBEDTLS 2.16.2
2024-05-15 11:37:20,394 [INFO] ThirdParty:1030 - CMSIS Pack Vendor :emotas I-CUBE-CANOPEN 1.3.0
2024-05-15 11:37:20,394 [INFO] ThirdParty:1030 - CMSIS Pack Vendor :STMicroelectronics X-CUBE-MEMS1 10.0.0
2024-05-15 11:37:20,394 [INFO] ThirdParty:1030 - CMSIS Pack Vendor :STMicroelectronics X-CUBE-NFC7 1.0.1
2024-05-15 11:37:20,394 [INFO] ThirdParty:1030 - CMSIS Pack Vendor :STMicroelectronics MBEDTLS 2.14.1
2024-05-15 11:37:20,395 [INFO] ThirdParty:1030 - CMSIS Pack Vendor :ITTIA_DB I-CUBE-ITTIADB 8.9.0
2024-05-15 11:37:20,395 [INFO] ThirdParty:1030 - CMSIS Pack Vendor :portGmbH I-Cube-SoM-uGOAL 1.1.0
2024-05-15 11:37:20,395 [INFO] ThirdParty:1030 - CMSIS Pack Vendor :STMicroelectronics X-CUBE-ALS 1.0.1
2024-05-15 11:37:20,395 [INFO] ThirdParty:1030 - CMSIS Pack Vendor :STMicroelectronics X-CUBE-BLEMGR 3.1.0
2024-05-15 11:37:20,395 [INFO] ThirdParty:1030 - CMSIS Pack Vendor :STMicroelectronics ThreadX 1.0.0
2024-05-15 11:37:20,395 [INFO] ThirdParty:1030 - CMSIS Pack Vendor :STMicroelectronics FP-SNS-SMARTAG2 1.2.0
2024-05-15 11:37:20,395 [INFO] ThirdParty:1030 - CMSIS Pack Vendor :STMicroelectronics X-CUBE-AZRTOS-WL 2.0.0
2024-05-15 11:37:20,395 [INFO] ThirdParty:1030 - CMSIS Pack Vendor :SEGGER I-CUBE-embOS 1.3.1
2024-05-15 11:37:20,395 [INFO] ThirdParty:1030 - CMSIS Pack Vendor :STMicroelectronics X-CUBE-ALGOBUILD 1.4.0
2024-05-15 11:37:20,395 [INFO] ThirdParty:1030 - CMSIS Pack Vendor :STMicroelectronics FP-SNS-MOTENV1 5.0.0
2024-05-15 11:37:20,396 [INFO] ThirdParty:1030 - CMSIS Pack Vendor :STMicroelectronics USB_DEVICE 1.0.0
2024-05-15 11:37:20,396 [INFO] ThirdParty:1030 - CMSIS Pack Vendor :STMicroelectronics X-CUBE-AZRTOS-H7RS 1.0.0
2024-05-15 11:37:20,396 [INFO] ThirdParty:1030 - CMSIS Pack Vendor :STMicroelectronics X-CUBE-AZRTOS-L4 2.0.0
2024-05-15 11:37:20,396 [INFO] ThirdParty:1030 - CMSIS Pack Vendor :STMicroelectronics ThreadX 0.0.2
2024-05-15 11:37:20,396 [INFO] ThirdParty:1030 - CMSIS Pack Vendor :WES I-CUBE-Cesium 1.3.0
2024-05-15 11:37:20,396 [INFO] ThirdParty:1030 - CMSIS Pack Vendor :STMicroelectronics FP-ATR-ASTRA1 2.0.0
2024-05-15 11:37:20,396 [INFO] ThirdParty:1030 - CMSIS Pack Vendor :STMicroelectronics lwIP 2.1.2
2024-05-15 11:37:20,396 [INFO] ThirdParty:1030 - CMSIS Pack Vendor :STMicroelectronics X-CUBE-SFXS2LP1 4.0.0
2024-05-15 11:37:20,396 [INFO] ThirdParty:1030 - CMSIS Pack Vendor :STMicroelectronics X-CUBE-BLE2 3.3.0
2024-05-15 11:37:20,397 [INFO] ThirdParty:1030 - CMSIS Pack Vendor :STMicroelectronics X-CUBE-TOF1 3.4.1
2024-05-15 11:37:20,397 [INFO] ThirdParty:1030 - CMSIS Pack Vendor :STMicroelectronics X-CUBE-AZRTOS-H7 3.2.0
2024-05-15 11:37:20,397 [INFO] ThirdParty:1030 - CMSIS Pack Vendor :Infineon AIROC-Wi-Fi-Bluetooth-STM32 1.6.0
2024-05-15 11:37:20,397 [INFO] ThirdParty:1030 - CMSIS Pack Vendor :STMicroelectronics PDM2PCM 3.2.0
2024-05-15 11:37:20,397 [INFO] ThirdParty:841 - exiting critical section [change project]
2024-05-15 11:37:21,154 [INFO] PinOutPanel:1499 - setPackage(No Configuration,No Configuration)
2024-05-15 11:37:21,158 [INFO] PinOutPanel:1499 - setPackage(STM32F103C8Tx,LQFP48)
2024-05-15 11:37:22,508 [INFO] UtilMem:75 - Before build in PCC Used Memory: 210479368 Bytes (295698432)
2024-05-15 11:37:24,681 [INFO] UtilMem:75 - After build in PCC Used Memory: 212495888 Bytes (475004928)
2024-05-15 11:37:24,750 [INFO] IPUIPlugin:80 - create IPUIPlugin
2024-05-15 11:37:24,750 [INFO] IPUIPlugin:80 - create IPUIPlugin
2024-05-15 11:37:24,750 [INFO] IPUIPlugin:80 - create IPUIPlugin
2024-05-15 11:37:24,751 [INFO] IPUIPlugin:80 - create IPUIPlugin
2024-05-15 11:37:24,751 [INFO] IPUIPlugin:80 - create IPUIPlugin
2024-05-15 11:37:24,751 [INFO] IPUIPlugin:80 - create IPUIPlugin
2024-05-15 11:37:24,753 [INFO] IPUIPlugin:80 - create IPUIPlugin
2024-05-15 11:37:24,753 [INFO] IPUIPlugin:80 - create IPUIPlugin
2024-05-15 11:37:24,753 [INFO] IPUIPlugin:80 - create IPUIPlugin
2024-05-15 11:37:24,753 [INFO] IPUIPlugin:80 - create IPUIPlugin
2024-05-15 11:37:24,754 [INFO] IPUIPlugin:80 - create IPUIPlugin
2024-05-15 11:37:24,755 [INFO] IPUIPlugin:80 - create IPUIPlugin
2024-05-15 11:37:24,756 [INFO] IPUIPlugin:80 - create IPUIPlugin
2024-05-15 11:37:24,756 [INFO] IPUIPlugin:80 - create IPUIPlugin
2024-05-15 11:37:24,757 [INFO] IPUIPlugin:80 - create IPUIPlugin
2024-05-15 11:37:24,757 [INFO] IPUIPlugin:80 - create IPUIPlugin
2024-05-15 11:37:24,758 [INFO] IPUIPlugin:80 - create IPUIPlugin
2024-05-15 11:37:24,758 [INFO] IPUIPlugin:80 - create IPUIPlugin
2024-05-15 11:37:24,760 [INFO] IPUIPlugin:80 - create IPUIPlugin
2024-05-15 11:37:24,760 [INFO] IPUIPlugin:80 - create IPUIPlugin
2024-05-15 11:37:24,761 [INFO] IPUIPlugin:80 - create IPUIPlugin
2024-05-15 11:37:24,762 [INFO] IPUIPlugin:80 - create IPUIPlugin
2024-05-15 11:37:24,762 [INFO] IPUIPlugin:80 - create IPUIPlugin
2024-05-15 11:37:24,763 [INFO] IPUIPlugin:80 - create IPUIPlugin
2024-05-15 11:37:24,764 [INFO] IPUIPlugin:80 - create IPUIPlugin
2024-05-15 11:37:24,764 [INFO] IPUIPlugin:80 - create IPUIPlugin
2024-05-15 11:37:24,766 [INFO] IPUIPlugin:80 - create IPUIPlugin
2024-05-15 11:37:25,177 [INFO] CADModel:165 - CPN selected for project levelSTM32F103C8T6
2024-05-15 11:37:25,177 [INFO] CADModel:114 - Register for checkConnection events
2024-05-15 11:37:25,255 [INFO] OpenFileManager:343 - Restore cursor
2024-05-15 17:08:08,782 [ERROR] LogOutputStream:75 - [STDERR_REDIRECT] 
